X_train shape: (5000, 3, 224, 224)
5000 train samples
1500 test samples
y_train shape: (5000, 5)
y_test shape: (1500, 5)
____________________________________________________________________________________________________
Layer (type)                     Output Shape          Param #     Connected to                     
====================================================================================================
convolution2d_1 (Convolution2D)  (None, 40, 224, 224)  5920        convolution2d_input_1[0][0]      
____________________________________________________________________________________________________
activation_1 (Activation)        (None, 40, 224, 224)  0           convolution2d_1[0][0]            
____________________________________________________________________________________________________
averagepooling2d_1 (AveragePoolin(None, 40, 112, 112)  0           activation_1[0][0]               
____________________________________________________________________________________________________
convolution2d_2 (Convolution2D)  (None, 40, 112, 112)  40040       averagepooling2d_1[0][0]         
____________________________________________________________________________________________________
activation_2 (Activation)        (None, 40, 112, 112)  0           convolution2d_2[0][0]            
____________________________________________________________________________________________________
averagepooling2d_2 (AveragePoolin(None, 40, 56, 56)    0           activation_2[0][0]               
____________________________________________________________________________________________________
permute_1 (Permute)              (None, 56, 40, 56)    0           averagepooling2d_2[0][0]         
____________________________________________________________________________________________________
reshape_1 (Reshape)              (None, 56, 2240)      0           permute_1[0][0]                  
____________________________________________________________________________________________________
lstm_1 (LSTM)                    (None, 56, 128)       1212928     reshape_1[0][0]                  
____________________________________________________________________________________________________
lstm_2 (LSTM)                    (None, 128)           131584      lstm_1[0][0]                     
____________________________________________________________________________________________________
dense_1 (Dense)                  (None, 5)             645         lstm_2[0][0]                     
____________________________________________________________________________________________________
activation_3 (Activation)        (None, 5)             0           dense_1[0][0]                    
====================================================================================================
Total params: 1391117
____________________________________________________________________________________________________
Train on 5000 samples, validate on 1500 samples
Epoch 1/500
Epoch 00000: val_acc improved from -inf to 0.27267, saving model to /home/xcat/experiment/ImageNet/model/5-class-average-tanh5
66s - loss: 1.5728 - acc: 0.2540 - val_loss: 1.5372 - val_acc: 0.2727
Epoch 2/500
Epoch 00001: val_acc improved from 0.27267 to 0.35067, saving model to /home/xcat/experiment/ImageNet/model/5-class-average-tanh5
68s - loss: 1.5470 - acc: 0.2634 - val_loss: 1.4797 - val_acc: 0.3507
Epoch 3/500
Epoch 00002: val_acc improved from 0.35067 to 0.36600, saving model to /home/xcat/experiment/ImageNet/model/5-class-average-tanh5
69s - loss: 1.5036 - acc: 0.2934 - val_loss: 1.4619 - val_acc: 0.3660
Epoch 4/500
Epoch 00003: val_acc improved from 0.36600 to 0.39000, saving model to /home/xcat/experiment/ImageNet/model/5-class-average-tanh5
68s - loss: 1.4715 - acc: 0.3240 - val_loss: 1.4383 - val_acc: 0.3900
Epoch 5/500
Epoch 00004: val_acc did not improve
68s - loss: 1.4624 - acc: 0.3410 - val_loss: 1.5005 - val_acc: 0.2900
Epoch 6/500
Epoch 00005: val_acc did not improve
69s - loss: 1.4336 - acc: 0.3720 - val_loss: 1.4365 - val_acc: 0.3253
Epoch 7/500
Epoch 00006: val_acc did not improve
68s - loss: 1.4185 - acc: 0.3798 - val_loss: 1.4366 - val_acc: 0.3873
Epoch 8/500
Epoch 00007: val_acc did not improve
68s - loss: 1.4088 - acc: 0.3862 - val_loss: 1.4087 - val_acc: 0.3467
Epoch 9/500
Epoch 00008: val_acc did not improve
67s - loss: 1.4360 - acc: 0.3562 - val_loss: 1.5012 - val_acc: 0.3227
Epoch 10/500
Epoch 00009: val_acc did not improve
66s - loss: 1.4588 - acc: 0.3466 - val_loss: 1.4614 - val_acc: 0.3660
Epoch 11/500
Epoch 00010: val_acc did not improve
69s - loss: 1.4325 - acc: 0.3732 - val_loss: 1.4285 - val_acc: 0.3867
Epoch 12/500
Epoch 00011: val_acc improved from 0.39000 to 0.42133, saving model to /home/xcat/experiment/ImageNet/model/5-class-average-tanh5
68s - loss: 1.4015 - acc: 0.3932 - val_loss: 1.3759 - val_acc: 0.4213
Epoch 13/500
Epoch 00012: val_acc improved from 0.42133 to 0.42867, saving model to /home/xcat/experiment/ImageNet/model/5-class-average-tanh5
66s - loss: 1.4201 - acc: 0.3900 - val_loss: 1.3752 - val_acc: 0.4287
Epoch 14/500
Epoch 00013: val_acc did not improve
66s - loss: 1.3900 - acc: 0.3992 - val_loss: 1.4030 - val_acc: 0.3947
Epoch 15/500
Epoch 00014: val_acc did not improve
66s - loss: 1.3696 - acc: 0.4168 - val_loss: 1.3985 - val_acc: 0.3847
Epoch 16/500
Epoch 00015: val_acc improved from 0.42867 to 0.47000, saving model to /home/xcat/experiment/ImageNet/model/5-class-average-tanh5
68s - loss: 1.3389 - acc: 0.4338 - val_loss: 1.3333 - val_acc: 0.4700
Epoch 17/500
Epoch 00016: val_acc did not improve
68s - loss: 1.3284 - acc: 0.4334 - val_loss: 1.3828 - val_acc: 0.4487
Epoch 18/500
Epoch 00017: val_acc did not improve
67s - loss: 1.3192 - acc: 0.4546 - val_loss: 1.3331 - val_acc: 0.4453
Epoch 19/500
Epoch 00018: val_acc did not improve
66s - loss: 1.2659 - acc: 0.4756 - val_loss: 1.3116 - val_acc: 0.4527
Epoch 20/500
Epoch 00019: val_acc did not improve
68s - loss: 1.2774 - acc: 0.4664 - val_loss: 1.5309 - val_acc: 0.2880
Epoch 21/500
Epoch 00020: val_acc improved from 0.47000 to 0.49267, saving model to /home/xcat/experiment/ImageNet/model/5-class-average-tanh5
66s - loss: 1.2526 - acc: 0.4786 - val_loss: 1.2301 - val_acc: 0.4927
Epoch 22/500
Epoch 00021: val_acc did not improve
65s - loss: 1.2287 - acc: 0.4910 - val_loss: 1.4503 - val_acc: 0.3800
Epoch 23/500
Epoch 00022: val_acc did not improve
67s - loss: 1.2667 - acc: 0.4782 - val_loss: 1.3011 - val_acc: 0.4320
Epoch 24/500
Epoch 00023: val_acc did not improve
65s - loss: 1.2308 - acc: 0.4924 - val_loss: 1.2470 - val_acc: 0.4753
Epoch 25/500
Epoch 00024: val_acc did not improve
66s - loss: 1.2171 - acc: 0.5010 - val_loss: 1.2105 - val_acc: 0.4927
Epoch 26/500
Epoch 00025: val_acc improved from 0.49267 to 0.50000, saving model to /home/xcat/experiment/ImageNet/model/5-class-average-tanh5
67s - loss: 1.1855 - acc: 0.5188 - val_loss: 1.2048 - val_acc: 0.5000
Epoch 27/500
Epoch 00026: val_acc did not improve
66s - loss: 1.2192 - acc: 0.5060 - val_loss: 1.2564 - val_acc: 0.4967
Epoch 28/500
Epoch 00027: val_acc improved from 0.50000 to 0.52333, saving model to /home/xcat/experiment/ImageNet/model/5-class-average-tanh5
68s - loss: 1.1838 - acc: 0.5164 - val_loss: 1.2112 - val_acc: 0.5233
Epoch 29/500
Epoch 00028: val_acc did not improve
67s - loss: 1.1706 - acc: 0.5234 - val_loss: 1.2118 - val_acc: 0.5207
Epoch 30/500
Epoch 00029: val_acc did not improve
68s - loss: 1.2162 - acc: 0.5016 - val_loss: 1.4906 - val_acc: 0.3373
Epoch 31/500
Epoch 00030: val_acc did not improve
67s - loss: 1.2891 - acc: 0.4594 - val_loss: 1.2389 - val_acc: 0.5093
Epoch 32/500
Epoch 00031: val_acc did not improve
67s - loss: 1.1910 - acc: 0.5150 - val_loss: 1.1998 - val_acc: 0.5180
Epoch 33/500
Epoch 00032: val_acc did not improve
66s - loss: 1.1690 - acc: 0.5272 - val_loss: 1.2265 - val_acc: 0.4940
Epoch 34/500
Epoch 00033: val_acc did not improve
67s - loss: 1.1562 - acc: 0.5302 - val_loss: 1.2092 - val_acc: 0.5140
Epoch 35/500
Epoch 00034: val_acc did not improve
67s - loss: 1.1487 - acc: 0.5316 - val_loss: 1.2420 - val_acc: 0.5007
Epoch 36/500
Epoch 00035: val_acc did not improve
66s - loss: 1.1514 - acc: 0.5328 - val_loss: 1.2397 - val_acc: 0.4900
Epoch 37/500
Epoch 00036: val_acc did not improve
67s - loss: 1.1292 - acc: 0.5394 - val_loss: 1.1936 - val_acc: 0.5113
Epoch 38/500
Epoch 00037: val_acc did not improve
66s - loss: 1.1013 - acc: 0.5618 - val_loss: 1.2076 - val_acc: 0.5007
Epoch 39/500
Epoch 00038: val_acc improved from 0.52333 to 0.52467, saving model to /home/xcat/experiment/ImageNet/model/5-class-average-tanh5
67s - loss: 1.1440 - acc: 0.5300 - val_loss: 1.1926 - val_acc: 0.5247
Epoch 40/500
Epoch 00039: val_acc did not improve
68s - loss: 1.0995 - acc: 0.5578 - val_loss: 1.1859 - val_acc: 0.5100
Epoch 41/500
Epoch 00040: val_acc improved from 0.52467 to 0.53600, saving model to /home/xcat/experiment/ImageNet/model/5-class-average-tanh5
67s - loss: 1.0876 - acc: 0.5610 - val_loss: 1.1924 - val_acc: 0.5360
Epoch 42/500
Epoch 00041: val_acc did not improve
68s - loss: 1.0687 - acc: 0.5618 - val_loss: 1.1905 - val_acc: 0.5260
Epoch 43/500
Epoch 00042: val_acc did not improve
67s - loss: 1.0645 - acc: 0.5722 - val_loss: 1.1985 - val_acc: 0.5127
Epoch 44/500
Epoch 00043: val_acc did not improve
67s - loss: 1.0613 - acc: 0.5740 - val_loss: 1.1880 - val_acc: 0.5207
Epoch 45/500
Epoch 00044: val_acc did not improve
66s - loss: 1.0398 - acc: 0.5814 - val_loss: 1.1797 - val_acc: 0.5253
Epoch 46/500
Epoch 00045: val_acc did not improve
67s - loss: 1.0100 - acc: 0.5972 - val_loss: 1.1730 - val_acc: 0.5320
Epoch 47/500
Epoch 00046: val_acc did not improve
66s - loss: 1.0299 - acc: 0.5930 - val_loss: 1.1552 - val_acc: 0.5320
Epoch 48/500
Epoch 00047: val_acc did not improve
67s - loss: 1.0184 - acc: 0.5868 - val_loss: 1.1766 - val_acc: 0.5327
Epoch 49/500
Epoch 00048: val_acc did not improve
66s - loss: 1.0102 - acc: 0.5966 - val_loss: 1.1822 - val_acc: 0.5233
Epoch 50/500
Epoch 00049: val_acc did not improve
67s - loss: 1.0232 - acc: 0.5908 - val_loss: 1.1763 - val_acc: 0.5253
Epoch 51/500
Epoch 00050: val_acc did not improve
66s - loss: 1.0091 - acc: 0.5918 - val_loss: 1.3306 - val_acc: 0.4853
Epoch 52/500
Epoch 00051: val_acc did not improve
67s - loss: 1.0436 - acc: 0.5850 - val_loss: 1.1509 - val_acc: 0.5353
Epoch 53/500
Epoch 00052: val_acc did not improve
66s - loss: 1.0099 - acc: 0.5946 - val_loss: 1.2563 - val_acc: 0.5033
Epoch 54/500
Epoch 00053: val_acc did not improve
66s - loss: 0.9903 - acc: 0.6082 - val_loss: 1.2428 - val_acc: 0.5113
Epoch 55/500
Epoch 00054: val_acc did not improve
66s - loss: 0.9454 - acc: 0.6274 - val_loss: 1.1927 - val_acc: 0.5173
Epoch 56/500
Epoch 00055: val_acc improved from 0.53600 to 0.55333, saving model to /home/xcat/experiment/ImageNet/model/5-class-average-tanh5
65s - loss: 1.0034 - acc: 0.5998 - val_loss: 1.1363 - val_acc: 0.5533
Epoch 57/500
Epoch 00056: val_acc did not improve
66s - loss: 0.9827 - acc: 0.6148 - val_loss: 1.1466 - val_acc: 0.5513
Epoch 58/500
Epoch 00057: val_acc did not improve
66s - loss: 0.9501 - acc: 0.6160 - val_loss: 1.1536 - val_acc: 0.5447
Epoch 59/500
Epoch 00058: val_acc did not improve
65s - loss: 0.9420 - acc: 0.6224 - val_loss: 1.1880 - val_acc: 0.5140
Epoch 60/500
Epoch 00059: val_acc improved from 0.55333 to 0.55667, saving model to /home/xcat/experiment/ImageNet/model/5-class-average-tanh5
64s - loss: 0.9002 - acc: 0.6496 - val_loss: 1.1437 - val_acc: 0.5567
Epoch 61/500
Epoch 00060: val_acc did not improve
64s - loss: 0.8720 - acc: 0.6530 - val_loss: 1.1533 - val_acc: 0.5487
Epoch 62/500
Epoch 00061: val_acc did not improve
64s - loss: 0.9144 - acc: 0.6396 - val_loss: 1.1674 - val_acc: 0.5540
Epoch 63/500
Epoch 00062: val_acc improved from 0.55667 to 0.56200, saving model to /home/xcat/experiment/ImageNet/model/5-class-average-tanh5
64s - loss: 0.8833 - acc: 0.6552 - val_loss: 1.1339 - val_acc: 0.5620
Epoch 64/500
Epoch 00063: val_acc improved from 0.56200 to 0.56800, saving model to /home/xcat/experiment/ImageNet/model/5-class-average-tanh5
64s - loss: 0.8535 - acc: 0.6662 - val_loss: 1.1743 - val_acc: 0.5680
Epoch 65/500
Epoch 00064: val_acc did not improve
64s - loss: 0.8194 - acc: 0.6814 - val_loss: 1.1677 - val_acc: 0.5640
Epoch 66/500
Epoch 00065: val_acc did not improve
64s - loss: 0.8786 - acc: 0.6616 - val_loss: 1.1689 - val_acc: 0.5487
Epoch 67/500
Epoch 00066: val_acc did not improve
64s - loss: 0.8352 - acc: 0.6772 - val_loss: 1.1699 - val_acc: 0.5393
Epoch 68/500
Epoch 00067: val_acc did not improve
63s - loss: 0.8128 - acc: 0.6866 - val_loss: 1.1869 - val_acc: 0.5527
Epoch 69/500
Epoch 00068: val_acc did not improve
65s - loss: 0.7948 - acc: 0.6918 - val_loss: 1.1922 - val_acc: 0.5547
Epoch 70/500
Epoch 00069: val_acc did not improve
63s - loss: 0.8020 - acc: 0.6790 - val_loss: 1.1770 - val_acc: 0.5607
Epoch 71/500
Epoch 00070: val_acc did not improve
63s - loss: 0.7823 - acc: 0.7008 - val_loss: 1.2264 - val_acc: 0.5447
Epoch 72/500
Epoch 00071: val_acc did not improve
64s - loss: 0.7773 - acc: 0.6928 - val_loss: 1.1856 - val_acc: 0.5667
Epoch 73/500
Epoch 00072: val_acc improved from 0.56800 to 0.56933, saving model to /home/xcat/experiment/ImageNet/model/5-class-average-tanh5
64s - loss: 0.7421 - acc: 0.7140 - val_loss: 1.1704 - val_acc: 0.5693
Epoch 74/500
Epoch 00073: val_acc improved from 0.56933 to 0.57267, saving model to /home/xcat/experiment/ImageNet/model/5-class-average-tanh5
64s - loss: 0.7376 - acc: 0.7108 - val_loss: 1.1683 - val_acc: 0.5727
Epoch 75/500
Epoch 00074: val_acc did not improve
63s - loss: 0.7678 - acc: 0.7078 - val_loss: 1.1855 - val_acc: 0.5507
Epoch 76/500
Epoch 00075: val_acc did not improve
64s - loss: 0.7792 - acc: 0.6948 - val_loss: 1.2263 - val_acc: 0.5507
Epoch 77/500
Epoch 00076: val_acc did not improve
63s - loss: 0.7381 - acc: 0.7154 - val_loss: 1.2384 - val_acc: 0.5580
Epoch 78/500
Epoch 00077: val_acc did not improve
64s - loss: 0.7646 - acc: 0.7080 - val_loss: 1.1910 - val_acc: 0.5567
Epoch 79/500
Epoch 00078: val_acc did not improve
62s - loss: 0.7352 - acc: 0.7118 - val_loss: 1.2323 - val_acc: 0.5533
Epoch 80/500
Epoch 00079: val_acc did not improve
64s - loss: 0.6998 - acc: 0.7346 - val_loss: 1.2093 - val_acc: 0.5587
Epoch 81/500
Epoch 00080: val_acc did not improve
64s - loss: 0.6850 - acc: 0.7410 - val_loss: 1.2510 - val_acc: 0.5607
Epoch 82/500
Epoch 00081: val_acc did not improve
64s - loss: 0.6565 - acc: 0.7540 - val_loss: 1.2473 - val_acc: 0.5580
Epoch 83/500
Epoch 00082: val_acc did not improve
64s - loss: 0.6421 - acc: 0.7524 - val_loss: 1.2440 - val_acc: 0.5707
Epoch 84/500
Epoch 00083: val_acc did not improve
64s - loss: 0.6662 - acc: 0.7440 - val_loss: 1.2525 - val_acc: 0.5647
Epoch 85/500
Epoch 00084: val_acc did not improve
64s - loss: 0.6674 - acc: 0.7426 - val_loss: 1.2668 - val_acc: 0.5413
Epoch 86/500
Epoch 00085: val_acc did not improve
63s - loss: 0.6775 - acc: 0.7374 - val_loss: 1.2715 - val_acc: 0.5580
Epoch 87/500
Epoch 00086: val_acc did not improve
64s - loss: 0.6391 - acc: 0.7568 - val_loss: 1.2423 - val_acc: 0.5653
Epoch 88/500
Epoch 00087: val_acc did not improve
63s - loss: 0.6500 - acc: 0.7520 - val_loss: 1.2758 - val_acc: 0.5713
Epoch 89/500
Epoch 00088: val_acc did not improve
64s - loss: 0.6555 - acc: 0.7546 - val_loss: 1.2571 - val_acc: 0.5700
Epoch 90/500
Epoch 00089: val_acc did not improve
64s - loss: 0.5871 - acc: 0.7788 - val_loss: 1.3952 - val_acc: 0.5600
Epoch 91/500
Epoch 00090: val_acc did not improve
63s - loss: 0.6678 - acc: 0.7486 - val_loss: 1.3245 - val_acc: 0.5667
Epoch 92/500
Epoch 00091: val_acc did not improve
63s - loss: 0.6186 - acc: 0.7678 - val_loss: 1.3455 - val_acc: 0.5153
Epoch 93/500
Epoch 00092: val_acc did not improve
64s - loss: 0.5960 - acc: 0.7758 - val_loss: 1.2791 - val_acc: 0.5633
Epoch 94/500
Epoch 00093: val_acc did not improve
64s - loss: 0.5903 - acc: 0.7710 - val_loss: 1.3542 - val_acc: 0.5487
Epoch 95/500
Epoch 00094: val_acc did not improve
64s - loss: 0.6618 - acc: 0.7536 - val_loss: 1.2807 - val_acc: 0.5480
Epoch 96/500
Epoch 00095: val_acc did not improve
63s - loss: 0.5808 - acc: 0.7808 - val_loss: 1.2797 - val_acc: 0.5660
Epoch 97/500
Epoch 00096: val_acc improved from 0.57267 to 0.58000, saving model to /home/xcat/experiment/ImageNet/model/5-class-average-tanh5
64s - loss: 0.5575 - acc: 0.7920 - val_loss: 1.2681 - val_acc: 0.5800
Epoch 98/500
Epoch 00097: val_acc did not improve
64s - loss: 0.5378 - acc: 0.7952 - val_loss: 1.3767 - val_acc: 0.5480
Epoch 99/500
Epoch 00098: val_acc did not improve
64s - loss: 0.5758 - acc: 0.7806 - val_loss: 1.2914 - val_acc: 0.5700
Epoch 100/500
Epoch 00099: val_acc did not improve
64s - loss: 0.5347 - acc: 0.8024 - val_loss: 1.3648 - val_acc: 0.5653
Epoch 101/500
Epoch 00100: val_acc did not improve
63s - loss: 0.5723 - acc: 0.7838 - val_loss: 1.3770 - val_acc: 0.5640
Epoch 102/500
Epoch 00101: val_acc did not improve
63s - loss: 0.5015 - acc: 0.8098 - val_loss: 1.4067 - val_acc: 0.5733
Epoch 103/500
Epoch 00102: val_acc improved from 0.58000 to 0.58067, saving model to /home/xcat/experiment/ImageNet/model/5-class-average-tanh5
64s - loss: 0.4879 - acc: 0.8154 - val_loss: 1.3853 - val_acc: 0.5807
Epoch 104/500
Epoch 00103: val_acc did not improve
64s - loss: 0.5170 - acc: 0.8064 - val_loss: 1.4139 - val_acc: 0.5640
Epoch 105/500
Epoch 00104: val_acc did not improve
63s - loss: 0.5036 - acc: 0.8102 - val_loss: 1.3791 - val_acc: 0.5640
Epoch 106/500
Epoch 00105: val_acc did not improve
64s - loss: 0.4895 - acc: 0.8152 - val_loss: 1.4617 - val_acc: 0.5520
Epoch 107/500
Epoch 00106: val_acc did not improve
64s - loss: 0.5124 - acc: 0.8046 - val_loss: 1.3923 - val_acc: 0.5780
Epoch 108/500
Epoch 00107: val_acc did not improve
63s - loss: 0.5132 - acc: 0.8138 - val_loss: 1.3887 - val_acc: 0.5607
Epoch 109/500
Epoch 00108: val_acc improved from 0.58067 to 0.58533, saving model to /home/xcat/experiment/ImageNet/model/5-class-average-tanh5
63s - loss: 0.4612 - acc: 0.8280 - val_loss: 1.3569 - val_acc: 0.5853
Epoch 110/500
Epoch 00109: val_acc did not improve
64s - loss: 0.4944 - acc: 0.8116 - val_loss: 1.3521 - val_acc: 0.5733
Epoch 111/500
Epoch 00110: val_acc did not improve
64s - loss: 0.4476 - acc: 0.8364 - val_loss: 1.5366 - val_acc: 0.5487
Epoch 112/500
Epoch 00111: val_acc did not improve
64s - loss: 0.4529 - acc: 0.8352 - val_loss: 1.4007 - val_acc: 0.5753
Epoch 113/500
Epoch 00112: val_acc did not improve
64s - loss: 0.4356 - acc: 0.8392 - val_loss: 1.4292 - val_acc: 0.5680
Epoch 114/500
Epoch 00113: val_acc did not improve
64s - loss: 0.4312 - acc: 0.8342 - val_loss: 1.5456 - val_acc: 0.5693
Epoch 115/500
Epoch 00114: val_acc did not improve
64s - loss: 0.4391 - acc: 0.8352 - val_loss: 1.4911 - val_acc: 0.5673
Epoch 116/500
Epoch 00115: val_acc did not improve
64s - loss: 0.4207 - acc: 0.8430 - val_loss: 1.4873 - val_acc: 0.5787
Epoch 117/500
Epoch 00116: val_acc did not improve
65s - loss: 0.4332 - acc: 0.8410 - val_loss: 1.4671 - val_acc: 0.5573
Epoch 118/500
Epoch 00117: val_acc did not improve
64s - loss: 0.4013 - acc: 0.8570 - val_loss: 1.5066 - val_acc: 0.5780
Epoch 119/500
Epoch 00118: val_acc did not improve
64s - loss: 0.4268 - acc: 0.8446 - val_loss: 1.5255 - val_acc: 0.5447
Epoch 120/500
Epoch 00119: val_acc did not improve
63s - loss: 0.4713 - acc: 0.8220 - val_loss: 1.4749 - val_acc: 0.5480
Epoch 121/500
Epoch 00120: val_acc did not improve
64s - loss: 0.4478 - acc: 0.8340 - val_loss: 1.4666 - val_acc: 0.5680
Epoch 122/500
Epoch 00121: val_acc did not improve
64s - loss: 0.4267 - acc: 0.8450 - val_loss: 1.5304 - val_acc: 0.5713
Epoch 123/500
Epoch 00122: val_acc did not improve
63s - loss: 0.4115 - acc: 0.8450 - val_loss: 1.6664 - val_acc: 0.5400
Epoch 124/500
Epoch 00123: val_acc did not improve
64s - loss: 0.4244 - acc: 0.8406 - val_loss: 1.5018 - val_acc: 0.5813
Epoch 125/500
Epoch 00124: val_acc did not improve
64s - loss: 0.3806 - acc: 0.8632 - val_loss: 1.5089 - val_acc: 0.5747
Epoch 126/500
Epoch 00125: val_acc did not improve
62s - loss: 0.3709 - acc: 0.8680 - val_loss: 1.5522 - val_acc: 0.5620
Epoch 127/500
Epoch 00126: val_acc did not improve
64s - loss: 0.4396 - acc: 0.8338 - val_loss: 1.5304 - val_acc: 0.5727
Epoch 128/500
Epoch 00127: val_acc did not improve
63s - loss: 0.4110 - acc: 0.8468 - val_loss: 1.5433 - val_acc: 0.5680
Epoch 129/500
Epoch 00128: val_acc did not improve
65s - loss: 0.4246 - acc: 0.8424 - val_loss: 1.5572 - val_acc: 0.5580
Epoch 130/500
Epoch 00129: val_acc did not improve
64s - loss: 0.3923 - acc: 0.8564 - val_loss: 1.6352 - val_acc: 0.5600
Epoch 131/500
Epoch 00130: val_acc did not improve
63s - loss: 0.3616 - acc: 0.8618 - val_loss: 1.6432 - val_acc: 0.5593
Epoch 132/500
Epoch 00131: val_acc did not improve
64s - loss: 0.3455 - acc: 0.8714 - val_loss: 1.5853 - val_acc: 0.5733
Epoch 133/500
Epoch 00132: val_acc did not improve
64s - loss: 0.3659 - acc: 0.8674 - val_loss: 1.5604 - val_acc: 0.5693
Epoch 134/500
Epoch 00133: val_acc did not improve
63s - loss: 0.3699 - acc: 0.8664 - val_loss: 1.6059 - val_acc: 0.5607
Epoch 135/500
Epoch 00134: val_acc did not improve
64s - loss: 0.3640 - acc: 0.8662 - val_loss: 1.5991 - val_acc: 0.5467
Epoch 136/500
Epoch 00135: val_acc improved from 0.58533 to 0.59933, saving model to /home/xcat/experiment/ImageNet/model/5-class-average-tanh5
63s - loss: 0.4291 - acc: 0.8426 - val_loss: 1.5626 - val_acc: 0.5993
Epoch 137/500
Epoch 00136: val_acc did not improve
63s - loss: 0.3343 - acc: 0.8758 - val_loss: 1.6497 - val_acc: 0.5700
Epoch 138/500
Epoch 00137: val_acc did not improve
64s - loss: 0.3633 - acc: 0.8658 - val_loss: 1.6818 - val_acc: 0.5853
Epoch 139/500
Epoch 00138: val_acc did not improve
63s - loss: 0.3261 - acc: 0.8794 - val_loss: 1.6319 - val_acc: 0.5680
Epoch 140/500
Epoch 00139: val_acc did not improve
65s - loss: 0.3265 - acc: 0.8792 - val_loss: 1.6951 - val_acc: 0.5767
Epoch 141/500
Epoch 00140: val_acc did not improve
63s - loss: 0.3334 - acc: 0.8742 - val_loss: 1.6687 - val_acc: 0.5887
Epoch 142/500
Epoch 00141: val_acc did not improve
64s - loss: 0.2875 - acc: 0.8958 - val_loss: 1.7140 - val_acc: 0.5787
Epoch 143/500
Epoch 00142: val_acc did not improve
63s - loss: 0.3146 - acc: 0.8876 - val_loss: 1.6927 - val_acc: 0.5800
Epoch 144/500
Epoch 00143: val_acc did not improve
64s - loss: 0.4197 - acc: 0.8476 - val_loss: 1.6489 - val_acc: 0.5633
Epoch 145/500
Epoch 00144: val_acc did not improve
63s - loss: 0.3450 - acc: 0.8754 - val_loss: 1.7009 - val_acc: 0.5633
Epoch 146/500
Epoch 00145: val_acc did not improve
63s - loss: 0.3059 - acc: 0.8864 - val_loss: 1.5916 - val_acc: 0.5927
Epoch 147/500
Epoch 00146: val_acc did not improve
62s - loss: 0.2845 - acc: 0.8936 - val_loss: 1.6894 - val_acc: 0.5753
Epoch 148/500
Epoch 00147: val_acc did not improve
64s - loss: 0.2682 - acc: 0.9008 - val_loss: 1.6720 - val_acc: 0.5660
Epoch 149/500
Epoch 00148: val_acc did not improve
64s - loss: 0.3571 - acc: 0.8682 - val_loss: 1.8339 - val_acc: 0.5360
Epoch 150/500
Epoch 00149: val_acc did not improve
64s - loss: 0.4022 - acc: 0.8512 - val_loss: 1.6429 - val_acc: 0.5673
Epoch 151/500
Epoch 00150: val_acc did not improve
64s - loss: 0.3444 - acc: 0.8746 - val_loss: 1.6311 - val_acc: 0.5913
Epoch 152/500
Epoch 00151: val_acc did not improve
63s - loss: 0.2842 - acc: 0.8968 - val_loss: 1.6629 - val_acc: 0.5800
Epoch 153/500
Epoch 00152: val_acc did not improve
64s - loss: 0.3271 - acc: 0.8916 - val_loss: 1.6808 - val_acc: 0.5780
Epoch 154/500
Epoch 00153: val_acc did not improve
65s - loss: 0.3022 - acc: 0.8906 - val_loss: 1.7388 - val_acc: 0.5773
Epoch 155/500
Epoch 00154: val_acc did not improve
63s - loss: 0.2624 - acc: 0.9060 - val_loss: 1.6804 - val_acc: 0.5913
Epoch 156/500
Epoch 00155: val_acc did not improve
63s - loss: 0.2965 - acc: 0.8902 - val_loss: 1.7422 - val_acc: 0.5587
Epoch 157/500
Epoch 00156: val_acc did not improve
63s - loss: 0.2711 - acc: 0.9006 - val_loss: 1.7024 - val_acc: 0.5740
Epoch 158/500
Epoch 00157: val_acc did not improve
64s - loss: 0.3347 - acc: 0.8772 - val_loss: 1.6657 - val_acc: 0.5747
Epoch 159/500
Epoch 00158: val_acc did not improve
63s - loss: 0.3098 - acc: 0.8914 - val_loss: 1.7444 - val_acc: 0.5753
Epoch 160/500
Epoch 00159: val_acc did not improve
64s - loss: 0.2930 - acc: 0.8904 - val_loss: 1.7552 - val_acc: 0.5800
Epoch 161/500
Epoch 00160: val_acc did not improve
64s - loss: 0.3007 - acc: 0.8862 - val_loss: 1.8241 - val_acc: 0.5513
Epoch 162/500
Epoch 00161: val_acc did not improve
64s - loss: 0.3082 - acc: 0.8906 - val_loss: 1.8060 - val_acc: 0.5660
Epoch 163/500
Epoch 00162: val_acc did not improve
65s - loss: 0.2854 - acc: 0.8974 - val_loss: 1.8263 - val_acc: 0.5547
Epoch 164/500
Epoch 00163: val_acc did not improve
63s - loss: 0.3223 - acc: 0.8850 - val_loss: 1.8041 - val_acc: 0.5607
Epoch 165/500
Epoch 00164: val_acc did not improve
64s - loss: 0.3044 - acc: 0.8894 - val_loss: 1.7723 - val_acc: 0.5820
Epoch 166/500
Epoch 00165: val_acc did not improve
65s - loss: 0.2553 - acc: 0.9080 - val_loss: 1.8057 - val_acc: 0.5827
Epoch 167/500
Epoch 00166: val_acc did not improve
63s - loss: 0.2715 - acc: 0.9032 - val_loss: 1.8167 - val_acc: 0.5767
Epoch 168/500
Epoch 00167: val_acc did not improve
64s - loss: 0.2893 - acc: 0.8940 - val_loss: 1.6847 - val_acc: 0.5800
Epoch 169/500
Epoch 00168: val_acc did not improve
64s - loss: 0.2831 - acc: 0.8998 - val_loss: 1.7417 - val_acc: 0.5773
Epoch 170/500
Epoch 00169: val_acc did not improve
63s - loss: 0.3441 - acc: 0.8754 - val_loss: 1.7353 - val_acc: 0.5553
Epoch 171/500
Epoch 00170: val_acc did not improve
63s - loss: 0.3288 - acc: 0.8812 - val_loss: 1.7651 - val_acc: 0.5713
Epoch 172/500
Epoch 00171: val_acc did not improve
64s - loss: 0.3322 - acc: 0.8792 - val_loss: 1.7099 - val_acc: 0.5700
Epoch 173/500
Epoch 00172: val_acc did not improve
64s - loss: 0.3385 - acc: 0.8774 - val_loss: 1.7066 - val_acc: 0.5847
Epoch 174/500
Epoch 00173: val_acc did not improve
64s - loss: 0.2463 - acc: 0.9106 - val_loss: 1.7332 - val_acc: 0.5827
Epoch 175/500
Epoch 00174: val_acc did not improve
64s - loss: 0.2573 - acc: 0.9090 - val_loss: 1.6759 - val_acc: 0.5880
Epoch 176/500
Epoch 00175: val_acc did not improve
64s - loss: 0.2337 - acc: 0.9150 - val_loss: 1.8549 - val_acc: 0.5853
Epoch 177/500
Epoch 00176: val_acc did not improve
65s - loss: 0.2291 - acc: 0.9130 - val_loss: 1.9041 - val_acc: 0.5633
Epoch 178/500
Epoch 00177: val_acc did not improve
64s - loss: 0.3377 - acc: 0.8802 - val_loss: 1.7272 - val_acc: 0.5633
Epoch 179/500
Epoch 00178: val_acc did not improve
63s - loss: 0.3518 - acc: 0.8778 - val_loss: 1.7423 - val_acc: 0.5600
Epoch 180/500
Epoch 00179: val_acc did not improve
64s - loss: 0.2695 - acc: 0.9034 - val_loss: 1.6442 - val_acc: 0.5833
Epoch 181/500
Epoch 00180: val_acc did not improve
63s - loss: 0.1841 - acc: 0.9382 - val_loss: 1.7830 - val_acc: 0.5773
Epoch 182/500
Epoch 00181: val_acc did not improve
64s - loss: 0.1712 - acc: 0.9394 - val_loss: 1.7715 - val_acc: 0.5940
Epoch 183/500
Epoch 00182: val_acc did not improve
63s - loss: 0.1998 - acc: 0.9312 - val_loss: 1.8090 - val_acc: 0.5847
Epoch 184/500
Epoch 00183: val_acc did not improve
64s - loss: 0.2922 - acc: 0.8942 - val_loss: 1.8955 - val_acc: 0.5713
Epoch 185/500
Epoch 00184: val_acc did not improve
64s - loss: 0.2212 - acc: 0.9210 - val_loss: 1.7636 - val_acc: 0.5800
Epoch 186/500
Epoch 00185: val_acc did not improve
63s - loss: 0.2405 - acc: 0.9128 - val_loss: 1.8381 - val_acc: 0.5780
Epoch 187/500
Epoch 00186: val_acc did not improve
64s - loss: 0.2665 - acc: 0.9066 - val_loss: 1.8206 - val_acc: 0.5787
Epoch 188/500
Epoch 00187: val_acc did not improve
63s - loss: 0.2853 - acc: 0.8960 - val_loss: 1.8746 - val_acc: 0.5620
Epoch 189/500
Epoch 00188: val_acc did not improve
64s - loss: 0.3120 - acc: 0.8842 - val_loss: 1.8413 - val_acc: 0.5593
Epoch 190/500
Epoch 00189: val_acc did not improve
63s - loss: 0.2972 - acc: 0.8936 - val_loss: 1.8652 - val_acc: 0.5567
Epoch 191/500
Epoch 00190: val_acc did not improve
63s - loss: 0.2354 - acc: 0.9110 - val_loss: 1.8360 - val_acc: 0.5687
Epoch 192/500
Epoch 00191: val_acc did not improve
64s - loss: 0.2117 - acc: 0.9254 - val_loss: 1.8858 - val_acc: 0.5640
Epoch 193/500
Epoch 00192: val_acc did not improve
64s - loss: 0.7053 - acc: 0.7624 - val_loss: 1.7070 - val_acc: 0.5620
Epoch 194/500
Epoch 00193: val_acc did not improve
64s - loss: 0.3274 - acc: 0.8840 - val_loss: 1.6726 - val_acc: 0.5693
Epoch 195/500
Epoch 00194: val_acc did not improve
63s - loss: 0.2405 - acc: 0.9124 - val_loss: 1.7744 - val_acc: 0.5713
Epoch 196/500
Epoch 00195: val_acc did not improve
64s - loss: 0.2499 - acc: 0.9110 - val_loss: 1.8832 - val_acc: 0.5653
Epoch 197/500
Epoch 00196: val_acc did not improve
63s - loss: 0.2000 - acc: 0.9296 - val_loss: 1.8658 - val_acc: 0.5500
Epoch 198/500
Epoch 00197: val_acc did not improve
63s - loss: 0.1863 - acc: 0.9346 - val_loss: 1.9373 - val_acc: 0.5713
Epoch 199/500
Epoch 00198: val_acc did not improve
64s - loss: 0.2154 - acc: 0.9222 - val_loss: 1.9744 - val_acc: 0.5607
Epoch 200/500
Epoch 00199: val_acc did not improve
63s - loss: 0.3058 - acc: 0.8890 - val_loss: 1.8748 - val_acc: 0.5747
Epoch 201/500
Epoch 00200: val_acc did not improve
64s - loss: 0.2147 - acc: 0.9224 - val_loss: 1.8703 - val_acc: 0.5713
Epoch 202/500
Epoch 00201: val_acc did not improve
64s - loss: 0.2988 - acc: 0.8894 - val_loss: 1.8176 - val_acc: 0.5820
Epoch 203/500
Epoch 00202: val_acc did not improve
64s - loss: 0.2318 - acc: 0.9132 - val_loss: 1.9033 - val_acc: 0.5580
Epoch 204/500
Epoch 00203: val_acc did not improve
64s - loss: 0.2547 - acc: 0.9016 - val_loss: 1.9212 - val_acc: 0.5693
Epoch 205/500
Epoch 00204: val_acc did not improve
63s - loss: 0.2644 - acc: 0.9072 - val_loss: 1.9285 - val_acc: 0.5600
Epoch 206/500
Epoch 00205: val_acc did not improve
63s - loss: 0.2197 - acc: 0.9206 - val_loss: 1.9734 - val_acc: 0.5773
Epoch 207/500
Epoch 00206: val_acc did not improve
64s - loss: 0.2162 - acc: 0.9216 - val_loss: 1.9044 - val_acc: 0.5620
Epoch 208/500
Epoch 00207: val_acc did not improve
64s - loss: 0.2477 - acc: 0.9082 - val_loss: 1.8850 - val_acc: 0.5813
Epoch 209/500
Epoch 00208: val_acc did not improve
64s - loss: 0.2272 - acc: 0.9164 - val_loss: 1.9435 - val_acc: 0.5693
Epoch 210/500
Epoch 00209: val_acc did not improve
62s - loss: 0.1861 - acc: 0.9342 - val_loss: 1.9742 - val_acc: 0.5680
Epoch 211/500
Epoch 00210: val_acc did not improve
64s - loss: 0.1959 - acc: 0.9302 - val_loss: 1.9312 - val_acc: 0.5707
Epoch 212/500
Epoch 00211: val_acc did not improve
63s - loss: 0.2730 - acc: 0.9032 - val_loss: 1.9349 - val_acc: 0.5627
Epoch 213/500
Epoch 00212: val_acc did not improve
65s - loss: 0.1941 - acc: 0.9318 - val_loss: 2.0930 - val_acc: 0.5413
Epoch 214/500
Epoch 00213: val_acc did not improve
63s - loss: 0.2643 - acc: 0.9024 - val_loss: 1.9201 - val_acc: 0.5667
Epoch 215/500
Epoch 00214: val_acc did not improve
64s - loss: 0.3204 - acc: 0.8848 - val_loss: 2.0198 - val_acc: 0.5560
Epoch 216/500
Epoch 00215: val_acc did not improve
63s - loss: 0.2940 - acc: 0.8962 - val_loss: 1.9370 - val_acc: 0.5640
Epoch 217/500
Epoch 00216: val_acc did not improve
63s - loss: 0.2287 - acc: 0.9194 - val_loss: 1.9270 - val_acc: 0.5553
Epoch 218/500
Epoch 00217: val_acc did not improve
64s - loss: 0.1951 - acc: 0.9332 - val_loss: 1.8808 - val_acc: 0.5727
Epoch 219/500
Epoch 00218: val_acc did not improve
64s - loss: 0.1763 - acc: 0.9394 - val_loss: 1.8238 - val_acc: 0.5673
Epoch 220/500
Epoch 00219: val_acc did not improve
64s - loss: 0.2042 - acc: 0.9266 - val_loss: 1.8744 - val_acc: 0.5800
Epoch 221/500
Epoch 00220: val_acc did not improve
64s - loss: 0.2088 - acc: 0.9260 - val_loss: 1.9135 - val_acc: 0.5747
Epoch 222/500
Epoch 00221: val_acc did not improve
64s - loss: 0.2811 - acc: 0.9046 - val_loss: 1.9203 - val_acc: 0.5613
Epoch 223/500
Epoch 00222: val_acc did not improve
63s - loss: 0.1904 - acc: 0.9332 - val_loss: 2.0400 - val_acc: 0.5653
Epoch 224/500
Epoch 00223: val_acc did not improve
63s - loss: 0.1799 - acc: 0.9344 - val_loss: 1.9788 - val_acc: 0.5740
Epoch 225/500
Epoch 00224: val_acc did not improve
64s - loss: 0.2717 - acc: 0.9022 - val_loss: 2.1140 - val_acc: 0.5640
Epoch 226/500
Epoch 00225: val_acc did not improve
64s - loss: 0.2173 - acc: 0.9244 - val_loss: 2.1499 - val_acc: 0.5727
Epoch 227/500
Epoch 00226: val_acc did not improve
64s - loss: 0.1871 - acc: 0.9328 - val_loss: 2.1142 - val_acc: 0.5747
Epoch 228/500
Epoch 00227: val_acc did not improve
63s - loss: 0.1888 - acc: 0.9344 - val_loss: 2.0272 - val_acc: 0.5613
Epoch 229/500
Epoch 00228: val_acc did not improve
64s - loss: 0.2170 - acc: 0.9274 - val_loss: 1.9937 - val_acc: 0.5807
Epoch 230/500
Epoch 00229: val_acc did not improve
63s - loss: 0.2468 - acc: 0.9112 - val_loss: 1.9127 - val_acc: 0.5620
Epoch 231/500
Epoch 00230: val_acc did not improve
63s - loss: 0.1472 - acc: 0.9520 - val_loss: 2.0271 - val_acc: 0.5780
Epoch 232/500
Epoch 00231: val_acc did not improve
64s - loss: 0.2068 - acc: 0.9282 - val_loss: 1.9172 - val_acc: 0.5807
Epoch 233/500
Epoch 00232: val_acc did not improve
63s - loss: 0.2215 - acc: 0.9166 - val_loss: 1.9384 - val_acc: 0.5713
Epoch 234/500
Epoch 00233: val_acc did not improve
64s - loss: 0.2907 - acc: 0.9022 - val_loss: 1.9693 - val_acc: 0.5713
Epoch 235/500
Epoch 00234: val_acc did not improve
64s - loss: 0.2112 - acc: 0.9268 - val_loss: 2.0058 - val_acc: 0.5747
Epoch 236/500
Epoch 00235: val_acc did not improve
64s - loss: 0.2063 - acc: 0.9226 - val_loss: 2.0867 - val_acc: 0.5573
Epoch 237/500
Epoch 00236: val_acc did not improve
63s - loss: 0.2907 - acc: 0.9080 - val_loss: 2.8849 - val_acc: 0.4227
Epoch 238/500
Epoch 00237: val_acc did not improve
63s - loss: 1.5050 - acc: 0.4964 - val_loss: 1.4820 - val_acc: 0.4867
Epoch 239/500
Epoch 00238: val_acc did not improve
63s - loss: 1.1248 - acc: 0.5780 - val_loss: 1.4465 - val_acc: 0.4827
Epoch 240/500
Epoch 00239: val_acc did not improve
64s - loss: 0.9608 - acc: 0.6350 - val_loss: 1.4385 - val_acc: 0.5120
Epoch 241/500
Epoch 00240: val_acc did not improve
64s - loss: 0.6817 - acc: 0.7416 - val_loss: 1.5921 - val_acc: 0.5367
Epoch 242/500
Epoch 00241: val_acc did not improve
65s - loss: 0.4992 - acc: 0.8234 - val_loss: 1.5113 - val_acc: 0.5713
Epoch 243/500
Epoch 00242: val_acc did not improve
63s - loss: 0.2940 - acc: 0.8928 - val_loss: 1.6400 - val_acc: 0.5860
Epoch 244/500
Epoch 00243: val_acc did not improve
64s - loss: 0.2313 - acc: 0.9182 - val_loss: 1.7180 - val_acc: 0.5453
Epoch 245/500
Epoch 00244: val_acc did not improve
64s - loss: 0.2565 - acc: 0.9014 - val_loss: 1.7791 - val_acc: 0.5667
Epoch 246/500
Epoch 00245: val_acc did not improve
64s - loss: 0.1897 - acc: 0.9368 - val_loss: 1.8231 - val_acc: 0.5633
Epoch 247/500
Epoch 00246: val_acc did not improve
64s - loss: 0.2038 - acc: 0.9312 - val_loss: 1.9202 - val_acc: 0.5587
Epoch 248/500
Epoch 00247: val_acc did not improve
63s - loss: 0.2271 - acc: 0.9164 - val_loss: 1.9595 - val_acc: 0.5540
Epoch 249/500
Epoch 00248: val_acc did not improve
63s - loss: 0.2476 - acc: 0.9072 - val_loss: 1.9735 - val_acc: 0.5660
Epoch 250/500
Epoch 00249: val_acc did not improve
65s - loss: 0.2616 - acc: 0.9072 - val_loss: 1.9002 - val_acc: 0.5680
Epoch 251/500
Epoch 00250: val_acc did not improve
64s - loss: 0.2071 - acc: 0.9270 - val_loss: 1.8538 - val_acc: 0.5867
Epoch 252/500
Epoch 00251: val_acc did not improve
64s - loss: 0.2031 - acc: 0.9258 - val_loss: 1.8600 - val_acc: 0.5673
Epoch 253/500
Epoch 00252: val_acc did not improve
64s - loss: 0.1892 - acc: 0.9342 - val_loss: 1.9314 - val_acc: 0.5580
Epoch 254/500
Epoch 00253: val_acc did not improve
64s - loss: 0.1639 - acc: 0.9440 - val_loss: 1.9655 - val_acc: 0.5733
Epoch 255/500
Epoch 00254: val_acc did not improve
63s - loss: 0.1525 - acc: 0.9512 - val_loss: 1.9875 - val_acc: 0.5740
Epoch 256/500
Epoch 00255: val_acc did not improve
64s - loss: 0.2044 - acc: 0.9292 - val_loss: 1.8352 - val_acc: 0.5893
Epoch 257/500
Epoch 00256: val_acc did not improve
65s - loss: 0.2087 - acc: 0.9252 - val_loss: 2.0062 - val_acc: 0.5513
Epoch 258/500
Epoch 00257: val_acc did not improve
64s - loss: 0.2782 - acc: 0.8960 - val_loss: 2.0172 - val_acc: 0.5727
Epoch 259/500
Epoch 00258: val_acc did not improve
65s - loss: 0.2638 - acc: 0.9116 - val_loss: 1.9286 - val_acc: 0.5800
Epoch 260/500
Epoch 00259: val_acc did not improve
64s - loss: 0.2230 - acc: 0.9216 - val_loss: 1.9605 - val_acc: 0.5727
Epoch 261/500
Epoch 00260: val_acc did not improve
64s - loss: 0.1728 - acc: 0.9396 - val_loss: 1.9699 - val_acc: 0.5947
Epoch 262/500
Epoch 00261: val_acc did not improve
64s - loss: 0.1938 - acc: 0.9316 - val_loss: 1.9702 - val_acc: 0.5600
Epoch 263/500
Epoch 00262: val_acc did not improve
64s - loss: 0.2303 - acc: 0.9118 - val_loss: 1.9510 - val_acc: 0.5647
Epoch 264/500
Epoch 00263: val_acc did not improve
64s - loss: 0.2108 - acc: 0.9244 - val_loss: 2.0099 - val_acc: 0.5740
Epoch 265/500
Epoch 00264: val_acc did not improve
64s - loss: 0.2465 - acc: 0.9116 - val_loss: 2.0159 - val_acc: 0.5693
Epoch 266/500
Epoch 00265: val_acc did not improve
64s - loss: 0.1619 - acc: 0.9382 - val_loss: 1.9597 - val_acc: 0.5687
Epoch 267/500
Epoch 00266: val_acc did not improve
63s - loss: 0.1822 - acc: 0.9364 - val_loss: 2.0931 - val_acc: 0.5720
Epoch 268/500
Epoch 00267: val_acc did not improve
64s - loss: 0.2151 - acc: 0.9230 - val_loss: 1.9588 - val_acc: 0.5707
Epoch 269/500
Epoch 00268: val_acc did not improve
64s - loss: 0.2206 - acc: 0.9244 - val_loss: 2.0573 - val_acc: 0.5740
Epoch 270/500
Epoch 00269: val_acc did not improve
64s - loss: 0.1912 - acc: 0.9268 - val_loss: 1.9276 - val_acc: 0.5700
Epoch 271/500
Epoch 00270: val_acc did not improve
64s - loss: 0.1930 - acc: 0.9304 - val_loss: 1.8872 - val_acc: 0.5700
Epoch 272/500
Epoch 00271: val_acc did not improve
64s - loss: 0.2883 - acc: 0.8998 - val_loss: 1.9804 - val_acc: 0.5460
Epoch 273/500
Epoch 00272: val_acc did not improve
63s - loss: 0.3221 - acc: 0.8886 - val_loss: 1.9732 - val_acc: 0.5547
Epoch 274/500
Epoch 00273: val_acc did not improve
64s - loss: 0.2608 - acc: 0.9086 - val_loss: 2.0589 - val_acc: 0.5507
Epoch 275/500
Epoch 00274: val_acc did not improve
63s - loss: 0.2792 - acc: 0.9004 - val_loss: 1.9486 - val_acc: 0.5753
Epoch 276/500
Epoch 00275: val_acc did not improve
63s - loss: 0.1279 - acc: 0.9574 - val_loss: 1.9464 - val_acc: 0.5720
Epoch 277/500
Epoch 00276: val_acc did not improve
64s - loss: 0.1240 - acc: 0.9630 - val_loss: 1.9922 - val_acc: 0.5633
Epoch 278/500
Epoch 00277: val_acc did not improve
64s - loss: 0.3804 - acc: 0.8704 - val_loss: 1.9760 - val_acc: 0.5587
Epoch 279/500
Epoch 00278: val_acc did not improve
65s - loss: 0.1960 - acc: 0.9302 - val_loss: 1.9671 - val_acc: 0.5553
Epoch 280/500
Epoch 00279: val_acc did not improve
64s - loss: 0.1541 - acc: 0.9464 - val_loss: 2.0323 - val_acc: 0.5487
Epoch 281/500
Epoch 00280: val_acc did not improve
64s - loss: 0.1709 - acc: 0.9438 - val_loss: 2.0080 - val_acc: 0.5693
Epoch 282/500
Epoch 00281: val_acc did not improve
63s - loss: 0.1571 - acc: 0.9460 - val_loss: 2.0594 - val_acc: 0.5587
Epoch 283/500
Epoch 00282: val_acc did not improve
63s - loss: 0.1525 - acc: 0.9466 - val_loss: 2.1363 - val_acc: 0.5360
Epoch 284/500
Epoch 00283: val_acc did not improve
64s - loss: 0.1417 - acc: 0.9512 - val_loss: 2.1224 - val_acc: 0.5520
Epoch 285/500
Epoch 00284: val_acc did not improve
64s - loss: 0.2530 - acc: 0.9114 - val_loss: 2.0356 - val_acc: 0.5740
Epoch 286/500
Epoch 00285: val_acc did not improve
63s - loss: 0.2023 - acc: 0.9272 - val_loss: 2.0657 - val_acc: 0.5547
Epoch 287/500
Epoch 00286: val_acc did not improve
63s - loss: 0.2559 - acc: 0.9080 - val_loss: 1.9360 - val_acc: 0.5613
Epoch 288/500
Epoch 00287: val_acc did not improve
64s - loss: 0.1872 - acc: 0.9326 - val_loss: 1.9703 - val_acc: 0.5640
Epoch 289/500
Epoch 00288: val_acc did not improve
63s - loss: 0.1627 - acc: 0.9438 - val_loss: 2.0047 - val_acc: 0.5713
Epoch 290/500
Epoch 00289: val_acc did not improve
65s - loss: 0.1892 - acc: 0.9354 - val_loss: 2.1294 - val_acc: 0.5553
Epoch 291/500
Epoch 00290: val_acc did not improve
63s - loss: 0.1330 - acc: 0.9554 - val_loss: 2.0765 - val_acc: 0.5620
Epoch 292/500
Epoch 00291: val_acc did not improve
64s - loss: 0.1209 - acc: 0.9616 - val_loss: 2.0789 - val_acc: 0.5653
Epoch 293/500
Epoch 00292: val_acc did not improve
63s - loss: 0.2370 - acc: 0.9202 - val_loss: 2.1531 - val_acc: 0.5480
Epoch 294/500
Epoch 00293: val_acc did not improve
64s - loss: 0.6269 - acc: 0.8210 - val_loss: 1.8887 - val_acc: 0.5153
Epoch 295/500
Epoch 00294: val_acc did not improve
63s - loss: 0.3469 - acc: 0.8736 - val_loss: 1.8490 - val_acc: 0.5587
Epoch 296/500
Epoch 00295: val_acc did not improve
64s - loss: 0.1891 - acc: 0.9332 - val_loss: 1.8768 - val_acc: 0.5627
Epoch 297/500
Epoch 00296: val_acc did not improve
63s - loss: 0.1324 - acc: 0.9584 - val_loss: 2.0242 - val_acc: 0.5640
Epoch 298/500
Epoch 00297: val_acc did not improve
63s - loss: 0.1305 - acc: 0.9574 - val_loss: 2.0543 - val_acc: 0.5567
Epoch 299/500
Epoch 00298: val_acc did not improve
64s - loss: 0.1606 - acc: 0.9408 - val_loss: 2.1900 - val_acc: 0.5413
Epoch 300/500
Epoch 00299: val_acc did not improve
63s - loss: 0.2048 - acc: 0.9276 - val_loss: 2.0719 - val_acc: 0.5487
Epoch 301/500
Epoch 00300: val_acc did not improve
63s - loss: 0.2092 - acc: 0.9216 - val_loss: 1.9868 - val_acc: 0.5720
Epoch 302/500
Epoch 00301: val_acc did not improve
63s - loss: 0.1530 - acc: 0.9500 - val_loss: 2.0780 - val_acc: 0.5793
Epoch 303/500
Epoch 00302: val_acc did not improve
64s - loss: 0.3157 - acc: 0.8896 - val_loss: 2.1343 - val_acc: 0.5427
Epoch 304/500
Epoch 00303: val_acc did not improve
63s - loss: 0.1831 - acc: 0.9354 - val_loss: 2.0970 - val_acc: 0.5673
Epoch 305/500
Epoch 00304: val_acc did not improve
64s - loss: 0.1471 - acc: 0.9500 - val_loss: 1.9948 - val_acc: 0.5687
Epoch 306/500
Epoch 00305: val_acc did not improve
63s - loss: 0.1337 - acc: 0.9540 - val_loss: 2.0680 - val_acc: 0.5860
Epoch 307/500
Epoch 00306: val_acc did not improve
64s - loss: 0.1082 - acc: 0.9654 - val_loss: 2.0954 - val_acc: 0.5653
Epoch 308/500
Epoch 00307: val_acc did not improve
64s - loss: 0.1833 - acc: 0.9356 - val_loss: 2.1324 - val_acc: 0.5640
Epoch 309/500
Epoch 00308: val_acc did not improve
64s - loss: 0.1680 - acc: 0.9422 - val_loss: 2.0537 - val_acc: 0.5800
Epoch 310/500
Epoch 00309: val_acc did not improve
64s - loss: 0.1279 - acc: 0.9568 - val_loss: 2.0379 - val_acc: 0.5813
Epoch 311/500
Epoch 00310: val_acc did not improve
64s - loss: 0.1990 - acc: 0.9330 - val_loss: 1.9091 - val_acc: 0.5773
Epoch 312/500
Epoch 00311: val_acc did not improve
63s - loss: 0.1645 - acc: 0.9420 - val_loss: 2.0306 - val_acc: 0.5667
Epoch 313/500
Epoch 00312: val_acc did not improve
64s - loss: 0.1594 - acc: 0.9470 - val_loss: 2.0829 - val_acc: 0.5620
Epoch 314/500
Epoch 00313: val_acc did not improve
63s - loss: 0.2166 - acc: 0.9234 - val_loss: 1.9793 - val_acc: 0.5453
Epoch 315/500
Epoch 00314: val_acc did not improve
63s - loss: 0.1509 - acc: 0.9488 - val_loss: 2.0324 - val_acc: 0.5667
Epoch 316/500
Epoch 00315: val_acc did not improve
63s - loss: 0.2222 - acc: 0.9262 - val_loss: 2.1027 - val_acc: 0.5633
Epoch 317/500
Epoch 00316: val_acc did not improve
63s - loss: 0.1620 - acc: 0.9398 - val_loss: 2.0682 - val_acc: 0.5653
Epoch 318/500
Epoch 00317: val_acc did not improve
63s - loss: 0.1705 - acc: 0.9390 - val_loss: 1.9940 - val_acc: 0.5807
Epoch 319/500
Epoch 00318: val_acc did not improve
63s - loss: 0.1840 - acc: 0.9382 - val_loss: 2.0367 - val_acc: 0.5727
Epoch 320/500
Epoch 00319: val_acc did not improve
63s - loss: 0.2260 - acc: 0.9184 - val_loss: 2.0069 - val_acc: 0.5773
Epoch 321/500
Epoch 00320: val_acc did not improve
63s - loss: 0.1237 - acc: 0.9586 - val_loss: 2.0859 - val_acc: 0.5740
Epoch 322/500
Epoch 00321: val_acc did not improve
64s - loss: 0.1096 - acc: 0.9626 - val_loss: 2.2179 - val_acc: 0.5693
Epoch 323/500
Epoch 00322: val_acc did not improve
64s - loss: 0.1557 - acc: 0.9456 - val_loss: 2.2568 - val_acc: 0.5793
Epoch 324/500
Epoch 00323: val_acc did not improve
63s - loss: 0.1588 - acc: 0.9440 - val_loss: 2.0689 - val_acc: 0.5793
Epoch 325/500
Epoch 00324: val_acc did not improve
64s - loss: 0.1916 - acc: 0.9344 - val_loss: 2.0890 - val_acc: 0.5673
Epoch 326/500
Epoch 00325: val_acc did not improve
64s - loss: 0.1506 - acc: 0.9472 - val_loss: 2.1053 - val_acc: 0.5600
Epoch 327/500
Epoch 00326: val_acc did not improve
64s - loss: 0.2170 - acc: 0.9280 - val_loss: 2.1816 - val_acc: 0.5607
Epoch 328/500
Epoch 00327: val_acc did not improve
64s - loss: 0.1471 - acc: 0.9478 - val_loss: 2.0594 - val_acc: 0.5913
Epoch 329/500
Epoch 00328: val_acc did not improve
63s - loss: 0.1494 - acc: 0.9496 - val_loss: 2.2421 - val_acc: 0.5647
Epoch 330/500
Epoch 00329: val_acc did not improve
64s - loss: 0.1214 - acc: 0.9612 - val_loss: 2.2151 - val_acc: 0.5693
Epoch 331/500
Epoch 00330: val_acc did not improve
63s - loss: 0.1626 - acc: 0.9434 - val_loss: 2.2409 - val_acc: 0.5567
Epoch 332/500
Epoch 00331: val_acc did not improve
63s - loss: 0.2262 - acc: 0.9198 - val_loss: 2.2432 - val_acc: 0.5420
Epoch 333/500
Epoch 00332: val_acc did not improve
64s - loss: 0.2151 - acc: 0.9258 - val_loss: 2.1902 - val_acc: 0.5713
Epoch 334/500
Epoch 00333: val_acc did not improve
63s - loss: 0.1328 - acc: 0.9552 - val_loss: 2.0828 - val_acc: 0.5840
Epoch 335/500
Epoch 00334: val_acc did not improve
64s - loss: 0.1163 - acc: 0.9632 - val_loss: 2.1985 - val_acc: 0.5760
Epoch 336/500
Epoch 00335: val_acc did not improve
63s - loss: 0.1807 - acc: 0.9394 - val_loss: 2.1235 - val_acc: 0.5633
Epoch 337/500
Epoch 00336: val_acc did not improve
64s - loss: 0.1740 - acc: 0.9376 - val_loss: 2.0548 - val_acc: 0.5933
Epoch 338/500
Epoch 00337: val_acc did not improve
64s - loss: 0.1308 - acc: 0.9562 - val_loss: 2.0820 - val_acc: 0.5747
Epoch 339/500
Epoch 00338: val_acc did not improve
64s - loss: 0.1345 - acc: 0.9558 - val_loss: 2.1485 - val_acc: 0.5773
Epoch 340/500
Epoch 00339: val_acc did not improve
63s - loss: 0.1847 - acc: 0.9332 - val_loss: 2.1160 - val_acc: 0.5900
Epoch 341/500
Epoch 00340: val_acc did not improve
64s - loss: 0.1537 - acc: 0.9446 - val_loss: 2.1473 - val_acc: 0.5813
Epoch 342/500
Epoch 00341: val_acc did not improve
65s - loss: 0.2605 - acc: 0.9072 - val_loss: 2.1408 - val_acc: 0.5640
Epoch 343/500
Epoch 00342: val_acc did not improve
63s - loss: 0.1437 - acc: 0.9506 - val_loss: 2.0955 - val_acc: 0.5753
Epoch 344/500
Epoch 00343: val_acc did not improve
65s - loss: 0.0970 - acc: 0.9684 - val_loss: 2.1355 - val_acc: 0.5707
Epoch 345/500
Epoch 00344: val_acc did not improve
63s - loss: 0.2067 - acc: 0.9384 - val_loss: 2.1673 - val_acc: 0.5653
Epoch 346/500
Epoch 00345: val_acc did not improve
64s - loss: 0.1942 - acc: 0.9314 - val_loss: 2.1785 - val_acc: 0.5607
Epoch 347/500
Epoch 00346: val_acc did not improve
64s - loss: 0.1776 - acc: 0.9386 - val_loss: 2.1692 - val_acc: 0.5500
Epoch 348/500
Epoch 00347: val_acc did not improve
63s - loss: 0.3002 - acc: 0.8930 - val_loss: 2.0516 - val_acc: 0.5567
Epoch 349/500
Epoch 00348: val_acc did not improve
64s - loss: 0.3383 - acc: 0.8800 - val_loss: 2.1247 - val_acc: 0.5560
Epoch 350/500
Epoch 00349: val_acc did not improve
63s - loss: 0.2280 - acc: 0.9164 - val_loss: 2.1143 - val_acc: 0.5593
Epoch 351/500
Epoch 00350: val_acc did not improve
64s - loss: 0.1616 - acc: 0.9420 - val_loss: 2.1828 - val_acc: 0.5573
Epoch 352/500
Epoch 00351: val_acc did not improve
64s - loss: 0.1742 - acc: 0.9402 - val_loss: 2.2508 - val_acc: 0.5607
Epoch 353/500
Epoch 00352: val_acc did not improve
64s - loss: 0.2166 - acc: 0.9240 - val_loss: 2.0055 - val_acc: 0.5753
Epoch 354/500
Epoch 00353: val_acc did not improve
63s - loss: 0.1894 - acc: 0.9372 - val_loss: 2.1294 - val_acc: 0.5567
Epoch 355/500
Epoch 00354: val_acc did not improve
64s - loss: 0.1698 - acc: 0.9394 - val_loss: 2.1160 - val_acc: 0.5800
Epoch 356/500
Epoch 00355: val_acc did not improve
64s - loss: 0.1225 - acc: 0.9562 - val_loss: 2.1229 - val_acc: 0.5640
Epoch 357/500
Epoch 00356: val_acc did not improve
64s - loss: 0.1838 - acc: 0.9342 - val_loss: 2.0532 - val_acc: 0.5660
Epoch 358/500
Epoch 00357: val_acc did not improve
63s - loss: 0.2497 - acc: 0.9206 - val_loss: 2.1142 - val_acc: 0.5687
Epoch 359/500
Epoch 00358: val_acc did not improve
63s - loss: 0.1636 - acc: 0.9400 - val_loss: 2.1243 - val_acc: 0.5633
Epoch 360/500
Epoch 00359: val_acc did not improve
63s - loss: 0.2019 - acc: 0.9308 - val_loss: 2.1407 - val_acc: 0.5760
Epoch 361/500
Epoch 00360: val_acc did not improve
65s - loss: 0.1704 - acc: 0.9390 - val_loss: 1.9730 - val_acc: 0.5640
Epoch 362/500
Epoch 00361: val_acc did not improve
64s - loss: 0.1553 - acc: 0.9486 - val_loss: 2.0911 - val_acc: 0.5733
Epoch 363/500
Epoch 00362: val_acc did not improve
64s - loss: 0.1103 - acc: 0.9640 - val_loss: 2.1277 - val_acc: 0.5760
Epoch 364/500
Epoch 00363: val_acc did not improve
63s - loss: 0.1084 - acc: 0.9654 - val_loss: 2.2113 - val_acc: 0.5693
Epoch 365/500
Epoch 00364: val_acc did not improve
64s - loss: 0.1873 - acc: 0.9382 - val_loss: 2.0720 - val_acc: 0.5787
Epoch 366/500
Epoch 00365: val_acc did not improve
64s - loss: 0.1892 - acc: 0.9376 - val_loss: 2.4513 - val_acc: 0.5260
Epoch 367/500
Epoch 00366: val_acc did not improve
64s - loss: 0.2735 - acc: 0.9054 - val_loss: 2.0160 - val_acc: 0.5753
Epoch 368/500
Epoch 00367: val_acc did not improve
64s - loss: 0.2627 - acc: 0.9082 - val_loss: 2.1056 - val_acc: 0.5453
Epoch 369/500
Epoch 00368: val_acc did not improve
65s - loss: 0.1731 - acc: 0.9368 - val_loss: 2.0817 - val_acc: 0.5613
Epoch 370/500
Epoch 00369: val_acc did not improve
63s - loss: 0.1780 - acc: 0.9368 - val_loss: 2.1507 - val_acc: 0.5700
Epoch 371/500
Epoch 00370: val_acc did not improve
64s - loss: 0.1593 - acc: 0.9472 - val_loss: 2.1372 - val_acc: 0.5613
Epoch 372/500
Epoch 00371: val_acc did not improve
63s - loss: 0.1150 - acc: 0.9592 - val_loss: 2.1842 - val_acc: 0.5727
Epoch 373/500
Epoch 00372: val_acc did not improve
64s - loss: 0.1322 - acc: 0.9526 - val_loss: 2.2152 - val_acc: 0.5660
Epoch 374/500
Epoch 00373: val_acc did not improve
64s - loss: 0.1373 - acc: 0.9512 - val_loss: 2.1418 - val_acc: 0.5653
Epoch 375/500
Epoch 00374: val_acc did not improve
64s - loss: 0.1481 - acc: 0.9496 - val_loss: 2.1712 - val_acc: 0.5620
Epoch 376/500
Epoch 00375: val_acc did not improve
64s - loss: 0.1432 - acc: 0.9460 - val_loss: 2.1414 - val_acc: 0.5773
Epoch 377/500
Epoch 00376: val_acc did not improve
64s - loss: 0.0988 - acc: 0.9638 - val_loss: 2.2827 - val_acc: 0.5627
Epoch 378/500
Epoch 00377: val_acc did not improve
64s - loss: 0.1279 - acc: 0.9556 - val_loss: 2.1442 - val_acc: 0.5800
Epoch 379/500
Epoch 00378: val_acc did not improve
64s - loss: 0.2489 - acc: 0.9176 - val_loss: 2.0589 - val_acc: 0.5713
Epoch 380/500
Epoch 00379: val_acc did not improve
64s - loss: 0.1677 - acc: 0.9422 - val_loss: 1.9761 - val_acc: 0.5627
Epoch 381/500
Epoch 00380: val_acc did not improve
64s - loss: 0.1241 - acc: 0.9598 - val_loss: 2.1334 - val_acc: 0.5753
Epoch 382/500
Epoch 00381: val_acc did not improve
63s - loss: 0.2047 - acc: 0.9344 - val_loss: 2.2340 - val_acc: 0.5553
Epoch 383/500
Epoch 00382: val_acc did not improve
64s - loss: 0.1744 - acc: 0.9384 - val_loss: 2.1308 - val_acc: 0.5620
Epoch 384/500
Epoch 00383: val_acc did not improve
64s - loss: 0.2063 - acc: 0.9262 - val_loss: 2.2058 - val_acc: 0.5620
Epoch 385/500
Epoch 00384: val_acc did not improve
63s - loss: 0.4231 - acc: 0.8668 - val_loss: 1.9444 - val_acc: 0.5587
Epoch 386/500
Epoch 00385: val_acc did not improve
64s - loss: 0.1617 - acc: 0.9432 - val_loss: 2.0663 - val_acc: 0.5713
Epoch 387/500
Epoch 00386: val_acc did not improve
63s - loss: 0.2247 - acc: 0.9196 - val_loss: 2.1549 - val_acc: 0.5420
Epoch 388/500
Epoch 00387: val_acc did not improve
64s - loss: 0.1952 - acc: 0.9314 - val_loss: 2.0896 - val_acc: 0.5540
Epoch 389/500
Epoch 00388: val_acc did not improve
63s - loss: 0.1031 - acc: 0.9652 - val_loss: 2.0811 - val_acc: 0.5633
Epoch 390/500
Epoch 00389: val_acc did not improve
64s - loss: 0.1120 - acc: 0.9600 - val_loss: 2.0746 - val_acc: 0.5693
Epoch 391/500
Epoch 00390: val_acc did not improve
64s - loss: 0.1255 - acc: 0.9556 - val_loss: 2.1515 - val_acc: 0.5627
Epoch 392/500
Epoch 00391: val_acc did not improve
64s - loss: 0.1915 - acc: 0.9322 - val_loss: 2.3342 - val_acc: 0.5327
Epoch 393/500
Epoch 00392: val_acc did not improve
63s - loss: 0.1537 - acc: 0.9480 - val_loss: 2.1729 - val_acc: 0.5520
Epoch 394/500
Epoch 00393: val_acc did not improve
63s - loss: 0.1629 - acc: 0.9450 - val_loss: 2.0471 - val_acc: 0.5833
Epoch 395/500
Epoch 00394: val_acc did not improve
63s - loss: 0.2402 - acc: 0.9154 - val_loss: 2.1631 - val_acc: 0.5653
Epoch 396/500
Epoch 00395: val_acc did not improve
64s - loss: 0.1205 - acc: 0.9608 - val_loss: 2.1373 - val_acc: 0.5767
Epoch 397/500
Epoch 00396: val_acc did not improve
64s - loss: 0.1173 - acc: 0.9604 - val_loss: 2.2224 - val_acc: 0.5620
Epoch 398/500
Epoch 00397: val_acc did not improve
64s - loss: 0.1577 - acc: 0.9450 - val_loss: 2.1561 - val_acc: 0.5707
Epoch 399/500
Epoch 00398: val_acc did not improve
64s - loss: 0.1979 - acc: 0.9306 - val_loss: 2.1118 - val_acc: 0.5753
Epoch 400/500
Epoch 00399: val_acc did not improve
64s - loss: 0.1535 - acc: 0.9456 - val_loss: 2.2046 - val_acc: 0.5600
Epoch 401/500
Epoch 00400: val_acc did not improve
65s - loss: 0.1774 - acc: 0.9370 - val_loss: 2.2163 - val_acc: 0.5640
Epoch 402/500
Epoch 00401: val_acc did not improve
64s - loss: 0.1695 - acc: 0.9422 - val_loss: 2.1885 - val_acc: 0.5587
Epoch 403/500
Epoch 00402: val_acc did not improve
64s - loss: 0.1445 - acc: 0.9504 - val_loss: 2.2447 - val_acc: 0.5680
Epoch 404/500
Epoch 00403: val_acc did not improve
64s - loss: 0.1839 - acc: 0.9378 - val_loss: 2.1038 - val_acc: 0.5780
Epoch 405/500
Epoch 00404: val_acc did not improve
64s - loss: 0.1730 - acc: 0.9424 - val_loss: 2.1128 - val_acc: 0.5607
Epoch 406/500
Epoch 00405: val_acc did not improve
64s - loss: 0.1968 - acc: 0.9328 - val_loss: 2.3764 - val_acc: 0.5340
Epoch 407/500
Epoch 00406: val_acc did not improve
64s - loss: 0.3123 - acc: 0.8912 - val_loss: 2.1463 - val_acc: 0.5487
Epoch 408/500
Epoch 00407: val_acc did not improve
64s - loss: 0.2352 - acc: 0.9154 - val_loss: 2.0902 - val_acc: 0.5620
Epoch 409/500
Epoch 00408: val_acc did not improve
63s - loss: 0.1508 - acc: 0.9452 - val_loss: 2.0946 - val_acc: 0.5813
Epoch 410/500
Epoch 00409: val_acc did not improve
64s - loss: 0.1447 - acc: 0.9498 - val_loss: 2.2330 - val_acc: 0.5567
Epoch 411/500
Epoch 00410: val_acc did not improve
65s - loss: 0.2099 - acc: 0.9316 - val_loss: 2.1572 - val_acc: 0.5653
Epoch 412/500
Epoch 00411: val_acc did not improve
64s - loss: 0.2318 - acc: 0.9176 - val_loss: 2.1129 - val_acc: 0.5627
Epoch 413/500
Epoch 00412: val_acc did not improve
63s - loss: 0.1925 - acc: 0.9314 - val_loss: 2.1916 - val_acc: 0.5747
Epoch 414/500
Epoch 00413: val_acc did not improve
63s - loss: 0.1905 - acc: 0.9308 - val_loss: 2.1526 - val_acc: 0.5507
Epoch 415/500
Epoch 00414: val_acc did not improve
66s - loss: 0.1951 - acc: 0.9336 - val_loss: 2.1095 - val_acc: 0.5653
Epoch 416/500
Epoch 00415: val_acc did not improve
64s - loss: 0.1669 - acc: 0.9436 - val_loss: 2.1436 - val_acc: 0.5747
Epoch 417/500
Epoch 00416: val_acc did not improve
65s - loss: 0.1576 - acc: 0.9486 - val_loss: 2.1553 - val_acc: 0.5693
Epoch 418/500
Epoch 00417: val_acc did not improve
64s - loss: 0.1289 - acc: 0.9564 - val_loss: 2.3311 - val_acc: 0.5660
Epoch 419/500
Epoch 00418: val_acc did not improve
64s - loss: 0.1134 - acc: 0.9648 - val_loss: 2.1709 - val_acc: 0.5793
Epoch 420/500
Epoch 00419: val_acc did not improve
64s - loss: 0.1003 - acc: 0.9640 - val_loss: 2.2489 - val_acc: 0.5713
Epoch 421/500
Epoch 00420: val_acc did not improve
64s - loss: 0.1549 - acc: 0.9452 - val_loss: 2.1589 - val_acc: 0.5647
Epoch 422/500
Epoch 00421: val_acc did not improve
63s - loss: 0.1347 - acc: 0.9520 - val_loss: 2.1643 - val_acc: 0.5787
Epoch 423/500
Epoch 00422: val_acc did not improve
63s - loss: 0.1398 - acc: 0.9518 - val_loss: 2.2773 - val_acc: 0.5607
Epoch 424/500
Epoch 00423: val_acc did not improve
63s - loss: 0.1719 - acc: 0.9416 - val_loss: 2.1548 - val_acc: 0.5680
Epoch 425/500
Epoch 00424: val_acc did not improve
64s - loss: 0.2027 - acc: 0.9286 - val_loss: 2.1559 - val_acc: 0.5753
Epoch 426/500
Epoch 00425: val_acc did not improve
63s - loss: 0.1545 - acc: 0.9486 - val_loss: 2.1426 - val_acc: 0.5640
Epoch 427/500
Epoch 00426: val_acc did not improve
63s - loss: 0.1684 - acc: 0.9390 - val_loss: 2.1657 - val_acc: 0.5507
Epoch 428/500
Epoch 00427: val_acc did not improve
64s - loss: 0.1045 - acc: 0.9658 - val_loss: 2.2298 - val_acc: 0.5640
Epoch 429/500
Epoch 00428: val_acc did not improve
64s - loss: 0.1336 - acc: 0.9542 - val_loss: 2.3222 - val_acc: 0.5533
Epoch 430/500
Epoch 00429: val_acc did not improve
62s - loss: 0.1057 - acc: 0.9656 - val_loss: 2.3457 - val_acc: 0.5693
Epoch 431/500
Epoch 00430: val_acc did not improve
65s - loss: 0.1513 - acc: 0.9506 - val_loss: 2.3840 - val_acc: 0.5340
Epoch 432/500
Epoch 00431: val_acc did not improve
63s - loss: 0.2798 - acc: 0.9012 - val_loss: 2.3227 - val_acc: 0.5707
Epoch 433/500
Epoch 00432: val_acc did not improve
63s - loss: 0.2113 - acc: 0.9276 - val_loss: 2.2984 - val_acc: 0.5647
Epoch 434/500
Epoch 00433: val_acc did not improve
64s - loss: 0.1614 - acc: 0.9450 - val_loss: 2.1230 - val_acc: 0.5787
Epoch 435/500
Epoch 00434: val_acc did not improve
63s - loss: 0.1201 - acc: 0.9570 - val_loss: 2.1750 - val_acc: 0.5773
Epoch 436/500
Epoch 00435: val_acc did not improve
63s - loss: 0.1116 - acc: 0.9628 - val_loss: 2.1634 - val_acc: 0.5740
Epoch 437/500
Epoch 00436: val_acc did not improve
64s - loss: 0.1267 - acc: 0.9562 - val_loss: 2.1574 - val_acc: 0.5813
Epoch 438/500
Epoch 00437: val_acc did not improve
63s - loss: 0.0913 - acc: 0.9712 - val_loss: 2.2016 - val_acc: 0.5700
Epoch 439/500
Epoch 00438: val_acc did not improve
64s - loss: 0.1879 - acc: 0.9354 - val_loss: 2.1535 - val_acc: 0.5773
Epoch 440/500
Epoch 00439: val_acc did not improve
63s - loss: 0.1662 - acc: 0.9444 - val_loss: 2.1381 - val_acc: 0.5633
Epoch 441/500
Epoch 00440: val_acc did not improve
64s - loss: 0.1603 - acc: 0.9424 - val_loss: 2.1993 - val_acc: 0.5700
Epoch 442/500
Epoch 00441: val_acc did not improve
64s - loss: 0.1421 - acc: 0.9516 - val_loss: 2.3115 - val_acc: 0.5493
Epoch 443/500
Epoch 00442: val_acc did not improve
64s - loss: 0.1503 - acc: 0.9452 - val_loss: 2.1936 - val_acc: 0.5667
Epoch 444/500
Epoch 00443: val_acc did not improve
64s - loss: 0.1054 - acc: 0.9644 - val_loss: 2.2352 - val_acc: 0.5687
Epoch 445/500
Epoch 00444: val_acc did not improve
63s - loss: 0.1570 - acc: 0.9458 - val_loss: 2.3473 - val_acc: 0.5587
Epoch 446/500
Epoch 00445: val_acc did not improve
62s - loss: 0.1552 - acc: 0.9496 - val_loss: 2.2219 - val_acc: 0.5760
Epoch 447/500
Epoch 00446: val_acc did not improve
64s - loss: 0.2493 - acc: 0.9184 - val_loss: 2.2934 - val_acc: 0.5633
Epoch 448/500
Epoch 00447: val_acc did not improve
63s - loss: 0.2481 - acc: 0.9166 - val_loss: 2.1759 - val_acc: 0.5600
Epoch 449/500
Epoch 00448: val_acc did not improve
64s - loss: 0.1344 - acc: 0.9528 - val_loss: 2.1631 - val_acc: 0.5747
Epoch 450/500
Epoch 00449: val_acc did not improve
64s - loss: 0.1238 - acc: 0.9570 - val_loss: 2.2465 - val_acc: 0.5713
Epoch 451/500
Epoch 00450: val_acc did not improve
64s - loss: 0.1231 - acc: 0.9578 - val_loss: 2.1912 - val_acc: 0.5793
Epoch 452/500
Epoch 00451: val_acc did not improve
64s - loss: 0.1131 - acc: 0.9600 - val_loss: 2.2907 - val_acc: 0.5847
Epoch 453/500
Epoch 00452: val_acc did not improve
64s - loss: 0.0986 - acc: 0.9658 - val_loss: 2.2881 - val_acc: 0.5713
Epoch 454/500
Epoch 00453: val_acc did not improve
63s - loss: 0.1425 - acc: 0.9516 - val_loss: 2.3150 - val_acc: 0.5720
Epoch 455/500
Epoch 00454: val_acc did not improve
64s - loss: 0.2102 - acc: 0.9302 - val_loss: 2.3337 - val_acc: 0.5560
Epoch 456/500
Epoch 00455: val_acc did not improve
62s - loss: 0.1931 - acc: 0.9332 - val_loss: 2.1376 - val_acc: 0.5807
Epoch 457/500
Epoch 00456: val_acc did not improve
63s - loss: 0.1404 - acc: 0.9558 - val_loss: 2.1913 - val_acc: 0.5793
Epoch 458/500
Epoch 00457: val_acc did not improve
64s - loss: 0.1140 - acc: 0.9612 - val_loss: 2.1668 - val_acc: 0.5640
Epoch 459/500
Epoch 00458: val_acc did not improve
63s - loss: 0.1521 - acc: 0.9474 - val_loss: 2.1750 - val_acc: 0.5840
Epoch 460/500
Epoch 00459: val_acc did not improve
64s - loss: 0.2342 - acc: 0.9186 - val_loss: 2.1199 - val_acc: 0.5507
Epoch 461/500
Epoch 00460: val_acc did not improve
63s - loss: 0.2139 - acc: 0.9270 - val_loss: 2.2222 - val_acc: 0.5633
Epoch 462/500
Epoch 00461: val_acc did not improve
63s - loss: 0.2028 - acc: 0.9328 - val_loss: 2.0823 - val_acc: 0.5720
Epoch 463/500
Epoch 00462: val_acc did not improve
63s - loss: 0.0995 - acc: 0.9670 - val_loss: 2.1451 - val_acc: 0.5780
Epoch 464/500
Epoch 00463: val_acc did not improve
63s - loss: 0.0796 - acc: 0.9734 - val_loss: 2.1152 - val_acc: 0.5740
Epoch 465/500
Epoch 00464: val_acc did not improve
63s - loss: 0.1068 - acc: 0.9620 - val_loss: 2.1687 - val_acc: 0.5813
Epoch 466/500
Epoch 00465: val_acc did not improve
64s - loss: 0.1008 - acc: 0.9672 - val_loss: 2.1425 - val_acc: 0.5793
Epoch 467/500
Epoch 00466: val_acc did not improve
63s - loss: 0.2480 - acc: 0.9182 - val_loss: 2.1496 - val_acc: 0.5807
Epoch 468/500
Epoch 00467: val_acc did not improve
63s - loss: 0.2054 - acc: 0.9290 - val_loss: 2.2220 - val_acc: 0.5660
Epoch 469/500
Epoch 00468: val_acc did not improve
64s - loss: 0.1262 - acc: 0.9572 - val_loss: 2.3043 - val_acc: 0.5660
Epoch 470/500
Epoch 00469: val_acc did not improve
64s - loss: 0.0870 - acc: 0.9696 - val_loss: 2.2232 - val_acc: 0.5593
Epoch 471/500
Epoch 00470: val_acc did not improve
64s - loss: 0.1814 - acc: 0.9368 - val_loss: 2.1664 - val_acc: 0.5620
Epoch 472/500
Epoch 00471: val_acc did not improve
63s - loss: 0.6313 - acc: 0.8020 - val_loss: 2.1051 - val_acc: 0.5340
Epoch 473/500
Epoch 00472: val_acc did not improve
64s - loss: 0.2812 - acc: 0.8964 - val_loss: 2.0753 - val_acc: 0.5533
Epoch 474/500
Epoch 00473: val_acc did not improve
64s - loss: 0.2001 - acc: 0.9340 - val_loss: 2.0792 - val_acc: 0.5747
Epoch 475/500
Epoch 00474: val_acc did not improve
64s - loss: 0.1501 - acc: 0.9480 - val_loss: 2.1017 - val_acc: 0.5800
Epoch 476/500
Epoch 00475: val_acc did not improve
65s - loss: 0.1084 - acc: 0.9648 - val_loss: 2.1138 - val_acc: 0.5647
Epoch 477/500
Epoch 00476: val_acc did not improve
64s - loss: 0.1686 - acc: 0.9422 - val_loss: 2.1911 - val_acc: 0.5660
Epoch 478/500
Epoch 00477: val_acc did not improve
64s - loss: 0.2099 - acc: 0.9270 - val_loss: 2.0240 - val_acc: 0.5513
Epoch 479/500
Epoch 00478: val_acc did not improve
64s - loss: 0.1856 - acc: 0.9358 - val_loss: 2.0468 - val_acc: 0.5727
Epoch 480/500
Epoch 00479: val_acc did not improve
64s - loss: 0.0948 - acc: 0.9696 - val_loss: 2.1039 - val_acc: 0.5847
Epoch 481/500
Epoch 00480: val_acc did not improve
63s - loss: 0.1110 - acc: 0.9636 - val_loss: 2.1918 - val_acc: 0.5740
Epoch 482/500
Epoch 00481: val_acc did not improve
64s - loss: 0.1932 - acc: 0.9342 - val_loss: 2.0684 - val_acc: 0.5673
Epoch 483/500
Epoch 00482: val_acc did not improve
63s - loss: 0.1910 - acc: 0.9340 - val_loss: 2.0151 - val_acc: 0.5740
Epoch 484/500
Epoch 00483: val_acc did not improve
64s - loss: 0.7575 - acc: 0.7818 - val_loss: 1.7972 - val_acc: 0.3900
Epoch 485/500
Epoch 00484: val_acc did not improve
63s - loss: 1.5959 - acc: 0.3812 - val_loss: 1.4772 - val_acc: 0.3880
Epoch 486/500
Epoch 00485: val_acc did not improve
63s - loss: 1.3854 - acc: 0.4310 - val_loss: 1.4306 - val_acc: 0.4180
Epoch 487/500
Epoch 00486: val_acc did not improve
63s - loss: 1.3055 - acc: 0.4572 - val_loss: 1.3733 - val_acc: 0.4400
Epoch 488/500
Epoch 00487: val_acc did not improve
63s - loss: 1.2338 - acc: 0.4924 - val_loss: 1.3654 - val_acc: 0.4240
Epoch 489/500
Epoch 00488: val_acc did not improve
64s - loss: 1.1872 - acc: 0.5146 - val_loss: 1.2934 - val_acc: 0.4773
Epoch 490/500
Epoch 00489: val_acc did not improve
64s - loss: 1.1613 - acc: 0.5174 - val_loss: 1.3362 - val_acc: 0.4773
Epoch 491/500
Epoch 00490: val_acc did not improve
64s - loss: 1.1242 - acc: 0.5376 - val_loss: 1.2789 - val_acc: 0.4933
Epoch 492/500
Epoch 00491: val_acc did not improve
64s - loss: 1.1427 - acc: 0.5378 - val_loss: 1.2442 - val_acc: 0.5020
Epoch 493/500
Epoch 00492: val_acc did not improve
64s - loss: 1.0963 - acc: 0.5454 - val_loss: 1.2697 - val_acc: 0.4880
Epoch 494/500
Epoch 00493: val_acc did not improve
64s - loss: 1.0931 - acc: 0.5530 - val_loss: 1.2724 - val_acc: 0.4787
Epoch 495/500
Epoch 00494: val_acc did not improve
64s - loss: 1.0745 - acc: 0.5634 - val_loss: 1.2927 - val_acc: 0.4853
Epoch 496/500
Epoch 00495: val_acc did not improve
64s - loss: 1.0786 - acc: 0.5608 - val_loss: 1.2579 - val_acc: 0.4913
Epoch 497/500
Epoch 00496: val_acc did not improve
63s - loss: 1.0663 - acc: 0.5924 - val_loss: 1.6477 - val_acc: 0.5433
Epoch 498/500
Epoch 00497: val_acc did not improve
63s - loss: 0.6830 - acc: 0.7474 - val_loss: 1.6183 - val_acc: 0.5607
Epoch 499/500
Epoch 00498: val_acc did not improve
64s - loss: 0.4799 - acc: 0.8190 - val_loss: 1.6966 - val_acc: 0.5547
Epoch 500/500
Epoch 00499: val_acc did not improve
64s - loss: 0.3446 - acc: 0.8760 - val_loss: 1.6833 - val_acc: 0.5560
Test score: 1.68325469335
Test accuracy: 0.556
