X_train shape: (2000, 3, 224, 224)
2000 train samples
600 test samples
y_train shape: (2000, 2)
y_test shape: (600, 2)
____________________________________________________________________________________________________
Layer (type)                     Output Shape          Param #     Connected to                     
====================================================================================================
convolution2d_1 (Convolution2D)  (None, 40, 224, 224)  5920        convolution2d_input_1[0][0]      
____________________________________________________________________________________________________
activation_1 (Activation)        (None, 40, 224, 224)  0           convolution2d_1[0][0]            
____________________________________________________________________________________________________
maxpooling2d_1 (MaxPooling2D)    (None, 40, 112, 112)  0           activation_1[0][0]               
____________________________________________________________________________________________________
convolution2d_2 (Convolution2D)  (None, 40, 112, 112)  40040       maxpooling2d_1[0][0]             
____________________________________________________________________________________________________
activation_2 (Activation)        (None, 40, 112, 112)  0           convolution2d_2[0][0]            
____________________________________________________________________________________________________
maxpooling2d_2 (MaxPooling2D)    (None, 40, 56, 56)    0           activation_2[0][0]               
____________________________________________________________________________________________________
permute_1 (Permute)              (None, 56, 40, 56)    0           maxpooling2d_2[0][0]             
____________________________________________________________________________________________________
reshape_1 (Reshape)              (None, 56, 2240)      0           permute_1[0][0]                  
____________________________________________________________________________________________________
lstm_1 (LSTM)                    (None, 56, 128)       1212928     reshape_1[0][0]                  
____________________________________________________________________________________________________
lstm_2 (LSTM)                    (None, 128)           131584      lstm_1[0][0]                     
____________________________________________________________________________________________________
dense_1 (Dense)                  (None, 2)             258         lstm_2[0][0]                     
____________________________________________________________________________________________________
activation_3 (Activation)        (None, 2)             0           dense_1[0][0]                    
====================================================================================================
Total params: 1390730
____________________________________________________________________________________________________
Train on 2000 samples, validate on 600 samples
Epoch 1/500
Epoch 00000: val_acc improved from -inf to 0.50500, saving model to /home/xcat/experiment/ImageNet/model/image-methodh5
27s - loss: 0.7115 - acc: 0.5180 - val_loss: 0.6939 - val_acc: 0.5050
Epoch 2/500
Epoch 00001: val_acc did not improve
27s - loss: 0.6910 - acc: 0.5490 - val_loss: 0.6960 - val_acc: 0.5000
Epoch 3/500
Epoch 00002: val_acc improved from 0.50500 to 0.55833, saving model to /home/xcat/experiment/ImageNet/model/image-methodh5
27s - loss: 0.6854 - acc: 0.5310 - val_loss: 0.6786 - val_acc: 0.5583
Epoch 4/500
Epoch 00003: val_acc improved from 0.55833 to 0.61667, saving model to /home/xcat/experiment/ImageNet/model/image-methodh5
28s - loss: 0.6747 - acc: 0.5735 - val_loss: 0.6613 - val_acc: 0.6167
Epoch 5/500
Epoch 00004: val_acc improved from 0.61667 to 0.64833, saving model to /home/xcat/experiment/ImageNet/model/image-methodh5
27s - loss: 0.6532 - acc: 0.6045 - val_loss: 0.6311 - val_acc: 0.6483
Epoch 6/500
Epoch 00005: val_acc improved from 0.64833 to 0.67667, saving model to /home/xcat/experiment/ImageNet/model/image-methodh5
27s - loss: 0.6315 - acc: 0.6245 - val_loss: 0.5940 - val_acc: 0.6767
Epoch 7/500
Epoch 00006: val_acc did not improve
27s - loss: 0.5866 - acc: 0.6780 - val_loss: 0.5877 - val_acc: 0.6650
Epoch 8/500
Epoch 00007: val_acc did not improve
28s - loss: 0.5777 - acc: 0.6860 - val_loss: 0.7322 - val_acc: 0.5883
Epoch 9/500
Epoch 00008: val_acc did not improve
27s - loss: 0.6594 - acc: 0.6175 - val_loss: 0.6900 - val_acc: 0.5250
Epoch 10/500
Epoch 00009: val_acc did not improve
28s - loss: 0.6881 - acc: 0.5375 - val_loss: 0.6917 - val_acc: 0.5033
Epoch 11/500
Epoch 00010: val_acc did not improve
27s - loss: 0.6976 - acc: 0.5005 - val_loss: 0.6871 - val_acc: 0.5500
Epoch 12/500
Epoch 00011: val_acc did not improve
26s - loss: 0.6943 - acc: 0.4965 - val_loss: 0.6806 - val_acc: 0.5817
Epoch 13/500
Epoch 00012: val_acc did not improve
27s - loss: 0.6890 - acc: 0.5350 - val_loss: 0.7038 - val_acc: 0.5000
Epoch 14/500
Epoch 00013: val_acc did not improve
27s - loss: 0.6896 - acc: 0.5265 - val_loss: 0.6879 - val_acc: 0.5417
Epoch 15/500
Epoch 00014: val_acc did not improve
28s - loss: 0.6920 - acc: 0.5185 - val_loss: 0.6967 - val_acc: 0.5050
Epoch 16/500
Epoch 00015: val_acc did not improve
28s - loss: 0.6858 - acc: 0.5225 - val_loss: 0.6688 - val_acc: 0.5600
Epoch 17/500
Epoch 00016: val_acc did not improve
28s - loss: 0.6842 - acc: 0.5475 - val_loss: 0.6894 - val_acc: 0.5117
Epoch 18/500
Epoch 00017: val_acc did not improve
28s - loss: 0.6809 - acc: 0.5570 - val_loss: 0.6563 - val_acc: 0.5767
Epoch 19/500
Epoch 00018: val_acc did not improve
28s - loss: 0.6520 - acc: 0.6130 - val_loss: 0.6515 - val_acc: 0.5933
Epoch 20/500
Epoch 00019: val_acc did not improve
28s - loss: 0.6856 - acc: 0.5565 - val_loss: 0.7255 - val_acc: 0.5000
Epoch 21/500
Epoch 00020: val_acc did not improve
27s - loss: 0.6986 - acc: 0.4935 - val_loss: 0.6947 - val_acc: 0.5000
Epoch 22/500
Epoch 00021: val_acc did not improve
27s - loss: 0.6951 - acc: 0.5065 - val_loss: 0.6978 - val_acc: 0.5000
Epoch 23/500
Epoch 00022: val_acc did not improve
27s - loss: 0.6965 - acc: 0.5000 - val_loss: 0.6932 - val_acc: 0.5000
Epoch 24/500
Epoch 00023: val_acc did not improve
27s - loss: 0.6956 - acc: 0.5040 - val_loss: 0.6958 - val_acc: 0.5000
Epoch 25/500
Epoch 00024: val_acc did not improve
27s - loss: 0.6965 - acc: 0.4800 - val_loss: 0.6948 - val_acc: 0.5000
Epoch 26/500
Epoch 00025: val_acc did not improve
27s - loss: 0.6936 - acc: 0.5120 - val_loss: 0.6940 - val_acc: 0.5000
Epoch 27/500
Epoch 00026: val_acc did not improve
27s - loss: 0.6946 - acc: 0.4970 - val_loss: 0.6935 - val_acc: 0.5000
Epoch 28/500
Epoch 00027: val_acc did not improve
27s - loss: 0.6948 - acc: 0.5030 - val_loss: 0.7015 - val_acc: 0.5000
Epoch 29/500
Epoch 00028: val_acc did not improve
27s - loss: 0.6949 - acc: 0.4920 - val_loss: 0.6959 - val_acc: 0.5000
Epoch 30/500
Epoch 00029: val_acc did not improve
27s - loss: 0.6965 - acc: 0.4840 - val_loss: 0.6931 - val_acc: 0.5000
Epoch 31/500
Epoch 00030: val_acc did not improve
27s - loss: 0.6950 - acc: 0.4995 - val_loss: 0.6934 - val_acc: 0.5000
Epoch 32/500
Epoch 00031: val_acc did not improve
29s - loss: 0.6944 - acc: 0.5080 - val_loss: 0.6935 - val_acc: 0.5000
Epoch 33/500
Epoch 00032: val_acc did not improve
29s - loss: 0.6944 - acc: 0.5085 - val_loss: 0.6938 - val_acc: 0.5000
Epoch 34/500
Epoch 00033: val_acc did not improve
28s - loss: 0.6939 - acc: 0.5040 - val_loss: 0.6939 - val_acc: 0.5000
Epoch 35/500
Epoch 00034: val_acc did not improve
28s - loss: 0.6940 - acc: 0.5040 - val_loss: 0.6933 - val_acc: 0.5000
Epoch 36/500
Epoch 00035: val_acc did not improve
30s - loss: 0.6939 - acc: 0.4950 - val_loss: 0.6948 - val_acc: 0.5000
Epoch 37/500
Epoch 00036: val_acc did not improve
31s - loss: 0.6938 - acc: 0.5040 - val_loss: 0.6957 - val_acc: 0.5000
Epoch 38/500
Epoch 00037: val_acc did not improve
31s - loss: 0.6945 - acc: 0.4740 - val_loss: 0.6931 - val_acc: 0.5033
Epoch 39/500
Epoch 00038: val_acc did not improve
29s - loss: 0.6943 - acc: 0.4875 - val_loss: 0.6935 - val_acc: 0.5000
Epoch 40/500
Epoch 00039: val_acc did not improve
28s - loss: 0.6945 - acc: 0.4890 - val_loss: 0.6932 - val_acc: 0.5000
Epoch 41/500
Epoch 00040: val_acc did not improve
28s - loss: 0.6944 - acc: 0.4730 - val_loss: 0.6931 - val_acc: 0.5000
Epoch 42/500
Epoch 00041: val_acc did not improve
29s - loss: 0.6938 - acc: 0.5020 - val_loss: 0.6937 - val_acc: 0.5000
Epoch 43/500
Epoch 00042: val_acc did not improve
28s - loss: 0.6939 - acc: 0.4950 - val_loss: 0.6931 - val_acc: 0.5000
Epoch 44/500
Epoch 00043: val_acc did not improve
27s - loss: 0.6946 - acc: 0.4870 - val_loss: 0.6932 - val_acc: 0.5000
Epoch 45/500
Epoch 00044: val_acc did not improve
28s - loss: 0.6938 - acc: 0.4920 - val_loss: 0.6932 - val_acc: 0.5000
Epoch 46/500
Epoch 00045: val_acc did not improve
28s - loss: 0.6938 - acc: 0.4940 - val_loss: 0.6932 - val_acc: 0.5000
Epoch 47/500
Epoch 00046: val_acc did not improve
28s - loss: 0.6942 - acc: 0.4965 - val_loss: 0.6932 - val_acc: 0.5000
Epoch 48/500
Epoch 00047: val_acc did not improve
28s - loss: 0.6945 - acc: 0.4900 - val_loss: 0.6935 - val_acc: 0.5000
Epoch 49/500
Epoch 00048: val_acc did not improve
28s - loss: 0.6939 - acc: 0.4965 - val_loss: 0.6932 - val_acc: 0.5000
Epoch 50/500
Epoch 00049: val_acc did not improve
28s - loss: 0.6937 - acc: 0.4845 - val_loss: 0.6932 - val_acc: 0.5000
Epoch 51/500
Epoch 00050: val_acc did not improve
28s - loss: 0.6929 - acc: 0.5050 - val_loss: 0.6979 - val_acc: 0.5000
Epoch 52/500
Epoch 00051: val_acc did not improve
28s - loss: 0.6948 - acc: 0.5030 - val_loss: 0.6933 - val_acc: 0.5000
Epoch 53/500
Epoch 00052: val_acc did not improve
27s - loss: 0.6934 - acc: 0.5110 - val_loss: 0.6934 - val_acc: 0.5000
Epoch 54/500
Epoch 00053: val_acc did not improve
27s - loss: 0.6937 - acc: 0.4820 - val_loss: 0.6932 - val_acc: 0.5000
Epoch 55/500
Epoch 00054: val_acc did not improve
28s - loss: 0.6936 - acc: 0.5025 - val_loss: 0.6933 - val_acc: 0.5000
Epoch 56/500
Epoch 00055: val_acc did not improve
28s - loss: 0.6935 - acc: 0.4950 - val_loss: 0.6932 - val_acc: 0.5000
Epoch 57/500
Epoch 00056: val_acc did not improve
28s - loss: 0.6932 - acc: 0.5080 - val_loss: 0.6937 - val_acc: 0.5000
Epoch 58/500
Epoch 00057: val_acc did not improve
28s - loss: 0.6936 - acc: 0.4990 - val_loss: 0.6932 - val_acc: 0.5000
Epoch 59/500
Epoch 00058: val_acc did not improve
28s - loss: 0.6936 - acc: 0.4860 - val_loss: 0.6933 - val_acc: 0.5000
Epoch 60/500
Epoch 00059: val_acc did not improve
28s - loss: 0.6936 - acc: 0.5010 - val_loss: 0.6933 - val_acc: 0.5000
Epoch 61/500
Epoch 00060: val_acc did not improve
27s - loss: 0.6929 - acc: 0.5050 - val_loss: 0.6938 - val_acc: 0.5000
Epoch 62/500
Epoch 00061: val_acc did not improve
27s - loss: 0.6938 - acc: 0.4920 - val_loss: 0.6932 - val_acc: 0.5000
Epoch 63/500
Epoch 00062: val_acc did not improve
28s - loss: 0.6936 - acc: 0.4920 - val_loss: 0.6931 - val_acc: 0.5000
Epoch 64/500
Epoch 00063: val_acc did not improve
28s - loss: 0.6936 - acc: 0.4975 - val_loss: 0.6933 - val_acc: 0.5000
Epoch 65/500
Epoch 00064: val_acc did not improve
28s - loss: 0.6937 - acc: 0.5015 - val_loss: 0.6932 - val_acc: 0.5000
Epoch 66/500
Epoch 00065: val_acc did not improve
30s - loss: 0.6934 - acc: 0.4935 - val_loss: 0.6932 - val_acc: 0.5000
Epoch 67/500
Epoch 00066: val_acc did not improve
29s - loss: 0.6936 - acc: 0.4925 - val_loss: 0.6932 - val_acc: 0.5000
Epoch 68/500
Epoch 00067: val_acc did not improve
26s - loss: 0.6936 - acc: 0.4835 - val_loss: 0.6932 - val_acc: 0.5000
Epoch 69/500
Epoch 00068: val_acc did not improve
26s - loss: 0.6938 - acc: 0.4770 - val_loss: 0.6932 - val_acc: 0.5000
Epoch 70/500
Epoch 00069: val_acc did not improve
26s - loss: 0.6935 - acc: 0.4945 - val_loss: 0.6932 - val_acc: 0.5000
Epoch 71/500
Epoch 00070: val_acc did not improve
26s - loss: 0.6936 - acc: 0.4830 - val_loss: 0.6931 - val_acc: 0.5000
Epoch 72/500
Epoch 00071: val_acc did not improve
26s - loss: 0.6936 - acc: 0.4890 - val_loss: 0.6932 - val_acc: 0.5000
Epoch 73/500
Epoch 00072: val_acc did not improve
26s - loss: 0.6935 - acc: 0.4910 - val_loss: 0.6932 - val_acc: 0.5000
Epoch 74/500
Epoch 00073: val_acc did not improve
27s - loss: 0.6938 - acc: 0.4875 - val_loss: 0.6931 - val_acc: 0.5000
Epoch 75/500
Epoch 00074: val_acc did not improve
27s - loss: 0.6935 - acc: 0.4800 - val_loss: 0.6931 - val_acc: 0.5000
Epoch 76/500
Epoch 00075: val_acc did not improve
27s - loss: 0.6932 - acc: 0.5000 - val_loss: 0.6942 - val_acc: 0.5000
Epoch 77/500
Epoch 00076: val_acc did not improve
27s - loss: 0.6944 - acc: 0.4750 - val_loss: 0.6932 - val_acc: 0.5000
Epoch 78/500
Epoch 00077: val_acc did not improve
27s - loss: 0.6934 - acc: 0.4910 - val_loss: 0.6932 - val_acc: 0.5000
Epoch 79/500
Epoch 00078: val_acc did not improve
27s - loss: 0.6935 - acc: 0.4875 - val_loss: 0.6931 - val_acc: 0.5000
Epoch 80/500
Epoch 00079: val_acc did not improve
26s - loss: 0.6939 - acc: 0.4765 - val_loss: 0.6932 - val_acc: 0.5000
Epoch 81/500
Epoch 00080: val_acc did not improve
27s - loss: 0.6937 - acc: 0.4775 - val_loss: 0.6931 - val_acc: 0.5000
Epoch 82/500
Epoch 00081: val_acc did not improve
27s - loss: 0.6935 - acc: 0.4940 - val_loss: 0.6932 - val_acc: 0.5000
Epoch 83/500
Epoch 00082: val_acc did not improve
26s - loss: 0.6933 - acc: 0.4910 - val_loss: 0.6931 - val_acc: 0.5000
Epoch 84/500
Epoch 00083: val_acc did not improve
27s - loss: 0.6933 - acc: 0.5100 - val_loss: 0.6933 - val_acc: 0.5000
Epoch 85/500
Epoch 00084: val_acc did not improve
26s - loss: 0.6935 - acc: 0.4995 - val_loss: 0.6931 - val_acc: 0.5000
Epoch 86/500
Epoch 00085: val_acc did not improve
26s - loss: 0.6933 - acc: 0.4970 - val_loss: 0.6931 - val_acc: 0.5000
Epoch 87/500
Epoch 00086: val_acc did not improve
27s - loss: 0.6933 - acc: 0.5095 - val_loss: 0.6958 - val_acc: 0.5000
Epoch 88/500
Epoch 00087: val_acc did not improve
27s - loss: 0.6942 - acc: 0.4950 - val_loss: 0.6936 - val_acc: 0.5000
Epoch 89/500
Epoch 00088: val_acc did not improve
26s - loss: 0.6933 - acc: 0.5110 - val_loss: 0.6934 - val_acc: 0.5000
Epoch 90/500
Epoch 00089: val_acc did not improve
27s - loss: 0.6934 - acc: 0.5050 - val_loss: 0.6934 - val_acc: 0.5000
Epoch 91/500
Epoch 00090: val_acc did not improve
26s - loss: 0.6937 - acc: 0.4950 - val_loss: 0.6930 - val_acc: 0.5000
Epoch 92/500
Epoch 00091: val_acc did not improve
26s - loss: 0.6934 - acc: 0.4905 - val_loss: 0.6932 - val_acc: 0.5000
Epoch 93/500
Epoch 00092: val_acc did not improve
26s - loss: 0.6936 - acc: 0.4880 - val_loss: 0.6932 - val_acc: 0.5000
Epoch 94/500
Epoch 00093: val_acc did not improve
26s - loss: 0.6934 - acc: 0.4965 - val_loss: 0.6931 - val_acc: 0.5000
Epoch 95/500
Epoch 00094: val_acc did not improve
26s - loss: 0.6931 - acc: 0.5130 - val_loss: 0.6937 - val_acc: 0.5000
Epoch 96/500
Epoch 00095: val_acc did not improve
27s - loss: 0.6935 - acc: 0.4970 - val_loss: 0.6929 - val_acc: 0.5000
Epoch 97/500
Epoch 00096: val_acc did not improve
26s - loss: 0.6937 - acc: 0.4890 - val_loss: 0.6933 - val_acc: 0.5000
Epoch 98/500
Epoch 00097: val_acc did not improve
26s - loss: 0.6937 - acc: 0.4800 - val_loss: 0.6932 - val_acc: 0.5000
Epoch 99/500
Epoch 00098: val_acc did not improve
26s - loss: 0.6935 - acc: 0.4895 - val_loss: 0.6932 - val_acc: 0.5000
Epoch 100/500
Epoch 00099: val_acc did not improve
25s - loss: 0.6934 - acc: 0.4960 - val_loss: 0.6932 - val_acc: 0.5000
Epoch 101/500
Epoch 00100: val_acc did not improve
27s - loss: 0.6934 - acc: 0.4880 - val_loss: 0.6932 - val_acc: 0.5000
Epoch 102/500
Epoch 00101: val_acc did not improve
26s - loss: 0.6934 - acc: 0.4735 - val_loss: 0.6932 - val_acc: 0.5000
Epoch 103/500
Epoch 00102: val_acc did not improve
26s - loss: 0.6934 - acc: 0.4985 - val_loss: 0.6932 - val_acc: 0.5000
Epoch 104/500
Epoch 00103: val_acc did not improve
26s - loss: 0.6934 - acc: 0.4880 - val_loss: 0.6931 - val_acc: 0.5000
Epoch 105/500
Epoch 00104: val_acc did not improve
26s - loss: 0.6935 - acc: 0.4770 - val_loss: 0.6931 - val_acc: 0.5000
Epoch 106/500
Epoch 00105: val_acc did not improve
27s - loss: 0.6935 - acc: 0.4880 - val_loss: 0.6932 - val_acc: 0.5000
Epoch 107/500
Epoch 00106: val_acc did not improve
26s - loss: 0.6933 - acc: 0.4950 - val_loss: 0.6931 - val_acc: 0.5000
Epoch 108/500
Epoch 00107: val_acc did not improve
26s - loss: 0.6933 - acc: 0.4980 - val_loss: 0.6932 - val_acc: 0.5000
Epoch 109/500
Epoch 00108: val_acc did not improve
26s - loss: 0.6935 - acc: 0.4985 - val_loss: 0.6932 - val_acc: 0.5000
Epoch 110/500
Epoch 00109: val_acc did not improve
26s - loss: 0.6933 - acc: 0.4910 - val_loss: 0.6932 - val_acc: 0.5000
Epoch 111/500
Epoch 00110: val_acc did not improve
25s - loss: 0.6933 - acc: 0.4860 - val_loss: 0.6931 - val_acc: 0.5000
Epoch 112/500
Epoch 00111: val_acc did not improve
26s - loss: 0.6933 - acc: 0.4985 - val_loss: 0.6931 - val_acc: 0.5000
Epoch 113/500
Epoch 00112: val_acc did not improve
26s - loss: 0.6933 - acc: 0.4930 - val_loss: 0.6932 - val_acc: 0.5000
Epoch 114/500
Epoch 00113: val_acc did not improve
26s - loss: 0.6933 - acc: 0.4860 - val_loss: 0.6931 - val_acc: 0.5000
Epoch 115/500
Epoch 00114: val_acc did not improve
26s - loss: 0.6933 - acc: 0.5000 - val_loss: 0.6932 - val_acc: 0.5000
Epoch 116/500
Epoch 00115: val_acc did not improve
26s - loss: 0.6934 - acc: 0.4915 - val_loss: 0.6931 - val_acc: 0.5000
Epoch 117/500
Epoch 00116: val_acc did not improve
26s - loss: 0.6933 - acc: 0.4905 - val_loss: 0.6931 - val_acc: 0.5000
Epoch 118/500
Epoch 00117: val_acc did not improve
26s - loss: 0.6934 - acc: 0.4855 - val_loss: 0.6932 - val_acc: 0.5000
Epoch 119/500
Epoch 00118: val_acc did not improve
26s - loss: 0.6934 - acc: 0.4895 - val_loss: 0.6932 - val_acc: 0.5000
Epoch 120/500
Epoch 00119: val_acc did not improve
26s - loss: 0.6934 - acc: 0.4940 - val_loss: 0.6932 - val_acc: 0.5000
Epoch 121/500
Epoch 00120: val_acc did not improve
26s - loss: 0.6934 - acc: 0.4850 - val_loss: 0.6931 - val_acc: 0.5000
Epoch 122/500
Epoch 00121: val_acc did not improve
26s - loss: 0.6933 - acc: 0.5000 - val_loss: 0.6931 - val_acc: 0.5000
Epoch 123/500
Epoch 00122: val_acc did not improve
27s - loss: 0.6933 - acc: 0.4910 - val_loss: 0.6931 - val_acc: 0.5000
Epoch 124/500
Epoch 00123: val_acc did not improve
26s - loss: 0.6933 - acc: 0.4900 - val_loss: 0.6931 - val_acc: 0.5000
Epoch 125/500
Epoch 00124: val_acc did not improve
26s - loss: 0.6933 - acc: 0.5030 - val_loss: 0.6932 - val_acc: 0.5000
Epoch 126/500
Epoch 00125: val_acc did not improve
26s - loss: 0.6932 - acc: 0.4965 - val_loss: 0.6932 - val_acc: 0.5000
Epoch 127/500
Epoch 00126: val_acc did not improve
26s - loss: 0.6932 - acc: 0.5025 - val_loss: 0.6932 - val_acc: 0.5000
Epoch 128/500
Epoch 00127: val_acc did not improve
25s - loss: 0.6937 - acc: 0.5060 - val_loss: 0.6932 - val_acc: 0.5000
Epoch 129/500
Epoch 00128: val_acc did not improve
26s - loss: 0.6932 - acc: 0.5005 - val_loss: 0.6932 - val_acc: 0.5000
Epoch 130/500
Epoch 00129: val_acc did not improve
26s - loss: 0.6933 - acc: 0.4780 - val_loss: 0.6931 - val_acc: 0.5000
Epoch 131/500
Epoch 00130: val_acc did not improve
26s - loss: 0.6933 - acc: 0.4920 - val_loss: 0.6929 - val_acc: 0.5000
Epoch 132/500
Epoch 00131: val_acc did not improve
27s - loss: 0.6933 - acc: 0.4945 - val_loss: 0.6931 - val_acc: 0.5000
Epoch 133/500
Epoch 00132: val_acc did not improve
26s - loss: 0.6933 - acc: 0.5000 - val_loss: 0.6931 - val_acc: 0.5000
Epoch 134/500
Epoch 00133: val_acc did not improve
26s - loss: 0.6936 - acc: 0.5060 - val_loss: 0.6928 - val_acc: 0.5000
Epoch 135/500
Epoch 00134: val_acc did not improve
26s - loss: 0.6933 - acc: 0.5080 - val_loss: 0.6933 - val_acc: 0.5000
Epoch 136/500
Epoch 00135: val_acc did not improve
27s - loss: 0.6935 - acc: 0.4840 - val_loss: 0.6932 - val_acc: 0.5000
Epoch 137/500
Epoch 00136: val_acc did not improve
27s - loss: 0.6933 - acc: 0.4800 - val_loss: 0.6931 - val_acc: 0.5000
Epoch 138/500
Epoch 00137: val_acc did not improve
27s - loss: 0.6934 - acc: 0.4980 - val_loss: 0.6932 - val_acc: 0.5000
Epoch 139/500
Epoch 00138: val_acc did not improve
27s - loss: 0.6934 - acc: 0.4900 - val_loss: 0.6932 - val_acc: 0.5000
Epoch 140/500
Epoch 00139: val_acc did not improve
27s - loss: 0.6932 - acc: 0.5050 - val_loss: 0.6932 - val_acc: 0.5000
Epoch 141/500
Epoch 00140: val_acc did not improve
26s - loss: 0.6933 - acc: 0.4760 - val_loss: 0.6932 - val_acc: 0.5000
Epoch 142/500
Epoch 00141: val_acc did not improve
25s - loss: 0.6934 - acc: 0.5000 - val_loss: 0.6932 - val_acc: 0.5000
Epoch 143/500
Epoch 00142: val_acc did not improve
26s - loss: 0.6933 - acc: 0.4980 - val_loss: 0.6931 - val_acc: 0.5000
Epoch 144/500
Epoch 00143: val_acc did not improve
26s - loss: 0.6932 - acc: 0.4880 - val_loss: 0.6931 - val_acc: 0.5000
Epoch 145/500
Epoch 00144: val_acc did not improve
26s - loss: 0.6932 - acc: 0.5000 - val_loss: 0.6931 - val_acc: 0.5000
Epoch 146/500
Epoch 00145: val_acc did not improve
25s - loss: 0.6934 - acc: 0.4850 - val_loss: 0.6932 - val_acc: 0.5000
Epoch 147/500
Epoch 00146: val_acc did not improve
25s - loss: 0.6933 - acc: 0.4970 - val_loss: 0.6931 - val_acc: 0.5000
Epoch 148/500
Epoch 00147: val_acc did not improve
25s - loss: 0.6932 - acc: 0.5000 - val_loss: 0.6931 - val_acc: 0.5000
Epoch 149/500
Epoch 00148: val_acc did not improve
25s - loss: 0.6932 - acc: 0.4880 - val_loss: 0.6931 - val_acc: 0.5000
Epoch 150/500
Epoch 00149: val_acc did not improve
24s - loss: 0.6934 - acc: 0.4830 - val_loss: 0.6932 - val_acc: 0.5000
Epoch 151/500
Epoch 00150: val_acc did not improve
26s - loss: 0.6933 - acc: 0.4810 - val_loss: 0.6931 - val_acc: 0.5000
Epoch 152/500
Epoch 00151: val_acc did not improve
25s - loss: 0.6933 - acc: 0.4920 - val_loss: 0.6931 - val_acc: 0.5000
Epoch 153/500
Epoch 00152: val_acc did not improve
25s - loss: 0.6933 - acc: 0.4670 - val_loss: 0.6931 - val_acc: 0.5000
Epoch 154/500
Epoch 00153: val_acc did not improve
25s - loss: 0.6932 - acc: 0.4930 - val_loss: 0.6931 - val_acc: 0.5000
Epoch 155/500
Epoch 00154: val_acc did not improve
25s - loss: 0.6933 - acc: 0.5000 - val_loss: 0.6931 - val_acc: 0.5000
Epoch 156/500
Epoch 00155: val_acc did not improve
26s - loss: 0.6932 - acc: 0.4830 - val_loss: 0.6931 - val_acc: 0.5000
Epoch 157/500
Epoch 00156: val_acc did not improve
25s - loss: 0.6933 - acc: 0.4870 - val_loss: 0.6932 - val_acc: 0.5000
Epoch 158/500
Epoch 00157: val_acc did not improve
25s - loss: 0.6933 - acc: 0.4870 - val_loss: 0.6932 - val_acc: 0.5000
Epoch 159/500
Epoch 00158: val_acc did not improve
25s - loss: 0.6933 - acc: 0.4900 - val_loss: 0.6932 - val_acc: 0.5000
Epoch 160/500
Epoch 00159: val_acc did not improve
25s - loss: 0.6933 - acc: 0.4790 - val_loss: 0.6931 - val_acc: 0.5000
Epoch 161/500
Epoch 00160: val_acc did not improve
25s - loss: 0.6933 - acc: 0.4840 - val_loss: 0.6932 - val_acc: 0.5000
Epoch 162/500
Epoch 00161: val_acc did not improve
25s - loss: 0.6933 - acc: 0.5000 - val_loss: 0.6932 - val_acc: 0.5000
Epoch 163/500
Epoch 00162: val_acc did not improve
25s - loss: 0.6933 - acc: 0.4830 - val_loss: 0.6931 - val_acc: 0.5000
Epoch 164/500
Epoch 00163: val_acc did not improve
25s - loss: 0.6933 - acc: 0.4930 - val_loss: 0.6932 - val_acc: 0.5000
Epoch 165/500
Epoch 00164: val_acc did not improve
25s - loss: 0.6933 - acc: 0.4900 - val_loss: 0.6931 - val_acc: 0.5000
Epoch 166/500
Epoch 00165: val_acc did not improve
25s - loss: 0.6933 - acc: 0.5000 - val_loss: 0.6932 - val_acc: 0.5000
Epoch 167/500
Epoch 00166: val_acc did not improve
25s - loss: 0.6932 - acc: 0.4750 - val_loss: 0.6931 - val_acc: 0.5000
Epoch 168/500
Epoch 00167: val_acc did not improve
25s - loss: 0.6933 - acc: 0.4890 - val_loss: 0.6931 - val_acc: 0.5000
Epoch 169/500
Epoch 00168: val_acc did not improve
26s - loss: 0.6932 - acc: 0.4930 - val_loss: 0.6931 - val_acc: 0.5000
Epoch 170/500
Epoch 00169: val_acc did not improve
25s - loss: 0.6932 - acc: 0.4930 - val_loss: 0.6931 - val_acc: 0.5000
Epoch 171/500
Epoch 00170: val_acc did not improve
25s - loss: 0.6933 - acc: 0.5000 - val_loss: 0.6931 - val_acc: 0.5000
Epoch 172/500
Epoch 00171: val_acc did not improve
26s - loss: 0.6933 - acc: 0.4990 - val_loss: 0.6931 - val_acc: 0.5000
Epoch 173/500
Epoch 00172: val_acc did not improve
25s - loss: 0.6933 - acc: 0.4990 - val_loss: 0.6931 - val_acc: 0.5000
Epoch 174/500
Epoch 00173: val_acc did not improve
26s - loss: 0.6933 - acc: 0.4860 - val_loss: 0.6931 - val_acc: 0.5000
Epoch 175/500
Epoch 00174: val_acc did not improve
25s - loss: 0.6933 - acc: 0.4940 - val_loss: 0.6931 - val_acc: 0.5000
Epoch 176/500
Epoch 00175: val_acc did not improve
25s - loss: 0.6932 - acc: 0.4910 - val_loss: 0.6931 - val_acc: 0.5000
Epoch 177/500
Epoch 00176: val_acc did not improve
25s - loss: 0.6933 - acc: 0.4920 - val_loss: 0.6931 - val_acc: 0.5000
Epoch 178/500
Epoch 00177: val_acc did not improve
25s - loss: 0.6932 - acc: 0.4930 - val_loss: 0.6931 - val_acc: 0.5000
Epoch 179/500
Epoch 00178: val_acc did not improve
25s - loss: 0.6933 - acc: 0.4840 - val_loss: 0.6931 - val_acc: 0.5000
Epoch 180/500
Epoch 00179: val_acc did not improve
26s - loss: 0.6933 - acc: 0.4860 - val_loss: 0.6931 - val_acc: 0.5000
Epoch 181/500
Epoch 00180: val_acc did not improve
26s - loss: 0.6933 - acc: 0.4890 - val_loss: 0.6932 - val_acc: 0.5000
Epoch 182/500
Epoch 00181: val_acc did not improve
26s - loss: 0.6933 - acc: 0.5000 - val_loss: 0.6931 - val_acc: 0.5000
Epoch 183/500
Epoch 00182: val_acc did not improve
26s - loss: 0.6933 - acc: 0.4950 - val_loss: 0.6931 - val_acc: 0.5000
Epoch 184/500
Epoch 00183: val_acc did not improve
25s - loss: 0.6933 - acc: 0.4890 - val_loss: 0.6932 - val_acc: 0.5000
Epoch 185/500
Epoch 00184: val_acc did not improve
25s - loss: 0.6933 - acc: 0.4910 - val_loss: 0.6932 - val_acc: 0.5000
Epoch 186/500
Epoch 00185: val_acc did not improve
25s - loss: 0.6932 - acc: 0.4960 - val_loss: 0.6931 - val_acc: 0.5000
Epoch 187/500
Epoch 00186: val_acc did not improve
26s - loss: 0.6933 - acc: 0.4710 - val_loss: 0.6931 - val_acc: 0.5000
Epoch 188/500
Epoch 00187: val_acc did not improve
26s - loss: 0.6933 - acc: 0.4950 - val_loss: 0.6932 - val_acc: 0.5000
Epoch 189/500
Epoch 00188: val_acc did not improve
26s - loss: 0.6935 - acc: 0.4880 - val_loss: 0.6931 - val_acc: 0.5000
Epoch 190/500
Epoch 00189: val_acc did not improve
26s - loss: 0.6933 - acc: 0.4860 - val_loss: 0.6931 - val_acc: 0.5000
Epoch 191/500
Epoch 00190: val_acc did not improve
27s - loss: 0.6933 - acc: 0.4860 - val_loss: 0.6931 - val_acc: 0.5000
Epoch 192/500
Epoch 00191: val_acc did not improve
26s - loss: 0.6932 - acc: 0.4670 - val_loss: 0.6931 - val_acc: 0.5000
Epoch 193/500
Epoch 00192: val_acc did not improve
26s - loss: 0.6933 - acc: 0.4930 - val_loss: 0.6932 - val_acc: 0.5000
Epoch 194/500
Epoch 00193: val_acc did not improve
26s - loss: 0.6933 - acc: 0.4860 - val_loss: 0.6931 - val_acc: 0.5000
Epoch 195/500
Epoch 00194: val_acc did not improve
25s - loss: 0.6933 - acc: 0.4920 - val_loss: 0.6931 - val_acc: 0.5000
Epoch 196/500
Epoch 00195: val_acc did not improve
26s - loss: 0.6933 - acc: 0.4870 - val_loss: 0.6932 - val_acc: 0.5000
Epoch 197/500
Epoch 00196: val_acc did not improve
25s - loss: 0.6933 - acc: 0.4890 - val_loss: 0.6931 - val_acc: 0.5000
Epoch 198/500
Epoch 00197: val_acc did not improve
26s - loss: 0.6933 - acc: 0.4970 - val_loss: 0.6932 - val_acc: 0.5000
Epoch 199/500
Epoch 00198: val_acc did not improve
25s - loss: 0.6933 - acc: 0.5000 - val_loss: 0.6932 - val_acc: 0.5000
Epoch 200/500
Epoch 00199: val_acc did not improve
26s - loss: 0.6933 - acc: 0.4860 - val_loss: 0.6931 - val_acc: 0.5000
Epoch 201/500
Epoch 00200: val_acc did not improve
25s - loss: 0.6932 - acc: 0.4970 - val_loss: 0.6931 - val_acc: 0.5000
Epoch 202/500
Epoch 00201: val_acc did not improve
25s - loss: 0.6932 - acc: 0.4890 - val_loss: 0.6932 - val_acc: 0.5000
Epoch 203/500
Epoch 00202: val_acc did not improve
24s - loss: 0.6933 - acc: 0.5000 - val_loss: 0.6932 - val_acc: 0.5000
Epoch 204/500
Epoch 00203: val_acc did not improve
25s - loss: 0.6934 - acc: 0.4900 - val_loss: 0.6931 - val_acc: 0.5000
Epoch 205/500
Epoch 00204: val_acc did not improve
25s - loss: 0.6933 - acc: 0.4850 - val_loss: 0.6932 - val_acc: 0.5000
Epoch 206/500
Epoch 00205: val_acc did not improve
25s - loss: 0.6932 - acc: 0.4960 - val_loss: 0.6931 - val_acc: 0.5000
Epoch 207/500
Epoch 00206: val_acc did not improve
24s - loss: 0.6933 - acc: 0.4930 - val_loss: 0.6931 - val_acc: 0.5000
Epoch 208/500
Epoch 00207: val_acc did not improve
25s - loss: 0.6933 - acc: 0.4990 - val_loss: 0.6932 - val_acc: 0.5000
Epoch 209/500
Epoch 00208: val_acc did not improve
25s - loss: 0.6933 - acc: 0.4940 - val_loss: 0.6932 - val_acc: 0.5000
Epoch 210/500
Epoch 00209: val_acc did not improve
25s - loss: 0.6933 - acc: 0.5000 - val_loss: 0.6931 - val_acc: 0.5000
Epoch 211/500
Epoch 00210: val_acc did not improve
25s - loss: 0.6932 - acc: 0.4820 - val_loss: 0.6931 - val_acc: 0.5000
Epoch 212/500
Epoch 00211: val_acc did not improve
25s - loss: 0.6933 - acc: 0.4840 - val_loss: 0.6931 - val_acc: 0.5000
Epoch 213/500
Epoch 00212: val_acc did not improve
25s - loss: 0.6933 - acc: 0.4730 - val_loss: 0.6931 - val_acc: 0.5000
Epoch 214/500
Epoch 00213: val_acc did not improve
24s - loss: 0.6933 - acc: 0.4680 - val_loss: 0.6931 - val_acc: 0.5000
Epoch 215/500
Epoch 00214: val_acc did not improve
25s - loss: 0.6932 - acc: 0.4850 - val_loss: 0.6931 - val_acc: 0.5000
Epoch 216/500
Epoch 00215: val_acc did not improve
24s - loss: 0.6933 - acc: 0.4970 - val_loss: 0.6931 - val_acc: 0.5000
Epoch 217/500
Epoch 00216: val_acc did not improve
25s - loss: 0.6933 - acc: 0.4880 - val_loss: 0.6931 - val_acc: 0.5000
Epoch 218/500
Epoch 00217: val_acc did not improve
25s - loss: 0.6933 - acc: 0.4860 - val_loss: 0.6931 - val_acc: 0.5000
Epoch 219/500
Epoch 00218: val_acc did not improve
25s - loss: 0.6933 - acc: 0.4960 - val_loss: 0.6931 - val_acc: 0.5000
Epoch 220/500
Epoch 00219: val_acc did not improve
25s - loss: 0.6932 - acc: 0.4860 - val_loss: 0.6932 - val_acc: 0.5000
Epoch 221/500
Epoch 00220: val_acc did not improve
25s - loss: 0.6933 - acc: 0.4700 - val_loss: 0.6932 - val_acc: 0.5000
Epoch 222/500
Epoch 00221: val_acc did not improve
25s - loss: 0.6933 - acc: 0.4920 - val_loss: 0.6931 - val_acc: 0.5000
Epoch 223/500
Epoch 00222: val_acc did not improve
25s - loss: 0.6933 - acc: 0.4960 - val_loss: 0.6931 - val_acc: 0.5000
Epoch 224/500
Epoch 00223: val_acc did not improve
25s - loss: 0.6932 - acc: 0.4910 - val_loss: 0.6931 - val_acc: 0.5000
Epoch 225/500
Epoch 00224: val_acc did not improve
25s - loss: 0.6933 - acc: 0.4950 - val_loss: 0.6931 - val_acc: 0.5000
Epoch 226/500
Epoch 00225: val_acc did not improve
25s - loss: 0.6933 - acc: 0.4860 - val_loss: 0.6931 - val_acc: 0.5000
Epoch 227/500
Epoch 00226: val_acc did not improve
25s - loss: 0.6933 - acc: 0.4900 - val_loss: 0.6932 - val_acc: 0.5000
Epoch 228/500
Epoch 00227: val_acc did not improve
25s - loss: 0.6933 - acc: 0.5000 - val_loss: 0.6931 - val_acc: 0.5000
Epoch 229/500
Epoch 00228: val_acc did not improve
25s - loss: 0.6933 - acc: 0.4750 - val_loss: 0.6931 - val_acc: 0.5000
Epoch 230/500
Epoch 00229: val_acc did not improve
25s - loss: 0.6932 - acc: 0.4970 - val_loss: 0.6931 - val_acc: 0.5000
Epoch 231/500
Epoch 00230: val_acc did not improve
25s - loss: 0.6932 - acc: 0.4950 - val_loss: 0.6931 - val_acc: 0.5000
Epoch 232/500
Epoch 00231: val_acc did not improve
25s - loss: 0.6932 - acc: 0.4850 - val_loss: 0.6932 - val_acc: 0.5000
Epoch 233/500
Epoch 00232: val_acc did not improve
24s - loss: 0.6933 - acc: 0.4950 - val_loss: 0.6931 - val_acc: 0.5000
Epoch 234/500
Epoch 00233: val_acc did not improve
25s - loss: 0.6933 - acc: 0.4900 - val_loss: 0.6932 - val_acc: 0.5000
Epoch 235/500
Epoch 00234: val_acc did not improve
25s - loss: 0.6934 - acc: 0.4910 - val_loss: 0.6931 - val_acc: 0.5000
Epoch 236/500
Epoch 00235: val_acc did not improve
25s - loss: 0.6933 - acc: 0.4910 - val_loss: 0.6932 - val_acc: 0.5000
Epoch 237/500
Epoch 00236: val_acc did not improve
24s - loss: 0.6933 - acc: 0.4830 - val_loss: 0.6932 - val_acc: 0.5000
Epoch 238/500
Epoch 00237: val_acc did not improve
25s - loss: 0.6932 - acc: 0.4920 - val_loss: 0.6931 - val_acc: 0.5000
Epoch 239/500
Epoch 00238: val_acc did not improve
25s - loss: 0.6933 - acc: 0.4780 - val_loss: 0.6932 - val_acc: 0.5000
Epoch 240/500
Epoch 00239: val_acc did not improve
25s - loss: 0.6933 - acc: 0.4850 - val_loss: 0.6931 - val_acc: 0.5000
Epoch 241/500
Epoch 00240: val_acc did not improve
25s - loss: 0.6932 - acc: 0.5030 - val_loss: 0.6932 - val_acc: 0.5000
Epoch 242/500
Epoch 00241: val_acc did not improve
25s - loss: 0.6933 - acc: 0.4880 - val_loss: 0.6932 - val_acc: 0.5000
Epoch 243/500
Epoch 00242: val_acc did not improve
25s - loss: 0.6933 - acc: 0.4860 - val_loss: 0.6931 - val_acc: 0.5000
Epoch 244/500
Epoch 00243: val_acc did not improve
24s - loss: 0.6933 - acc: 0.5000 - val_loss: 0.6931 - val_acc: 0.5000
Epoch 245/500
Epoch 00244: val_acc did not improve
25s - loss: 0.6933 - acc: 0.4930 - val_loss: 0.6931 - val_acc: 0.5000
Epoch 246/500
Epoch 00245: val_acc did not improve
25s - loss: 0.6932 - acc: 0.4920 - val_loss: 0.6931 - val_acc: 0.5000
Epoch 247/500
Epoch 00246: val_acc did not improve
26s - loss: 0.6933 - acc: 0.4930 - val_loss: 0.6931 - val_acc: 0.5000
Epoch 248/500
Epoch 00247: val_acc did not improve
26s - loss: 0.6934 - acc: 0.4780 - val_loss: 0.6931 - val_acc: 0.5000
Epoch 249/500
Epoch 00248: val_acc did not improve
25s - loss: 0.6933 - acc: 0.4860 - val_loss: 0.6932 - val_acc: 0.5000
Epoch 250/500
Epoch 00249: val_acc did not improve
24s - loss: 0.6933 - acc: 0.4860 - val_loss: 0.6932 - val_acc: 0.5000
Epoch 251/500
Epoch 00250: val_acc did not improve
25s - loss: 0.6934 - acc: 0.4820 - val_loss: 0.6931 - val_acc: 0.5000
Epoch 252/500
Epoch 00251: val_acc did not improve
25s - loss: 0.6933 - acc: 0.4920 - val_loss: 0.6931 - val_acc: 0.5000
Epoch 253/500
Epoch 00252: val_acc did not improve
25s - loss: 0.6933 - acc: 0.4950 - val_loss: 0.6932 - val_acc: 0.5000
Epoch 254/500
Epoch 00253: val_acc did not improve
25s - loss: 0.6933 - acc: 0.5030 - val_loss: 0.6931 - val_acc: 0.5000
Epoch 255/500
Epoch 00254: val_acc did not improve
25s - loss: 0.6932 - acc: 0.5000 - val_loss: 0.6932 - val_acc: 0.5000
Epoch 256/500
Epoch 00255: val_acc did not improve
24s - loss: 0.6933 - acc: 0.4860 - val_loss: 0.6931 - val_acc: 0.5000
Epoch 257/500
Epoch 00256: val_acc did not improve
25s - loss: 0.6934 - acc: 0.4900 - val_loss: 0.6931 - val_acc: 0.5000
Epoch 258/500
Epoch 00257: val_acc did not improve
25s - loss: 0.6932 - acc: 0.4960 - val_loss: 0.6931 - val_acc: 0.5000
Epoch 259/500
Epoch 00258: val_acc did not improve
25s - loss: 0.6933 - acc: 0.4930 - val_loss: 0.6931 - val_acc: 0.5000
Epoch 260/500
Epoch 00259: val_acc did not improve
25s - loss: 0.6933 - acc: 0.4820 - val_loss: 0.6931 - val_acc: 0.5000
Epoch 261/500
Epoch 00260: val_acc did not improve
25s - loss: 0.6933 - acc: 0.4910 - val_loss: 0.6932 - val_acc: 0.5000
Epoch 262/500
Epoch 00261: val_acc did not improve
25s - loss: 0.6933 - acc: 0.5000 - val_loss: 0.6931 - val_acc: 0.5000
Epoch 263/500
Epoch 00262: val_acc did not improve
24s - loss: 0.6933 - acc: 0.4830 - val_loss: 0.6932 - val_acc: 0.5000
Epoch 264/500
Epoch 00263: val_acc did not improve
25s - loss: 0.6933 - acc: 0.4870 - val_loss: 0.6932 - val_acc: 0.5000
Epoch 265/500
Epoch 00264: val_acc did not improve
24s - loss: 0.6932 - acc: 0.5000 - val_loss: 0.6931 - val_acc: 0.5000
Epoch 266/500
Epoch 00265: val_acc did not improve
25s - loss: 0.6933 - acc: 0.4910 - val_loss: 0.6931 - val_acc: 0.5000
Epoch 267/500
Epoch 00266: val_acc did not improve
25s - loss: 0.6933 - acc: 0.4840 - val_loss: 0.6931 - val_acc: 0.5000
Epoch 268/500
Epoch 00267: val_acc did not improve
25s - loss: 0.6933 - acc: 0.4820 - val_loss: 0.6931 - val_acc: 0.5000
Epoch 269/500
Epoch 00268: val_acc did not improve
24s - loss: 0.6933 - acc: 0.5030 - val_loss: 0.6932 - val_acc: 0.5000
Epoch 270/500
Epoch 00269: val_acc did not improve
25s - loss: 0.6933 - acc: 0.4820 - val_loss: 0.6931 - val_acc: 0.5000
Epoch 271/500
Epoch 00270: val_acc did not improve
25s - loss: 0.6932 - acc: 0.4920 - val_loss: 0.6932 - val_acc: 0.5000
Epoch 272/500
Epoch 00271: val_acc did not improve
25s - loss: 0.6932 - acc: 0.4880 - val_loss: 0.6932 - val_acc: 0.5000
Epoch 273/500
Epoch 00272: val_acc did not improve
25s - loss: 0.6933 - acc: 0.4780 - val_loss: 0.6932 - val_acc: 0.5000
Epoch 274/500
Epoch 00273: val_acc did not improve
25s - loss: 0.6933 - acc: 0.4840 - val_loss: 0.6931 - val_acc: 0.5000
Epoch 275/500
Epoch 00274: val_acc did not improve
25s - loss: 0.6933 - acc: 0.5010 - val_loss: 0.6931 - val_acc: 0.5000
Epoch 276/500
Epoch 00275: val_acc did not improve
25s - loss: 0.6933 - acc: 0.4990 - val_loss: 0.6932 - val_acc: 0.5000
Epoch 277/500
Epoch 00276: val_acc did not improve
25s - loss: 0.6933 - acc: 0.4980 - val_loss: 0.6932 - val_acc: 0.5000
Epoch 278/500
Epoch 00277: val_acc did not improve
25s - loss: 0.6933 - acc: 0.4840 - val_loss: 0.6932 - val_acc: 0.5000
Epoch 279/500
Epoch 00278: val_acc did not improve
25s - loss: 0.6933 - acc: 0.4890 - val_loss: 0.6931 - val_acc: 0.5000
Epoch 280/500
Epoch 00279: val_acc did not improve
25s - loss: 0.6933 - acc: 0.4990 - val_loss: 0.6931 - val_acc: 0.5000
Epoch 281/500
Epoch 00280: val_acc did not improve
25s - loss: 0.6933 - acc: 0.4850 - val_loss: 0.6931 - val_acc: 0.5000
Epoch 282/500
Epoch 00281: val_acc did not improve
25s - loss: 0.6933 - acc: 0.4900 - val_loss: 0.6932 - val_acc: 0.5000
Epoch 283/500
Epoch 00282: val_acc did not improve
25s - loss: 0.6933 - acc: 0.4910 - val_loss: 0.6932 - val_acc: 0.5000
Epoch 284/500
Epoch 00283: val_acc did not improve
25s - loss: 0.6933 - acc: 0.5030 - val_loss: 0.6931 - val_acc: 0.5000
Epoch 285/500
Epoch 00284: val_acc did not improve
26s - loss: 0.6932 - acc: 0.4960 - val_loss: 0.6931 - val_acc: 0.5000
Epoch 286/500
Epoch 00285: val_acc did not improve
25s - loss: 0.6933 - acc: 0.4940 - val_loss: 0.6931 - val_acc: 0.5000
Epoch 287/500
Epoch 00286: val_acc did not improve
25s - loss: 0.6933 - acc: 0.4900 - val_loss: 0.6932 - val_acc: 0.5000
Epoch 288/500
Epoch 00287: val_acc did not improve
25s - loss: 0.6933 - acc: 0.4950 - val_loss: 0.6932 - val_acc: 0.5000
Epoch 289/500
Epoch 00288: val_acc did not improve
25s - loss: 0.6933 - acc: 0.4930 - val_loss: 0.6931 - val_acc: 0.5000
Epoch 290/500
Epoch 00289: val_acc did not improve
25s - loss: 0.6933 - acc: 0.4960 - val_loss: 0.6932 - val_acc: 0.5000
Epoch 291/500
Epoch 00290: val_acc did not improve
25s - loss: 0.6933 - acc: 0.4870 - val_loss: 0.6932 - val_acc: 0.5000
Epoch 292/500
Epoch 00291: val_acc did not improve
26s - loss: 0.6933 - acc: 0.4860 - val_loss: 0.6931 - val_acc: 0.5000
Epoch 293/500
Epoch 00292: val_acc did not improve
25s - loss: 0.6933 - acc: 0.5000 - val_loss: 0.6931 - val_acc: 0.5000
Epoch 294/500
Epoch 00293: val_acc did not improve
25s - loss: 0.6933 - acc: 0.5000 - val_loss: 0.6932 - val_acc: 0.5000
Epoch 295/500
Epoch 00294: val_acc did not improve
25s - loss: 0.6932 - acc: 0.4820 - val_loss: 0.6931 - val_acc: 0.5000
Epoch 296/500
Epoch 00295: val_acc did not improve
25s - loss: 0.6933 - acc: 0.5000 - val_loss: 0.6931 - val_acc: 0.5000
Epoch 297/500
Epoch 00296: val_acc did not improve
25s - loss: 0.6933 - acc: 0.4930 - val_loss: 0.6931 - val_acc: 0.5000
Epoch 298/500
Epoch 00297: val_acc did not improve
25s - loss: 0.6932 - acc: 0.4670 - val_loss: 0.6931 - val_acc: 0.5000
Epoch 299/500
Epoch 00298: val_acc did not improve
25s - loss: 0.6934 - acc: 0.4850 - val_loss: 0.6931 - val_acc: 0.5000
Epoch 300/500
Epoch 00299: val_acc did not improve
25s - loss: 0.6933 - acc: 0.4990 - val_loss: 0.6931 - val_acc: 0.5000
Epoch 301/500
Epoch 00300: val_acc did not improve
26s - loss: 0.6933 - acc: 0.5000 - val_loss: 0.6932 - val_acc: 0.5000
Epoch 302/500
Epoch 00301: val_acc did not improve
25s - loss: 0.6933 - acc: 0.4940 - val_loss: 0.6932 - val_acc: 0.5000
Epoch 303/500
Epoch 00302: val_acc did not improve
25s - loss: 0.6933 - acc: 0.5000 - val_loss: 0.6931 - val_acc: 0.5000
Epoch 304/500
Epoch 00303: val_acc did not improve
25s - loss: 0.6933 - acc: 0.4920 - val_loss: 0.6932 - val_acc: 0.5000
Epoch 305/500
Epoch 00304: val_acc did not improve
25s - loss: 0.6933 - acc: 0.4980 - val_loss: 0.6932 - val_acc: 0.5000
Epoch 306/500
Epoch 00305: val_acc did not improve
25s - loss: 0.6934 - acc: 0.4750 - val_loss: 0.6931 - val_acc: 0.5000
Epoch 307/500
Epoch 00306: val_acc did not improve
25s - loss: 0.6932 - acc: 0.4880 - val_loss: 0.6931 - val_acc: 0.5000
Epoch 308/500
Epoch 00307: val_acc did not improve
25s - loss: 0.6933 - acc: 0.4800 - val_loss: 0.6931 - val_acc: 0.5000
Epoch 309/500
Epoch 00308: val_acc did not improve
26s - loss: 0.6932 - acc: 0.5000 - val_loss: 0.6931 - val_acc: 0.5000
Epoch 310/500
Epoch 00309: val_acc did not improve
25s - loss: 0.6933 - acc: 0.4830 - val_loss: 0.6932 - val_acc: 0.5000
Epoch 311/500
Epoch 00310: val_acc did not improve
25s - loss: 0.6934 - acc: 0.4920 - val_loss: 0.6932 - val_acc: 0.5000
Epoch 312/500
Epoch 00311: val_acc did not improve
25s - loss: 0.6933 - acc: 0.4860 - val_loss: 0.6932 - val_acc: 0.5000
Epoch 313/500
Epoch 00312: val_acc did not improve
25s - loss: 0.6933 - acc: 0.4860 - val_loss: 0.6931 - val_acc: 0.5000
Epoch 314/500
Epoch 00313: val_acc did not improve
25s - loss: 0.6933 - acc: 0.4870 - val_loss: 0.6932 - val_acc: 0.5000
Epoch 315/500
Epoch 00314: val_acc did not improve
25s - loss: 0.6933 - acc: 0.4870 - val_loss: 0.6931 - val_acc: 0.5000
Epoch 316/500
Epoch 00315: val_acc did not improve
25s - loss: 0.6933 - acc: 0.4860 - val_loss: 0.6932 - val_acc: 0.5000
Epoch 317/500
Epoch 00316: val_acc did not improve
25s - loss: 0.6933 - acc: 0.4830 - val_loss: 0.6931 - val_acc: 0.5000
Epoch 318/500
Epoch 00317: val_acc did not improve
25s - loss: 0.6933 - acc: 0.5010 - val_loss: 0.6932 - val_acc: 0.5000
Epoch 319/500
Epoch 00318: val_acc did not improve
25s - loss: 0.6932 - acc: 0.5000 - val_loss: 0.6931 - val_acc: 0.5000
Epoch 320/500
Epoch 00319: val_acc did not improve
25s - loss: 0.6932 - acc: 0.4940 - val_loss: 0.6931 - val_acc: 0.5000
Epoch 321/500
Epoch 00320: val_acc did not improve
25s - loss: 0.6932 - acc: 0.4940 - val_loss: 0.6931 - val_acc: 0.5000
Epoch 322/500
Epoch 00321: val_acc did not improve
25s - loss: 0.6933 - acc: 0.4890 - val_loss: 0.6931 - val_acc: 0.5000
Epoch 323/500
Epoch 00322: val_acc did not improve
25s - loss: 0.6933 - acc: 0.4860 - val_loss: 0.6932 - val_acc: 0.5000
Epoch 324/500
Epoch 00323: val_acc did not improve
25s - loss: 0.6933 - acc: 0.4810 - val_loss: 0.6932 - val_acc: 0.5000
Epoch 325/500
Epoch 00324: val_acc did not improve
25s - loss: 0.6933 - acc: 0.4890 - val_loss: 0.6931 - val_acc: 0.5000
Epoch 326/500
Epoch 00325: val_acc did not improve
25s - loss: 0.6933 - acc: 0.4970 - val_loss: 0.6932 - val_acc: 0.5000
Epoch 327/500
Epoch 00326: val_acc did not improve
25s - loss: 0.6932 - acc: 0.4940 - val_loss: 0.6931 - val_acc: 0.5000
Epoch 328/500
Epoch 00327: val_acc did not improve
25s - loss: 0.6933 - acc: 0.4870 - val_loss: 0.6931 - val_acc: 0.5000
Epoch 329/500
Epoch 00328: val_acc did not improve
25s - loss: 0.6934 - acc: 0.4960 - val_loss: 0.6931 - val_acc: 0.5000
Epoch 330/500
Epoch 00329: val_acc did not improve
25s - loss: 0.6933 - acc: 0.4990 - val_loss: 0.6931 - val_acc: 0.5000
Epoch 331/500
Epoch 00330: val_acc did not improve
24s - loss: 0.6932 - acc: 0.4960 - val_loss: 0.6932 - val_acc: 0.5000
Epoch 332/500
Epoch 00331: val_acc did not improve
25s - loss: 0.6933 - acc: 0.4930 - val_loss: 0.6931 - val_acc: 0.5000
Epoch 333/500
Epoch 00332: val_acc did not improve
25s - loss: 0.6933 - acc: 0.5000 - val_loss: 0.6932 - val_acc: 0.5000
Epoch 334/500
Epoch 00333: val_acc did not improve
25s - loss: 0.6933 - acc: 0.4830 - val_loss: 0.6931 - val_acc: 0.5000
Epoch 335/500
Epoch 00334: val_acc did not improve
26s - loss: 0.6933 - acc: 0.4950 - val_loss: 0.6932 - val_acc: 0.5000
Epoch 336/500
Epoch 00335: val_acc did not improve
25s - loss: 0.6932 - acc: 0.5000 - val_loss: 0.6931 - val_acc: 0.5000
Epoch 337/500
Epoch 00336: val_acc did not improve
25s - loss: 0.6933 - acc: 0.4990 - val_loss: 0.6932 - val_acc: 0.5000
Epoch 338/500
Epoch 00337: val_acc did not improve
26s - loss: 0.6933 - acc: 0.4870 - val_loss: 0.6931 - val_acc: 0.5000
Epoch 339/500
Epoch 00338: val_acc did not improve
25s - loss: 0.6932 - acc: 0.4920 - val_loss: 0.6932 - val_acc: 0.5000
Epoch 340/500
Epoch 00339: val_acc did not improve
26s - loss: 0.6933 - acc: 0.5000 - val_loss: 0.6931 - val_acc: 0.5000
Epoch 341/500
Epoch 00340: val_acc did not improve
25s - loss: 0.6933 - acc: 0.4970 - val_loss: 0.6932 - val_acc: 0.5000
Epoch 342/500
Epoch 00341: val_acc did not improve
25s - loss: 0.6932 - acc: 0.4790 - val_loss: 0.6931 - val_acc: 0.5000
Epoch 343/500
Epoch 00342: val_acc did not improve
25s - loss: 0.6932 - acc: 0.4890 - val_loss: 0.6931 - val_acc: 0.5000
Epoch 344/500
Epoch 00343: val_acc did not improve
25s - loss: 0.6933 - acc: 0.4990 - val_loss: 0.6932 - val_acc: 0.5000
Epoch 345/500
Epoch 00344: val_acc did not improve
25s - loss: 0.6933 - acc: 0.4840 - val_loss: 0.6931 - val_acc: 0.5000
Epoch 346/500
Epoch 00345: val_acc did not improve
25s - loss: 0.6933 - acc: 0.5000 - val_loss: 0.6932 - val_acc: 0.5000
Epoch 347/500
Epoch 00346: val_acc did not improve
25s - loss: 0.6932 - acc: 0.5000 - val_loss: 0.6931 - val_acc: 0.5000
Epoch 348/500
Epoch 00347: val_acc did not improve
25s - loss: 0.6933 - acc: 0.4780 - val_loss: 0.6931 - val_acc: 0.5000
Epoch 349/500
Epoch 00348: val_acc did not improve
25s - loss: 0.6932 - acc: 0.4990 - val_loss: 0.6931 - val_acc: 0.5000
Epoch 350/500
Epoch 00349: val_acc did not improve
25s - loss: 0.6933 - acc: 0.5000 - val_loss: 0.6932 - val_acc: 0.5000
Epoch 351/500
Epoch 00350: val_acc did not improve
25s - loss: 0.6933 - acc: 0.5010 - val_loss: 0.6931 - val_acc: 0.5000
Epoch 352/500
Epoch 00351: val_acc did not improve
25s - loss: 0.6933 - acc: 0.4830 - val_loss: 0.6931 - val_acc: 0.5000
Epoch 353/500
Epoch 00352: val_acc did not improve
25s - loss: 0.6933 - acc: 0.5000 - val_loss: 0.6932 - val_acc: 0.5000
Epoch 354/500
Epoch 00353: val_acc did not improve
25s - loss: 0.6933 - acc: 0.4920 - val_loss: 0.6931 - val_acc: 0.5000
Epoch 355/500
Epoch 00354: val_acc did not improve
25s - loss: 0.6933 - acc: 0.4910 - val_loss: 0.6931 - val_acc: 0.5000
Epoch 356/500
Epoch 00355: val_acc did not improve
25s - loss: 0.6932 - acc: 0.4860 - val_loss: 0.6931 - val_acc: 0.5000
Epoch 357/500
Epoch 00356: val_acc did not improve
24s - loss: 0.6933 - acc: 0.4940 - val_loss: 0.6931 - val_acc: 0.5000
Epoch 358/500
Epoch 00357: val_acc did not improve
26s - loss: 0.6932 - acc: 0.4950 - val_loss: 0.6931 - val_acc: 0.5000
Epoch 359/500
Epoch 00358: val_acc did not improve
25s - loss: 0.6933 - acc: 0.4980 - val_loss: 0.6931 - val_acc: 0.5000
Epoch 360/500
Epoch 00359: val_acc did not improve
25s - loss: 0.6932 - acc: 0.4920 - val_loss: 0.6932 - val_acc: 0.5000
Epoch 361/500
Epoch 00360: val_acc did not improve
25s - loss: 0.6932 - acc: 0.4960 - val_loss: 0.6931 - val_acc: 0.5000
Epoch 362/500
Epoch 00361: val_acc did not improve
25s - loss: 0.6934 - acc: 0.4840 - val_loss: 0.6932 - val_acc: 0.5000
Epoch 363/500
Epoch 00362: val_acc did not improve
25s - loss: 0.6932 - acc: 0.4900 - val_loss: 0.6931 - val_acc: 0.5000
Epoch 364/500
Epoch 00363: val_acc did not improve
26s - loss: 0.6933 - acc: 0.4770 - val_loss: 0.6931 - val_acc: 0.5000
Epoch 365/500
Epoch 00364: val_acc did not improve
25s - loss: 0.6933 - acc: 0.4820 - val_loss: 0.6931 - val_acc: 0.5000
Epoch 366/500
Epoch 00365: val_acc did not improve
25s - loss: 0.6932 - acc: 0.4970 - val_loss: 0.6931 - val_acc: 0.5000
Epoch 367/500
Epoch 00366: val_acc did not improve
26s - loss: 0.6933 - acc: 0.4920 - val_loss: 0.6931 - val_acc: 0.5000
Epoch 368/500
Epoch 00367: val_acc did not improve
25s - loss: 0.6933 - acc: 0.4820 - val_loss: 0.6931 - val_acc: 0.5000
Epoch 369/500
Epoch 00368: val_acc did not improve
25s - loss: 0.6932 - acc: 0.4840 - val_loss: 0.6931 - val_acc: 0.5000
Epoch 370/500
Epoch 00369: val_acc did not improve
25s - loss: 0.6933 - acc: 0.4870 - val_loss: 0.6931 - val_acc: 0.5000
Epoch 371/500
Epoch 00370: val_acc did not improve
26s - loss: 0.6932 - acc: 0.4850 - val_loss: 0.6931 - val_acc: 0.5000
Epoch 372/500
Epoch 00371: val_acc did not improve
26s - loss: 0.6933 - acc: 0.4800 - val_loss: 0.6932 - val_acc: 0.5000
Epoch 373/500
Epoch 00372: val_acc did not improve
25s - loss: 0.6933 - acc: 0.4800 - val_loss: 0.6931 - val_acc: 0.5000
Epoch 374/500
Epoch 00373: val_acc did not improve
26s - loss: 0.6933 - acc: 0.4790 - val_loss: 0.6931 - val_acc: 0.5000
Epoch 375/500
Epoch 00374: val_acc did not improve
26s - loss: 0.6933 - acc: 0.4820 - val_loss: 0.6931 - val_acc: 0.5000
Epoch 376/500
Epoch 00375: val_acc did not improve
26s - loss: 0.6934 - acc: 0.4870 - val_loss: 0.6931 - val_acc: 0.5000
Epoch 377/500
Epoch 00376: val_acc did not improve
26s - loss: 0.6933 - acc: 0.4830 - val_loss: 0.6931 - val_acc: 0.5000
Epoch 378/500
Epoch 00377: val_acc did not improve
26s - loss: 0.6932 - acc: 0.4980 - val_loss: 0.6931 - val_acc: 0.5000
Epoch 379/500
Epoch 00378: val_acc did not improve
26s - loss: 0.6933 - acc: 0.4920 - val_loss: 0.6932 - val_acc: 0.5000
Epoch 380/500
Epoch 00379: val_acc did not improve
26s - loss: 0.6933 - acc: 0.4840 - val_loss: 0.6931 - val_acc: 0.5000
Epoch 381/500
Epoch 00380: val_acc did not improve
26s - loss: 0.6933 - acc: 0.4850 - val_loss: 0.6931 - val_acc: 0.5000
Epoch 382/500
Epoch 00381: val_acc did not improve
25s - loss: 0.6933 - acc: 0.4810 - val_loss: 0.6931 - val_acc: 0.5000
Epoch 383/500
Epoch 00382: val_acc did not improve
26s - loss: 0.6933 - acc: 0.4900 - val_loss: 0.6931 - val_acc: 0.5000
Epoch 384/500
Epoch 00383: val_acc did not improve
26s - loss: 0.6932 - acc: 0.4970 - val_loss: 0.6931 - val_acc: 0.5000
Epoch 385/500
Epoch 00384: val_acc did not improve
26s - loss: 0.6933 - acc: 0.4950 - val_loss: 0.6932 - val_acc: 0.5000
Epoch 386/500
Epoch 00385: val_acc did not improve
26s - loss: 0.6933 - acc: 0.4740 - val_loss: 0.6931 - val_acc: 0.5000
Epoch 387/500
Epoch 00386: val_acc did not improve
25s - loss: 0.6932 - acc: 0.4870 - val_loss: 0.6932 - val_acc: 0.5000
Epoch 388/500
Epoch 00387: val_acc did not improve
26s - loss: 0.6933 - acc: 0.5000 - val_loss: 0.6932 - val_acc: 0.5000
Epoch 389/500
Epoch 00388: val_acc did not improve
26s - loss: 0.6933 - acc: 0.4830 - val_loss: 0.6931 - val_acc: 0.5000
Epoch 390/500
Epoch 00389: val_acc did not improve
25s - loss: 0.6932 - acc: 0.4950 - val_loss: 0.6931 - val_acc: 0.5000
Epoch 391/500
Epoch 00390: val_acc did not improve
26s - loss: 0.6933 - acc: 0.4810 - val_loss: 0.6932 - val_acc: 0.5000
Epoch 392/500
Epoch 00391: val_acc did not improve
26s - loss: 0.6933 - acc: 0.4870 - val_loss: 0.6932 - val_acc: 0.5000
Epoch 393/500
Epoch 00392: val_acc did not improve
26s - loss: 0.6933 - acc: 0.4900 - val_loss: 0.6931 - val_acc: 0.5000
Epoch 394/500
Epoch 00393: val_acc did not improve
25s - loss: 0.6933 - acc: 0.4870 - val_loss: 0.6931 - val_acc: 0.5000
Epoch 395/500
Epoch 00394: val_acc did not improve
26s - loss: 0.6932 - acc: 0.5030 - val_loss: 0.6931 - val_acc: 0.5000
Epoch 396/500
Epoch 00395: val_acc did not improve
26s - loss: 0.6933 - acc: 0.4960 - val_loss: 0.6931 - val_acc: 0.5000
Epoch 397/500
Epoch 00396: val_acc did not improve
26s - loss: 0.6933 - acc: 0.4980 - val_loss: 0.6931 - val_acc: 0.5000
Epoch 398/500
Epoch 00397: val_acc did not improve
26s - loss: 0.6933 - acc: 0.4930 - val_loss: 0.6931 - val_acc: 0.5000
Epoch 399/500
Epoch 00398: val_acc did not improve
25s - loss: 0.6932 - acc: 0.4970 - val_loss: 0.6931 - val_acc: 0.5000
Epoch 400/500
Epoch 00399: val_acc did not improve
26s - loss: 0.6933 - acc: 0.4920 - val_loss: 0.6932 - val_acc: 0.5000
Epoch 401/500
Epoch 00400: val_acc did not improve
26s - loss: 0.6933 - acc: 0.4850 - val_loss: 0.6931 - val_acc: 0.5000
Epoch 402/500
Epoch 00401: val_acc did not improve
27s - loss: 0.6933 - acc: 0.4920 - val_loss: 0.6931 - val_acc: 0.5000
Epoch 403/500
Epoch 00402: val_acc did not improve
26s - loss: 0.6933 - acc: 0.4830 - val_loss: 0.6931 - val_acc: 0.5000
Epoch 404/500
Epoch 00403: val_acc did not improve
26s - loss: 0.6933 - acc: 0.4830 - val_loss: 0.6931 - val_acc: 0.5000
Epoch 405/500
Epoch 00404: val_acc did not improve
26s - loss: 0.6934 - acc: 0.4860 - val_loss: 0.6931 - val_acc: 0.5000
Epoch 406/500
Epoch 00405: val_acc did not improve
26s - loss: 0.6932 - acc: 0.4820 - val_loss: 0.6931 - val_acc: 0.5000
Epoch 407/500
Epoch 00406: val_acc did not improve
26s - loss: 0.6933 - acc: 0.4880 - val_loss: 0.6931 - val_acc: 0.5000
Epoch 408/500
Epoch 00407: val_acc did not improve
27s - loss: 0.6933 - acc: 0.4920 - val_loss: 0.6932 - val_acc: 0.5000
Epoch 409/500
Epoch 00408: val_acc did not improve
26s - loss: 0.6934 - acc: 0.4840 - val_loss: 0.6932 - val_acc: 0.5000
Epoch 410/500
Epoch 00409: val_acc did not improve
26s - loss: 0.6933 - acc: 0.4860 - val_loss: 0.6932 - val_acc: 0.5000
Epoch 411/500
Epoch 00410: val_acc did not improve
26s - loss: 0.6933 - acc: 0.4900 - val_loss: 0.6931 - val_acc: 0.5000
Epoch 412/500
Epoch 00411: val_acc did not improve
26s - loss: 0.6933 - acc: 0.4780 - val_loss: 0.6931 - val_acc: 0.5000
Epoch 413/500
Epoch 00412: val_acc did not improve
26s - loss