max: 863.779
X_train shape: (224, 1, 200, 118)
224 train samples
56 test samples
y_train shape: (224, 2)
y_test shape: (56, 2)
____________________________________________________________________________________________________
Layer (type)                     Output Shape          Param #     Connected to                     
====================================================================================================
convolution2d_1 (Convolution2D)  (None, 8, 200, 118)   48          convolution2d_input_1[0][0]      
____________________________________________________________________________________________________
activation_1 (Activation)        (None, 8, 200, 118)   0           convolution2d_1[0][0]            
____________________________________________________________________________________________________
maxpooling2d_1 (MaxPooling2D)    (None, 8, 100, 118)   0           activation_1[0][0]               
____________________________________________________________________________________________________
convolution2d_2 (Convolution2D)  (None, 16, 100, 118)  400         maxpooling2d_1[0][0]             
____________________________________________________________________________________________________
activation_2 (Activation)        (None, 16, 100, 118)  0           convolution2d_2[0][0]            
____________________________________________________________________________________________________
maxpooling2d_2 (MaxPooling2D)    (None, 16, 50, 118)   0           activation_2[0][0]               
____________________________________________________________________________________________________
convolution2d_3 (Convolution2D)  (None, 32, 50, 118)   1568        maxpooling2d_2[0][0]             
____________________________________________________________________________________________________
activation_3 (Activation)        (None, 32, 50, 118)   0           convolution2d_3[0][0]            
____________________________________________________________________________________________________
maxpooling2d_3 (MaxPooling2D)    (None, 32, 25, 118)   0           activation_3[0][0]               
____________________________________________________________________________________________________
convolution2d_4 (Convolution2D)  (None, 64, 25, 118)   6208        maxpooling2d_3[0][0]             
____________________________________________________________________________________________________
activation_4 (Activation)        (None, 64, 25, 118)   0           convolution2d_4[0][0]            
____________________________________________________________________________________________________
maxpooling2d_4 (MaxPooling2D)    (None, 64, 12, 118)   0           activation_4[0][0]               
____________________________________________________________________________________________________
permute_1 (Permute)              (None, 12, 64, 118)   0           maxpooling2d_4[0][0]             
____________________________________________________________________________________________________
reshape_1 (Reshape)              (None, 12, 7552)      0           permute_1[0][0]                  
____________________________________________________________________________________________________
lstm_1 (LSTM)                    (None, 12, 128)       3932672     reshape_1[0][0]                  
____________________________________________________________________________________________________
lstm_2 (LSTM)                    (None, 12, 128)       131584      lstm_1[0][0]                     
____________________________________________________________________________________________________
flatten_1 (Flatten)              (None, 1536)          0           lstm_2[0][0]                     
____________________________________________________________________________________________________
dense_1 (Dense)                  (None, 2)             3074        flatten_1[0][0]                  
____________________________________________________________________________________________________
activation_5 (Activation)        (None, 2)             0           dense_1[0][0]                    
====================================================================================================
Total params: 4075554
____________________________________________________________________________________________________
Train on 224 samples, validate on 56 samples
Epoch 1/500
Epoch 00000: val_acc improved from -inf to 0.53571, saving model to /media/kong/9A8821088820E48B/Xcat/experiment/BCI2005IVa/model/4cnn2lstm_true_max_relu.h5
1s - loss: 0.7013 - acc: 0.4777 - val_loss: 0.6928 - val_acc: 0.5357
Epoch 2/500
Epoch 00001: val_acc did not improve
1s - loss: 0.6923 - acc: 0.4955 - val_loss: 0.6932 - val_acc: 0.5179
Epoch 3/500
Epoch 00002: val_acc did not improve
1s - loss: 0.6916 - acc: 0.5491 - val_loss: 0.6912 - val_acc: 0.5179
Epoch 4/500
Epoch 00003: val_acc did not improve
1s - loss: 0.6837 - acc: 0.5670 - val_loss: 0.6969 - val_acc: 0.5000
Epoch 5/500
Epoch 00004: val_acc improved from 0.53571 to 0.58929, saving model to /media/kong/9A8821088820E48B/Xcat/experiment/BCI2005IVa/model/4cnn2lstm_true_max_relu.h5
1s - loss: 0.6771 - acc: 0.5804 - val_loss: 0.6641 - val_acc: 0.5893
Epoch 6/500
Epoch 00005: val_acc did not improve
1s - loss: 0.6550 - acc: 0.6071 - val_loss: 0.6932 - val_acc: 0.5357
Epoch 7/500
Epoch 00006: val_acc improved from 0.58929 to 0.64286, saving model to /media/kong/9A8821088820E48B/Xcat/experiment/BCI2005IVa/model/4cnn2lstm_true_max_relu.h5
1s - loss: 0.5767 - acc: 0.7321 - val_loss: 0.6836 - val_acc: 0.6429
Epoch 8/500
Epoch 00007: val_acc did not improve
1s - loss: 0.5583 - acc: 0.6964 - val_loss: 0.6664 - val_acc: 0.6429
Epoch 9/500
Epoch 00008: val_acc did not improve
1s - loss: 0.5187 - acc: 0.7411 - val_loss: 0.7726 - val_acc: 0.6071
Epoch 10/500
Epoch 00009: val_acc did not improve
1s - loss: 0.4010 - acc: 0.8214 - val_loss: 0.9133 - val_acc: 0.5893
Epoch 11/500
Epoch 00010: val_acc did not improve
1s - loss: 0.3373 - acc: 0.8661 - val_loss: 1.9373 - val_acc: 0.5536
Epoch 12/500
Epoch 00011: val_acc did not improve
1s - loss: 0.3504 - acc: 0.8527 - val_loss: 0.9893 - val_acc: 0.5179
Epoch 13/500
Epoch 00012: val_acc did not improve
1s - loss: 0.2507 - acc: 0.8795 - val_loss: 0.8880 - val_acc: 0.6250
Epoch 14/500
Epoch 00013: val_acc did not improve
1s - loss: 0.2027 - acc: 0.9196 - val_loss: 1.3237 - val_acc: 0.5714
Epoch 15/500
Epoch 00014: val_acc did not improve
1s - loss: 0.0711 - acc: 0.9643 - val_loss: 2.2522 - val_acc: 0.5179
Epoch 16/500
Epoch 00015: val_acc did not improve
1s - loss: 0.0715 - acc: 0.9643 - val_loss: 2.0475 - val_acc: 0.5893
Epoch 17/500
Epoch 00016: val_acc did not improve
1s - loss: 0.2115 - acc: 0.9241 - val_loss: 1.4938 - val_acc: 0.5536
Epoch 18/500
Epoch 00017: val_acc did not improve
1s - loss: 0.0504 - acc: 0.9866 - val_loss: 2.4554 - val_acc: 0.5357
Epoch 19/500
Epoch 00018: val_acc did not improve
1s - loss: 0.0057 - acc: 1.0000 - val_loss: 4.7675 - val_acc: 0.5536
Epoch 20/500
Epoch 00019: val_acc did not improve
1s - loss: 0.0230 - acc: 0.9911 - val_loss: 2.7668 - val_acc: 0.5714
Epoch 21/500
Epoch 00020: val_acc did not improve
1s - loss: 0.0165 - acc: 0.9955 - val_loss: 2.7366 - val_acc: 0.5000
Epoch 22/500
Epoch 00021: val_acc did not improve
1s - loss: 0.0237 - acc: 0.9955 - val_loss: 2.9299 - val_acc: 0.5536
Epoch 23/500
Epoch 00022: val_acc did not improve
1s - loss: 0.0033 - acc: 1.0000 - val_loss: 3.9287 - val_acc: 0.5357
Epoch 24/500
Epoch 00023: val_acc did not improve
1s - loss: 5.2236e-04 - acc: 1.0000 - val_loss: 4.1041 - val_acc: 0.5357
Epoch 25/500
Epoch 00024: val_acc did not improve
1s - loss: 2.4286e-04 - acc: 1.0000 - val_loss: 4.1576 - val_acc: 0.5357
Epoch 26/500
Epoch 00025: val_acc did not improve
1s - loss: 1.7513e-04 - acc: 1.0000 - val_loss: 4.2435 - val_acc: 0.5357
Epoch 27/500
Epoch 00026: val_acc did not improve
1s - loss: 1.4130e-04 - acc: 1.0000 - val_loss: 4.3050 - val_acc: 0.5357
Epoch 28/500
Epoch 00027: val_acc did not improve
1s - loss: 1.1546e-04 - acc: 1.0000 - val_loss: 4.3423 - val_acc: 0.5357
Epoch 29/500
Epoch 00028: val_acc did not improve
1s - loss: 1.0082e-04 - acc: 1.0000 - val_loss: 4.3952 - val_acc: 0.5357
Epoch 30/500
Epoch 00029: val_acc did not improve
1s - loss: 8.6301e-05 - acc: 1.0000 - val_loss: 4.4381 - val_acc: 0.5357
Epoch 31/500
Epoch 00030: val_acc did not improve
1s - loss: 7.5870e-05 - acc: 1.0000 - val_loss: 4.4775 - val_acc: 0.5357
Epoch 32/500
Epoch 00031: val_acc did not improve
1s - loss: 6.6824e-05 - acc: 1.0000 - val_loss: 4.5102 - val_acc: 0.5357
Epoch 33/500
Epoch 00032: val_acc did not improve
1s - loss: 6.0023e-05 - acc: 1.0000 - val_loss: 4.5574 - val_acc: 0.5357
Epoch 34/500
Epoch 00033: val_acc did not improve
1s - loss: 5.3350e-05 - acc: 1.0000 - val_loss: 4.5884 - val_acc: 0.5357
Epoch 35/500
Epoch 00034: val_acc did not improve
1s - loss: 4.7858e-05 - acc: 1.0000 - val_loss: 4.6370 - val_acc: 0.5357
Epoch 36/500
Epoch 00035: val_acc did not improve
1s - loss: 4.1906e-05 - acc: 1.0000 - val_loss: 4.6716 - val_acc: 0.5357
Epoch 37/500
Epoch 00036: val_acc did not improve
1s - loss: 3.7075e-05 - acc: 1.0000 - val_loss: 4.7331 - val_acc: 0.5357
Epoch 38/500
Epoch 00037: val_acc did not improve
1s - loss: 3.1704e-05 - acc: 1.0000 - val_loss: 4.7847 - val_acc: 0.5357
Epoch 39/500
Epoch 00038: val_acc did not improve
1s - loss: 2.7403e-05 - acc: 1.0000 - val_loss: 4.8217 - val_acc: 0.5357
Epoch 40/500
Epoch 00039: val_acc did not improve
1s - loss: 2.2850e-05 - acc: 1.0000 - val_loss: 4.9430 - val_acc: 0.5357
Epoch 41/500
Epoch 00040: val_acc did not improve
1s - loss: 1.8656e-05 - acc: 1.0000 - val_loss: 4.9968 - val_acc: 0.5357
Epoch 42/500
Epoch 00041: val_acc did not improve
1s - loss: 1.6387e-05 - acc: 1.0000 - val_loss: 5.0679 - val_acc: 0.5179
Epoch 43/500
Epoch 00042: val_acc did not improve
1s - loss: 1.2123e-05 - acc: 1.0000 - val_loss: 5.1612 - val_acc: 0.5179
Epoch 44/500
Epoch 00043: val_acc did not improve
1s - loss: 9.6219e-06 - acc: 1.0000 - val_loss: 5.1779 - val_acc: 0.5179
Epoch 45/500
Epoch 00044: val_acc did not improve
1s - loss: 7.6978e-06 - acc: 1.0000 - val_loss: 5.2631 - val_acc: 0.5179
Epoch 46/500
Epoch 00045: val_acc did not improve
1s - loss: 6.2788e-06 - acc: 1.0000 - val_loss: 5.3272 - val_acc: 0.5179
Epoch 47/500
Epoch 00046: val_acc did not improve
1s - loss: 5.2516e-06 - acc: 1.0000 - val_loss: 5.3648 - val_acc: 0.5179
Epoch 48/500
Epoch 00047: val_acc did not improve
1s - loss: 4.9408e-06 - acc: 1.0000 - val_loss: 5.4095 - val_acc: 0.5357
Epoch 49/500
Epoch 00048: val_acc did not improve
1s - loss: 3.8662e-06 - acc: 1.0000 - val_loss: 5.4501 - val_acc: 0.5357
Epoch 50/500
Epoch 00049: val_acc did not improve
1s - loss: 3.4372e-06 - acc: 1.0000 - val_loss: 5.5101 - val_acc: 0.5357
Epoch 51/500
Epoch 00050: val_acc did not improve
1s - loss: 3.0215e-06 - acc: 1.0000 - val_loss: 5.5414 - val_acc: 0.5179
Epoch 52/500
Epoch 00051: val_acc did not improve
1s - loss: 2.7063e-06 - acc: 1.0000 - val_loss: 5.5967 - val_acc: 0.5179
Epoch 53/500
Epoch 00052: val_acc did not improve
1s - loss: 2.5042e-06 - acc: 1.0000 - val_loss: 5.6168 - val_acc: 0.5179
Epoch 54/500
Epoch 00053: val_acc did not improve
1s - loss: 2.2843e-06 - acc: 1.0000 - val_loss: 5.6541 - val_acc: 0.5179
Epoch 55/500
Epoch 00054: val_acc did not improve
1s - loss: 2.0958e-06 - acc: 1.0000 - val_loss: 5.6733 - val_acc: 0.5179
Epoch 56/500
Epoch 00055: val_acc did not improve
1s - loss: 1.9292e-06 - acc: 1.0000 - val_loss: 5.7059 - val_acc: 0.5179
Epoch 57/500
Epoch 00056: val_acc did not improve
1s - loss: 1.8004e-06 - acc: 1.0000 - val_loss: 5.7357 - val_acc: 0.5179
Epoch 58/500
Epoch 00057: val_acc did not improve
1s - loss: 1.7258e-06 - acc: 1.0000 - val_loss: 5.7435 - val_acc: 0.5179
Epoch 59/500
Epoch 00058: val_acc did not improve
1s - loss: 1.7434e-06 - acc: 1.0000 - val_loss: 5.7884 - val_acc: 0.5179
Epoch 60/500
Epoch 00059: val_acc did not improve
1s - loss: 1.4501e-06 - acc: 1.0000 - val_loss: 5.7644 - val_acc: 0.5179
Epoch 61/500
Epoch 00060: val_acc did not improve
1s - loss: 1.4448e-06 - acc: 1.0000 - val_loss: 5.8244 - val_acc: 0.5179
Epoch 62/500
Epoch 00061: val_acc did not improve
1s - loss: 1.3793e-06 - acc: 1.0000 - val_loss: 5.8279 - val_acc: 0.5179
Epoch 63/500
Epoch 00062: val_acc did not improve
1s - loss: 1.2111e-06 - acc: 1.0000 - val_loss: 5.8384 - val_acc: 0.5179
Epoch 64/500
Epoch 00063: val_acc did not improve
1s - loss: 1.1849e-06 - acc: 1.0000 - val_loss: 5.8834 - val_acc: 0.5179
Epoch 65/500
Epoch 00064: val_acc did not improve
1s - loss: 1.1398e-06 - acc: 1.0000 - val_loss: 5.8823 - val_acc: 0.5179
Epoch 66/500
Epoch 00065: val_acc did not improve
1s - loss: 1.0525e-06 - acc: 1.0000 - val_loss: 5.9099 - val_acc: 0.5179
Epoch 67/500
Epoch 00066: val_acc did not improve
1s - loss: 1.0126e-06 - acc: 1.0000 - val_loss: 5.9201 - val_acc: 0.5179
Epoch 68/500
Epoch 00067: val_acc did not improve
1s - loss: 9.6679e-07 - acc: 1.0000 - val_loss: 5.9363 - val_acc: 0.5179
Epoch 69/500
Epoch 00068: val_acc did not improve
1s - loss: 8.8531e-07 - acc: 1.0000 - val_loss: 5.9485 - val_acc: 0.5179
Epoch 70/500
Epoch 00069: val_acc did not improve
1s - loss: 8.4807e-07 - acc: 1.0000 - val_loss: 5.9643 - val_acc: 0.5179
Epoch 71/500
Epoch 00070: val_acc did not improve
1s - loss: 8.2673e-07 - acc: 1.0000 - val_loss: 5.9765 - val_acc: 0.5179
Epoch 72/500
Epoch 00071: val_acc did not improve
1s - loss: 7.7883e-07 - acc: 1.0000 - val_loss: 5.9937 - val_acc: 0.5179
Epoch 73/500
Epoch 00072: val_acc did not improve
1s - loss: 7.5700e-07 - acc: 1.0000 - val_loss: 5.9959 - val_acc: 0.5179
Epoch 74/500
Epoch 00073: val_acc did not improve
1s - loss: 7.6393e-07 - acc: 1.0000 - val_loss: 6.0167 - val_acc: 0.5000
Epoch 75/500
Epoch 00074: val_acc did not improve
1s - loss: 6.9206e-07 - acc: 1.0000 - val_loss: 6.0128 - val_acc: 0.5179
Epoch 76/500
Epoch 00075: val_acc did not improve
1s - loss: 6.7023e-07 - acc: 1.0000 - val_loss: 6.0337 - val_acc: 0.5179
Epoch 77/500
Epoch 00076: val_acc did not improve
1s - loss: 6.4734e-07 - acc: 1.0000 - val_loss: 6.0496 - val_acc: 0.5179
Epoch 78/500
Epoch 00077: val_acc did not improve
1s - loss: 6.2868e-07 - acc: 1.0000 - val_loss: 6.0475 - val_acc: 0.5179
Epoch 79/500
Epoch 00078: val_acc did not improve
1s - loss: 6.0845e-07 - acc: 1.0000 - val_loss: 6.0646 - val_acc: 0.5179
Epoch 80/500
Epoch 00079: val_acc did not improve
1s - loss: 5.8402e-07 - acc: 1.0000 - val_loss: 6.0676 - val_acc: 0.5179
Epoch 81/500
Epoch 00080: val_acc did not improve
1s - loss: 5.5683e-07 - acc: 1.0000 - val_loss: 6.0864 - val_acc: 0.5179
Epoch 82/500
Epoch 00081: val_acc did not improve
1s - loss: 5.4349e-07 - acc: 1.0000 - val_loss: 6.0936 - val_acc: 0.5179
Epoch 83/500
Epoch 00082: val_acc did not improve
1s - loss: 5.2699e-07 - acc: 1.0000 - val_loss: 6.0959 - val_acc: 0.5179
Epoch 84/500
Epoch 00083: val_acc did not improve
1s - loss: 5.0997e-07 - acc: 1.0000 - val_loss: 6.1016 - val_acc: 0.5179
Epoch 85/500
Epoch 00084: val_acc did not improve
1s - loss: 4.9555e-07 - acc: 1.0000 - val_loss: 6.1157 - val_acc: 0.5000
Epoch 86/500
Epoch 00085: val_acc did not improve
1s - loss: 4.7964e-07 - acc: 1.0000 - val_loss: 6.1179 - val_acc: 0.5179
Epoch 87/500
Epoch 00086: val_acc did not improve
1s - loss: 4.6736e-07 - acc: 1.0000 - val_loss: 6.1276 - val_acc: 0.5179
Epoch 88/500
Epoch 00087: val_acc did not improve
1s - loss: 4.4609e-07 - acc: 1.0000 - val_loss: 6.1283 - val_acc: 0.5179
Epoch 89/500
Epoch 00088: val_acc did not improve
1s - loss: 4.4180e-07 - acc: 1.0000 - val_loss: 6.1353 - val_acc: 0.5179
Epoch 90/500
Epoch 00089: val_acc did not improve
1s - loss: 4.2586e-07 - acc: 1.0000 - val_loss: 6.1521 - val_acc: 0.5000
Epoch 91/500
Epoch 00090: val_acc did not improve
1s - loss: 4.1359e-07 - acc: 1.0000 - val_loss: 6.1606 - val_acc: 0.5000
Epoch 92/500
Epoch 00091: val_acc did not improve
1s - loss: 4.0293e-07 - acc: 1.0000 - val_loss: 6.1630 - val_acc: 0.5179
Epoch 93/500
Epoch 00092: val_acc did not improve
1s - loss: 3.9178e-07 - acc: 1.0000 - val_loss: 6.1694 - val_acc: 0.5000
Epoch 94/500
Epoch 00093: val_acc did not improve
1s - loss: 3.8109e-07 - acc: 1.0000 - val_loss: 6.1780 - val_acc: 0.5000
Epoch 95/500
Epoch 00094: val_acc did not improve
1s - loss: 3.7736e-07 - acc: 1.0000 - val_loss: 6.1804 - val_acc: 0.5000
Epoch 96/500
Epoch 00095: val_acc did not improve
1s - loss: 3.6672e-07 - acc: 1.0000 - val_loss: 6.1842 - val_acc: 0.5000
Epoch 97/500
Epoch 00096: val_acc did not improve
1s - loss: 3.5339e-07 - acc: 1.0000 - val_loss: 6.1893 - val_acc: 0.5000
Epoch 98/500
Epoch 00097: val_acc did not improve
1s - loss: 3.4913e-07 - acc: 1.0000 - val_loss: 6.1960 - val_acc: 0.5000
Epoch 99/500
Epoch 00098: val_acc did not improve
1s - loss: 3.3953e-07 - acc: 1.0000 - val_loss: 6.2032 - val_acc: 0.5000
Epoch 100/500
Epoch 00099: val_acc did not improve
1s - loss: 3.3263e-07 - acc: 1.0000 - val_loss: 6.2095 - val_acc: 0.5000
Epoch 101/500
Epoch 00100: val_acc did not improve
1s - loss: 3.2519e-07 - acc: 1.0000 - val_loss: 6.2016 - val_acc: 0.5179
Epoch 102/500
Epoch 00101: val_acc did not improve
1s - loss: 3.2090e-07 - acc: 1.0000 - val_loss: 6.2164 - val_acc: 0.5000
Epoch 103/500
Epoch 00102: val_acc did not improve
1s - loss: 3.1450e-07 - acc: 1.0000 - val_loss: 6.2212 - val_acc: 0.5000
Epoch 104/500
Epoch 00103: val_acc did not improve
1s - loss: 3.0066e-07 - acc: 1.0000 - val_loss: 6.2187 - val_acc: 0.5000
Epoch 105/500
Epoch 00104: val_acc did not improve
1s - loss: 2.9963e-07 - acc: 1.0000 - val_loss: 6.2237 - val_acc: 0.5000
Epoch 106/500
Epoch 00105: val_acc did not improve
1s - loss: 2.8737e-07 - acc: 1.0000 - val_loss: 6.2362 - val_acc: 0.5000
Epoch 107/500
Epoch 00106: val_acc did not improve
1s - loss: 2.8200e-07 - acc: 1.0000 - val_loss: 6.2374 - val_acc: 0.5000
Epoch 108/500
Epoch 00107: val_acc did not improve
1s - loss: 2.7568e-07 - acc: 1.0000 - val_loss: 6.2382 - val_acc: 0.5000
Epoch 109/500
Epoch 00108: val_acc did not improve
1s - loss: 2.7778e-07 - acc: 1.0000 - val_loss: 6.2359 - val_acc: 0.5000
Epoch 110/500
Epoch 00109: val_acc did not improve
1s - loss: 2.6553e-07 - acc: 1.0000 - val_loss: 6.2469 - val_acc: 0.5000
Epoch 111/500
Epoch 00110: val_acc did not improve
1s - loss: 2.6022e-07 - acc: 1.0000 - val_loss: 6.2492 - val_acc: 0.5000
Epoch 112/500
Epoch 00111: val_acc did not improve
1s - loss: 2.5591e-07 - acc: 1.0000 - val_loss: 6.2522 - val_acc: 0.5000
Epoch 113/500
Epoch 00112: val_acc did not improve
1s - loss: 2.5166e-07 - acc: 1.0000 - val_loss: 6.2514 - val_acc: 0.5000
Epoch 114/500
Epoch 00113: val_acc did not improve
1s - loss: 2.4634e-07 - acc: 1.0000 - val_loss: 6.2591 - val_acc: 0.5000
Epoch 115/500
Epoch 00114: val_acc did not improve
1s - loss: 2.4209e-07 - acc: 1.0000 - val_loss: 6.2578 - val_acc: 0.5000
Epoch 116/500
Epoch 00115: val_acc did not improve
1s - loss: 2.3940e-07 - acc: 1.0000 - val_loss: 6.2621 - val_acc: 0.5000
Epoch 117/500
Epoch 00116: val_acc did not improve
1s - loss: 2.3034e-07 - acc: 1.0000 - val_loss: 6.2644 - val_acc: 0.5000
Epoch 118/500
Epoch 00117: val_acc did not improve
1s - loss: 2.2718e-07 - acc: 1.0000 - val_loss: 6.2661 - val_acc: 0.5000
Epoch 119/500
Epoch 00118: val_acc did not improve
1s - loss: 2.2878e-07 - acc: 1.0000 - val_loss: 6.2659 - val_acc: 0.5000
Epoch 120/500
Epoch 00119: val_acc did not improve
1s - loss: 2.2131e-07 - acc: 1.0000 - val_loss: 6.2727 - val_acc: 0.5000
Epoch 121/500
Epoch 00120: val_acc did not improve
1s - loss: 2.1760e-07 - acc: 1.0000 - val_loss: 6.2731 - val_acc: 0.5000
Epoch 122/500
Epoch 00121: val_acc did not improve
1s - loss: 2.1705e-07 - acc: 1.0000 - val_loss: 6.2723 - val_acc: 0.5000
Epoch 123/500
Epoch 00122: val_acc did not improve
1s - loss: 2.0905e-07 - acc: 1.0000 - val_loss: 6.2779 - val_acc: 0.5000
Epoch 124/500
Epoch 00123: val_acc did not improve
1s - loss: 2.0639e-07 - acc: 1.0000 - val_loss: 6.2789 - val_acc: 0.5000
Epoch 125/500
Epoch 00124: val_acc did not improve
1s - loss: 2.0744e-07 - acc: 1.0000 - val_loss: 6.2803 - val_acc: 0.5000
Epoch 126/500
Epoch 00125: val_acc did not improve
1s - loss: 2.0267e-07 - acc: 1.0000 - val_loss: 6.2833 - val_acc: 0.5000
Epoch 127/500
Epoch 00126: val_acc did not improve
1s - loss: 1.9734e-07 - acc: 1.0000 - val_loss: 6.2826 - val_acc: 0.5000
Epoch 128/500
Epoch 00127: val_acc did not improve
1s - loss: 1.9520e-07 - acc: 1.0000 - val_loss: 6.2863 - val_acc: 0.5000
Epoch 129/500
Epoch 00128: val_acc did not improve
1s - loss: 1.9998e-07 - acc: 1.0000 - val_loss: 6.2903 - val_acc: 0.5000
Epoch 130/500
Epoch 00129: val_acc did not improve
1s - loss: 1.8456e-07 - acc: 1.0000 - val_loss: 6.2894 - val_acc: 0.5000
Epoch 131/500
Epoch 00130: val_acc did not improve
1s - loss: 1.9255e-07 - acc: 1.0000 - val_loss: 6.2845 - val_acc: 0.5000
Epoch 132/500
Epoch 00131: val_acc did not improve
1s - loss: 1.8404e-07 - acc: 1.0000 - val_loss: 6.2931 - val_acc: 0.5000
Epoch 133/500
Epoch 00132: val_acc did not improve
1s - loss: 1.8027e-07 - acc: 1.0000 - val_loss: 6.2948 - val_acc: 0.5000
Epoch 134/500
Epoch 00133: val_acc did not improve
1s - loss: 1.7655e-07 - acc: 1.0000 - val_loss: 6.2968 - val_acc: 0.5000
Epoch 135/500
Epoch 00134: val_acc did not improve
1s - loss: 1.7707e-07 - acc: 1.0000 - val_loss: 6.2968 - val_acc: 0.5000
Epoch 136/500
Epoch 00135: val_acc did not improve
1s - loss: 1.7335e-07 - acc: 1.0000 - val_loss: 6.2998 - val_acc: 0.5000
Epoch 137/500
Epoch 00136: val_acc did not improve
1s - loss: 1.7015e-07 - acc: 1.0000 - val_loss: 6.3009 - val_acc: 0.5000
Epoch 138/500
Epoch 00137: val_acc did not improve
1s - loss: 1.6750e-07 - acc: 1.0000 - val_loss: 6.3026 - val_acc: 0.5000
Epoch 139/500
Epoch 00138: val_acc did not improve
1s - loss: 1.6641e-07 - acc: 1.0000 - val_loss: 6.3037 - val_acc: 0.5000
Epoch 140/500
Epoch 00139: val_acc did not improve
1s - loss: 1.6375e-07 - acc: 1.0000 - val_loss: 6.3057 - val_acc: 0.5000
Epoch 141/500
Epoch 00140: val_acc did not improve
1s - loss: 1.6272e-07 - acc: 1.0000 - val_loss: 6.3066 - val_acc: 0.5000
Epoch 142/500
Epoch 00141: val_acc did not improve
1s - loss: 1.6055e-07 - acc: 1.0000 - val_loss: 6.3113 - val_acc: 0.5000
Epoch 143/500
Epoch 00142: val_acc did not improve
1s - loss: 1.6001e-07 - acc: 1.0000 - val_loss: 6.3103 - val_acc: 0.5000
Epoch 144/500
Epoch 00143: val_acc did not improve
1s - loss: 1.5630e-07 - acc: 1.0000 - val_loss: 6.3129 - val_acc: 0.5000
Epoch 145/500
Epoch 00144: val_acc did not improve
1s - loss: 1.5417e-07 - acc: 1.0000 - val_loss: 6.3150 - val_acc: 0.5000
Epoch 146/500
Epoch 00145: val_acc did not improve
1s - loss: 1.5259e-07 - acc: 1.0000 - val_loss: 6.3140 - val_acc: 0.5000
Epoch 147/500
Epoch 00146: val_acc did not improve
1s - loss: 1.4832e-07 - acc: 1.0000 - val_loss: 6.3178 - val_acc: 0.5000
Epoch 148/500
Epoch 00147: val_acc did not improve
1s - loss: 1.5044e-07 - acc: 1.0000 - val_loss: 6.3180 - val_acc: 0.5000
Epoch 149/500
Epoch 00148: val_acc did not improve
1s - loss: 1.4833e-07 - acc: 1.0000 - val_loss: 6.3157 - val_acc: 0.5000
Epoch 150/500
Epoch 00149: val_acc did not improve
1s - loss: 1.4460e-07 - acc: 1.0000 - val_loss: 6.3185 - val_acc: 0.5000
Epoch 151/500
Epoch 00150: val_acc did not improve
1s - loss: 1.4301e-07 - acc: 1.0000 - val_loss: 6.3197 - val_acc: 0.5000
Epoch 152/500
Epoch 00151: val_acc did not improve
1s - loss: 1.4457e-07 - acc: 1.0000 - val_loss: 6.3197 - val_acc: 0.5000
Epoch 153/500
Epoch 00152: val_acc did not improve
1s - loss: 1.4193e-07 - acc: 1.0000 - val_loss: 6.3232 - val_acc: 0.5000
Epoch 154/500
Epoch 00153: val_acc did not improve
1s - loss: 1.4085e-07 - acc: 1.0000 - val_loss: 6.3235 - val_acc: 0.5000
Epoch 155/500
Epoch 00154: val_acc did not improve
1s - loss: 1.3767e-07 - acc: 1.0000 - val_loss: 6.3267 - val_acc: 0.5000
Epoch 156/500
Epoch 00155: val_acc did not improve
1s - loss: 1.3607e-07 - acc: 1.0000 - val_loss: 6.3254 - val_acc: 0.5000
Epoch 157/500
Epoch 00156: val_acc did not improve
1s - loss: 1.3608e-07 - acc: 1.0000 - val_loss: 6.3268 - val_acc: 0.5000
Epoch 158/500
Epoch 00157: val_acc did not improve
1s - loss: 1.3181e-07 - acc: 1.0000 - val_loss: 6.3288 - val_acc: 0.5000
Epoch 159/500
Epoch 00158: val_acc did not improve
1s - loss: 1.3074e-07 - acc: 1.0000 - val_loss: 6.3309 - val_acc: 0.5000
Epoch 160/500
Epoch 00159: val_acc did not improve
1s - loss: 1.3127e-07 - acc: 1.0000 - val_loss: 6.3323 - val_acc: 0.5000
Epoch 161/500
Epoch 00160: val_acc did not improve
1s - loss: 1.2860e-07 - acc: 1.0000 - val_loss: 6.3333 - val_acc: 0.5000
Epoch 162/500
Epoch 00161: val_acc did not improve
1s - loss: 1.2913e-07 - acc: 1.0000 - val_loss: 6.3318 - val_acc: 0.5000
Epoch 163/500
Epoch 00162: val_acc did not improve
1s - loss: 1.2808e-07 - acc: 1.0000 - val_loss: 6.3381 - val_acc: 0.5000
Epoch 164/500
Epoch 00163: val_acc did not improve
1s - loss: 1.2754e-07 - acc: 1.0000 - val_loss: 6.3350 - val_acc: 0.5000
Epoch 165/500
Epoch 00164: val_acc did not improve
1s - loss: 1.2326e-07 - acc: 1.0000 - val_loss: 6.3379 - val_acc: 0.5000
Epoch 166/500
Epoch 00165: val_acc did not improve
1s - loss: 1.2166e-07 - acc: 1.0000 - val_loss: 6.3388 - val_acc: 0.5000
Epoch 167/500
Epoch 00166: val_acc did not improve
1s - loss: 1.2112e-07 - acc: 1.0000 - val_loss: 6.3410 - val_acc: 0.5000
Epoch 168/500
Epoch 00167: val_acc did not improve
1s - loss: 1.1952e-07 - acc: 1.0000 - val_loss: 6.3397 - val_acc: 0.5000
Epoch 169/500
Epoch 00168: val_acc did not improve
1s - loss: 1.2112e-07 - acc: 1.0000 - val_loss: 6.3395 - val_acc: 0.5000
Epoch 170/500
Epoch 00169: val_acc did not improve
1s - loss: 1.1899e-07 - acc: 1.0000 - val_loss: 6.3422 - val_acc: 0.5000
Epoch 171/500
Epoch 00170: val_acc did not improve
1s - loss: 1.1898e-07 - acc: 1.0000 - val_loss: 6.3430 - val_acc: 0.5000
Epoch 172/500
Epoch 00171: val_acc did not improve
1s - loss: 1.1685e-07 - acc: 1.0000 - val_loss: 6.3439 - val_acc: 0.5000
Epoch 173/500
Epoch 00172: val_acc did not improve
1s - loss: 1.1526e-07 - acc: 1.0000 - val_loss: 6.3450 - val_acc: 0.5000
Epoch 174/500
Epoch 00173: val_acc did not improve
1s - loss: 1.1419e-07 - acc: 1.0000 - val_loss: 6.3467 - val_acc: 0.5000
Epoch 175/500
Epoch 00174: val_acc did not improve
1s - loss: 1.1631e-07 - acc: 1.0000 - val_loss: 6.3495 - val_acc: 0.5000
Epoch 176/500
Epoch 00175: val_acc did not improve
1s - loss: 1.1365e-07 - acc: 1.0000 - val_loss: 6.3492 - val_acc: 0.5000
Epoch 177/500
Epoch 00176: val_acc did not improve
1s - loss: 1.1153e-07 - acc: 1.0000 - val_loss: 6.3475 - val_acc: 0.5179
Epoch 178/500
Epoch 00177: val_acc did not improve
1s - loss: 1.1206e-07 - acc: 1.0000 - val_loss: 6.3476 - val_acc: 0.5000
Epoch 179/500
Epoch 00178: val_acc did not improve
1s - loss: 1.0941e-07 - acc: 1.0000 - val_loss: 6.3480 - val_acc: 0.5000
Epoch 180/500
Epoch 00179: val_acc did not improve
1s - loss: 1.0832e-07 - acc: 1.0000 - val_loss: 6.3492 - val_acc: 0.5000
Epoch 181/500
Epoch 00180: val_acc did not improve
1s - loss: 1.0833e-07 - acc: 1.0000 - val_loss: 6.3497 - val_acc: 0.5000
Epoch 182/500
Epoch 00181: val_acc did not improve
1s - loss: 1.0726e-07 - acc: 1.0000 - val_loss: 6.3517 - val_acc: 0.5000
Epoch 183/500
Epoch 00182: val_acc did not improve
1s - loss: 1.0832e-07 - acc: 1.0000 - val_loss: 6.3502 - val_acc: 0.5000
Epoch 184/500
Epoch 00183: val_acc did not improve
1s - loss: 1.0513e-07 - acc: 1.0000 - val_loss: 6.3512 - val_acc: 0.5000
Epoch 185/500
Epoch 00184: val_acc did not improve
1s - loss: 1.0674e-07 - acc: 1.0000 - val_loss: 6.3531 - val_acc: 0.5000
Epoch 186/500
Epoch 00185: val_acc did not improve
1s - loss: 1.0355e-07 - acc: 1.0000 - val_loss: 6.3507 - val_acc: 0.5000
Epoch 187/500
Epoch 00186: val_acc did not improve
1s - loss: 1.0353e-07 - acc: 1.0000 - val_loss: 6.3517 - val_acc: 0.5000
Epoch 188/500
Epoch 00187: val_acc did not improve
1s - loss: 1.0300e-07 - acc: 1.0000 - val_loss: 6.3534 - val_acc: 0.5000
Epoch 189/500
Epoch 00188: val_acc did not improve
1s - loss: 1.0247e-07 - acc: 1.0000 - val_loss: 6.3541 - val_acc: 0.5000
Epoch 190/500
Epoch 00189: val_acc did not improve
1s - loss: 1.0087e-07 - acc: 1.0000 - val_loss: 6.3541 - val_acc: 0.5000
Epoch 191/500
Epoch 00190: val_acc did not improve
1s - loss: 1.0034e-07 - acc: 1.0000 - val_loss: 6.3547 - val_acc: 0.5000
Epoch 192/500
Epoch 00191: val_acc did not improve
1s - loss: 1.0195e-07 - acc: 1.0000 - val_loss: 6.3561 - val_acc: 0.5000
Epoch 193/500
Epoch 00192: val_acc did not improve
1s - loss: 9.9800e-08 - acc: 1.0000 - val_loss: 6.3547 - val_acc: 0.5000
Epoch 194/500
Epoch 00193: val_acc did not improve
1s - loss: 9.8736e-08 - acc: 1.0000 - val_loss: 6.3570 - val_acc: 0.5000
Epoch 195/500
Epoch 00194: val_acc did not improve
1s - loss: 9.7672e-08 - acc: 1.0000 - val_loss: 6.3579 - val_acc: 0.5000
Epoch 196/500
Epoch 00195: val_acc did not improve
1s - loss: 9.9813e-08 - acc: 1.0000 - val_loss: 6.3593 - val_acc: 0.5000
Epoch 197/500
Epoch 00196: val_acc did not improve
1s - loss: 9.6603e-08 - acc: 1.0000 - val_loss: 6.3552 - val_acc: 0.5000
Epoch 198/500
Epoch 00197: val_acc did not improve
1s - loss: 9.5530e-08 - acc: 1.0000 - val_loss: 6.3568 - val_acc: 0.5000
Epoch 199/500
Epoch 00198: val_acc did not improve
1s - loss: 9.4994e-08 - acc: 1.0000 - val_loss: 6.3569 - val_acc: 0.5000
Epoch 200/500
Epoch 00199: val_acc did not improve
1s - loss: 9.5534e-08 - acc: 1.0000 - val_loss: 6.3583 - val_acc: 0.5000
Epoch 201/500
Epoch 00200: val_acc did not improve
1s - loss: 9.4462e-08 - acc: 1.0000 - val_loss: 6.3593 - val_acc: 0.5179
Epoch 202/500
Epoch 00201: val_acc did not improve
1s - loss: 9.6067e-08 - acc: 1.0000 - val_loss: 6.3605 - val_acc: 0.5000
Epoch 203/500
Epoch 00202: val_acc did not improve
1s - loss: 9.3389e-08 - acc: 1.0000 - val_loss: 6.3611 - val_acc: 0.5000
Epoch 204/500
Epoch 00203: val_acc did not improve
1s - loss: 9.2857e-08 - acc: 1.0000 - val_loss: 6.3601 - val_acc: 0.5000
Epoch 205/500
Epoch 00204: val_acc did not improve
1s - loss: 9.2853e-08 - acc: 1.0000 - val_loss: 6.3605 - val_acc: 0.5000
Epoch 206/500
Epoch 00205: val_acc did not improve
1s - loss: 9.1788e-08 - acc: 1.0000 - val_loss: 6.3616 - val_acc: 0.5000
Epoch 207/500
Epoch 00206: val_acc did not improve
1s - loss: 9.0728e-08 - acc: 1.0000 - val_loss: 6.3638 - val_acc: 0.5179
Epoch 208/500
Epoch 00207: val_acc did not improve
1s - loss: 9.1265e-08 - acc: 1.0000 - val_loss: 6.3620 - val_acc: 0.5000
Epoch 209/500
Epoch 00208: val_acc did not improve
1s - loss: 9.1788e-08 - acc: 1.0000 - val_loss: 6.3621 - val_acc: 0.5000
Epoch 210/500
Epoch 00209: val_acc did not improve
1s - loss: 9.0732e-08 - acc: 1.0000 - val_loss: 6.3644 - val_acc: 0.5179
Epoch 211/500
Epoch 00210: val_acc did not improve
1s - loss: 9.1793e-08 - acc: 1.0000 - val_loss: 6.3637 - val_acc: 0.5000
Epoch 212/500
Epoch 00211: val_acc did not improve
1s - loss: 8.9651e-08 - acc: 1.0000 - val_loss: 6.3663 - val_acc: 0.5179
Epoch 213/500
Epoch 00212: val_acc did not improve
1s - loss: 8.7527e-08 - acc: 1.0000 - val_loss: 6.3645 - val_acc: 0.5000
Epoch 214/500
Epoch 00213: val_acc did not improve
1s - loss: 8.7514e-08 - acc: 1.0000 - val_loss: 6.3639 - val_acc: 0.5000
Epoch 215/500
Epoch 00214: val_acc did not improve
1s - loss: 8.7510e-08 - acc: 1.0000 - val_loss: 6.3651 - val_acc: 0.5000
Epoch 216/500
Epoch 00215: val_acc did not improve
1s - loss: 8.7523e-08 - acc: 1.0000 - val_loss: 6.3671 - val_acc: 0.5000
Epoch 217/500
Epoch 00216: val_acc did not improve
1s - loss: 8.6990e-08 - acc: 1.0000 - val_loss: 6.3658 - val_acc: 0.5000
Epoch 218/500
Epoch 00217: val_acc did not improve
1s - loss: 8.6990e-08 - acc: 1.0000 - val_loss: 6.3675 - val_acc: 0.5000
Epoch 219/500
Epoch 00218: val_acc did not improve
1s - loss: 8.6454e-08 - acc: 1.0000 - val_loss: 6.3648 - val_acc: 0.5000
Epoch 220/500
Epoch 00219: val_acc did not improve
1s - loss: 8.5913e-08 - acc: 1.0000 - val_loss: 6.3657 - val_acc: 0.5000
Epoch 221/500
Epoch 00220: val_acc did not improve
1s - loss: 8.4837e-08 - acc: 1.0000 - val_loss: 6.3650 - val_acc: 0.5000
Epoch 222/500
Epoch 00221: val_acc did not improve
1s - loss: 8.5918e-08 - acc: 1.0000 - val_loss: 6.3679 - val_acc: 0.5179
Epoch 223/500
Epoch 00222: val_acc did not improve
1s - loss: 8.5369e-08 - acc: 1.0000 - val_loss: 6.3675 - val_acc: 0.5179
Epoch 224/500
Epoch 00223: val_acc did not improve
1s - loss: 8.2163e-08 - acc: 1.0000 - val_loss: 6.3681 - val_acc: 0.5179
Epoch 225/500
Epoch 00224: val_acc did not improve
1s - loss: 8.4321e-08 - acc: 1.0000 - val_loss: 6.3694 - val_acc: 0.5179
Epoch 226/500
Epoch 00225: val_acc did not improve
1s - loss: 8.1639e-08 - acc: 1.0000 - val_loss: 6.3685 - val_acc: 0.5000
Epoch 227/500
Epoch 00226: val_acc did not improve
1s - loss: 8.2700e-08 - acc: 1.0000 - val_loss: 6.3705 - val_acc: 0.5000
Epoch 228/500
Epoch 00227: val_acc did not improve
1s - loss: 8.3244e-08 - acc: 1.0000 - val_loss: 6.3696 - val_acc: 0.5000
Epoch 229/500
Epoch 00228: val_acc did not improve
1s - loss: 8.1107e-08 - acc: 1.0000 - val_loss: 6.3702 - val_acc: 0.5000
Epoch 230/500
Epoch 00229: val_acc did not improve
1s - loss: 8.1107e-08 - acc: 1.0000 - val_loss: 6.3725 - val_acc: 0.5179
Epoch 231/500
Epoch 00230: val_acc did not improve
1s - loss: 7.9506e-08 - acc: 1.0000 - val_loss: 6.3718 - val_acc: 0.5000
Epoch 232/500
Epoch 00231: val_acc did not improve
1s - loss: 8.0575e-08 - acc: 1.0000 - val_loss: 6.3734 - val_acc: 0.5179
Epoch 233/500
Epoch 00232: val_acc did not improve
1s - loss: 8.2712e-08 - acc: 1.0000 - val_loss: 6.3709 - val_acc: 0.5179
Epoch 234/500
Epoch 00233: val_acc did not improve
1s - loss: 8.1639e-08 - acc: 1.0000 - val_loss: 6.3733 - val_acc: 0.5000
Epoch 235/500
Epoch 00234: val_acc did not improve
1s - loss: 8.2180e-08 - acc: 1.0000 - val_loss: 6.3733 - val_acc: 0.5179
Epoch 236/500
Epoch 00235: val_acc did not improve
1s - loss: 8.1627e-08 - acc: 1.0000 - val_loss: 6.3736 - val_acc: 0.5000
Epoch 237/500
Epoch 00236: val_acc did not improve
1s - loss: 8.1111e-08 - acc: 1.0000 - val_loss: 6.3770 - val_acc: 0.5179
Epoch 238/500
Epoch 00237: val_acc did not improve
1s - loss: 7.8446e-08 - acc: 1.0000 - val_loss: 6.3747 - val_acc: 0.5000
Epoch 239/500
Epoch 00238: val_acc did not improve
1s - loss: 7.8974e-08 - acc: 1.0000 - val_loss: 6.3761 - val_acc: 0.5000
Epoch 240/500
Epoch 00239: val_acc did not improve
1s - loss: 7.8978e-08 - acc: 1.0000 - val_loss: 6.3789 - val_acc: 0.5179
Epoch 241/500
Epoch 00240: val_acc did not improve
1s - loss: 8.0043e-08 - acc: 1.0000 - val_loss: 6.3764 - val_acc: 0.5179
Epoch 242/500
Epoch 00241: val_acc did not improve
1s - loss: 7.8974e-08 - acc: 1.0000 - val_loss: 6.3764 - val_acc: 0.5179
Epoch 243/500
Epoch 00242: val_acc did not improve
1s - loss: 7.8446e-08 - acc: 1.0000 - val_loss: 6.3787 - val_acc: 0.5179
Epoch 244/500
Epoch 00243: val_acc did not improve
1s - loss: 7.7369e-08 - acc: 1.0000 - val_loss: 6.3774 - val_acc: 0.5357
Epoch 245/500
Epoch 00244: val_acc did not improve
1s - loss: 7.8442e-08 - acc: 1.0000 - val_loss: 6.3781 - val_acc: 0.5179
Epoch 246/500
Epoch 00245: val_acc did not improve
1s - loss: 7.7373e-08 - acc: 1.0000 - val_loss: 6.3791 - val_acc: 0.5357
Epoch 247/500
Epoch 00246: val_acc did not improve
1s - loss: 7.7378e-08 - acc: 1.0000 - val_loss: 6.3800 - val_acc: 0.5179
Epoch 248/500
Epoch 00247: val_acc did not improve
1s - loss: 7.7378e-08 - acc: 1.0000 - val_loss: 6.3789 - val_acc: 0.5179
Epoch 249/500
Epoch 00248: val_acc did not improve
1s - loss: 7.7378e-08 - acc: 1.0000 - val_loss: 6.3802 - val_acc: 0.5357
Epoch 250/500
Epoch 00249: val_acc did not improve
1s - loss: 7.6305e-08 - acc: 1.0000 - val_loss: 6.3806 - val_acc: 0.5179
Epoch 251/500
Epoch 00250: val_acc did not improve
1s - loss: 7.6305e-08 - acc: 1.0000 - val_loss: 6.3816 - val_acc: 0.5179
Epoch 252/500
Epoch 00251: val_acc did not improve
1s - loss: 7.5232e-08 - acc: 1.0000 - val_loss: 6.3793 - val_acc: 0.5179
Epoch 253/500
Epoch 00252: val_acc did not improve
1s - loss: 7.6841e-08 - acc: 1.0000 - val_loss: 6.3810 - val_acc: 0.5179
Epoch 254/500
Epoch 00253: val_acc did not improve
1s - loss: 7.6305e-08 - acc: 1.0000 - val_loss: 6.3817 - val_acc: 0.5357
Epoch 255/500
Epoch 00254: val_acc did not improve
1s - loss: 7.6305e-08 - acc: 1.0000 - val_loss: 6.3820 - val_acc: 0.5179
Epoch 256/500
Epoch 00255: val_acc did not improve
1s - loss: 7.5769e-08 - acc: 1.0000 - val_loss: 6.3816 - val_acc: 0.5179
Epoch 257/500
Epoch 00256: val_acc did not improve
1s - loss: 7.4696e-08 - acc: 1.0000 - val_loss: 6.3806 - val_acc: 0.5179
Epoch 258/500
Epoch 00257: val_acc did not improve
1s - loss: 7.6305e-08 - acc: 1.0000 - val_loss: 6.3820 - val_acc: 0.5357
Epoch 259/500
Epoch 00258: val_acc did not improve
1s - loss: 7.5769e-08 - acc: 1.0000 - val_loss: 6.3833 - val_acc: 0.5357
Epoch 260/500
Epoch 00259: val_acc did not improve
1s - loss: 7.6305e-08 - acc: 1.0000 - val_loss: 6.3837 - val_acc: 0.5357
Epoch 261/500
Epoch 00260: val_acc did not improve
1s - loss: 7.5232e-08 - acc: 1.0000 - val_loss: 6.3843 - val_acc: 0.5179
Epoch 262/500
Epoch 00261: val_acc did not improve
1s - loss: 7.4696e-08 - acc: 1.0000 - val_loss: 6.3880 - val_acc: 0.5357
Epoch 263/500
Epoch 00262: val_acc did not improve
1s - loss: 7.5232e-08 - acc: 1.0000 - val_loss: 6.3854 - val_acc: 0.5357
Epoch 264/500
Epoch 00263: val_acc did not improve
1s - loss: 7.3623e-08 - acc: 1.0000 - val_loss: 6.3846 - val_acc: 0.5179
Epoch 265/500
Epoch 00264: val_acc did not improve
1s - loss: 7.3087e-08 - acc: 1.0000 - val_loss: 6.3865 - val_acc: 0.5357
Epoch 266/500
Epoch 00265: val_acc did not improve
1s - loss: 7.4160e-08 - acc: 1.0000 - val_loss: 6.3867 - val_acc: 0.5357
Epoch 267/500
Epoch 00266: val_acc did not improve
1s - loss: 7.3632e-08 - acc: 1.0000 - val_loss: 6.3861 - val_acc: 0.5179
Epoch 268/500
Epoch 00267: val_acc did not improve
1s - loss: 7.4160e-08 - acc: 1.0000 - val_loss: 6.3888 - val_acc: 0.5357
Epoch 269/500
Epoch 00268: val_acc did not improve
1s - loss: 7.3623e-08 - acc: 1.0000 - val_loss: 6.3893 - val_acc: 0.5357
Epoch 270/500
Epoch 00269: val_acc did not improve
1s - loss: 7.3095e-08 - acc: 1.0000 - val_loss: 6.3864 - val_acc: 0.5179
Epoch 271/500
Epoch 00270: val_acc did not improve
1s - loss: 7.3623e-08 - acc: 1.0000 - val_loss: 6.3892 - val_acc: 0.5357
Epoch 272/500
Epoch 00271: val_acc did not improve
1s - loss: 7.4168e-08 - acc: 1.0000 - val_loss: 6.3888 - val_acc: 0.5357
Epoch 273/500
Epoch 00272: val_acc did not improve
1s - loss: 7.3087e-08 - acc: 1.0000 - val_loss: 6.3886 - val_acc: 0.5179
Epoch 274/500
Epoch 00273: val_acc did not improve
1s - loss: 7.2014e-08 - acc: 1.0000 - val_loss: 6.3900 - val_acc: 0.5357
Epoch 275/500
Epoch 00274: val_acc did not improve
1s - loss: 7.4160e-08 - acc: 1.0000 - val_loss: 6.3933 - val_acc: 0.5357
Epoch 276/500
Epoch 00275: val_acc did not improve
1s - loss: 7.1486e-08 - acc: 1.0000 - val_loss: 6.3915 - val_acc: 0.5357
Epoch 277/500
Epoch 00276: val_acc did not improve
1s - loss: 7.2550e-08 - acc: 1.0000 - val_loss: 6.3885 - val_acc: 0.5179
Epoch 278/500
Epoch 00277: val_acc did not improve
1s - loss: 7.2550e-08 - acc: 1.0000 - val_loss: 6.3939 - val_acc: 0.5357
Epoch 279/500
Epoch 00278: val_acc did not improve
1s - loss: 7.0950e-08 - acc: 1.0000 - val_loss: 6.3928 - val_acc: 0.5357
Epoch 280/500
Epoch 00279: val_acc did not improve
1s - loss: 7.0950e-08 - acc: 1.0000 - val_loss: 6.3876 - val_acc: 0.5179
Epoch 281/500
Epoch 00280: val_acc did not improve
1s - loss: 7.3087e-08 - acc: 1.0000 - val_loss: 6.3952 - val_acc: 0.5536
Epoch 282/500
Epoch 00281: val_acc did not improve
1s - loss: 7.1486e-08 - acc: 1.0000 - val_loss: 6.3916 - val_acc: 0.5357
Epoch 283/500
Epoch 00282: val_acc did not improve
1s - loss: 7.0950e-08 - acc: 1.0000 - val_loss: 6.3926 - val_acc: 0.5357
Epoch 284/500
Epoch 00283: val_acc did not improve
1s - loss: 7.1486e-08 - acc: 1.0000 - val_loss: 6.3943 - val_acc: 0.5357
Epoch 285/500
Epoch 00284: val_acc did not improve
1s - loss: 7.0950e-08 - acc: 1.0000 - val_loss: 6.3929 - val_acc: 0.5357
Epoch 286/500
Epoch 00285: val_acc did not improve
1s - loss: 7.0950e-08 - acc: 1.0000 - val_loss: 6.3928 - val_acc: 0.5357
Epoch 287/500
Epoch 00286: val_acc did not improve
1s - loss: 7.0950e-08 - acc: 1.0000 - val_loss: 6.3911 - val_acc: 0.5357
Epoch 288/500
Epoch 00287: val_acc did not improve
1s - loss: 7.0950e-08 - acc: 1.0000 - val_loss: 6.3936 - val_acc: 0.5357
Epoch 289/500
Epoch 00288: val_acc did not improve
1s - loss: 7.0413e-08 - acc: 1.0000 - val_loss: 6.3945 - val_acc: 0.5357
Epoch 290/500
Epoch 00289: val_acc did not improve
1s - loss: 7.0418e-08 - acc: 1.0000 - val_loss: 6.3955 - val_acc: 0.5357
Epoch 291/500
Epoch 00290: val_acc did not improve
1s - loss: 7.0950e-08 - acc: 1.0000 - val_loss: 6.3984 - val_acc: 0.5536
Epoch 292/500
Epoch 00291: val_acc did not improve
1s - loss: 7.0413e-08 - acc: 1.0000 - val_loss: 6.3949 - val_acc: 0.5357
Epoch 293/500
Epoch 00292: val_acc did not improve
1s - loss: 7.0418e-08 - acc: 1.0000 - val_loss: 6.3940 - val_acc: 0.5357
Epoch 294/500
Epoch 00293: val_acc did not improve
1s - loss: 7.0418e-08 - acc: 1.0000 - val_loss: 6.3969 - val_acc: 0.5536
Epoch 295/500
Epoch 00294: val_acc did not improve
1s - loss: 7.0950e-08 - acc: 1.0000 - val_loss: 6.3949 - val_acc: 0.5357
Epoch 296/500
Epoch 00295: val_acc did not improve
1s - loss: 7.0954e-08 - acc: 1.0000 - val_loss: 6.3967 - val_acc: 0.5357
Epoch 297/500
Epoch 00296: val_acc did not improve
1s - loss: 7.0418e-08 - acc: 1.0000 - val_loss: 6.3971 - val_acc: 0.5357
Epoch 298/500
Epoch 00297: val_acc did not improve
1s - loss: 7.2027e-08 - acc: 1.0000 - val_loss: 6.3993 - val_acc: 0.5357
Epoch 299/500
Epoch 00298: val_acc did not improve
1s - loss: 6.9881e-08 - acc: 1.0000 - val_loss: 6.4042 - val_acc: 0.5536
Epoch 300/500
Epoch 00299: val_acc did not improve
1s - loss: 7.0418e-08 - acc: 1.0000 - val_loss: 6.3997 - val_acc: 0.5536
Epoch 301/500
Epoch 00300: val_acc did not improve
1s - loss: 6.9881e-08 - acc: 1.0000 - val_loss: 6.3949 - val_acc: 0.5357
Epoch 302/500
Epoch 00301: val_acc did not improve
1s - loss: 7.0413e-08 - acc: 1.0000 - val_loss: 6.3932 - val_acc: 0.5357
Epoch 303/500
Epoch 00302: val_acc did not improve
1s - loss: 7.0418e-08 - acc: 1.0000 - val_loss: 6.3982 - val_acc: 0.5357
Epoch 304/500
Epoch 00303: val_acc did not improve
1s - loss: 6.9881e-08 - acc: 1.0000 - val_loss: 6.3987 - val_acc: 0.5536
Epoch 305/500
Epoch 00304: val_acc did not improve
1s - loss: 7.0418e-08 - acc: 1.0000 - val_loss: 6.3926 - val_acc: 0.5357
Epoch 306/500
Epoch 00305: val_acc did not improve
1s - loss: 6.9881e-08 - acc: 1.0000 - val_loss: 6.3917 - val_acc: 0.5357
Epoch 307/500
Epoch 00306: val_acc did not improve
1s - loss: 7.0418e-08 - acc: 1.0000 - val_loss: 6.4027 - val_acc: 0.5536
Epoch 308/500
Epoch 00307: val_acc did not improve
1s - loss: 7.0418e-08 - acc: 1.0000 - val_loss: 6.3977 - val_acc: 0.5357
Epoch 309/500
Epoch 00308: val_acc did not improve
1s - loss: 6.9881e-08 - acc: 1.0000 - val_loss: 6.3983 - val_acc: 0.5357
Epoch 310/500
Epoch 00309: val_acc did not improve
1s - loss: 6.9881e-08 - acc: 1.0000 - val_loss: 6.3958 - val_acc: 0.5357
Epoch 311/500
Epoch 00310: val_acc did not improve
1s - loss: 6.9881e-08 - acc: 1.0000 - val_loss: 6.3971 - val_acc: 0.5357
Epoch 312/500
Epoch 00311: val_acc did not improve
1s - loss: 6.9881e-08 - acc: 1.0000 - val_loss: 6.4015 - val_acc: 0.5536
Epoch 313/500
Epoch 00312: val_acc did not improve
1s - loss: 6.9881e-08 - acc: 1.0000 - val_loss: 6.3974 - val_acc: 0.5357
Epoch 314/500
Epoch 00313: val_acc did not improve
1s - loss: 6.9881e-08 - acc: 1.0000 - val_loss: 6.3937 - val_acc: 0.5179
Epoch 315/500
Epoch 00314: val_acc did not improve
1s - loss: 6.9881e-08 - acc: 1.0000 - val_loss: 6.4012 - val_acc: 0.5536
Epoch 316/500
Epoch 00315: val_acc did not improve
1s - loss: 6.9881e-08 - acc: 1.0000 - val_loss: 6.3994 - val_acc: 0.5357
Epoch 317/500
Epoch 00316: val_acc did not improve
1s - loss: 6.9881e-08 - acc: 1.0000 - val_loss: 6.3930 - val_acc: 0.5357
Epoch 318/500
Epoch 00317: val_acc did not improve
1s - loss: 6.9881e-08 - acc: 1.0000 - val_loss: 6.4015 - val_acc: 0.5536
Epoch 319/500
Epoch 00318: val_acc did not improve
1s - loss: 6.9881e-08 - acc: 1.0000 - val_loss: 6.3982 - val_acc: 0.5357
Epoch 320/500
Epoch 00319: val_acc did not improve
1s - loss: 6.9881e-08 - acc: 1.0000 - val_loss: 6.3976 - val_acc: 0.5357
Epoch 321/500
Epoch 00320: val_acc did not improve
1s - loss: 6.9881e-08 - acc: 1.0000 - val_loss: 6.3946 - val_acc: 0.5357
Epoch 322/500
Epoch 00321: val_acc did not improve
1s - loss: 6.9881e-08 - acc: 1.0000 - val_loss: 6.3970 - val_acc: 0.5536
Epoch 323/500
Epoch 00322: val_acc did not improve
1s - loss: 6.9881e-08 - acc: 1.0000 - val_loss: 6.3998 - val_acc: 0.5536
Epoch 324/500
Epoch 00323: val_acc did not improve
1s - loss: 6.9349e-08 - acc: 1.0000 - val_loss: 6.3956 - val_acc: 0.5357
Epoch 325/500
Epoch 00324: val_acc did not improve
1s - loss: 6.9881e-08 - acc: 1.0000 - val_loss: 6.3943 - val_acc: 0.5357
Epoch 326/500
Epoch 00325: val_acc did not improve
1s - loss: 6.9881e-08 - acc: 1.0000 - val_loss: 6.3979 - val_acc: 0.5536
Epoch 327/500
Epoch 00326: val_acc did not improve
1s - loss: 6.9349e-08 - acc: 1.0000 - val_loss: 6.4005 - val_acc: 0.5536
Epoch 328/500
Epoch 00327: val_acc did not improve
1s - loss: 6.9881e-08 - acc: 1.0000 - val_loss: 6.3948 - val_acc: 0.5357
Epoch 329/500
Epoch 00328: val_acc did not improve
1s - loss: 6.9349e-08 - acc: 1.0000 - val_loss: 6.3974 - val_acc: 0.5357
Epoch 330/500
Epoch 00329: val_acc did not improve
1s - loss: 6.9349e-08 - acc: 1.0000 - val_loss: 6.4004 - val_acc: 0.5536
Epoch 331/500
Epoch 00330: val_acc did not improve
1s - loss: 6.9881e-08 - acc: 1.0000 - val_loss: 6.4044 - val_acc: 0.5536
Epoch 332/500
Epoch 00331: val_acc did not improve
1s - loss: 6.9881e-08 - acc: 1.0000 - val_loss: 6.3968 - val_acc: 0.5179
Epoch 333/500
Epoch 00332: val_acc did not improve
1s - loss: 6.9349e-08 - acc: 1.0000 - val_loss: 6.4026 - val_acc: 0.5536
Epoch 334/500
Epoch 00333: val_acc did not improve
1s - loss: 6.9881e-08 - acc: 1.0000 - val_loss: 6.4048 - val_acc: 0.5536
Epoch 335/500
Epoch 00334: val_acc did not improve
1s - loss: 6.9349e-08 - acc: 1.0000 - val_loss: 6.4047 - val_acc: 0.5536
Epoch 336/500
Epoch 00335: val_acc did not improve
1s - loss: 6.9349e-08 - acc: 1.0000 - val_loss: 6.4007 - val_acc: 0.5357
Epoch 337/500
Epoch 00336: val_acc did not improve
1s - loss: 6.9349e-08 - acc: 1.0000 - val_loss: 6.3990 - val_acc: 0.5357
Epoch 338/500
Epoch 00337: val_acc did not improve
1s - loss: 6.9349e-08 - acc: 1.0000 - val_loss: 6.3950 - val_acc: 0.5179
Epoch 339/500
Epoch 00338: val_acc did not improve
1s - loss: 6.9349e-08 - acc: 1.0000 - val_loss: 6.4022 - val_acc: 0.5357
Epoch 340/500
Epoch 00339: val_acc did not improve
1s - loss: 6.9349e-08 - acc: 1.0000 - val_loss: 6.4035 - val_acc: 0.5536
Epoch 341/500
Epoch 00340: val_acc did not improve
1s - loss: 6.9349e-08 - acc: 1.0000 - val_loss: 6.3997 - val_acc: 0.5357
Epoch 342/500
Epoch 00341: val_acc did not improve
1s - loss: 6.9349e-08 - acc: 1.0000 - val_loss: 6.4011 - val_acc: 0.5357
Epoch 343/500
Epoch 00342: val_acc did not improve
1s - loss: 6.9349e-08 - acc: 1.0000 - val_loss: 6.4052 - val_acc: 0.5536
Epoch 344/500
Epoch 00343: val_acc did not improve
1s - loss: 6.9349e-08 - acc: 1.0000 - val_loss: 6.4003 - val_acc: 0.5179
Epoch 345/500
Epoch 00344: val_acc did not improve
1s - loss: 6.9349e-08 - acc: 1.0000 - val_loss: 6.4024 - val_acc: 0.5357
Epoch 346/500
Epoch 00345: val_acc did not improve
1s - loss: 6.9349e-08 - acc: 1.0000 - val_loss: 6.3998 - val_acc: 0.5357
Epoch 347/500
Epoch 00346: val_acc did not improve
1s - loss: 6.8813e-08 - acc: 1.0000 - val_loss: 6.4114 - val_acc: 0.5536
Epoch 348/500
Epoch 00347: val_acc did not improve
1s - loss: 6.9349e-08 - acc: 1.0000 - val_loss: 6.4007 - val_acc: 0.5179
Epoch 349/500
Epoch 00348: val_acc did not improve
1s - loss: 6.8813e-08 - acc: 1.0000 - val_loss: 6.4028 - val_acc: 0.5536
Epoch 350/500
Epoch 00349: val_acc did not improve
1s - loss: 6.8813e-08 - acc: 1.0000 - val_loss: 6.4006 - val_acc: 0.5179
Epoch 351/500
Epoch 00350: val_acc did not improve
1s - loss: 6.9349e-08 - acc: 1.0000 - val_loss: 6.4018 - val_acc: 0.5357
Epoch 352/500
Epoch 00351: val_acc did not improve
1s - loss: 6.8813e-08 - acc: 1.0000 - val_loss: 6.4128 - val_acc: 0.5536
Epoch 353/500
Epoch 00352: val_acc did not improve
1s - loss: 6.8276e-08 - acc: 1.0000 - val_loss: 6.4028 - val_acc: 0.5179
Epoch 354/500
Epoch 00353: val_acc did not improve
1s - loss: 6.8813e-08 - acc: 1.0000 - val_loss: 6.4081 - val_acc: 0.5536
Epoch 355/500
Epoch 00354: val_acc did not improve
1s - loss: 6.8813e-08 - acc: 1.0000 - val_loss: 6.4159 - val_acc: 0.5536
Epoch 356/500
Epoch 00355: val_acc did not improve
1s - loss: 6.8813e-08 - acc: 1.0000 - val_loss: 6.4056 - val_acc: 0.5179
Epoch 357/500
Epoch 00356: val_acc did not improve
1s - loss: 6.8813e-08 - acc: 1.0000 - val_loss: 6.4076 - val_acc: 0.5179
Epoch 358/500
Epoch 00357: val_acc did not improve
1s - loss: 6.9349e-08 - acc: 1.0000 - val_loss: 6.4137 - val_acc: 0.5536
Epoch 359/500
Epoch 00358: val_acc did not improve
1s - loss: 6.8276e-08 - acc: 1.0000 - val_loss: 6.4115 - val_acc: 0.5179
Epoch 360/500
Epoch 00359: val_acc did not improve
1s - loss: 6.8813e-08 - acc: 1.0000 - val_loss: 6.4130 - val_acc: 0.5536
Epoch 361/500
Epoch 00360: val_acc did not improve
1s - loss: 6.8813e-08 - acc: 1.0000 - val_loss: 6.4122 - val_acc: 0.5536
Epoch 362/500
Epoch 00361: val_acc did not improve
1s - loss: 6.8276e-08 - acc: 1.0000 - val_loss: 6.4084 - val_acc: 0.5357
Epoch 363/500
Epoch 00362: val_acc did not improve
1s - loss: 6.8813e-08 - acc: 1.0000 - val_loss: 6.4093 - val_acc: 0.5536
Epoch 364/500
Epoch 00363: val_acc did not improve
1s - loss: 6.8276e-08 - acc: 1.0000 - val_loss: 6.4134 - val_acc: 0.5536
Epoch 365/500
Epoch 00364: val_acc did not improve
1s - loss: 6.8276e-08 - acc: 1.0000 - val_loss: 6.4093 - val_acc: 0.5357
Epoch 366/500
Epoch 00365: val_acc did not improve
1s - loss: 6.8813e-08 - acc: 1.0000 - val_loss: 6.4070 - val_acc: 0.5179
Epoch 367/500
Epoch 00366: val_acc did not improve
1s - loss: 6.8813e-08 - acc: 1.0000 - val_loss: 6.4167 - val_acc: 0.5536
Epoch 368/500
Epoch 00367: val_acc did not improve
1s - loss: 6.8276e-08 - acc: 1.0000 - val_loss: 6.4127 - val_acc: 0.5179
Epoch 369/500
Epoch 00368: val_acc did not improve
1s - loss: 6.8276e-08 - acc: 1.0000 - val_loss: 6.4218 - val_acc: 0.5536
Epoch 370/500
Epoch 00369: val_acc did not improve
1s - loss: 6.8276e-08 - acc: 1.0000 - val_loss: 6.4094 - val_acc: 0.5179
Epoch 371/500
Epoch 00370: val_acc did not improve
1s - loss: 6.8813e-08 - acc: 1.0000 - val_loss: 6.4104 - val_acc: 0.5179
Epoch 372/500
Epoch 00371: val_acc did not improve
1s - loss: 6.8276e-08 - acc: 1.0000 - val_loss: 6.4176 - val_acc: 0.5536
Epoch 373/500
Epoch 00372: val_acc did not improve
1s - loss: 6.8276e-08 - acc: 1.0000 - val_loss: 6.4166 - val_acc: 0.5179
Epoch 374/500
Epoch 00373: val_acc did not improve
1s - loss: 6.8813e-08 - acc: 1.0000 - val_loss: 6.4235 - val_acc: 0.5536
Epoch 375/500
Epoch 00374: val_acc did not improve
1s - loss: 6.8276e-08 - acc: 1.0000 - val_loss: 6.4202 - val_acc: 0.5536
Epoch 376/500
Epoch 00375: val_acc did not improve
1s - loss: 6.8276e-08 - acc: 1.0000 - val_loss: 6.4183 - val_acc: 0.5179
Epoch 377/500
Epoch 00376: val_acc did not improve
1s - loss: 6.8276e-08 - acc: 1.0000 - val_loss: 6.4208 - val_acc: 0.5536
Epoch 378/500
Epoch 00377: val_acc did not improve
1s - loss: 6.8813e-08 - acc: 1.0000 - val_loss: 6.4199 - val_acc: 0.5536
Epoch 379/500
Epoch 00378: val_acc did not improve
1s - loss: 6.8276e-08 - acc: 1.0000 - val_loss: 6.4237 - val_acc: 0.5536
Epoch 380/500
Epoch 00379: val_acc did not improve
1s - loss: 6.8276e-08 - acc: 1.0000 - val_loss: 6.4266 - val_acc: 0.5536
Epoch 381/500
Epoch 00380: val_acc did not improve
1s - loss: 6.8276e-08 - acc: 1.0000 - val_loss: 6.4214 - val_acc: 0.5179
Epoch 382/500
Epoch 00381: val_acc did not improve
1s - loss: 6.8276e-08 - acc: 1.0000 - val_loss: 6.4270 - val_acc: 0.5536
Epoch 383/500
Epoch 00382: val_acc did not improve
1s - loss: 6.8276e-08 - acc: 1.0000 - val_loss: 6.4203 - val_acc: 0.5179
Epoch 384/500
Epoch 00383: val_acc did not improve
1s - loss: 6.8276e-08 - acc: 1.0000 - val_loss: 6.4273 - val_acc: 0.5536
Epoch 385/500
Epoch 00384: val_acc did not improve
1s - loss: 6.8276e-08 - acc: 1.0000 - val_loss: 6.4238 - val_acc: 0.5179
Epoch 386/500
Epoch 00385: val_acc did not improve
1s - loss: 6.8276e-08 - acc: 1.0000 - val_loss: 6.4255 - val_acc: 0.5536
Epoch 387/500
Epoch 00386: val_acc did not improve
1s - loss: 6.8276e-08 - acc: 1.0000 - val_loss: 6.4252 - val_acc: 0.5536
Epoch 388/500
Epoch 00387: val_acc did not improve
1s - loss: 6.8276e-08 - acc: 1.0000 - val_loss: 6.4246 - val_acc: 0.5179
Epoch 389/500
Epoch 00388: val_acc did not improve
1s - loss: 6.8276e-08 - acc: 1.0000 - val_loss: 6.4293 - val_acc: 0.5536
Epoch 390/500
Epoch 00389: val_acc did not improve
1s - loss: 6.8276e-08 - acc: 1.0000 - val_loss: 6.4193 - val_acc: 0.5179
Epoch 391/500
Epoch 00390: val_acc did not improve
1s - loss: 6.8276e-08 - acc: 1.0000 - val_loss: 6.4255 - val_acc: 0.5536
Epoch 392/500
Epoch 00391: val_acc did not improve
1s - loss: 6.8276e-08 - acc: 1.0000 - val_loss: 6.4287 - val_acc: 0.5536
Epoch 393/500
Epoch 00392: val_acc did not improve
1s - loss: 6.8276e-08 - acc: 1.0000 - val_loss: 6.4339 - val_acc: 0.5536
Epoch 394/500
Epoch 00393: val_acc did not improve
1s - loss: 6.8276e-08 - acc: 1.0000 - val_loss: 6.4285 - val_acc: 0.5179
Epoch 395/500
Epoch 00394: val_acc did not improve
1s - loss: 6.8276e-08 - acc: 1.0000 - val_loss: 6.4372 - val_acc: 0.5536
Epoch 396/500
Epoch 00395: val_acc did not improve
1s - loss: 6.8276e-08 - acc: 1.0000 - val_loss: 6.4343 - val_acc: 0.5179
Epoch 397/500
Epoch 00396: val_acc did not improve
1s - loss: 6.8276e-08 - acc: 1.0000 - val_loss: 6.4376 - val_acc: 0.5536
Epoch 398/500
Epoch 00397: val_acc did not improve
1s - loss: 6.8276e-08 - acc: 1.0000 - val_loss: 6.4290 - val_acc: 0.5179
Epoch 399/500
Epoch 00398: val_acc did not improve
1s - loss: 6.8276e-08 - acc: 1.0000 - val_loss: 6.4330 - val_acc: 0.5536
Epoch 400/500
Epoch 00399: val_acc did not improve
1s - loss: 6.8276e-08 - acc: 1.0000 - val_loss: 6.4379 - val_acc: 0.5536
Epoch 401/500
Epoch 00400: val_acc did not improve
1s - loss: 6.8276e-08 - acc: 1.0000 - val_loss: 6.4322 - val_acc: 0.5179
Epoch 402/500
Epoch 00401: val_acc did not improve
1s - loss: 6.8276e-08 - acc: 1.0000 - val_loss: 6.4342 - val_acc: 0.5179
Epoch 403/500
Epoch 00402: val_acc did not improve
1s - loss: 6.8276e-08 - acc: 1.0000 - val_loss: 6.4303 - val_acc: 0.5179
Epoch 404/500
Epoch 00403: val_acc did not improve
1s - loss: 6.8276e-08 - acc: 1.0000 - val_loss: 6.4372 - val_acc: 0.5179
Epoch 405/500
Epoch 00404: val_acc did not improve
1s - loss: 6.8276e-08 - acc: 1.0000 - val_loss: 6.4413 - val_acc: 0.5357
Epoch 406/500
Epoch 00405: val_acc did not improve
1s - loss: 6.8276e-08 - acc: 1.0000 - val_loss: 6.4372 - val_acc: 0.5179
Epoch 407/500
Epoch 00406: val_acc did not improve
1s - loss: 6.8276e-08 - acc: 1.0000 - val_loss: 6.4417 - val_acc: 0.5536
Epoch 408/500
Epoch 00407: val_acc did not improve
1s - loss: 6.8276e-08 - acc: 1.0000 - val_loss: 6.4368 - val_acc: 0.5179
Epoch 409/500
Epoch 00408: val_acc did not improve
1s - loss: 6.8276e-08 - acc: 1.0000 - val_loss: 6.4392 - val_acc: 0.5536
Epoch 410/500
Epoch 00409: val_acc did not improve
1s - loss: 6.8276e-08 - acc: 1.0000 - val_loss: 6.4384 - val_acc: 0.5536
Epoch 411/500
Epoch 00410: val_acc did not improve
1s - loss: 6.8276e-08 - acc: 1.0000 - val_loss: 6.4394 - val_acc: 0.5536
Epoch 412/500
Epoch 00411: val_acc did not improve
1s - loss: 6.8276e-08 - acc: 1.0000 - val_loss: 6.4359 - val_acc: 0.5179
Epoch 413/500
Epoch 00412: val_acc did not improve
1s - loss: 6.8276e-08 - acc: 1.0000 - val_loss: 6.4390 - val_acc: 0.5179
Epoch 414/500
Epoch 00413: val_acc did not improve
1s - loss: 6.8276e-08 - acc: 1.0000 - val_loss: 6.4462 - val_acc: 0.5536
Epoch 415/500
Epoch 00414: val_acc did not improve
1s - loss: 6.8276e-08 - acc: 1.0000 - val_loss: 6.4386 - val_acc: 0.5179
Epoch 416/500
Epoch 00415: val_acc did not improve
1s - loss: 6.8276e-08 - acc: 1.0000 - val_loss: 6.4434 - val_acc: 0.5536
Epoch 417/500
Epoch 00416: val_acc did not improve
1s - loss: 6.8276e-08 - acc: 1.0000 - val_loss: 6.4419 - val_acc: 0.5179
Epoch 418/500
Epoch 00417: val_acc did not improve
1s - loss: 6.8276e-08 - acc: 1.0000 - val_loss: 6.4459 - val_acc: 0.5357
Epoch 419/500
Epoch 00418: val_acc did not improve
1s - loss: 6.8276e-08 - acc: 1.0000 - val_loss: 6.4458 - val_acc: 0.5536
Epoch 420/500
Epoch 00419: val_acc did not improve
1s - loss: 6.8276e-08 - acc: 1.0000 - val_loss: 6.4410 - val_acc: 0.5179
Epoch 421/500
Epoch 00420: val_acc did not improve
1s - loss: 6.8276e-08 - acc: 1.0000 - val_loss: 6.4505 - val_acc: 0.5536
Epoch 422/500
Epoch 00421: val_acc did not improve
1s - loss: 6.8276e-08 - acc: 1.0000 - val_loss: 6.4356 - val_acc: 0.5179
Epoch 423/500
Epoch 00422: val_acc did not improve
1s - loss: 6.8276e-08 - acc: 1.0000 - val_loss: 6.4436 - val_acc: 0.5536
Epoch 424/500
Epoch 00423: val_acc did not improve
1s - loss: 6.8276e-08 - acc: 1.0000 - val_loss: 6.4451 - val_acc: 0.5179
Epoch 425/500
Epoch 00424: val_acc did not improve
1s - loss: 6.8276e-08 - acc: 1.0000 - val_loss: 6.4525 - val_acc: 0.5536
Epoch 426/500
Epoch 00425: val_acc did not improve
1s - loss: 6.8276e-08 - acc: 1.0000 - val_loss: 6.4524 - val_acc: 0.5536
Epoch 427/500
Epoch 00426: val_acc did not improve
1s - loss: 6.8276e-08 - acc: 1.0000 - val_loss: 6.4520 - val_acc: 0.5179
Epoch 428/500
Epoch 00427: val_acc did not improve
1s - loss: 6.8276e-08 - acc: 1.0000 - val_loss: 6.4518 - val_acc: 0.5179
Epoch 429/500
Epoch 00428: val_acc did not improve
1s - loss: 6.8276e-08 - acc: 1.0000 - val_loss: 6.4502 - val_acc: 0.5179
Epoch 430/500
Epoch 00429: val_acc did not improve
1s - loss: 6.8276e-08 - acc: 1.0000 - val_loss: 6.4507 - val_acc: 0.5179
Epoch 431/500
Epoch 00430: val_acc did not improve
1s - loss: 6.8276e-08 - acc: 1.0000 - val_loss: 6.4518 - val_acc: 0.5179
Epoch 432/500
Epoch 00431: val_acc did not improve
1s - loss: 6.8276e-08 - acc: 1.0000 - val_loss: 6.4543 - val_acc: 0.5536
Epoch 433/500
Epoch 00432: val_acc did not improve
1s - loss: 6.8276e-08 - acc: 1.0000 - val_loss: 6.4522 - val_acc: 0.5179
Epoch 434/500
Epoch 00433: val_acc did not improve
1s - loss: 6.8276e-08 - acc: 1.0000 - val_loss: 6.4498 - val_acc: 0.5179
Epoch 435/500
Epoch 00434: val_acc did not improve
1s - loss: 6.8276e-08 - acc: 1.0000 - val_loss: 6.4557 - val_acc: 0.5536
Epoch 436/500
Epoch 00435: val_acc did not improve
1s - loss: 6.8276e-08 - acc: 1.0000 - val_loss: 6.4520 - val_acc: 0.5179
Epoch 437/500
Epoch 00436: val_acc did not improve
1s - loss: 6.8276e-08 - acc: 1.0000 - val_loss: 6.4533 - val_acc: 0.5179
Epoch 438/500
Epoch 00437: val_acc did not improve
1s - loss: 6.8276e-08 - acc: 1.0000 - val_loss: 6.4555 - val_acc: 0.5179
Epoch 439/500
Epoch 00438: val_acc did not improve
1s - loss: 6.8276e-08 - acc: 1.0000 - val_loss: 6.4546 - val_acc: 0.5179
Epoch 440/500
Epoch 00439: val_acc did not improve
1s - loss: 6.8276e-08 - acc: 1.0000 - val_loss: 6.4579 - val_acc: 0.5179
Epoch 441/500
Epoch 00440: val_acc did not improve
1s - loss: 6.8276e-08 - acc: 1.0000 - val_loss: 6.4593 - val_acc: 0.5179
Epoch 442/500
Epoch 00441: val_acc did not improve
1s - loss: 6.8276e-08 - acc: 1.0000 - val_loss: 6.4538 - val_acc: 0.5179
Epoch 443/500
Epoch 00442: val_acc did not improve
1s - loss: 6.8276e-08 - acc: 1.0000 - val_loss: 6.4550 - val_acc: 0.5179
Epoch 444/500
Epoch 00443: val_acc did not improve
1s - loss: 6.8276e-08 - acc: 1.0000 - val_loss: 6.4568 - val_acc: 0.5179
Epoch 445/500
Epoch 00444: val_acc did not improve
1s - loss: 6.8276e-08 - acc: 1.0000 - val_loss: 6.4591 - val_acc: 0.5179
Epoch 446/500
Epoch 00445: val_acc did not improve
1s - loss: 6.8276e-08 - acc: 1.0000 - val_loss: 6.4546 - val_acc: 0.5179
Epoch 447/500
Epoch 00446: val_acc did not improve
1s - loss: 6.8276e-08 - acc: 1.0000 - val_loss: 6.4535 - val_acc: 0.5179
Epoch 448/500
Epoch 00447: val_acc did not improve
1s - loss: 6.8276e-08 - acc: 1.0000 - val_loss: 6.4583 - val_acc: 0.5179
Epoch 449/500
Epoch 00448: val_acc did not improve
1s - loss: 6.8276e-08 - acc: 1.0000 - val_loss: 6.4596 - val_acc: 0.5179
Epoch 450/500
Epoch 00449: val_acc did not improve
1s - loss: 6.8276e-08 - acc: 1.0000 - val_loss: 6.4597 - val_acc: 0.5179
Epoch 451/500
Epoch 00450: val_acc did not improve
1s - loss: 6.8276e-08 - acc: 1.0000 - val_loss: 6.4597 - val_acc: 0.5179
Epoch 452/500
Epoch 00451: val_acc did not improve
1s - loss: 6.8276e-08 - acc: 1.0000 - val_loss: 6.4597 - val_acc: 0.5179
Epoch 453/500
Epoch 00452: val_acc did not improve
1s - loss: 6.8276e-08 - acc: 1.0000 - val_loss: 6.4597 - val_acc: 0.5179
Epoch 454/500
Epoch 00453: val_acc did not improve
1s - loss: 6.8276e-08 - acc: 1.0000 - val_loss: 6.4597 - val_acc: 0.5179
Epoch 455/500
Epoch 00454: val_acc did not improve
1s - loss: 6.8276e-08 - acc: 1.0000 - val_loss: 6.4597 - val_acc: 0.5179
Epoch 456/500
Epoch 00455: val_acc did not improve
1s - loss: 6.8276e-08 - acc: 1.0000 - val_loss: 6.4597 - val_acc: 0.5179
Epoch 457/500
Epoch 00456: val_acc did not improve
1s - loss: 6.8276e-08 - acc: 1.0000 - val_loss: 6.4597 - val_acc: 0.5179
Epoch 458/500
Epoch 00457: val_acc did not improve
1s - loss: 6.8276e-08 - acc: 1.0000 - val_loss: 6.4597 - val_acc: 0.5179
Epoch 459/500
Epoch 00458: val_acc did not improve
1s - loss: 6.8276e-08 - acc: 1.0000 - val_loss: 6.4597 - val_acc: 0.5179
Epoch 460/500
Epoch 00459: val_acc did not improve
1s - loss: 6.8276e-08 - acc: 1.0000 - val_loss: 6.4597 - val_acc: 0.5179
Epoch 461/500
Epoch 00460: val_acc did not improve
1s - loss: 6.8276e-08 - acc: 1.0000 - val_loss: 6.4597 - val_acc: 0.5179
Epoch 462/500
Epoch 00461: val_acc did not improve
1s - loss: 6.8276e-08 - acc: 1.0000 - val_loss: 6.4597 - val_acc: 0.5179
Epoch 463/500
Epoch 00462: val_acc did not improve
1s - loss: 6.8276e-08 - acc: 1.0000 - val_loss: 6.4597 - val_acc: 0.5179
Epoch 464/500
Epoch 00463: val_acc did not improve
1s - loss: 6.8276e-08 - acc: 1.0000 - val_loss: 6.4597 - val_acc: 0.5179
Epoch 465/500
Epoch 00464: val_acc did not improve
1s - loss: 6.8276e-08 - acc: 1.0000 - val_loss: 6.4597 - val_acc: 0.5179
Epoch 466/500
Epoch 00465: val_acc did not improve
1s - loss: 6.8276e-08 - acc: 1.0000 - val_loss: 6.4597 - val_acc: 0.5179
Epoch 467/500
Epoch 00466: val_acc did not improve
1s - loss: 6.8276e-08 - acc: 1.0000 - val_loss: 6.4597 - val_acc: 0.5179
Epoch 468/500
Epoch 00467: val_acc did not improve
1s - loss: 6.8276e-08 - acc: 1.0000 - val_loss: 6.4597 - val_acc: 0.5179
Epoch 469/500
Epoch 00468: val_acc did not improve
1s - loss: 6.8276e-08 - acc: 1.0000 - val_loss: 6.4597 - val_acc: 0.5179
Epoch 470/500
Epoch 00469: val_acc did not improve
1s - loss: 6.8276e-08 - acc: 1.0000 - val_loss: 6.4597 - val_acc: 0.5179
Epoch 471/500
Epoch 00470: val_acc did not improve
1s - loss: 6.8276e-08 - acc: 1.0000 - val_loss: 6.4597 - val_acc: 0.5179
Epoch 472/500
Epoch 00471: val_acc did not improve
1s - loss: 6.8276e-08 - acc: 1.0000 - val_loss: 6.4597 - val_acc: 0.5179
Epoch 473/500
Epoch 00472: val_acc did not improve
1s - loss: 6.8276e-08 - acc: 1.0000 - val_loss: 6.4597 - val_acc: 0.5179
Epoch 474/500
Epoch 00473: val_acc did not improve
1s - loss: 6.8276e-08 - acc: 1.0000 - val_loss: 6.4597 - val_acc: 0.5179
Epoch 475/500
Epoch 00474: val_acc did not improve
1s - loss: 6.8276e-08 - acc: 1.0000 - val_loss: 6.4597 - val_acc: 0.5179
Epoch 476/500
Epoch 00475: val_acc did not improve
1s - loss: 6.8276e-08 - acc: 1.0000 - val_loss: 6.4597 - val_acc: 0.5179
Epoch 477/500
Epoch 00476: val_acc did not improve
1s - loss: 6.8276e-08 - acc: 1.0000 - val_loss: 6.4597 - val_acc: 0.5179
Epoch 478/500
Epoch 00477: val_acc did not improve
1s - loss: 6.8276e-08 - acc: 1.0000 - val_loss: 6.4597 - val_acc: 0.5179
Epoch 479/500
Epoch 00478: val_acc did not improve
1s - loss: 6.8276e-08 - acc: 1.0000 - val_loss: 6.4597 - val_acc: 0.5179
Epoch 480/500
Epoch 00479: val_acc did not improve
1s - loss: 6.8276e-08 - acc: 1.0000 - val_loss: 6.4597 - val_acc: 0.5179
Epoch 481/500
Epoch 00480: val_acc did not improve
1s - loss: 6.8276e-08 - acc: 1.0000 - val_loss: 6.4597 - val_acc: 0.5179
Epoch 482/500
Epoch 00481: val_acc did not improve
1s - loss: 6.8276e-08 - acc: 1.0000 - val_loss: 6.4597 - val_acc: 0.5179
Epoch 483/500
Epoch 00482: val_acc did not improve
1s - loss: 6.8276e-08 - acc: 1.0000 - val_loss: 6.4597 - val_acc: 0.5179
Epoch 484/500
Epoch 00483: val_acc did not improve
1s - loss: 6.8276e-08 - acc: 1.0000 - val_loss: 6.4597 - val_acc: 0.5179
Epoch 485/500
Epoch 00484: val_acc did not improve
1s - loss: 6.8276e-08 - acc: 1.0000 - val_loss: 6.4597 - val_acc: 0.5179
Epoch 486/500
Epoch 00485: val_acc did not improve
1s - loss: 6.8276e-08 - acc: 1.0000 - val_loss: 6.4597 - val_acc: 0.5179
Epoch 487/500
Epoch 00486: val_acc did not improve
1s - loss: 6.8276e-08 - acc: 1.0000 - val_loss: 6.4597 - val_acc: 0.5179
Epoch 488/500
Epoch 00487: val_acc did not improve
1s - loss: 6.8276e-08 - acc: 1.0000 - val_loss: 6.4597 - val_acc: 0.5179
Epoch 489/500
Epoch 00488: val_acc did not improve
1s - loss: 6.8276e-08 - acc: 1.0000 - val_loss: 6.4597 - val_acc: 0.5179
Epoch 490/500
Epoch 00489: val_acc did not improve
1s - loss: 6.8276e-08 - acc: 1.0000 - val_loss: 6.4597 - val_acc: 0.5179
Epoch 491/500
Epoch 00490: val_acc did not improve
1s - loss: 6.8276e-08 - acc: 1.0000 - val_loss: 6.4597 - val_acc: 0.5179
Epoch 492/500
Epoch 00491: val_acc did not improve
1s - loss: 6.8276e-08 - acc: 1.0000 - val_loss: 6.4597 - val_acc: 0.5179
Epoch 493/500
Epoch 00492: val_acc did not improve
1s - loss: 6.8276e-08 - acc: 1.0000 - val_loss: 6.4597 - val_acc: 0.5179
Epoch 494/500
Epoch 00493: val_acc did not improve
1s - loss: 6.8276e-08 - acc: 1.0000 - val_loss: 6.4597 - val_acc: 0.5179
Epoch 495/500
Epoch 00494: val_acc did not improve
1s - loss: 6.8276e-08 - acc: 1.0000 - val_loss: 6.4597 - val_acc: 0.5179
Epoch 496/500
Epoch 00495: val_acc did not improve
1s - loss: 6.8276e-08 - acc: 1.0000 - val_loss: 6.4597 - val_acc: 0.5179
Epoch 497/500
Epoch 00496: val_acc did not improve
1s - loss: 6.8276e-08 - acc: 1.0000 - val_loss: 6.4597 - val_acc: 0.5179
Epoch 498/500
Epoch 00497: val_acc did not improve
1s - loss: 6.8276e-08 - acc: 1.0000 - val_loss: 6.4597 - val_acc: 0.5179
Epoch 499/500
Epoch 00498: val_acc did not improve
1s - loss: 6.8276e-08 - acc: 1.0000 - val_loss: 6.4597 - val_acc: 0.5179
Epoch 500/500
Epoch 00499: val_acc did not improve
1s - loss: 6.8276e-08 - acc: 1.0000 - val_loss: 6.4597 - val_acc: 0.5179
Test score: 6.45973757335
Test accuracy: 0.517857142857
