max: 1381.1198
X_train shape: (160, 1, 4000, 59)
160 train samples
40 test samples
y_train shape: (160, 2)
y_test shape: (40, 2)
____________________________________________________________________________________________________
Layer (type)                     Output Shape          Param #     Connected to                     
====================================================================================================
convolution2d_1 (Convolution2D)  (None, 40, 4000, 59)  240         convolution2d_input_1[0][0]      
____________________________________________________________________________________________________
activation_1 (Activation)        (None, 40, 4000, 59)  0           convolution2d_1[0][0]            
____________________________________________________________________________________________________
maxpooling2d_1 (MaxPooling2D)    (None, 40, 2000, 59)  0           activation_1[0][0]               
____________________________________________________________________________________________________
convolution2d_2 (Convolution2D)  (None, 40, 2000, 59)  800040      maxpooling2d_1[0][0]             
____________________________________________________________________________________________________
activation_2 (Activation)        (None, 40, 2000, 59)  0           convolution2d_2[0][0]            
____________________________________________________________________________________________________
maxpooling2d_2 (MaxPooling2D)    (None, 40, 200, 59)   0           activation_2[0][0]               
____________________________________________________________________________________________________
permute_1 (Permute)              (None, 200, 40, 59)   0           maxpooling2d_2[0][0]             
____________________________________________________________________________________________________
reshape_1 (Reshape)              (None, 200, 2360)     0           permute_1[0][0]                  
____________________________________________________________________________________________________
lstm_1 (LSTM)                    (None, 200, 128)      1274368     reshape_1[0][0]                  
____________________________________________________________________________________________________
flatten_1 (Flatten)              (None, 25600)         0           lstm_1[0][0]                     
____________________________________________________________________________________________________
dense_1 (Dense)                  (None, 2)             51202       flatten_1[0][0]                  
____________________________________________________________________________________________________
activation_3 (Activation)        (None, 2)             0           dense_1[0][0]                    
====================================================================================================
Total params: 2125850
____________________________________________________________________________________________________
Train on 160 samples, validate on 40 samples
Epoch 1/500
Epoch 00000: val_acc improved from -inf to 0.57500, saving model to /media/kong/9A8821088820E48B/Xcat/experiment/BCI2008/ds1a/model/on-filtered-data/1LSTM_true_max_relu.h5
108s - loss: 1.0915 - acc: 0.5312 - val_loss: 0.6840 - val_acc: 0.5750
Epoch 2/500
Epoch 00001: val_acc did not improve
109s - loss: 0.7109 - acc: 0.4813 - val_loss: 0.7046 - val_acc: 0.4250
Epoch 3/500
Epoch 00002: val_acc did not improve
110s - loss: 0.6992 - acc: 0.5188 - val_loss: 0.6891 - val_acc: 0.5750
Epoch 4/500
Epoch 00003: val_acc did not improve
111s - loss: 0.6958 - acc: 0.5000 - val_loss: 0.6967 - val_acc: 0.4250
Epoch 5/500
Epoch 00004: val_acc did not improve
111s - loss: 0.7111 - acc: 0.5312 - val_loss: 0.7004 - val_acc: 0.4000
Epoch 6/500
Epoch 00005: val_acc did not improve
122s - loss: 0.7201 - acc: 0.4500 - val_loss: 0.7197 - val_acc: 0.4250
Epoch 7/500
Epoch 00006: val_acc did not improve
126s - loss: 0.6968 - acc: 0.4625 - val_loss: 0.6881 - val_acc: 0.5750
Epoch 8/500
Epoch 00007: val_acc did not improve
126s - loss: 0.7061 - acc: 0.4938 - val_loss: 0.7027 - val_acc: 0.4250
Epoch 9/500
Epoch 00008: val_acc did not improve
126s - loss: 0.6945 - acc: 0.5000 - val_loss: 0.6966 - val_acc: 0.4000
Epoch 10/500
Epoch 00009: val_acc did not improve
126s - loss: 0.6908 - acc: 0.5375 - val_loss: 0.6945 - val_acc: 0.5250
Epoch 11/500
Epoch 00010: val_acc did not improve
126s - loss: 0.6737 - acc: 0.5437 - val_loss: 0.6785 - val_acc: 0.5250
Epoch 12/500
Epoch 00011: val_acc did not improve
126s - loss: 0.6355 - acc: 0.6438 - val_loss: 0.6837 - val_acc: 0.5500
Epoch 13/500
Epoch 00012: val_acc improved from 0.57500 to 0.65000, saving model to /media/kong/9A8821088820E48B/Xcat/experiment/BCI2008/ds1a/model/on-filtered-data/1LSTM_true_max_relu.h5
127s - loss: 0.5727 - acc: 0.7625 - val_loss: 0.6213 - val_acc: 0.6500
Epoch 14/500
Epoch 00013: val_acc improved from 0.65000 to 0.67500, saving model to /media/kong/9A8821088820E48B/Xcat/experiment/BCI2008/ds1a/model/on-filtered-data/1LSTM_true_max_relu.h5
126s - loss: 0.5172 - acc: 0.7562 - val_loss: 0.6209 - val_acc: 0.6750
Epoch 15/500
Epoch 00014: val_acc improved from 0.67500 to 0.72500, saving model to /media/kong/9A8821088820E48B/Xcat/experiment/BCI2008/ds1a/model/on-filtered-data/1LSTM_true_max_relu.h5
127s - loss: 0.4454 - acc: 0.8000 - val_loss: 0.4924 - val_acc: 0.7250
Epoch 16/500
Epoch 00015: val_acc did not improve
126s - loss: 0.3055 - acc: 0.8562 - val_loss: 0.7227 - val_acc: 0.7250
Epoch 17/500
Epoch 00016: val_acc did not improve
126s - loss: 0.3070 - acc: 0.8625 - val_loss: 0.6284 - val_acc: 0.7250
Epoch 18/500
Epoch 00017: val_acc did not improve
127s - loss: 0.2536 - acc: 0.9187 - val_loss: 0.5431 - val_acc: 0.7250
Epoch 19/500
Epoch 00018: val_acc improved from 0.72500 to 0.80000, saving model to /media/kong/9A8821088820E48B/Xcat/experiment/BCI2008/ds1a/model/on-filtered-data/1LSTM_true_max_relu.h5
127s - loss: 0.1922 - acc: 0.9125 - val_loss: 0.8066 - val_acc: 0.8000
Epoch 20/500
Epoch 00019: val_acc did not improve
127s - loss: 0.0964 - acc: 0.9688 - val_loss: 0.8410 - val_acc: 0.8000
Epoch 21/500
Epoch 00020: val_acc improved from 0.80000 to 0.82500, saving model to /media/kong/9A8821088820E48B/Xcat/experiment/BCI2008/ds1a/model/on-filtered-data/1LSTM_true_max_relu.h5
127s - loss: 0.0732 - acc: 0.9688 - val_loss: 0.5935 - val_acc: 0.8250
Epoch 22/500
Epoch 00021: val_acc did not improve
126s - loss: 0.0365 - acc: 0.9938 - val_loss: 0.9770 - val_acc: 0.8250
Epoch 23/500
Epoch 00022: val_acc did not improve
127s - loss: 0.0234 - acc: 1.0000 - val_loss: 1.0171 - val_acc: 0.8000
Epoch 24/500
Epoch 00023: val_acc did not improve
127s - loss: 0.0106 - acc: 0.9938 - val_loss: 1.0904 - val_acc: 0.7750
Epoch 25/500
Epoch 00024: val_acc did not improve
127s - loss: 0.0102 - acc: 1.0000 - val_loss: 1.1073 - val_acc: 0.8000
Epoch 26/500
Epoch 00025: val_acc did not improve
126s - loss: 0.0095 - acc: 1.0000 - val_loss: 1.0423 - val_acc: 0.8000
Epoch 27/500
Epoch 00026: val_acc did not improve
127s - loss: 0.0054 - acc: 1.0000 - val_loss: 1.4024 - val_acc: 0.8000
Epoch 28/500
Epoch 00027: val_acc did not improve
128s - loss: 0.0076 - acc: 1.0000 - val_loss: 1.3267 - val_acc: 0.7750
Epoch 29/500
Epoch 00028: val_acc did not improve
127s - loss: 0.0356 - acc: 0.9812 - val_loss: 2.1798 - val_acc: 0.7250
Epoch 30/500
Epoch 00029: val_acc did not improve
127s - loss: 0.3901 - acc: 0.9062 - val_loss: 1.7705 - val_acc: 0.7750
Epoch 31/500
Epoch 00030: val_acc did not improve
126s - loss: 0.5412 - acc: 0.7750 - val_loss: 0.6013 - val_acc: 0.7500
Epoch 32/500
Epoch 00031: val_acc did not improve
126s - loss: 0.2568 - acc: 0.9000 - val_loss: 0.9891 - val_acc: 0.7500
Epoch 33/500
Epoch 00032: val_acc did not improve
127s - loss: 0.0950 - acc: 0.9625 - val_loss: 1.0081 - val_acc: 0.8000
Epoch 34/500
Epoch 00033: val_acc did not improve
126s - loss: 0.1074 - acc: 0.9750 - val_loss: 0.7086 - val_acc: 0.8000
Epoch 35/500
Epoch 00034: val_acc improved from 0.82500 to 0.85000, saving model to /media/kong/9A8821088820E48B/Xcat/experiment/BCI2008/ds1a/model/on-filtered-data/1LSTM_true_max_relu.h5
127s - loss: 0.0347 - acc: 0.9938 - val_loss: 0.6357 - val_acc: 0.8500
Epoch 36/500
Epoch 00035: val_acc did not improve
126s - loss: 0.0147 - acc: 1.0000 - val_loss: 0.7147 - val_acc: 0.8250
Epoch 37/500
Epoch 00036: val_acc did not improve
126s - loss: 0.0081 - acc: 1.0000 - val_loss: 0.7823 - val_acc: 0.8500
Epoch 38/500
Epoch 00037: val_acc did not improve
127s - loss: 0.0041 - acc: 1.0000 - val_loss: 0.7754 - val_acc: 0.8000
Epoch 39/500
Epoch 00038: val_acc did not improve
127s - loss: 0.0032 - acc: 1.0000 - val_loss: 0.8015 - val_acc: 0.7750
Epoch 40/500
Epoch 00039: val_acc did not improve
127s - loss: 0.0024 - acc: 1.0000 - val_loss: 0.8328 - val_acc: 0.7750
Epoch 41/500
Epoch 00040: val_acc did not improve
127s - loss: 0.0019 - acc: 1.0000 - val_loss: 0.8481 - val_acc: 0.7750
Epoch 42/500
Epoch 00041: val_acc did not improve
126s - loss: 0.0016 - acc: 1.0000 - val_loss: 0.8589 - val_acc: 0.7750
Epoch 43/500
Epoch 00042: val_acc did not improve
127s - loss: 0.0015 - acc: 1.0000 - val_loss: 0.8719 - val_acc: 0.7750
Epoch 44/500
Epoch 00043: val_acc did not improve
127s - loss: 0.0012 - acc: 1.0000 - val_loss: 0.8792 - val_acc: 0.7750
Epoch 45/500
Epoch 00044: val_acc did not improve
127s - loss: 0.0011 - acc: 1.0000 - val_loss: 0.8903 - val_acc: 0.7750
Epoch 46/500
Epoch 00045: val_acc did not improve
127s - loss: 9.8768e-04 - acc: 1.0000 - val_loss: 0.8934 - val_acc: 0.7750
Epoch 47/500
Epoch 00046: val_acc did not improve
127s - loss: 8.9752e-04 - acc: 1.0000 - val_loss: 0.9067 - val_acc: 0.7750
Epoch 48/500
Epoch 00047: val_acc did not improve
127s - loss: 8.0982e-04 - acc: 1.0000 - val_loss: 0.9117 - val_acc: 0.7750
Epoch 49/500
Epoch 00048: val_acc did not improve
127s - loss: 7.2468e-04 - acc: 1.0000 - val_loss: 0.9184 - val_acc: 0.7750
Epoch 50/500
Epoch 00049: val_acc did not improve
127s - loss: 6.7808e-04 - acc: 1.0000 - val_loss: 0.9277 - val_acc: 0.7750
Epoch 51/500
Epoch 00050: val_acc did not improve
127s - loss: 6.1674e-04 - acc: 1.0000 - val_loss: 0.9315 - val_acc: 0.7750
Epoch 52/500
Epoch 00051: val_acc did not improve
127s - loss: 5.7218e-04 - acc: 1.0000 - val_loss: 0.9362 - val_acc: 0.7750
Epoch 53/500
Epoch 00052: val_acc did not improve
127s - loss: 5.3652e-04 - acc: 1.0000 - val_loss: 0.9425 - val_acc: 0.7750
Epoch 54/500
Epoch 00053: val_acc did not improve
126s - loss: 4.9673e-04 - acc: 1.0000 - val_loss: 0.9477 - val_acc: 0.7750
Epoch 55/500
Epoch 00054: val_acc did not improve
127s - loss: 4.6463e-04 - acc: 1.0000 - val_loss: 0.9534 - val_acc: 0.7750
Epoch 56/500
Epoch 00055: val_acc did not improve
127s - loss: 4.3889e-04 - acc: 1.0000 - val_loss: 0.9584 - val_acc: 0.7750
Epoch 57/500
Epoch 00056: val_acc did not improve
127s - loss: 4.0838e-04 - acc: 1.0000 - val_loss: 0.9626 - val_acc: 0.7750
Epoch 58/500
Epoch 00057: val_acc did not improve
127s - loss: 3.8526e-04 - acc: 1.0000 - val_loss: 0.9658 - val_acc: 0.7750
Epoch 59/500
Epoch 00058: val_acc did not improve
127s - loss: 3.6633e-04 - acc: 1.0000 - val_loss: 0.9718 - val_acc: 0.7750
Epoch 60/500
Epoch 00059: val_acc did not improve
127s - loss: 3.4659e-04 - acc: 1.0000 - val_loss: 0.9762 - val_acc: 0.7750
Epoch 61/500
Epoch 00060: val_acc did not improve
127s - loss: 3.2594e-04 - acc: 1.0000 - val_loss: 0.9780 - val_acc: 0.7750
Epoch 62/500
Epoch 00061: val_acc did not improve
127s - loss: 3.1041e-04 - acc: 1.0000 - val_loss: 0.9826 - val_acc: 0.7750
Epoch 63/500
Epoch 00062: val_acc did not improve
127s - loss: 2.9407e-04 - acc: 1.0000 - val_loss: 0.9865 - val_acc: 0.7750
Epoch 64/500
Epoch 00063: val_acc did not improve
127s - loss: 2.8206e-04 - acc: 1.0000 - val_loss: 0.9885 - val_acc: 0.7750
Epoch 65/500
Epoch 00064: val_acc did not improve
128s - loss: 2.6909e-04 - acc: 1.0000 - val_loss: 0.9936 - val_acc: 0.7750
Epoch 66/500
Epoch 00065: val_acc did not improve
127s - loss: 2.5568e-04 - acc: 1.0000 - val_loss: 0.9973 - val_acc: 0.7750
Epoch 67/500
Epoch 00066: val_acc did not improve
127s - loss: 2.4523e-04 - acc: 1.0000 - val_loss: 1.0007 - val_acc: 0.7750
Epoch 68/500
Epoch 00067: val_acc did not improve
127s - loss: 2.3394e-04 - acc: 1.0000 - val_loss: 1.0023 - val_acc: 0.7750
Epoch 69/500
Epoch 00068: val_acc did not improve
127s - loss: 2.2478e-04 - acc: 1.0000 - val_loss: 1.0058 - val_acc: 0.7750
Epoch 70/500
Epoch 00069: val_acc did not improve
127s - loss: 2.1448e-04 - acc: 1.0000 - val_loss: 1.0083 - val_acc: 0.7750
Epoch 71/500
Epoch 00070: val_acc did not improve
127s - loss: 2.0514e-04 - acc: 1.0000 - val_loss: 1.0112 - val_acc: 0.7750
Epoch 72/500
Epoch 00071: val_acc did not improve
127s - loss: 1.9776e-04 - acc: 1.0000 - val_loss: 1.0137 - val_acc: 0.7750
Epoch 73/500
Epoch 00072: val_acc did not improve
127s - loss: 1.8990e-04 - acc: 1.0000 - val_loss: 1.0173 - val_acc: 0.7750
Epoch 74/500
Epoch 00073: val_acc did not improve
127s - loss: 1.8189e-04 - acc: 1.0000 - val_loss: 1.0202 - val_acc: 0.7750
Epoch 75/500
Epoch 00074: val_acc did not improve
128s - loss: 1.7590e-04 - acc: 1.0000 - val_loss: 1.0240 - val_acc: 0.7750
Epoch 76/500
Epoch 00075: val_acc did not improve
127s - loss: 1.6894e-04 - acc: 1.0000 - val_loss: 1.0260 - val_acc: 0.7750
Epoch 77/500
Epoch 00076: val_acc did not improve
127s - loss: 1.6308e-04 - acc: 1.0000 - val_loss: 1.0282 - val_acc: 0.7750
Epoch 78/500
Epoch 00077: val_acc did not improve
128s - loss: 1.5638e-04 - acc: 1.0000 - val_loss: 1.0305 - val_acc: 0.7750
Epoch 79/500
Epoch 00078: val_acc did not improve
127s - loss: 1.5201e-04 - acc: 1.0000 - val_loss: 1.0340 - val_acc: 0.7750
Epoch 80/500
Epoch 00079: val_acc did not improve
127s - loss: 1.4574e-04 - acc: 1.0000 - val_loss: 1.0355 - val_acc: 0.7750
Epoch 81/500
Epoch 00080: val_acc did not improve
127s - loss: 1.4112e-04 - acc: 1.0000 - val_loss: 1.0377 - val_acc: 0.7750
Epoch 82/500
Epoch 00081: val_acc did not improve
127s - loss: 1.3646e-04 - acc: 1.0000 - val_loss: 1.0401 - val_acc: 0.7750
Epoch 83/500
Epoch 00082: val_acc did not improve
128s - loss: 1.3196e-04 - acc: 1.0000 - val_loss: 1.0426 - val_acc: 0.7750
Epoch 84/500
Epoch 00083: val_acc did not improve
127s - loss: 1.2782e-04 - acc: 1.0000 - val_loss: 1.0457 - val_acc: 0.7750
Epoch 85/500
Epoch 00084: val_acc did not improve
128s - loss: 1.2362e-04 - acc: 1.0000 - val_loss: 1.0474 - val_acc: 0.7750
Epoch 86/500
Epoch 00085: val_acc did not improve
127s - loss: 1.1987e-04 - acc: 1.0000 - val_loss: 1.0493 - val_acc: 0.7750
Epoch 87/500
Epoch 00086: val_acc did not improve
127s - loss: 1.1611e-04 - acc: 1.0000 - val_loss: 1.0521 - val_acc: 0.7750
Epoch 88/500
Epoch 00087: val_acc did not improve
128s - loss: 1.1239e-04 - acc: 1.0000 - val_loss: 1.0544 - val_acc: 0.7750
Epoch 89/500
Epoch 00088: val_acc did not improve
127s - loss: 1.0912e-04 - acc: 1.0000 - val_loss: 1.0561 - val_acc: 0.7750
Epoch 90/500
Epoch 00089: val_acc did not improve
128s - loss: 1.0594e-04 - acc: 1.0000 - val_loss: 1.0585 - val_acc: 0.7750
Epoch 91/500
Epoch 00090: val_acc did not improve
127s - loss: 1.0275e-04 - acc: 1.0000 - val_loss: 1.0604 - val_acc: 0.7750
Epoch 92/500
Epoch 00091: val_acc did not improve
127s - loss: 9.9686e-05 - acc: 1.0000 - val_loss: 1.0615 - val_acc: 0.7750
Epoch 93/500
Epoch 00092: val_acc did not improve
128s - loss: 9.7103e-05 - acc: 1.0000 - val_loss: 1.0639 - val_acc: 0.7750
Epoch 94/500
Epoch 00093: val_acc did not improve
127s - loss: 9.4385e-05 - acc: 1.0000 - val_loss: 1.0661 - val_acc: 0.7750
Epoch 95/500
Epoch 00094: val_acc did not improve
128s - loss: 9.1545e-05 - acc: 1.0000 - val_loss: 1.0685 - val_acc: 0.7750
Epoch 96/500
Epoch 00095: val_acc did not improve
127s - loss: 8.8906e-05 - acc: 1.0000 - val_loss: 1.0699 - val_acc: 0.7750
Epoch 97/500
Epoch 00096: val_acc did not improve
127s - loss: 8.6850e-05 - acc: 1.0000 - val_loss: 1.0722 - val_acc: 0.7750
Epoch 98/500
Epoch 00097: val_acc did not improve
128s - loss: 8.4635e-05 - acc: 1.0000 - val_loss: 1.0741 - val_acc: 0.7750
Epoch 99/500
Epoch 00098: val_acc did not improve
127s - loss: 8.1983e-05 - acc: 1.0000 - val_loss: 1.0762 - val_acc: 0.7750
Epoch 100/500
Epoch 00099: val_acc did not improve
128s - loss: 7.9987e-05 - acc: 1.0000 - val_loss: 1.0789 - val_acc: 0.7750
Epoch 101/500
Epoch 00100: val_acc did not improve
127s - loss: 7.7857e-05 - acc: 1.0000 - val_loss: 1.0794 - val_acc: 0.7750
Epoch 102/500
Epoch 00101: val_acc did not improve
127s - loss: 7.5939e-05 - acc: 1.0000 - val_loss: 1.0811 - val_acc: 0.7750
Epoch 103/500
Epoch 00102: val_acc did not improve
127s - loss: 7.4205e-05 - acc: 1.0000 - val_loss: 1.0829 - val_acc: 0.7750
Epoch 104/500
Epoch 00103: val_acc did not improve
127s - loss: 7.2017e-05 - acc: 1.0000 - val_loss: 1.0847 - val_acc: 0.7750
Epoch 105/500
Epoch 00104: val_acc did not improve
128s - loss: 7.0162e-05 - acc: 1.0000 - val_loss: 1.0873 - val_acc: 0.7750
Epoch 106/500
Epoch 00105: val_acc did not improve
127s - loss: 6.8483e-05 - acc: 1.0000 - val_loss: 1.0893 - val_acc: 0.7750
Epoch 107/500
Epoch 00106: val_acc did not improve
127s - loss: 6.6877e-05 - acc: 1.0000 - val_loss: 1.0907 - val_acc: 0.7750
Epoch 108/500
Epoch 00107: val_acc did not improve
127s - loss: 6.5582e-05 - acc: 1.0000 - val_loss: 1.0925 - val_acc: 0.7750
Epoch 109/500
Epoch 00108: val_acc did not improve
127s - loss: 6.3662e-05 - acc: 1.0000 - val_loss: 1.0938 - val_acc: 0.7750
Epoch 110/500
Epoch 00109: val_acc did not improve
128s - loss: 6.2358e-05 - acc: 1.0000 - val_loss: 1.0961 - val_acc: 0.7750
Epoch 111/500
Epoch 00110: val_acc did not improve
129s - loss: 6.0624e-05 - acc: 1.0000 - val_loss: 1.0975 - val_acc: 0.7750
Epoch 112/500
Epoch 00111: val_acc did not improve
129s - loss: 5.9275e-05 - acc: 1.0000 - val_loss: 1.0985 - val_acc: 0.7750
Epoch 113/500
Epoch 00112: val_acc did not improve
129s - loss: 5.7966e-05 - acc: 1.0000 - val_loss: 1.1005 - val_acc: 0.7750
Epoch 114/500
Epoch 00113: val_acc did not improve
129s - loss: 5.6650e-05 - acc: 1.0000 - val_loss: 1.1026 - val_acc: 0.7750
Epoch 115/500
Epoch 00114: val_acc did not improve
130s - loss: 5.5214e-05 - acc: 1.0000 - val_loss: 1.1035 - val_acc: 0.7750
Epoch 116/500
Epoch 00115: val_acc did not improve
129s - loss: 5.3991e-05 - acc: 1.0000 - val_loss: 1.1052 - val_acc: 0.7750
Epoch 117/500
Epoch 00116: val_acc did not improve
129s - loss: 5.2968e-05 - acc: 1.0000 - val_loss: 1.1070 - val_acc: 0.7750
Epoch 118/500
Epoch 00117: val_acc did not improve
128s - loss: 5.1825e-05 - acc: 1.0000 - val_loss: 1.1079 - val_acc: 0.7750
Epoch 119/500
Epoch 00118: val_acc did not improve
129s - loss: 5.0475e-05 - acc: 1.0000 - val_loss: 1.1100 - val_acc: 0.7750
Epoch 120/500
Epoch 00119: val_acc did not improve
129s - loss: 4.9599e-05 - acc: 1.0000 - val_loss: 1.1118 - val_acc: 0.7750
Epoch 121/500
Epoch 00120: val_acc did not improve
129s - loss: 4.8312e-05 - acc: 1.0000 - val_loss: 1.1130 - val_acc: 0.7750
Epoch 122/500
Epoch 00121: val_acc did not improve
129s - loss: 4.7410e-05 - acc: 1.0000 - val_loss: 1.1145 - val_acc: 0.7750
Epoch 123/500
Epoch 00122: val_acc did not improve
129s - loss: 4.6245e-05 - acc: 1.0000 - val_loss: 1.1158 - val_acc: 0.7750
Epoch 124/500
Epoch 00123: val_acc did not improve
129s - loss: 4.5317e-05 - acc: 1.0000 - val_loss: 1.1171 - val_acc: 0.7750
Epoch 125/500
Epoch 00124: val_acc did not improve
129s - loss: 4.4359e-05 - acc: 1.0000 - val_loss: 1.1185 - val_acc: 0.7750
Epoch 126/500
Epoch 00125: val_acc did not improve
129s - loss: 4.3721e-05 - acc: 1.0000 - val_loss: 1.1193 - val_acc: 0.7750
Epoch 127/500
Epoch 00126: val_acc did not improve
128s - loss: 4.2621e-05 - acc: 1.0000 - val_loss: 1.1217 - val_acc: 0.7750
Epoch 128/500
Epoch 00127: val_acc did not improve
128s - loss: 4.1838e-05 - acc: 1.0000 - val_loss: 1.1231 - val_acc: 0.7750
Epoch 129/500
Epoch 00128: val_acc did not improve
128s - loss: 4.0890e-05 - acc: 1.0000 - val_loss: 1.1246 - val_acc: 0.7750
Epoch 130/500
Epoch 00129: val_acc did not improve
129s - loss: 4.0091e-05 - acc: 1.0000 - val_loss: 1.1255 - val_acc: 0.7750
Epoch 131/500
Epoch 00130: val_acc did not improve
129s - loss: 3.9370e-05 - acc: 1.0000 - val_loss: 1.1276 - val_acc: 0.7750
Epoch 132/500
Epoch 00131: val_acc did not improve
129s - loss: 3.8526e-05 - acc: 1.0000 - val_loss: 1.1288 - val_acc: 0.7750
Epoch 133/500
Epoch 00132: val_acc did not improve
129s - loss: 3.7899e-05 - acc: 1.0000 - val_loss: 1.1295 - val_acc: 0.7750
Epoch 134/500
Epoch 00133: val_acc did not improve
129s - loss: 3.6976e-05 - acc: 1.0000 - val_loss: 1.1312 - val_acc: 0.7750
Epoch 135/500
Epoch 00134: val_acc did not improve
129s - loss: 3.6295e-05 - acc: 1.0000 - val_loss: 1.1323 - val_acc: 0.7750
Epoch 136/500
Epoch 00135: val_acc did not improve
129s - loss: 3.5620e-05 - acc: 1.0000 - val_loss: 1.1332 - val_acc: 0.7750
Epoch 137/500
Epoch 00136: val_acc did not improve
130s - loss: 3.4894e-05 - acc: 1.0000 - val_loss: 1.1350 - val_acc: 0.7750
Epoch 138/500
Epoch 00137: val_acc did not improve
128s - loss: 3.4236e-05 - acc: 1.0000 - val_loss: 1.1366 - val_acc: 0.7750
Epoch 139/500
Epoch 00138: val_acc did not improve
129s - loss: 3.3601e-05 - acc: 1.0000 - val_loss: 1.1382 - val_acc: 0.7750
Epoch 140/500
Epoch 00139: val_acc did not improve
129s - loss: 3.2915e-05 - acc: 1.0000 - val_loss: 1.1393 - val_acc: 0.7750
Epoch 141/500
Epoch 00140: val_acc did not improve
129s - loss: 3.2330e-05 - acc: 1.0000 - val_loss: 1.1406 - val_acc: 0.7750
Epoch 142/500
Epoch 00141: val_acc did not improve
129s - loss: 3.1742e-05 - acc: 1.0000 - val_loss: 1.1417 - val_acc: 0.7750
Epoch 143/500
Epoch 00142: val_acc did not improve
129s - loss: 3.1182e-05 - acc: 1.0000 - val_loss: 1.1433 - val_acc: 0.7750
Epoch 144/500
Epoch 00143: val_acc did not improve
128s - loss: 3.0619e-05 - acc: 1.0000 - val_loss: 1.1445 - val_acc: 0.7750
Epoch 145/500
Epoch 00144: val_acc did not improve
129s - loss: 3.0048e-05 - acc: 1.0000 - val_loss: 1.1456 - val_acc: 0.7750
Epoch 146/500
Epoch 00145: val_acc did not improve
128s - loss: 2.9486e-05 - acc: 1.0000 - val_loss: 1.1465 - val_acc: 0.7750
Epoch 147/500
Epoch 00146: val_acc did not improve
129s - loss: 2.8964e-05 - acc: 1.0000 - val_loss: 1.1477 - val_acc: 0.7750
Epoch 148/500
Epoch 00147: val_acc did not improve
128s - loss: 2.8488e-05 - acc: 1.0000 - val_loss: 1.1485 - val_acc: 0.7750
Epoch 149/500
Epoch 00148: val_acc did not improve
128s - loss: 2.7954e-05 - acc: 1.0000 - val_loss: 1.1501 - val_acc: 0.7750
Epoch 150/500
Epoch 00149: val_acc did not improve
129s - loss: 2.7486e-05 - acc: 1.0000 - val_loss: 1.1509 - val_acc: 0.7750
Epoch 151/500
Epoch 00150: val_acc did not improve
128s - loss: 2.7002e-05 - acc: 1.0000 - val_loss: 1.1523 - val_acc: 0.7750
Epoch 152/500
Epoch 00151: val_acc did not improve
129s - loss: 2.6523e-05 - acc: 1.0000 - val_loss: 1.1536 - val_acc: 0.7750
Epoch 153/500
Epoch 00152: val_acc did not improve
128s - loss: 2.6067e-05 - acc: 1.0000 - val_loss: 1.1556 - val_acc: 0.7750
Epoch 154/500
Epoch 00153: val_acc did not improve
128s - loss: 2.5658e-05 - acc: 1.0000 - val_loss: 1.1569 - val_acc: 0.7750
Epoch 155/500
Epoch 00154: val_acc did not improve
129s - loss: 2.5148e-05 - acc: 1.0000 - val_loss: 1.1581 - val_acc: 0.7750
Epoch 156/500
Epoch 00155: val_acc did not improve
129s - loss: 2.4704e-05 - acc: 1.0000 - val_loss: 1.1590 - val_acc: 0.7750
Epoch 157/500
Epoch 00156: val_acc did not improve
129s - loss: 2.4292e-05 - acc: 1.0000 - val_loss: 1.1600 - val_acc: 0.7750
Epoch 158/500
Epoch 00157: val_acc did not improve
128s - loss: 2.3955e-05 - acc: 1.0000 - val_loss: 1.1612 - val_acc: 0.7750
Epoch 159/500
Epoch 00158: val_acc did not improve
128s - loss: 2.3463e-05 - acc: 1.0000 - val_loss: 1.1623 - val_acc: 0.7750
Epoch 160/500
Epoch 00159: val_acc did not improve
129s - loss: 2.3089e-05 - acc: 1.0000 - val_loss: 1.1635 - val_acc: 0.7750
Epoch 161/500
Epoch 00160: val_acc did not improve
128s - loss: 2.2674e-05 - acc: 1.0000 - val_loss: 1.1643 - val_acc: 0.7750
Epoch 162/500
Epoch 00161: val_acc did not improve
129s - loss: 2.2327e-05 - acc: 1.0000 - val_loss: 1.1655 - val_acc: 0.7750
Epoch 163/500
Epoch 00162: val_acc did not improve
128s - loss: 2.1922e-05 - acc: 1.0000 - val_loss: 1.1666 - val_acc: 0.7750
Epoch 164/500
Epoch 00163: val_acc did not improve
128s - loss: 2.1655e-05 - acc: 1.0000 - val_loss: 1.1682 - val_acc: 0.7750
Epoch 165/500
Epoch 00164: val_acc did not improve
129s - loss: 2.1233e-05 - acc: 1.0000 - val_loss: 1.1690 - val_acc: 0.7750
Epoch 166/500
Epoch 00165: val_acc did not improve
128s - loss: 2.0914e-05 - acc: 1.0000 - val_loss: 1.1702 - val_acc: 0.7750
Epoch 167/500
Epoch 00166: val_acc did not improve
128s - loss: 2.0572e-05 - acc: 1.0000 - val_loss: 1.1709 - val_acc: 0.7750
Epoch 168/500
Epoch 00167: val_acc did not improve
128s - loss: 2.0237e-05 - acc: 1.0000 - val_loss: 1.1725 - val_acc: 0.7750
Epoch 169/500
Epoch 00168: val_acc did not improve
128s - loss: 1.9927e-05 - acc: 1.0000 - val_loss: 1.1733 - val_acc: 0.7750
Epoch 170/500
Epoch 00169: val_acc did not improve
129s - loss: 1.9568e-05 - acc: 1.0000 - val_loss: 1.1747 - val_acc: 0.7750
Epoch 171/500
Epoch 00170: val_acc did not improve
128s - loss: 1.9281e-05 - acc: 1.0000 - val_loss: 1.1759 - val_acc: 0.7750
Epoch 172/500
Epoch 00171: val_acc did not improve
129s - loss: 1.8959e-05 - acc: 1.0000 - val_loss: 1.1769 - val_acc: 0.7750
Epoch 173/500
Epoch 00172: val_acc did not improve
128s - loss: 1.8665e-05 - acc: 1.0000 - val_loss: 1.1777 - val_acc: 0.7750
Epoch 174/500
Epoch 00173: val_acc did not improve
129s - loss: 1.8368e-05 - acc: 1.0000 - val_loss: 1.1789 - val_acc: 0.7750
Epoch 175/500
Epoch 00174: val_acc did not improve
129s - loss: 1.8094e-05 - acc: 1.0000 - val_loss: 1.1798 - val_acc: 0.7750
Epoch 176/500
Epoch 00175: val_acc did not improve
128s - loss: 1.7787e-05 - acc: 1.0000 - val_loss: 1.1811 - val_acc: 0.7750
Epoch 177/500
Epoch 00176: val_acc did not improve
129s - loss: 1.7547e-05 - acc: 1.0000 - val_loss: 1.1821 - val_acc: 0.7750
Epoch 178/500
Epoch 00177: val_acc did not improve
128s - loss: 1.7233e-05 - acc: 1.0000 - val_loss: 1.1831 - val_acc: 0.7750
Epoch 179/500
Epoch 00178: val_acc did not improve
128s - loss: 1.7027e-05 - acc: 1.0000 - val_loss: 1.1846 - val_acc: 0.7750
Epoch 180/500
Epoch 00179: val_acc did not improve
128s - loss: 1.6766e-05 - acc: 1.0000 - val_loss: 1.1859 - val_acc: 0.7750
Epoch 181/500
Epoch 00180: val_acc did not improve
129s - loss: 1.6475e-05 - acc: 1.0000 - val_loss: 1.1867 - val_acc: 0.7750
Epoch 182/500
Epoch 00181: val_acc did not improve
129s - loss: 1.6226e-05 - acc: 1.0000 - val_loss: 1.1874 - val_acc: 0.7750
Epoch 183/500
Epoch 00182: val_acc did not improve
128s - loss: 1.5986e-05 - acc: 1.0000 - val_loss: 1.1884 - val_acc: 0.7750
Epoch 184/500
Epoch 00183: val_acc did not improve
128s - loss: 1.5767e-05 - acc: 1.0000 - val_loss: 1.1892 - val_acc: 0.7750
Epoch 185/500
Epoch 00184: val_acc did not improve
128s - loss: 1.5510e-05 - acc: 1.0000 - val_loss: 1.1905 - val_acc: 0.7750
Epoch 186/500
Epoch 00185: val_acc did not improve
128s - loss: 1.5286e-05 - acc: 1.0000 - val_loss: 1.1916 - val_acc: 0.7750
Epoch 187/500
Epoch 00186: val_acc did not improve
129s - loss: 1.5106e-05 - acc: 1.0000 - val_loss: 1.1921 - val_acc: 0.7750
Epoch 188/500
Epoch 00187: val_acc did not improve
129s - loss: 1.4845e-05 - acc: 1.0000 - val_loss: 1.1937 - val_acc: 0.7750
Epoch 189/500
Epoch 00188: val_acc did not improve
128s - loss: 1.4594e-05 - acc: 1.0000 - val_loss: 1.1946 - val_acc: 0.7750
Epoch 190/500
Epoch 00189: val_acc did not improve
128s - loss: 1.4442e-05 - acc: 1.0000 - val_loss: 1.1957 - val_acc: 0.7750
Epoch 191/500
Epoch 00190: val_acc did not improve
128s - loss: 1.4162e-05 - acc: 1.0000 - val_loss: 1.1967 - val_acc: 0.7750
Epoch 192/500
Epoch 00191: val_acc did not improve
129s - loss: 1.3966e-05 - acc: 1.0000 - val_loss: 1.1976 - val_acc: 0.7750
Epoch 193/500
Epoch 00192: val_acc did not improve
128s - loss: 1.3774e-05 - acc: 1.0000 - val_loss: 1.1986 - val_acc: 0.7750
Epoch 194/500
Epoch 00193: val_acc did not improve
129s - loss: 1.3570e-05 - acc: 1.0000 - val_loss: 1.1999 - val_acc: 0.7750
Epoch 195/500
Epoch 00194: val_acc did not improve
129s - loss: 1.3378e-05 - acc: 1.0000 - val_loss: 1.2004 - val_acc: 0.7750
Epoch 196/500
Epoch 00195: val_acc did not improve
128s - loss: 1.3179e-05 - acc: 1.0000 - val_loss: 1.2017 - val_acc: 0.7750
Epoch 197/500
Epoch 00196: val_acc did not improve
128s - loss: 1.3014e-05 - acc: 1.0000 - val_loss: 1.2027 - val_acc: 0.7750
Epoch 198/500
Epoch 00197: val_acc did not improve
128s - loss: 1.2830e-05 - acc: 1.0000 - val_loss: 1.2035 - val_acc: 0.7750
Epoch 199/500
Epoch 00198: val_acc did not improve
128s - loss: 1.2642e-05 - acc: 1.0000 - val_loss: 1.2048 - val_acc: 0.7750
Epoch 200/500
Epoch 00199: val_acc did not improve
128s - loss: 1.2436e-05 - acc: 1.0000 - val_loss: 1.2056 - val_acc: 0.7750
Epoch 201/500
Epoch 00200: val_acc did not improve
128s - loss: 1.2256e-05 - acc: 1.0000 - val_loss: 1.2066 - val_acc: 0.7750
Epoch 202/500
Epoch 00201: val_acc did not improve
128s - loss: 1.2111e-05 - acc: 1.0000 - val_loss: 1.2077 - val_acc: 0.7750
Epoch 203/500
Epoch 00202: val_acc did not improve
128s - loss: 1.1925e-05 - acc: 1.0000 - val_loss: 1.2086 - val_acc: 0.7750
Epoch 204/500
Epoch 00203: val_acc did not improve
128s - loss: 1.1741e-05 - acc: 1.0000 - val_loss: 1.2095 - val_acc: 0.7750
Epoch 205/500
Epoch 00204: val_acc did not improve
128s - loss: 1.1597e-05 - acc: 1.0000 - val_loss: 1.2106 - val_acc: 0.7750
Epoch 206/500
Epoch 00205: val_acc did not improve
128s - loss: 1.1451e-05 - acc: 1.0000 - val_loss: 1.2113 - val_acc: 0.7750
Epoch 207/500
Epoch 00206: val_acc did not improve
128s - loss: 1.1276e-05 - acc: 1.0000 - val_loss: 1.2121 - val_acc: 0.7750
Epoch 208/500
Epoch 00207: val_acc did not improve
128s - loss: 1.1116e-05 - acc: 1.0000 - val_loss: 1.2133 - val_acc: 0.7750
Epoch 209/500
Epoch 00208: val_acc did not improve
129s - loss: 1.0984e-05 - acc: 1.0000 - val_loss: 1.2139 - val_acc: 0.7750
Epoch 210/500
Epoch 00209: val_acc did not improve
128s - loss: 1.0806e-05 - acc: 1.0000 - val_loss: 1.2151 - val_acc: 0.7750
Epoch 211/500
Epoch 00210: val_acc did not improve
128s - loss: 1.0672e-05 - acc: 1.0000 - val_loss: 1.2162 - val_acc: 0.7750
Epoch 212/500
Epoch 00211: val_acc did not improve
128s - loss: 1.0531e-05 - acc: 1.0000 - val_loss: 1.2170 - val_acc: 0.7750
Epoch 213/500
Epoch 00212: val_acc did not improve
128s - loss: 1.0380e-05 - acc: 1.0000 - val_loss: 1.2181 - val_acc: 0.7750
Epoch 214/500
Epoch 00213: val_acc did not improve
128s - loss: 1.0227e-05 - acc: 1.0000 - val_loss: 1.2187 - val_acc: 0.7750
Epoch 215/500
Epoch 00214: val_acc did not improve
128s - loss: 1.0091e-05 - acc: 1.0000 - val_loss: 1.2196 - val_acc: 0.7750
Epoch 216/500
Epoch 00215: val_acc did not improve
128s - loss: 9.9687e-06 - acc: 1.0000 - val_loss: 1.2208 - val_acc: 0.7750
Epoch 217/500
Epoch 00216: val_acc did not improve
128s - loss: 9.8257e-06 - acc: 1.0000 - val_loss: 1.2216 - val_acc: 0.7750
Epoch 218/500
Epoch 00217: val_acc did not improve
128s - loss: 9.6998e-06 - acc: 1.0000 - val_loss: 1.2226 - val_acc: 0.7750
Epoch 219/500
Epoch 00218: val_acc did not improve
128s - loss: 9.5783e-06 - acc: 1.0000 - val_loss: 1.2233 - val_acc: 0.7750
Epoch 220/500
Epoch 00219: val_acc did not improve
128s - loss: 9.4599e-06 - acc: 1.0000 - val_loss: 1.2246 - val_acc: 0.7750
Epoch 221/500
Epoch 00220: val_acc did not improve
128s - loss: 9.3049e-06 - acc: 1.0000 - val_loss: 1.2251 - val_acc: 0.7750
Epoch 222/500
Epoch 00221: val_acc did not improve
128s - loss: 9.1947e-06 - acc: 1.0000 - val_loss: 1.2262 - val_acc: 0.7750
Epoch 223/500
Epoch 00222: val_acc did not improve
128s - loss: 9.0650e-06 - acc: 1.0000 - val_loss: 1.2270 - val_acc: 0.7750
Epoch 224/500
Epoch 00223: val_acc did not improve
129s - loss: 8.9406e-06 - acc: 1.0000 - val_loss: 1.2282 - val_acc: 0.7750
Epoch 225/500
Epoch 00224: val_acc did not improve
128s - loss: 8.8369e-06 - acc: 1.0000 - val_loss: 1.2291 - val_acc: 0.7750
Epoch 226/500
Epoch 00225: val_acc did not improve
128s - loss: 8.7192e-06 - acc: 1.0000 - val_loss: 1.2301 - val_acc: 0.7750
Epoch 227/500
Epoch 00226: val_acc did not improve
128s - loss: 8.6133e-06 - acc: 1.0000 - val_loss: 1.2307 - val_acc: 0.7750
Epoch 228/500
Epoch 00227: val_acc did not improve
128s - loss: 8.4883e-06 - acc: 1.0000 - val_loss: 1.2317 - val_acc: 0.7750
Epoch 229/500
Epoch 00228: val_acc did not improve
128s - loss: 8.3698e-06 - acc: 1.0000 - val_loss: 1.2322 - val_acc: 0.7750
Epoch 230/500
Epoch 00229: val_acc did not improve
128s - loss: 8.2693e-06 - acc: 1.0000 - val_loss: 1.2333 - val_acc: 0.7750
Epoch 231/500
Epoch 00230: val_acc did not improve
128s - loss: 8.1560e-06 - acc: 1.0000 - val_loss: 1.2342 - val_acc: 0.7750
Epoch 232/500
Epoch 00231: val_acc did not improve
128s - loss: 8.0688e-06 - acc: 1.0000 - val_loss: 1.2349 - val_acc: 0.7750
Epoch 233/500
Epoch 00232: val_acc did not improve
128s - loss: 7.9599e-06 - acc: 1.0000 - val_loss: 1.2361 - val_acc: 0.7750
Epoch 234/500
Epoch 00233: val_acc did not improve
128s - loss: 7.8519e-06 - acc: 1.0000 - val_loss: 1.2370 - val_acc: 0.7750
Epoch 235/500
Epoch 00234: val_acc did not improve
128s - loss: 7.7506e-06 - acc: 1.0000 - val_loss: 1.2377 - val_acc: 0.7750
Epoch 236/500
Epoch 00235: val_acc did not improve
128s - loss: 7.6523e-06 - acc: 1.0000 - val_loss: 1.2387 - val_acc: 0.7750
Epoch 237/500
Epoch 00236: val_acc did not improve
128s - loss: 7.5524e-06 - acc: 1.0000 - val_loss: 1.2395 - val_acc: 0.7750
Epoch 238/500
Epoch 00237: val_acc did not improve
128s - loss: 7.4629e-06 - acc: 1.0000 - val_loss: 1.2403 - val_acc: 0.7750
Epoch 239/500
Epoch 00238: val_acc did not improve
128s - loss: 7.3601e-06 - acc: 1.0000 - val_loss: 1.2414 - val_acc: 0.7750
Epoch 240/500
Epoch 00239: val_acc did not improve
128s - loss: 7.2684e-06 - acc: 1.0000 - val_loss: 1.2423 - val_acc: 0.7750
Epoch 241/500
Epoch 00240: val_acc did not improve
128s - loss: 7.1768e-06 - acc: 1.0000 - val_loss: 1.2433 - val_acc: 0.7750
Epoch 242/500
Epoch 00241: val_acc did not improve
128s - loss: 7.0822e-06 - acc: 1.0000 - val_loss: 1.2442 - val_acc: 0.7750
Epoch 243/500
Epoch 00242: val_acc did not improve
128s - loss: 7.0077e-06 - acc: 1.0000 - val_loss: 1.2446 - val_acc: 0.7750
Epoch 244/500
Epoch 00243: val_acc did not improve
128s - loss: 6.9183e-06 - acc: 1.0000 - val_loss: 1.2458 - val_acc: 0.7750
Epoch 245/500
Epoch 00244: val_acc did not improve
128s - loss: 6.8259e-06 - acc: 1.0000 - val_loss: 1.2464 - val_acc: 0.7750
Epoch 246/500
Epoch 00245: val_acc did not improve
128s - loss: 6.7395e-06 - acc: 1.0000 - val_loss: 1.2474 - val_acc: 0.7750
Epoch 247/500
Epoch 00246: val_acc did not improve
128s - loss: 6.6597e-06 - acc: 1.0000 - val_loss: 1.2481 - val_acc: 0.7750
Epoch 248/500
Epoch 00247: val_acc did not improve
128s - loss: 6.5830e-06 - acc: 1.0000 - val_loss: 1.2490 - val_acc: 0.7750
Epoch 249/500
Epoch 00248: val_acc did not improve
128s - loss: 6.5041e-06 - acc: 1.0000 - val_loss: 1.2502 - val_acc: 0.7750
Epoch 250/500
Epoch 00249: val_acc did not improve
128s - loss: 6.4102e-06 - acc: 1.0000 - val_loss: 1.2510 - val_acc: 0.7750
Epoch 251/500
Epoch 00250: val_acc did not improve
128s - loss: 6.3357e-06 - acc: 1.0000 - val_loss: 1.2516 - val_acc: 0.7750
Epoch 252/500
Epoch 00251: val_acc did not improve
128s - loss: 6.2604e-06 - acc: 1.0000 - val_loss: 1.2528 - val_acc: 0.7750
Epoch 253/500
Epoch 00252: val_acc did not improve
128s - loss: 6.1769e-06 - acc: 1.0000 - val_loss: 1.2535 - val_acc: 0.7750
Epoch 254/500
Epoch 00253: val_acc did not improve
128s - loss: 6.1240e-06 - acc: 1.0000 - val_loss: 1.2540 - val_acc: 0.7750
Epoch 255/500
Epoch 00254: val_acc did not improve
128s - loss: 6.0450e-06 - acc: 1.0000 - val_loss: 1.2554 - val_acc: 0.7750
Epoch 256/500
Epoch 00255: val_acc did not improve
128s - loss: 5.9496e-06 - acc: 1.0000 - val_loss: 1.2559 - val_acc: 0.7750
Epoch 257/500
Epoch 00256: val_acc did not improve
127s - loss: 5.8788e-06 - acc: 1.0000 - val_loss: 1.2569 - val_acc: 0.7750
Epoch 258/500
Epoch 00257: val_acc did not improve
128s - loss: 5.8096e-06 - acc: 1.0000 - val_loss: 1.2577 - val_acc: 0.7750
Epoch 259/500
Epoch 00258: val_acc did not improve
128s - loss: 5.7425e-06 - acc: 1.0000 - val_loss: 1.2588 - val_acc: 0.7750
Epoch 260/500
Epoch 00259: val_acc did not improve
128s - loss: 5.6651e-06 - acc: 1.0000 - val_loss: 1.2595 - val_acc: 0.7750
Epoch 261/500
Epoch 00260: val_acc did not improve
128s - loss: 5.6002e-06 - acc: 1.0000 - val_loss: 1.2606 - val_acc: 0.7750
Epoch 262/500
Epoch 00261: val_acc did not improve
128s - loss: 5.5414e-06 - acc: 1.0000 - val_loss: 1.2612 - val_acc: 0.7750
Epoch 263/500
Epoch 00262: val_acc did not improve
128s - loss: 5.4728e-06 - acc: 1.0000 - val_loss: 1.2621 - val_acc: 0.7750
Epoch 264/500
Epoch 00263: val_acc did not improve
128s - loss: 5.4034e-06 - acc: 1.0000 - val_loss: 1.2630 - val_acc: 0.7750
Epoch 265/500
Epoch 00264: val_acc did not improve
128s - loss: 5.3394e-06 - acc: 1.0000 - val_loss: 1.2636 - val_acc: 0.7750
Epoch 266/500
Epoch 00265: val_acc did not improve
128s - loss: 5.2694e-06 - acc: 1.0000 - val_loss: 1.2643 - val_acc: 0.7750
Epoch 267/500
Epoch 00266: val_acc did not improve
128s - loss: 5.2179e-06 - acc: 1.0000 - val_loss: 1.2649 - val_acc: 0.7750
Epoch 268/500
Epoch 00267: val_acc did not improve
129s - loss: 5.1487e-06 - acc: 1.0000 - val_loss: 1.2660 - val_acc: 0.7750
Epoch 269/500
Epoch 00268: val_acc did not improve
129s - loss: 5.0950e-06 - acc: 1.0000 - val_loss: 1.2670 - val_acc: 0.7750
Epoch 270/500
Epoch 00269: val_acc did not improve
128s - loss: 5.0242e-06 - acc: 1.0000 - val_loss: 1.2677 - val_acc: 0.7750
Epoch 271/500
Epoch 00270: val_acc did not improve
128s - loss: 4.9729e-06 - acc: 1.0000 - val_loss: 1.2685 - val_acc: 0.7750
Epoch 272/500
Epoch 00271: val_acc did not improve
128s - loss: 4.9051e-06 - acc: 1.0000 - val_loss: 1.2693 - val_acc: 0.7750
Epoch 273/500
Epoch 00272: val_acc did not improve
128s - loss: 4.8604e-06 - acc: 1.0000 - val_loss: 1.2699 - val_acc: 0.7750
Epoch 274/500
Epoch 00273: val_acc did not improve
128s - loss: 4.7918e-06 - acc: 1.0000 - val_loss: 1.2709 - val_acc: 0.7750
Epoch 275/500
Epoch 00274: val_acc did not improve
128s - loss: 4.7545e-06 - acc: 1.0000 - val_loss: 1.2721 - val_acc: 0.7750
Epoch 276/500
Epoch 00275: val_acc did not improve
128s - loss: 4.6859e-06 - acc: 1.0000 - val_loss: 1.2727 - val_acc: 0.7750
Epoch 277/500
Epoch 00276: val_acc did not improve
128s - loss: 4.6338e-06 - acc: 1.0000 - val_loss: 1.2733 - val_acc: 0.7750
Epoch 278/500
Epoch 00277: val_acc did not improve
128s - loss: 4.5757e-06 - acc: 1.0000 - val_loss: 1.2741 - val_acc: 0.7750
Epoch 279/500
Epoch 00278: val_acc did not improve
128s - loss: 4.5257e-06 - acc: 1.0000 - val_loss: 1.2748 - val_acc: 0.7750
Epoch 280/500
Epoch 00279: val_acc did not improve
128s - loss: 4.4729e-06 - acc: 1.0000 - val_loss: 1.2758 - val_acc: 0.7750
Epoch 281/500
Epoch 00280: val_acc did not improve
128s - loss: 4.4192e-06 - acc: 1.0000 - val_loss: 1.2765 - val_acc: 0.7750
Epoch 282/500
Epoch 00281: val_acc did not improve
128s - loss: 4.3746e-06 - acc: 1.0000 - val_loss: 1.2776 - val_acc: 0.7750
Epoch 283/500
Epoch 00282: val_acc did not improve
129s - loss: 4.3216e-06 - acc: 1.0000 - val_loss: 1.2779 - val_acc: 0.7750
Epoch 284/500
Epoch 00283: val_acc did not improve
128s - loss: 4.2635e-06 - acc: 1.0000 - val_loss: 1.2788 - val_acc: 0.7750
Epoch 285/500
Epoch 00284: val_acc did not improve
129s - loss: 4.2232e-06 - acc: 1.0000 - val_loss: 1.2796 - val_acc: 0.7750
Epoch 286/500
Epoch 00285: val_acc did not improve
128s - loss: 4.1658e-06 - acc: 1.0000 - val_loss: 1.2805 - val_acc: 0.7750
Epoch 287/500
Epoch 00286: val_acc did not improve
128s - loss: 4.1137e-06 - acc: 1.0000 - val_loss: 1.2813 - val_acc: 0.7750
Epoch 288/500
Epoch 00287: val_acc did not improve
128s - loss: 4.0728e-06 - acc: 1.0000 - val_loss: 1.2820 - val_acc: 0.7750
Epoch 289/500
Epoch 00288: val_acc did not improve
128s - loss: 4.0266e-06 - acc: 1.0000 - val_loss: 1.2828 - val_acc: 0.7750
Epoch 290/500
Epoch 00289: val_acc did not improve
128s - loss: 3.9803e-06 - acc: 1.0000 - val_loss: 1.2837 - val_acc: 0.7750
Epoch 291/500
Epoch 00290: val_acc did not improve
128s - loss: 3.9341e-06 - acc: 1.0000 - val_loss: 1.2843 - val_acc: 0.7750
Epoch 292/500
Epoch 00291: val_acc did not improve
127s - loss: 3.8939e-06 - acc: 1.0000 - val_loss: 1.2851 - val_acc: 0.7750
Epoch 293/500
Epoch 00292: val_acc did not improve
128s - loss: 3.8462e-06 - acc: 1.0000 - val_loss: 1.2857 - val_acc: 0.7750
Epoch 294/500
Epoch 00293: val_acc did not improve
128s - loss: 3.8022e-06 - acc: 1.0000 - val_loss: 1.2868 - val_acc: 0.7750
Epoch 295/500
Epoch 00294: val_acc did not improve
128s - loss: 3.7650e-06 - acc: 1.0000 - val_loss: 1.2873 - val_acc: 0.7750
Epoch 296/500
Epoch 00295: val_acc did not improve
128s - loss: 3.7218e-06 - acc: 1.0000 - val_loss: 1.2884 - val_acc: 0.7750
Epoch 297/500
Epoch 00296: val_acc did not improve
128s - loss: 3.6734e-06 - acc: 1.0000 - val_loss: 1.2892 - val_acc: 0.7750
Epoch 298/500
Epoch 00297: val_acc did not improve
128s - loss: 3.6375e-06 - acc: 1.0000 - val_loss: 1.2896 - val_acc: 0.7750
Epoch 299/500
Epoch 00298: val_acc did not improve
128s - loss: 3.5951e-06 - acc: 1.0000 - val_loss: 1.2907 - val_acc: 0.7750
Epoch 300/500
Epoch 00299: val_acc did not improve
128s - loss: 3.5542e-06 - acc: 1.0000 - val_loss: 1.2914 - val_acc: 0.7750
Epoch 301/500
Epoch 00300: val_acc did not improve
128s - loss: 3.5146e-06 - acc: 1.0000 - val_loss: 1.2921 - val_acc: 0.7750
Epoch 302/500
Epoch 00301: val_acc did not improve
128s - loss: 3.4766e-06 - acc: 1.0000 - val_loss: 1.2929 - val_acc: 0.7750
Epoch 303/500
Epoch 00302: val_acc did not improve
128s - loss: 3.4289e-06 - acc: 1.0000 - val_loss: 1.2936 - val_acc: 0.7750
Epoch 304/500
Epoch 00303: val_acc did not improve
128s - loss: 3.3984e-06 - acc: 1.0000 - val_loss: 1.2946 - val_acc: 0.7750
Epoch 305/500
Epoch 00304: val_acc did not improve
128s - loss: 3.3552e-06 - acc: 1.0000 - val_loss: 1.2952 - val_acc: 0.7750
Epoch 306/500
Epoch 00305: val_acc did not improve
128s - loss: 3.3231e-06 - acc: 1.0000 - val_loss: 1.2960 - val_acc: 0.7750
Epoch 307/500
Epoch 00306: val_acc did not improve
128s - loss: 3.2851e-06 - acc: 1.0000 - val_loss: 1.2968 - val_acc: 0.7750
Epoch 308/500
Epoch 00307: val_acc did not improve
128s - loss: 3.2494e-06 - acc: 1.0000 - val_loss: 1.2974 - val_acc: 0.7750
Epoch 309/500
Epoch 00308: val_acc did not improve
128s - loss: 3.2136e-06 - acc: 1.0000 - val_loss: 1.2979 - val_acc: 0.7750
Epoch 310/500
Epoch 00309: val_acc did not improve
129s - loss: 3.1749e-06 - acc: 1.0000 - val_loss: 1.2987 - val_acc: 0.7750
Epoch 311/500
Epoch 00310: val_acc did not improve
128s - loss: 3.1428e-06 - acc: 1.0000 - val_loss: 1.2998 - val_acc: 0.7750
Epoch 312/500
Epoch 00311: val_acc did not improve
128s - loss: 3.1070e-06 - acc: 1.0000 - val_loss: 1.3004 - val_acc: 0.7750
Epoch 313/500
Epoch 00312: val_acc did not improve
128s - loss: 3.0764e-06 - acc: 1.0000 - val_loss: 1.3014 - val_acc: 0.7750
Epoch 314/500
Epoch 00313: val_acc did not improve
128s - loss: 3.0384e-06 - acc: 1.0000 - val_loss: 1.3021 - val_acc: 0.7750
Epoch 315/500
Epoch 00314: val_acc did not improve
129s - loss: 3.0027e-06 - acc: 1.0000 - val_loss: 1.3027 - val_acc: 0.7750
Epoch 316/500
Epoch 00315: val_acc did not improve
127s - loss: 2.9670e-06 - acc: 1.0000 - val_loss: 1.3034 - val_acc: 0.7750
Epoch 317/500
Epoch 00316: val_acc did not improve
128s - loss: 2.9386e-06 - acc: 1.0000 - val_loss: 1.3044 - val_acc: 0.7750
Epoch 318/500
Epoch 00317: val_acc did not improve
128s - loss: 2.9059e-06 - acc: 1.0000 - val_loss: 1.3051 - val_acc: 0.7750
Epoch 319/500
Epoch 00318: val_acc did not improve
127s - loss: 2.8798e-06 - acc: 1.0000 - val_loss: 1.3060 - val_acc: 0.7750
Epoch 320/500
Epoch 00319: val_acc did not improve
128s - loss: 2.8447e-06 - acc: 1.0000 - val_loss: 1.3067 - val_acc: 0.7750
Epoch 321/500
Epoch 00320: val_acc did not improve
128s - loss: 2.8127e-06 - acc: 1.0000 - val_loss: 1.3073 - val_acc: 0.7750
Epoch 322/500
Epoch 00321: val_acc did not improve
128s - loss: 2.7836e-06 - acc: 1.0000 - val_loss: 1.3079 - val_acc: 0.7750
Epoch 323/500
Epoch 00322: val_acc did not improve
128s - loss: 2.7531e-06 - acc: 1.0000 - val_loss: 1.3086 - val_acc: 0.7750
Epoch 324/500
Epoch 00323: val_acc did not improve
128s - loss: 2.7218e-06 - acc: 1.0000 - val_loss: 1.3095 - val_acc: 0.7750
Epoch 325/500
Epoch 00324: val_acc did not improve
128s - loss: 2.6913e-06 - acc: 1.0000 - val_loss: 1.3103 - val_acc: 0.7750
Epoch 326/500
Epoch 00325: val_acc did not improve
128s - loss: 2.6600e-06 - acc: 1.0000 - val_loss: 1.3110 - val_acc: 0.7750
Epoch 327/500
Epoch 00326: val_acc did not improve
128s - loss: 2.6347e-06 - acc: 1.0000 - val_loss: 1.3119 - val_acc: 0.7750
Epoch 328/500
Epoch 00327: val_acc did not improve
128s - loss: 2.6079e-06 - acc: 1.0000 - val_loss: 1.3121 - val_acc: 0.8000
Epoch 329/500
Epoch 00328: val_acc did not improve
127s - loss: 2.5781e-06 - acc: 1.0000 - val_loss: 1.3129 - val_acc: 0.8000
Epoch 330/500
Epoch 00329: val_acc did not improve
129s - loss: 2.5489e-06 - acc: 1.0000 - val_loss: 1.3138 - val_acc: 0.8000
Epoch 331/500
Epoch 00330: val_acc did not improve
128s - loss: 2.5243e-06 - acc: 1.0000 - val_loss: 1.3144 - val_acc: 0.8000
Epoch 332/500
Epoch 00331: val_acc did not improve
128s - loss: 2.4960e-06 - acc: 1.0000 - val_loss: 1.3152 - val_acc: 0.8000
Epoch 333/500
Epoch 00332: val_acc did not improve
128s - loss: 2.4677e-06 - acc: 1.0000 - val_loss: 1.3161 - val_acc: 0.8000
Epoch 334/500
Epoch 00333: val_acc did not improve
128s - loss: 2.4387e-06 - acc: 1.0000 - val_loss: 1.3164 - val_acc: 0.8000
Epoch 335/500
Epoch 00334: val_acc did not improve
128s - loss: 2.4148e-06 - acc: 1.0000 - val_loss: 1.3172 - val_acc: 0.8000
Epoch 336/500
Epoch 00335: val_acc did not improve
128s - loss: 2.3939e-06 - acc: 1.0000 - val_loss: 1.3179 - val_acc: 0.8000
Epoch 337/500
Epoch 00336: val_acc did not improve
129s - loss: 2.3672e-06 - acc: 1.0000 - val_loss: 1.3188 - val_acc: 0.8000
Epoch 338/500
Epoch 00337: val_acc did not improve
128s - loss: 2.3418e-06 - acc: 1.0000 - val_loss: 1.3197 - val_acc: 0.8000
Epoch 339/500
Epoch 00338: val_acc did not improve
128s - loss: 2.3180e-06 - acc: 1.0000 - val_loss: 1.3204 - val_acc: 0.8000
Epoch 340/500
Epoch 00339: val_acc did not improve
128s - loss: 2.2919e-06 - acc: 1.0000 - val_loss: 1.3211 - val_acc: 0.8000
Epoch 341/500
Epoch 00340: val_acc did not improve
128s - loss: 2.2665e-06 - acc: 1.0000 - val_loss: 1.3217 - val_acc: 0.8000
Epoch 342/500
Epoch 00341: val_acc did not improve
128s - loss: 2.2449e-06 - acc: 1.0000 - val_loss: 1.3223 - val_acc: 0.8000
Epoch 343/500
Epoch 00342: val_acc did not improve
127s - loss: 2.2174e-06 - acc: 1.0000 - val_loss: 1.3234 - val_acc: 0.8000
Epoch 344/500
Epoch 00343: val_acc did not improve
128s - loss: 2.1921e-06 - acc: 1.0000 - val_loss: 1.3239 - val_acc: 0.8000
Epoch 345/500
Epoch 00344: val_acc did not improve
128s - loss: 2.1720e-06 - acc: 1.0000 - val_loss: 1.3247 - val_acc: 0.8000
Epoch 346/500
Epoch 00345: val_acc did not improve
127s - loss: 2.1467e-06 - acc: 1.0000 - val_loss: 1.3253 - val_acc: 0.8000
Epoch 347/500
Epoch 00346: val_acc did not improve
128s - loss: 2.1281e-06 - acc: 1.0000 - val_loss: 1.3257 - val_acc: 0.8000
Epoch 348/500
Epoch 00347: val_acc did not improve
127s - loss: 2.1012e-06 - acc: 1.0000 - val_loss: 1.3264 - val_acc: 0.8000
Epoch 349/500
Epoch 00348: val_acc did not improve
128s - loss: 2.0856e-06 - acc: 1.0000 - val_loss: 1.3275 - val_acc: 0.8000
Epoch 350/500
Epoch 00349: val_acc did not improve
128s - loss: 2.0580e-06 - acc: 1.0000 - val_loss: 1.3283 - val_acc: 0.8000
Epoch 351/500
Epoch 00350: val_acc did not improve
128s - loss: 2.0394e-06 - acc: 1.0000 - val_loss: 1.3288 - val_acc: 0.8000
Epoch 352/500
Epoch 00351: val_acc did not improve
128s - loss: 2.0162e-06 - acc: 1.0000 - val_loss: 1.3296 - val_acc: 0.8000
Epoch 353/500
Epoch 00352: val_acc did not improve
128s - loss: 1.9991e-06 - acc: 1.0000 - val_loss: 1.3302 - val_acc: 0.8000
Epoch 354/500
Epoch 00353: val_acc did not improve
128s - loss: 1.9767e-06 - acc: 1.0000 - val_loss: 1.3309 - val_acc: 0.8000
Epoch 355/500
Epoch 00354: val_acc did not improve
128s - loss: 1.9551e-06 - acc: 1.0000 - val_loss: 1.3316 - val_acc: 0.8000
Epoch 356/500
Epoch 00355: val_acc did not improve
128s - loss: 1.9335e-06 - acc: 1.0000 - val_loss: 1.3322 - val_acc: 0.8000
Epoch 357/500
Epoch 00356: val_acc did not improve
128s - loss: 1.9194e-06 - acc: 1.0000 - val_loss: 1.3332 - val_acc: 0.8000
Epoch 358/500
Epoch 00357: val_acc did not improve
128s - loss: 1.8941e-06 - acc: 1.0000 - val_loss: 1.3340 - val_acc: 0.8000
Epoch 359/500
Epoch 00358: val_acc did not improve
128s - loss: 1.8739e-06 - acc: 1.0000 - val_loss: 1.3345 - val_acc: 0.8000
Epoch 360/500
Epoch 00359: val_acc did not improve
127s - loss: 1.8582e-06 - acc: 1.0000 - val_loss: 1.3352 - val_acc: 0.8000
Epoch 361/500
Epoch 00360: val_acc did not improve
127s - loss: 1.8359e-06 - acc: 1.0000 - val_loss: 1.3358 - val_acc: 0.8000
Epoch 362/500
Epoch 00361: val_acc did not improve
128s - loss: 1.8195e-06 - acc: 1.0000 - val_loss: 1.3365 - val_acc: 0.8000
Epoch 363/500
Epoch 00362: val_acc did not improve
127s - loss: 1.7979e-06 - acc: 1.0000 - val_loss: 1.3372 - val_acc: 0.8000
Epoch 364/500
Epoch 00363: val_acc did not improve
128s - loss: 1.7785e-06 - acc: 1.0000 - val_loss: 1.3378 - val_acc: 0.8000
Epoch 365/500
Epoch 00364: val_acc did not improve
128s - loss: 1.7599e-06 - acc: 1.0000 - val_loss: 1.3385 - val_acc: 0.8000
Epoch 366/500
Epoch 00365: val_acc did not improve
128s - loss: 1.7517e-06 - acc: 1.0000 - val_loss: 1.3390 - val_acc: 0.8000
Epoch 367/500
Epoch 00366: val_acc did not improve
128s - loss: 1.7263e-06 - acc: 1.0000 - val_loss: 1.3399 - val_acc: 0.8000
Epoch 368/500
Epoch 00367: val_acc did not improve
127s - loss: 1.7084e-06 - acc: 1.0000 - val_loss: 1.3404 - val_acc: 0.8000
Epoch 369/500
Epoch 00368: val_acc did not improve
128s - loss: 1.6935e-06 - acc: 1.0000 - val_loss: 1.3409 - val_acc: 0.8000
Epoch 370/500
Epoch 00369: val_acc did not improve
128s - loss: 1.6741e-06 - acc: 1.0000 - val_loss: 1.3422 - val_acc: 0.8000
Epoch 371/500
Epoch 00370: val_acc did not improve
127s - loss: 1.6577e-06 - acc: 1.0000 - val_loss: 1.3427 - val_acc: 0.8000
Epoch 372/500
Epoch 00371: val_acc did not improve
128s - loss: 1.6376e-06 - acc: 1.0000 - val_loss: 1.3434 - val_acc: 0.8000
Epoch 373/500
Epoch 00372: val_acc did not improve
127s - loss: 1.6182e-06 - acc: 1.0000 - val_loss: 1.3438 - val_acc: 0.8000
Epoch 374/500
Epoch 00373: val_acc did not improve
128s - loss: 1.6026e-06 - acc: 1.0000 - val_loss: 1.3446 - val_acc: 0.8000
Epoch 375/500
Epoch 00374: val_acc did not improve
128s - loss: 1.5900e-06 - acc: 1.0000 - val_loss: 1.3455 - val_acc: 0.8000
Epoch 376/500
Epoch 00375: val_acc did not improve
127s - loss: 1.5705e-06 - acc: 1.0000 - val_loss: 1.3460 - val_acc: 0.8000
Epoch 377/500
Epoch 00376: val_acc did not improve
128s - loss: 1.5542e-06 - acc: 1.0000 - val_loss: 1.3465 - val_acc: 0.8000
Epoch 378/500
Epoch 00377: val_acc did not improve
127s - loss: 1.5415e-06 - acc: 1.0000 - val_loss: 1.3470 - val_acc: 0.8000
Epoch 379/500
Epoch 00378: val_acc did not improve
128s - loss: 1.5230e-06 - acc: 1.0000 - val_loss: 1.3474 - val_acc: 0.8000
Epoch 380/500
Epoch 00379: val_acc did not improve
127s - loss: 1.5103e-06 - acc: 1.0000 - val_loss: 1.3485 - val_acc: 0.8000
Epoch 381/500
Epoch 00380: val_acc did not improve
127s - loss: 1.4939e-06 - acc: 1.0000 - val_loss: 1.3490 - val_acc: 0.8000
Epoch 382/500
Epoch 00381: val_acc did not improve
128s - loss: 1.4760e-06 - acc: 1.0000 - val_loss: 1.3498 - val_acc: 0.8000
Epoch 383/500
Epoch 00382: val_acc did not improve
127s - loss: 1.4633e-06 - acc: 1.0000 - val_loss: 1.3506 - val_acc: 0.8000
Epoch 384/500
Epoch 00383: val_acc did not improve
128s - loss: 1.4461e-06 - acc: 1.0000 - val_loss: 1.3513 - val_acc: 0.8000
Epoch 385/500
Epoch 00384: val_acc did not improve
127s - loss: 1.4342e-06 - acc: 1.0000 - val_loss: 1.3519 - val_acc: 0.8000
Epoch 386/500
Epoch 00385: val_acc did not improve
128s - loss: 1.4178e-06 - acc: 1.0000 - val_loss: 1.3526 - val_acc: 0.8000
Epoch 387/500
Epoch 00386: val_acc did not improve
127s - loss: 1.4074e-06 - acc: 1.0000 - val_loss: 1.3532 - val_acc: 0.8000
Epoch 388/500
Epoch 00387: val_acc did not improve
128s - loss: 1.3924e-06 - acc: 1.0000 - val_loss: 1.3538 - val_acc: 0.8000
Epoch 389/500
Epoch 00388: val_acc did not improve
128s - loss: 1.3798e-06 - acc: 1.0000 - val_loss: 1.3544 - val_acc: 0.8000
Epoch 390/500
Epoch 00389: val_acc did not improve
128s - loss: 1.3648e-06 - acc: 1.0000 - val_loss: 1.3551 - val_acc: 0.8000
Epoch 391/500
Epoch 00390: val_acc did not improve
128s - loss: 1.3530e-06 - acc: 1.0000 - val_loss: 1.3555 - val_acc: 0.8000
Epoch 392/500
Epoch 00391: val_acc did not improve
128s - loss: 1.3380e-06 - acc: 1.0000 - val_loss: 1.3564 - val_acc: 0.8000
Epoch 393/500
Epoch 00392: val_acc did not improve
127s - loss: 1.3231e-06 - acc: 1.0000 - val_loss: 1.3572 - val_acc: 0.8000
Epoch 394/500
Epoch 00393: val_acc did not improve
128s - loss: 1.3083e-06 - acc: 1.0000 - val_loss: 1.3580 - val_acc: 0.8000
Epoch 395/500
Epoch 00394: val_acc did not improve
128s - loss: 1.2918e-06 - acc: 1.0000 - val_loss: 1.3584 - val_acc: 0.8000
Epoch 396/500
Epoch 00395: val_acc did not improve
128s - loss: 1.2844e-06 - acc: 1.0000 - val_loss: 1.3591 - val_acc: 0.8000
Epoch 397/500
Epoch 00396: val_acc did not improve
128s - loss: 1.2703e-06 - acc: 1.0000 - val_loss: 1.3599 - val_acc: 0.8000
Epoch 398/500
Epoch 00397: val_acc did not improve
127s - loss: 1.2561e-06 - acc: 1.0000 - val_loss: 1.3604 - val_acc: 0.8000
Epoch 399/500
Epoch 00398: val_acc did not improve
128s - loss: 1.2450e-06 - acc: 1.0000 - val_loss: 1.3610 - val_acc: 0.8000
Epoch 400/500
Epoch 00399: val_acc did not improve
128s - loss: 1.2323e-06 - acc: 1.0000 - val_loss: 1.3615 - val_acc: 0.8000
Epoch 401/500
Epoch 00400: val_acc did not improve
128s - loss: 1.2189e-06 - acc: 1.0000 - val_loss: 1.3622 - val_acc: 0.8000
Epoch 402/500
Epoch 00401: val_acc did not improve
127s - loss: 1.2077e-06 - acc: 1.0000 - val_loss: 1.3628 - val_acc: 0.8000
Epoch 403/500
Epoch 00402: val_acc did not improve
128s - loss: 1.1980e-06 - acc: 1.0000 - val_loss: 1.3635 - val_acc: 0.8000
Epoch 404/500
Epoch 00403: val_acc did not improve
128s - loss: 1.1816e-06 - acc: 1.0000 - val_loss: 1.3644 - val_acc: 0.8000
Epoch 405/500
Epoch 00404: val_acc did not improve
128s - loss: 1.1674e-06 - acc: 1.0000 - val_loss: 1.3649 - val_acc: 0.8000
Epoch 406/500
Epoch 00405: val_acc did not improve
128s - loss: 1.1592e-06 - acc: 1.0000 - val_loss: 1.3655 - val_acc: 0.8000
Epoch 407/500
Epoch 00406: val_acc did not improve
128s - loss: 1.1495e-06 - acc: 1.0000 - val_loss: 1.3663 - val_acc: 0.8000
Epoch 408/500
Epoch 00407: val_acc did not improve
128s - loss: 1.1398e-06 - acc: 1.0000 - val_loss: 1.3668 - val_acc: 0.8000
Epoch 409/500
Epoch 00408: val_acc did not improve
127s - loss: 1.1264e-06 - acc: 1.0000 - val_loss: 1.3674 - val_acc: 0.8000
Epoch 410/500
Epoch 00409: val_acc did not improve
127s - loss: 1.1152e-06 - acc: 1.0000 - val_loss: 1.3683 - val_acc: 0.8000
Epoch 411/500
Epoch 00410: val_acc did not improve
128s - loss: 1.1055e-06 - acc: 1.0000 - val_loss: 1.3688 - val_acc: 0.8000
Epoch 412/500
Epoch 00411: val_acc did not improve
127s - loss: 1.0921e-06 - acc: 1.0000 - val_loss: 1.3694 - val_acc: 0.8000
Epoch 413/500
Epoch 00412: val_acc did not improve
127s - loss: 1.0839e-06 - acc: 1.0000 - val_loss: 1.3701 - val_acc: 0.8000
Epoch 414/500
Epoch 00413: val_acc did not improve
128s - loss: 1.0734e-06 - acc: 1.0000 - val_loss: 1.3707 - val_acc: 0.8000
Epoch 415/500
Epoch 00414: val_acc did not improve
127s - loss: 1.0615e-06 - acc: 1.0000 - val_loss: 1.3714 - val_acc: 0.8000
Epoch 416/500
Epoch 00415: val_acc did not improve
128s - loss: 1.0526e-06 - acc: 1.0000 - val_loss: 1.3717 - val_acc: 0.8000
Epoch 417/500
Epoch 00416: val_acc did not improve
127s - loss: 1.0429e-06 - acc: 1.0000 - val_loss: 1.3725 - val_acc: 0.8000
Epoch 418/500
Epoch 00417: val_acc did not improve
127s - loss: 1.0295e-06 - acc: 1.0000 - val_loss: 1.3733 - val_acc: 0.8000
Epoch 419/500
Epoch 00418: val_acc did not improve
128s - loss: 1.0236e-06 - acc: 1.0000 - val_loss: 1.3738 - val_acc: 0.8000
Epoch 420/500
Epoch 00419: val_acc did not improve
127s - loss: 1.0124e-06 - acc: 1.0000 - val_loss: 1.3742 - val_acc: 0.8000
Epoch 421/500
Epoch 00420: val_acc did not improve
128s - loss: 1.0050e-06 - acc: 1.0000 - val_loss: 1.3752 - val_acc: 0.8000
Epoch 422/500
Epoch 00421: val_acc did not improve
127s - loss: 9.9154e-07 - acc: 1.0000 - val_loss: 1.3758 - val_acc: 0.8000
Epoch 423/500
Epoch 00422: val_acc did not improve
127s - loss: 9.8261e-07 - acc: 1.0000 - val_loss: 1.3766 - val_acc: 0.8000
Epoch 424/500
Epoch 00423: val_acc did not improve
127s - loss: 9.7290e-07 - acc: 1.0000 - val_loss: 1.3770 - val_acc: 0.8000
Epoch 425/500
Epoch 00424: val_acc did not improve
127s - loss: 9.5730e-07 - acc: 1.0000 - val_loss: 1.3778 - val_acc: 0.8000
Epoch 426/500
Epoch 00425: val_acc did not improve
128s - loss: 9.5280e-07 - acc: 1.0000 - val_loss: 1.3782 - val_acc: 0.8000
Epoch 427/500
Epoch 00426: val_acc did not improve
127s - loss: 9.4532e-07 - acc: 1.0000 - val_loss: 1.3787 - val_acc: 0.8000
Epoch 428/500
Epoch 00427: val_acc did not improve
128s - loss: 9.3344e-07 - acc: 1.0000 - val_loss: 1.3795 - val_acc: 0.8000
Epoch 429/500
Epoch 00428: val_acc did not improve
127s - loss: 9.2745e-07 - acc: 1.0000 - val_loss: 1.3801 - val_acc: 0.8000
Epoch 430/500
Epoch 00429: val_acc did not improve
127s - loss: 9.1922e-07 - acc: 1.0000 - val_loss: 1.3807 - val_acc: 0.8000
Epoch 431/500
Epoch 00430: val_acc did not improve
128s - loss: 9.1180e-07 - acc: 1.0000 - val_loss: 1.3813 - val_acc: 0.8000
Epoch 432/500
Epoch 00431: val_acc did not improve
127s - loss: 8.9919e-07 - acc: 1.0000 - val_loss: 1.3820 - val_acc: 0.8000
Epoch 433/500
Epoch 00432: val_acc did not improve
128s - loss: 8.9023e-07 - acc: 1.0000 - val_loss: 1.3825 - val_acc: 0.8000
Epoch 434/500
Epoch 00433: val_acc did not improve
127s - loss: 8.8277e-07 - acc: 1.0000 - val_loss: 1.3832 - val_acc: 0.8000
Epoch 435/500
Epoch 00434: val_acc did not improve
127s - loss: 8.7681e-07 - acc: 1.0000 - val_loss: 1.3839 - val_acc: 0.8000
Epoch 436/500
Epoch 00435: val_acc did not improve
128s - loss: 8.6788e-07 - acc: 1.0000 - val_loss: 1.3844 - val_acc: 0.8000
Epoch 437/500
Epoch 00436: val_acc did not improve
127s - loss: 8.5743e-07 - acc: 1.0000 - val_loss: 1.3849 - val_acc: 0.8000
Epoch 438/500
Epoch 00437: val_acc did not improve
128s - loss: 8.5072e-07 - acc: 1.0000 - val_loss: 1.3853 - val_acc: 0.8000
Epoch 439/500
Epoch 00438: val_acc did not improve
127s - loss: 8.4027e-07 - acc: 1.0000 - val_loss: 1.3861 - val_acc: 0.8000
Epoch 440/500
Epoch 00439: val_acc did not improve
127s - loss: 8.3357e-07 - acc: 1.0000 - val_loss: 1.3867 - val_acc: 0.8000
Epoch 441/500
Epoch 00440: val_acc did not improve
128s - loss: 8.2384e-07 - acc: 1.0000 - val_loss: 1.3873 - val_acc: 0.8000
Epoch 442/500
Epoch 00441: val_acc did not improve
128s - loss: 8.1861e-07 - acc: 1.0000 - val_loss: 1.3881 - val_acc: 0.8000
Epoch 443/500
Epoch 00442: val_acc did not improve
128s - loss: 8.1040e-07 - acc: 1.0000 - val_loss: 1.3885 - val_acc: 0.8000
Epoch 444/500
Epoch 00443: val_acc did not improve
127s - loss: 7.9921e-07 - acc: 1.0000 - val_loss: 1.3895 - val_acc: 0.8000
Epoch 445/500
Epoch 00444: val_acc did not improve
128s - loss: 7.9398e-07 - acc: 1.0000 - val_loss: 1.3898 - val_acc: 0.8000
Epoch 446/500
Epoch 00445: val_acc did not improve
128s - loss: 7.8431e-07 - acc: 1.0000 - val_loss: 1.3904 - val_acc: 0.8000
Epoch 447/500
Epoch 00446: val_acc did not improve
127s - loss: 7.7763e-07 - acc: 1.0000 - val_loss: 1.3910 - val_acc: 0.8000
Epoch 448/500
Epoch 00447: val_acc did not improve
128s - loss: 7.7092e-07 - acc: 1.0000 - val_loss: 1.3914 - val_acc: 0.8000
Epoch 449/500
Epoch 00448: val_acc did not improve
128s - loss: 7.6349e-07 - acc: 1.0000 - val_loss: 1.3922 - val_acc: 0.8000
Epoch 450/500
Epoch 00449: val_acc did not improve
127s - loss: 7.5608e-07 - acc: 1.0000 - val_loss: 1.3927 - val_acc: 0.8000
Epoch 451/500
Epoch 00450: val_acc did not improve
127s - loss: 7.5162e-07 - acc: 1.0000 - val_loss: 1.3934 - val_acc: 0.8000
Epoch 452/500
Epoch 00451: val_acc did not improve
127s - loss: 7.4268e-07 - acc: 1.0000 - val_loss: 1.3938 - val_acc: 0.8000
Epoch 453/500
Epoch 00452: val_acc did not improve
128s - loss: 7.3595e-07 - acc: 1.0000 - val_loss: 1.3942 - val_acc: 0.8000
Epoch 454/500
Epoch 00453: val_acc did not improve
128s - loss: 7.2924e-07 - acc: 1.0000 - val_loss: 1.3951 - val_acc: 0.8000
Epoch 455/500
Epoch 00454: val_acc did not improve
128s - loss: 7.1877e-07 - acc: 1.0000 - val_loss: 1.3958 - val_acc: 0.8000
Epoch 456/500
Epoch 00455: val_acc did not improve
127s - loss: 7.1354e-07 - acc: 1.0000 - val_loss: 1.3959 - val_acc: 0.8000
Epoch 457/500
Epoch 00456: val_acc did not improve
127s - loss: 7.0909e-07 - acc: 1.0000 - val_loss: 1.3965 - val_acc: 0.8000
Epoch 458/500
Epoch 00457: val_acc did not improve
127s - loss: 7.0538e-07 - acc: 1.0000 - val_loss: 1.3974 - val_acc: 0.8000
Epoch 459/500
Epoch 00458: val_acc did not improve
127s - loss: 6.9789e-07 - acc: 1.0000 - val_loss: 1.3981 - val_acc: 0.8000
Epoch 460/500
Epoch 00459: val_acc did not improve
127s - loss: 6.8815e-07 - acc: 1.0000 - val_loss: 1.3985 - val_acc: 0.8000
Epoch 461/500
Epoch 00460: val_acc did not improve
127s - loss: 6.8149e-07 - acc: 1.0000 - val_loss: 1.3989 - val_acc: 0.8000
Epoch 462/500
Epoch 00461: val_acc did not improve
127s - loss: 6.7476e-07 - acc: 1.0000 - val_loss: 1.3997 - val_acc: 0.8000
Epoch 463/500
Epoch 00462: val_acc did not improve
127s - loss: 6.6884e-07 - acc: 1.0000 - val_loss: 1.4002 - val_acc: 0.8000
Epoch 464/500
Epoch 00463: val_acc did not improve
127s - loss: 6.5988e-07 - acc: 1.0000 - val_loss: 1.4009 - val_acc: 0.8000
Epoch 465/500
Epoch 00464: val_acc did not improve
128s - loss: 6.5692e-07 - acc: 1.0000 - val_loss: 1.4013 - val_acc: 0.8000
Epoch 466/500
Epoch 00465: val_acc did not improve
127s - loss: 6.4943e-07 - acc: 1.0000 - val_loss: 1.4017 - val_acc: 0.8000
Epoch 467/500
Epoch 00466: val_acc did not improve
127s - loss: 6.4346e-07 - acc: 1.0000 - val_loss: 1.4024 - val_acc: 0.8000
Epoch 468/500
Epoch 00467: val_acc did not improve
128s - loss: 6.4049e-07 - acc: 1.0000 - val_loss: 1.4029 - val_acc: 0.8000
Epoch 469/500
Epoch 00468: val_acc did not improve
127s - loss: 6.3232e-07 - acc: 1.0000 - val_loss: 1.4034 - val_acc: 0.8000
Epoch 470/500
Epoch 00469: val_acc did not improve
127s - loss: 6.2258e-07 - acc: 1.0000 - val_loss: 1.4041 - val_acc: 0.8000
Epoch 471/500
Epoch 00470: val_acc did not improve
127s - loss: 6.1961e-07 - acc: 1.0000 - val_loss: 1.4045 - val_acc: 0.8000
Epoch 472/500
Epoch 00471: val_acc did not improve
127s - loss: 6.1289e-07 - acc: 1.0000 - val_loss: 1.4051 - val_acc: 0.8000
Epoch 473/500
Epoch 00472: val_acc did not improve
128s - loss: 6.0771e-07 - acc: 1.0000 - val_loss: 1.4058 - val_acc: 0.8000
Epoch 474/500
Epoch 00473: val_acc did not improve
127s - loss: 6.0248e-07 - acc: 1.0000 - val_loss: 1.4063 - val_acc: 0.8000
Epoch 475/500
Epoch 00474: val_acc did not improve
127s - loss: 5.9727e-07 - acc: 1.0000 - val_loss: 1.4067 - val_acc: 0.8000
Epoch 476/500
Epoch 00475: val_acc did not improve
127s - loss: 5.9205e-07 - acc: 1.0000 - val_loss: 1.4076 - val_acc: 0.8000
Epoch 477/500
Epoch 00476: val_acc did not improve
127s - loss: 5.8906e-07 - acc: 1.0000 - val_loss: 1.4080 - val_acc: 0.8000
Epoch 478/500
Epoch 00477: val_acc did not improve
128s - loss: 5.8090e-07 - acc: 1.0000 - val_loss: 1.4086 - val_acc: 0.8000
Epoch 479/500
Epoch 00478: val_acc did not improve
127s - loss: 5.7639e-07 - acc: 1.0000 - val_loss: 1.4090 - val_acc: 0.8000
Epoch 480/500
Epoch 00479: val_acc did not improve
128s - loss: 5.7493e-07 - acc: 1.0000 - val_loss: 1.4098 - val_acc: 0.8000
Epoch 481/500
Epoch 00480: val_acc did not improve
127s - loss: 5.6896e-07 - acc: 1.0000 - val_loss: 1.4101 - val_acc: 0.8000
Epoch 482/500
Epoch 00481: val_acc did not improve
127s - loss: 5.6150e-07 - acc: 1.0000 - val_loss: 1.4108 - val_acc: 0.8000
Epoch 483/500
Epoch 00482: val_acc did not improve
128s - loss: 5.5552e-07 - acc: 1.0000 - val_loss: 1.4112 - val_acc: 0.8000
Epoch 484/500
Epoch 00483: val_acc did not improve
127s - loss: 5.4955e-07 - acc: 1.0000 - val_loss: 1.4116 - val_acc: 0.8000
Epoch 485/500
Epoch 00484: val_acc did not improve
127s - loss: 5.4655e-07 - acc: 1.0000 - val_loss: 1.4122 - val_acc: 0.8000
Epoch 486/500
Epoch 00485: val_acc did not improve
127s - loss: 5.4133e-07 - acc: 1.0000 - val_loss: 1.4127 - val_acc: 0.8000
Epoch 487/500
Epoch 00486: val_acc did not improve
127s - loss: 5.3612e-07 - acc: 1.0000 - val_loss: 1.4135 - val_acc: 0.8000
Epoch 488/500
Epoch 00487: val_acc did not improve
128s - loss: 5.3091e-07 - acc: 1.0000 - val_loss: 1.4140 - val_acc: 0.8000
Epoch 489/500
Epoch 00488: val_acc did not improve
127s - loss: 5.2491e-07 - acc: 1.0000 - val_loss: 1.4144 - val_acc: 0.8000
Epoch 490/500
Epoch 00489: val_acc did not improve
128s - loss: 5.2197e-07 - acc: 1.0000 - val_loss: 1.4151 - val_acc: 0.8000
Epoch 491/500
Epoch 00490: val_acc did not improve
127s - loss: 5.1452e-07 - acc: 1.0000 - val_loss: 1.4156 - val_acc: 0.8000
Epoch 492/500
Epoch 00491: val_acc did not improve
128s - loss: 5.1077e-07 - acc: 1.0000 - val_loss: 1.4162 - val_acc: 0.8000
Epoch 493/500
Epoch 00492: val_acc did not improve
127s - loss: 5.0405e-07 - acc: 1.0000 - val_loss: 1.4167 - val_acc: 0.8000
Epoch 494/500
Epoch 00493: val_acc did not improve
127s - loss: 5.0034e-07 - acc: 1.0000 - val_loss: 1.4172 - val_acc: 0.8000
Epoch 495/500
Epoch 00494: val_acc did not improve
128s - loss: 4.9738e-07 - acc: 1.0000 - val_loss: 1.4174 - val_acc: 0.8000
Epoch 496/500
Epoch 00495: val_acc did not improve
127s - loss: 4.9736e-07 - acc: 1.0000 - val_loss: 1.4181 - val_acc: 0.8000
Epoch 497/500
Epoch 00496: val_acc did not improve
128s - loss: 4.8766e-07 - acc: 1.0000 - val_loss: 1.4187 - val_acc: 0.8000
Epoch 498/500
Epoch 00497: val_acc did not improve
127s - loss: 4.8172e-07 - acc: 1.0000 - val_loss: 1.4190 - val_acc: 0.8000
Epoch 499/500
Epoch 00498: val_acc did not improve
127s - loss: 4.7950e-07 - acc: 1.0000 - val_loss: 1.4195 - val_acc: 0.8000
Epoch 500/500
Epoch 00499: val_acc did not improve
128s - loss: 4.7651e-07 - acc: 1.0000 - val_loss: 1.4202 - val_acc: 0.8000
Test score: 1.4201918602
Test accuracy: 0.8
