max: 1381.1198
X_train shape: (160, 1, 4000, 59)
160 train samples
40 test samples
y_train shape: (160, 2)
y_test shape: (40, 2)
____________________________________________________________________________________________________
Layer (type)                     Output Shape          Param #     Connected to                     
====================================================================================================
convolution2d_1 (Convolution2D)  (None, 40, 4000, 59)  240         convolution2d_input_1[0][0]      
____________________________________________________________________________________________________
activation_1 (Activation)        (None, 40, 4000, 59)  0           convolution2d_1[0][0]            
____________________________________________________________________________________________________
maxpooling2d_1 (MaxPooling2D)    (None, 40, 2000, 59)  0           activation_1[0][0]               
____________________________________________________________________________________________________
convolution2d_2 (Convolution2D)  (None, 40, 2000, 59)  800040      maxpooling2d_1[0][0]             
____________________________________________________________________________________________________
activation_2 (Activation)        (None, 40, 2000, 59)  0           convolution2d_2[0][0]            
____________________________________________________________________________________________________
maxpooling2d_2 (MaxPooling2D)    (None, 40, 200, 59)   0           activation_2[0][0]               
____________________________________________________________________________________________________
permute_1 (Permute)              (None, 200, 40, 59)   0           maxpooling2d_2[0][0]             
____________________________________________________________________________________________________
reshape_1 (Reshape)              (None, 200, 2360)     0           permute_1[0][0]                  
____________________________________________________________________________________________________
bidirectional_1 (Bidirectional)  (None, 200, 256)      2548736     reshape_1[0][0]                  
____________________________________________________________________________________________________
bidirectional_2 (Bidirectional)  (None, 200, 256)      394240      bidirectional_1[0][0]            
____________________________________________________________________________________________________
flatten_1 (Flatten)              (None, 51200)         0           bidirectional_2[0][0]            
____________________________________________________________________________________________________
dense_1 (Dense)                  (None, 2)             102402      flatten_1[0][0]                  
____________________________________________________________________________________________________
activation_3 (Activation)        (None, 2)             0           dense_1[0][0]                    
====================================================================================================
Total params: 3845658
____________________________________________________________________________________________________
Train on 160 samples, validate on 40 samples
Epoch 1/500
Epoch 00000: val_acc improved from -inf to 0.57500, saving model to /media/kong/9A8821088820E48B/Xcat/experiment/BCI2008/ds1a/model/on-filtered-data/2BiLSTM_tmr.h5
122s - loss: 2.2340 - acc: 0.4562 - val_loss: 0.7160 - val_acc: 0.5750
Epoch 2/500
Epoch 00001: val_acc did not improve
121s - loss: 0.9317 - acc: 0.4813 - val_loss: 0.7126 - val_acc: 0.5750
Epoch 3/500
Epoch 00002: val_acc improved from 0.57500 to 0.60000, saving model to /media/kong/9A8821088820E48B/Xcat/experiment/BCI2008/ds1a/model/on-filtered-data/2BiLSTM_tmr.h5
121s - loss: 0.7031 - acc: 0.5062 - val_loss: 0.7194 - val_acc: 0.6000
Epoch 4/500
Epoch 00003: val_acc did not improve
121s - loss: 0.6736 - acc: 0.6188 - val_loss: 0.8563 - val_acc: 0.4750
Epoch 5/500
Epoch 00004: val_acc improved from 0.60000 to 0.77500, saving model to /media/kong/9A8821088820E48B/Xcat/experiment/BCI2008/ds1a/model/on-filtered-data/2BiLSTM_tmr.h5
121s - loss: 0.5638 - acc: 0.6750 - val_loss: 0.4897 - val_acc: 0.7750
Epoch 6/500
Epoch 00005: val_acc did not improve
121s - loss: 0.5114 - acc: 0.7500 - val_loss: 0.5600 - val_acc: 0.7500
Epoch 7/500
Epoch 00006: val_acc did not improve
121s - loss: 0.4171 - acc: 0.8250 - val_loss: 0.4914 - val_acc: 0.7500
Epoch 8/500
Epoch 00007: val_acc did not improve
121s - loss: 0.3231 - acc: 0.8625 - val_loss: 0.5968 - val_acc: 0.7000
Epoch 9/500
Epoch 00008: val_acc did not improve
121s - loss: 0.3279 - acc: 0.8438 - val_loss: 0.7097 - val_acc: 0.6750
Epoch 10/500
Epoch 00009: val_acc did not improve
120s - loss: 0.3215 - acc: 0.8750 - val_loss: 1.0335 - val_acc: 0.7250
Epoch 11/500
Epoch 00010: val_acc did not improve
121s - loss: 0.2309 - acc: 0.9062 - val_loss: 0.8963 - val_acc: 0.7000
Epoch 12/500
Epoch 00011: val_acc did not improve
121s - loss: 0.2104 - acc: 0.9187 - val_loss: 0.9542 - val_acc: 0.7000
Epoch 13/500
Epoch 00012: val_acc improved from 0.77500 to 0.80000, saving model to /media/kong/9A8821088820E48B/Xcat/experiment/BCI2008/ds1a/model/on-filtered-data/2BiLSTM_tmr.h5
122s - loss: 0.1330 - acc: 0.9500 - val_loss: 0.5756 - val_acc: 0.8000
Epoch 14/500
Epoch 00013: val_acc improved from 0.80000 to 0.82500, saving model to /media/kong/9A8821088820E48B/Xcat/experiment/BCI2008/ds1a/model/on-filtered-data/2BiLSTM_tmr.h5
121s - loss: 0.0478 - acc: 0.9938 - val_loss: 0.6493 - val_acc: 0.8250
Epoch 15/500
Epoch 00014: val_acc did not improve
121s - loss: 0.1181 - acc: 0.9437 - val_loss: 0.9123 - val_acc: 0.7500
Epoch 16/500
Epoch 00015: val_acc did not improve
121s - loss: 0.2883 - acc: 0.9125 - val_loss: 0.8750 - val_acc: 0.7250
Epoch 17/500
Epoch 00016: val_acc did not improve
120s - loss: 0.2092 - acc: 0.9437 - val_loss: 0.6848 - val_acc: 0.7750
Epoch 18/500
Epoch 00017: val_acc did not improve
121s - loss: 0.0604 - acc: 0.9625 - val_loss: 1.0419 - val_acc: 0.7250
Epoch 19/500
Epoch 00018: val_acc did not improve
121s - loss: 0.0142 - acc: 0.9938 - val_loss: 0.9439 - val_acc: 0.7750
Epoch 20/500
Epoch 00019: val_acc did not improve
121s - loss: 0.0032 - acc: 1.0000 - val_loss: 1.0975 - val_acc: 0.7500
Epoch 21/500
Epoch 00020: val_acc did not improve
122s - loss: 9.1724e-04 - acc: 1.0000 - val_loss: 1.0664 - val_acc: 0.7750
Epoch 22/500
Epoch 00021: val_acc did not improve
122s - loss: 4.8282e-04 - acc: 1.0000 - val_loss: 1.0077 - val_acc: 0.8000
Epoch 23/500
Epoch 00022: val_acc did not improve
122s - loss: 3.3702e-04 - acc: 1.0000 - val_loss: 1.0190 - val_acc: 0.8000
Epoch 24/500
Epoch 00023: val_acc did not improve
122s - loss: 2.6631e-04 - acc: 1.0000 - val_loss: 1.0188 - val_acc: 0.8000
Epoch 25/500
Epoch 00024: val_acc did not improve
122s - loss: 2.2927e-04 - acc: 1.0000 - val_loss: 1.0226 - val_acc: 0.8000
Epoch 26/500
Epoch 00025: val_acc did not improve
122s - loss: 1.9887e-04 - acc: 1.0000 - val_loss: 1.0184 - val_acc: 0.8000
Epoch 27/500
Epoch 00026: val_acc did not improve
123s - loss: 1.8062e-04 - acc: 1.0000 - val_loss: 1.0224 - val_acc: 0.8000
Epoch 28/500
Epoch 00027: val_acc did not improve
122s - loss: 1.5974e-04 - acc: 1.0000 - val_loss: 1.0175 - val_acc: 0.8000
Epoch 29/500
Epoch 00028: val_acc did not improve
122s - loss: 1.4657e-04 - acc: 1.0000 - val_loss: 1.0195 - val_acc: 0.8000
Epoch 30/500
Epoch 00029: val_acc did not improve
123s - loss: 1.3353e-04 - acc: 1.0000 - val_loss: 1.0215 - val_acc: 0.8000
Epoch 31/500
Epoch 00030: val_acc did not improve
122s - loss: 1.2345e-04 - acc: 1.0000 - val_loss: 1.0201 - val_acc: 0.8000
Epoch 32/500
Epoch 00031: val_acc did not improve
122s - loss: 1.1429e-04 - acc: 1.0000 - val_loss: 1.0183 - val_acc: 0.8000
Epoch 33/500
Epoch 00032: val_acc did not improve
123s - loss: 1.0655e-04 - acc: 1.0000 - val_loss: 1.0197 - val_acc: 0.8250
Epoch 34/500
Epoch 00033: val_acc did not improve
123s - loss: 9.9538e-05 - acc: 1.0000 - val_loss: 1.0178 - val_acc: 0.8250
Epoch 35/500
Epoch 00034: val_acc did not improve
123s - loss: 9.3046e-05 - acc: 1.0000 - val_loss: 1.0211 - val_acc: 0.8250
Epoch 36/500
Epoch 00035: val_acc did not improve
123s - loss: 8.7078e-05 - acc: 1.0000 - val_loss: 1.0194 - val_acc: 0.8250
Epoch 37/500
Epoch 00036: val_acc did not improve
124s - loss: 8.2095e-05 - acc: 1.0000 - val_loss: 1.0196 - val_acc: 0.8250
Epoch 38/500
Epoch 00037: val_acc did not improve
122s - loss: 7.7449e-05 - acc: 1.0000 - val_loss: 1.0232 - val_acc: 0.8250
Epoch 39/500
Epoch 00038: val_acc did not improve
123s - loss: 7.2743e-05 - acc: 1.0000 - val_loss: 1.0233 - val_acc: 0.8250
Epoch 40/500
Epoch 00039: val_acc did not improve
122s - loss: 6.9407e-05 - acc: 1.0000 - val_loss: 1.0229 - val_acc: 0.8250
Epoch 41/500
Epoch 00040: val_acc did not improve
122s - loss: 6.5448e-05 - acc: 1.0000 - val_loss: 1.0238 - val_acc: 0.8250
Epoch 42/500
Epoch 00041: val_acc did not improve
123s - loss: 6.1923e-05 - acc: 1.0000 - val_loss: 1.0260 - val_acc: 0.8250
Epoch 43/500
Epoch 00042: val_acc did not improve
122s - loss: 5.9025e-05 - acc: 1.0000 - val_loss: 1.0256 - val_acc: 0.8250
Epoch 44/500
Epoch 00043: val_acc did not improve
123s - loss: 5.6161e-05 - acc: 1.0000 - val_loss: 1.0267 - val_acc: 0.8250
Epoch 45/500
Epoch 00044: val_acc did not improve
123s - loss: 5.3310e-05 - acc: 1.0000 - val_loss: 1.0280 - val_acc: 0.8250
Epoch 46/500
Epoch 00045: val_acc did not improve
122s - loss: 5.1205e-05 - acc: 1.0000 - val_loss: 1.0258 - val_acc: 0.8250
Epoch 47/500
Epoch 00046: val_acc improved from 0.82500 to 0.85000, saving model to /media/kong/9A8821088820E48B/Xcat/experiment/BCI2008/ds1a/model/on-filtered-data/2BiLSTM_tmr.h5
123s - loss: 4.8563e-05 - acc: 1.0000 - val_loss: 1.0282 - val_acc: 0.8500
Epoch 48/500
Epoch 00047: val_acc did not improve
122s - loss: 4.6314e-05 - acc: 1.0000 - val_loss: 1.0291 - val_acc: 0.8500
Epoch 49/500
Epoch 00048: val_acc did not improve
123s - loss: 4.4229e-05 - acc: 1.0000 - val_loss: 1.0306 - val_acc: 0.8500
Epoch 50/500
Epoch 00049: val_acc did not improve
123s - loss: 4.2208e-05 - acc: 1.0000 - val_loss: 1.0332 - val_acc: 0.8500
Epoch 51/500
Epoch 00050: val_acc did not improve
123s - loss: 4.0146e-05 - acc: 1.0000 - val_loss: 1.0345 - val_acc: 0.8500
Epoch 52/500
Epoch 00051: val_acc did not improve
123s - loss: 3.8552e-05 - acc: 1.0000 - val_loss: 1.0379 - val_acc: 0.8250
Epoch 53/500
Epoch 00052: val_acc did not improve
122s - loss: 3.6259e-05 - acc: 1.0000 - val_loss: 1.0392 - val_acc: 0.8250
Epoch 54/500
Epoch 00053: val_acc did not improve
123s - loss: 3.4445e-05 - acc: 1.0000 - val_loss: 1.0433 - val_acc: 0.8250
Epoch 55/500
Epoch 00054: val_acc did not improve
122s - loss: 3.2209e-05 - acc: 1.0000 - val_loss: 1.0496 - val_acc: 0.8250
Epoch 56/500
Epoch 00055: val_acc did not improve
121s - loss: 2.9997e-05 - acc: 1.0000 - val_loss: 1.0587 - val_acc: 0.8250
Epoch 57/500
Epoch 00056: val_acc did not improve
122s - loss: 2.6632e-05 - acc: 1.0000 - val_loss: 1.0734 - val_acc: 0.8250
Epoch 58/500
Epoch 00057: val_acc did not improve
122s - loss: 2.3088e-05 - acc: 1.0000 - val_loss: 1.0829 - val_acc: 0.8250
Epoch 59/500
Epoch 00058: val_acc did not improve
122s - loss: 1.7566e-05 - acc: 1.0000 - val_loss: 1.0933 - val_acc: 0.8000
Epoch 60/500
Epoch 00059: val_acc did not improve
121s - loss: 1.2775e-05 - acc: 1.0000 - val_loss: 1.2827 - val_acc: 0.8000
Epoch 61/500
Epoch 00060: val_acc did not improve
121s - loss: 7.9535e-06 - acc: 1.0000 - val_loss: 1.1778 - val_acc: 0.8250
Epoch 62/500
Epoch 00061: val_acc did not improve
121s - loss: 6.2483e-06 - acc: 1.0000 - val_loss: 1.3630 - val_acc: 0.8000
Epoch 63/500
Epoch 00062: val_acc did not improve
121s - loss: 5.0444e-06 - acc: 1.0000 - val_loss: 1.2147 - val_acc: 0.8500
Epoch 64/500
Epoch 00063: val_acc did not improve
121s - loss: 2.6518e-06 - acc: 1.0000 - val_loss: 1.3949 - val_acc: 0.8000
Epoch 65/500
Epoch 00064: val_acc did not improve
121s - loss: 1.8701e-06 - acc: 1.0000 - val_loss: 1.3858 - val_acc: 0.8250
Epoch 66/500
Epoch 00065: val_acc did not improve
121s - loss: 1.2456e-06 - acc: 1.0000 - val_loss: 1.4555 - val_acc: 0.8000
Epoch 67/500
Epoch 00066: val_acc did not improve
121s - loss: 9.0725e-07 - acc: 1.0000 - val_loss: 1.5139 - val_acc: 0.8000
Epoch 68/500
Epoch 00067: val_acc did not improve
121s - loss: 6.3448e-07 - acc: 1.0000 - val_loss: 1.5285 - val_acc: 0.8000
Epoch 69/500
Epoch 00068: val_acc did not improve
121s - loss: 5.5765e-07 - acc: 1.0000 - val_loss: 1.5451 - val_acc: 0.8000
Epoch 70/500
Epoch 00069: val_acc did not improve
121s - loss: 4.6824e-07 - acc: 1.0000 - val_loss: 1.6268 - val_acc: 0.8000
Epoch 71/500
Epoch 00070: val_acc did not improve
121s - loss: 3.7727e-07 - acc: 1.0000 - val_loss: 1.6190 - val_acc: 0.8000
Epoch 72/500
Epoch 00071: val_acc did not improve
121s - loss: 3.3032e-07 - acc: 1.0000 - val_loss: 1.6556 - val_acc: 0.8000
Epoch 73/500
Epoch 00072: val_acc did not improve
121s - loss: 3.0569e-07 - acc: 1.0000 - val_loss: 1.6484 - val_acc: 0.8000
Epoch 74/500
Epoch 00073: val_acc did not improve
121s - loss: 2.8255e-07 - acc: 1.0000 - val_loss: 1.6514 - val_acc: 0.8000
Epoch 75/500
Epoch 00074: val_acc did not improve
121s - loss: 2.5420e-07 - acc: 1.0000 - val_loss: 1.7061 - val_acc: 0.8000
Epoch 76/500
Epoch 00075: val_acc did not improve
120s - loss: 2.2589e-07 - acc: 1.0000 - val_loss: 1.6549 - val_acc: 0.8250
Epoch 77/500
Epoch 00076: val_acc did not improve
121s - loss: 2.1918e-07 - acc: 1.0000 - val_loss: 1.7069 - val_acc: 0.8000
Epoch 78/500
Epoch 00077: val_acc did not improve
122s - loss: 1.9382e-07 - acc: 1.0000 - val_loss: 1.6920 - val_acc: 0.8000
Epoch 79/500
Epoch 00078: val_acc did not improve
122s - loss: 1.8486e-07 - acc: 1.0000 - val_loss: 1.7243 - val_acc: 0.8000
Epoch 80/500
Epoch 00079: val_acc did not improve
122s - loss: 1.7217e-07 - acc: 1.0000 - val_loss: 1.7196 - val_acc: 0.8000
Epoch 81/500
Epoch 00080: val_acc did not improve
122s - loss: 1.6245e-07 - acc: 1.0000 - val_loss: 1.7255 - val_acc: 0.8000
Epoch 82/500
Epoch 00081: val_acc did not improve
122s - loss: 1.5725e-07 - acc: 1.0000 - val_loss: 1.7324 - val_acc: 0.8000
Epoch 83/500
Epoch 00082: val_acc did not improve
121s - loss: 1.5051e-07 - acc: 1.0000 - val_loss: 1.7411 - val_acc: 0.8000
Epoch 84/500
Epoch 00083: val_acc did not improve
121s - loss: 1.4157e-07 - acc: 1.0000 - val_loss: 1.7439 - val_acc: 0.8000
Epoch 85/500
Epoch 00084: val_acc did not improve
121s - loss: 1.3561e-07 - acc: 1.0000 - val_loss: 1.7476 - val_acc: 0.8250
Epoch 86/500
Epoch 00085: val_acc did not improve
122s - loss: 1.3261e-07 - acc: 1.0000 - val_loss: 1.7592 - val_acc: 0.8000
Epoch 87/500
Epoch 00086: val_acc did not improve
123s - loss: 1.2963e-07 - acc: 1.0000 - val_loss: 1.7728 - val_acc: 0.8000
Epoch 88/500
Epoch 00087: val_acc did not improve
122s - loss: 1.2140e-07 - acc: 1.0000 - val_loss: 1.7563 - val_acc: 0.8250
Epoch 89/500
Epoch 00088: val_acc did not improve
122s - loss: 1.1767e-07 - acc: 1.0000 - val_loss: 1.7585 - val_acc: 0.8250
Epoch 90/500
Epoch 00089: val_acc did not improve
122s - loss: 1.1543e-07 - acc: 1.0000 - val_loss: 1.7746 - val_acc: 0.8250
Epoch 91/500
Epoch 00090: val_acc did not improve
122s - loss: 1.1244e-07 - acc: 1.0000 - val_loss: 1.7841 - val_acc: 0.8000
Epoch 92/500
Epoch 00091: val_acc did not improve
122s - loss: 1.1020e-07 - acc: 1.0000 - val_loss: 1.7805 - val_acc: 0.8250
Epoch 93/500
Epoch 00092: val_acc did not improve
121s - loss: 1.0423e-07 - acc: 1.0000 - val_loss: 1.7922 - val_acc: 0.8250
Epoch 94/500
Epoch 00093: val_acc did not improve
121s - loss: 1.0272e-07 - acc: 1.0000 - val_loss: 1.7772 - val_acc: 0.8250
Epoch 95/500
Epoch 00094: val_acc did not improve
120s - loss: 9.9726e-08 - acc: 1.0000 - val_loss: 1.7956 - val_acc: 0.8250
Epoch 96/500
Epoch 00095: val_acc did not improve
121s - loss: 9.7485e-08 - acc: 1.0000 - val_loss: 1.7949 - val_acc: 0.8250
Epoch 97/500
Epoch 00096: val_acc did not improve
122s - loss: 9.4493e-08 - acc: 1.0000 - val_loss: 1.8056 - val_acc: 0.8250
Epoch 98/500
Epoch 00097: val_acc did not improve
122s - loss: 9.5989e-08 - acc: 1.0000 - val_loss: 1.7978 - val_acc: 0.8250
Epoch 99/500
Epoch 00098: val_acc did not improve
123s - loss: 9.3748e-08 - acc: 1.0000 - val_loss: 1.7920 - val_acc: 0.8250
Epoch 100/500
Epoch 00099: val_acc did not improve
123s - loss: 9.7480e-08 - acc: 1.0000 - val_loss: 1.8158 - val_acc: 0.8250
Epoch 101/500
Epoch 00100: val_acc did not improve
122s - loss: 9.0768e-08 - acc: 1.0000 - val_loss: 1.8029 - val_acc: 0.8250
Epoch 102/500
Epoch 00101: val_acc did not improve
122s - loss: 8.7765e-08 - acc: 1.0000 - val_loss: 1.8094 - val_acc: 0.8250
Epoch 103/500
Epoch 00102: val_acc did not improve
122s - loss: 8.4022e-08 - acc: 1.0000 - val_loss: 1.8114 - val_acc: 0.8250
Epoch 104/500
Epoch 00103: val_acc did not improve
122s - loss: 8.4773e-08 - acc: 1.0000 - val_loss: 1.8233 - val_acc: 0.8250
Epoch 105/500
Epoch 00104: val_acc did not improve
121s - loss: 8.2532e-08 - acc: 1.0000 - val_loss: 1.8208 - val_acc: 0.8250
Epoch 106/500
Epoch 00105: val_acc did not improve
121s - loss: 8.1030e-08 - acc: 1.0000 - val_loss: 1.8216 - val_acc: 0.8250
Epoch 107/500
Epoch 00106: val_acc did not improve
122s - loss: 8.2526e-08 - acc: 1.0000 - val_loss: 1.8313 - val_acc: 0.8250
Epoch 108/500
Epoch 00107: val_acc did not improve
122s - loss: 7.9528e-08 - acc: 1.0000 - val_loss: 1.8193 - val_acc: 0.8250
Epoch 109/500
Epoch 00108: val_acc did not improve
122s - loss: 8.0279e-08 - acc: 1.0000 - val_loss: 1.8348 - val_acc: 0.8250
Epoch 110/500
Epoch 00109: val_acc did not improve
121s - loss: 8.0285e-08 - acc: 1.0000 - val_loss: 1.8304 - val_acc: 0.8250
Epoch 111/500
Epoch 00110: val_acc did not improve
122s - loss: 7.8032e-08 - acc: 1.0000 - val_loss: 1.8406 - val_acc: 0.8250
Epoch 112/500
Epoch 00111: val_acc did not improve
121s - loss: 7.7281e-08 - acc: 1.0000 - val_loss: 1.8329 - val_acc: 0.8250
Epoch 113/500
Epoch 00112: val_acc did not improve
120s - loss: 7.6530e-08 - acc: 1.0000 - val_loss: 1.8397 - val_acc: 0.8250
Epoch 114/500
Epoch 00113: val_acc did not improve
121s - loss: 7.6530e-08 - acc: 1.0000 - val_loss: 1.8448 - val_acc: 0.8250
Epoch 115/500
Epoch 00114: val_acc did not improve
121s - loss: 7.5779e-08 - acc: 1.0000 - val_loss: 1.8422 - val_acc: 0.8250
Epoch 116/500
Epoch 00115: val_acc did not improve
121s - loss: 7.2782e-08 - acc: 1.0000 - val_loss: 1.8444 - val_acc: 0.8250
Epoch 117/500
Epoch 00116: val_acc did not improve
121s - loss: 7.2031e-08 - acc: 1.0000 - val_loss: 1.8508 - val_acc: 0.8250
Epoch 118/500
Epoch 00117: val_acc did not improve
122s - loss: 7.1280e-08 - acc: 1.0000 - val_loss: 1.8478 - val_acc: 0.8250
Epoch 119/500
Epoch 00118: val_acc did not improve
122s - loss: 7.2776e-08 - acc: 1.0000 - val_loss: 1.8591 - val_acc: 0.8250
Epoch 120/500
Epoch 00119: val_acc did not improve
121s - loss: 6.9778e-08 - acc: 1.0000 - val_loss: 1.8525 - val_acc: 0.8250
Epoch 121/500
Epoch 00120: val_acc did not improve
122s - loss: 7.0529e-08 - acc: 1.0000 - val_loss: 1.8579 - val_acc: 0.8250
Epoch 122/500
Epoch 00121: val_acc did not improve
122s - loss: 7.0529e-08 - acc: 1.0000 - val_loss: 1.8560 - val_acc: 0.8250
Epoch 123/500
Epoch 00122: val_acc did not improve
123s - loss: 6.9778e-08 - acc: 1.0000 - val_loss: 1.8576 - val_acc: 0.8250
Epoch 124/500
Epoch 00123: val_acc did not improve
122s - loss: 6.9027e-08 - acc: 1.0000 - val_loss: 1.8626 - val_acc: 0.8250
Epoch 125/500
Epoch 00124: val_acc did not improve
122s - loss: 6.9027e-08 - acc: 1.0000 - val_loss: 1.8605 - val_acc: 0.8250
Epoch 126/500
Epoch 00125: val_acc did not improve
121s - loss: 6.9027e-08 - acc: 1.0000 - val_loss: 1.8715 - val_acc: 0.8250
Epoch 127/500
Epoch 00126: val_acc did not improve
120s - loss: 6.9778e-08 - acc: 1.0000 - val_loss: 1.8668 - val_acc: 0.8250
Epoch 128/500
Epoch 00127: val_acc did not improve
121s - loss: 6.9027e-08 - acc: 1.0000 - val_loss: 1.8668 - val_acc: 0.8250
Epoch 129/500
Epoch 00128: val_acc did not improve
121s - loss: 6.9027e-08 - acc: 1.0000 - val_loss: 1.8721 - val_acc: 0.8250
Epoch 130/500
Epoch 00129: val_acc did not improve
122s - loss: 6.8276e-08 - acc: 1.0000 - val_loss: 1.8692 - val_acc: 0.8250
Epoch 131/500
Epoch 00130: val_acc did not improve
122s - loss: 6.8276e-08 - acc: 1.0000 - val_loss: 1.8674 - val_acc: 0.8250
Epoch 132/500
Epoch 00131: val_acc did not improve
122s - loss: 6.9027e-08 - acc: 1.0000 - val_loss: 1.8767 - val_acc: 0.8250
Epoch 133/500
Epoch 00132: val_acc did not improve
122s - loss: 6.8276e-08 - acc: 1.0000 - val_loss: 1.8758 - val_acc: 0.8250
Epoch 134/500
Epoch 00133: val_acc did not improve
121s - loss: 6.8276e-08 - acc: 1.0000 - val_loss: 1.8801 - val_acc: 0.8250
Epoch 135/500
Epoch 00134: val_acc did not improve
121s - loss: 6.8276e-08 - acc: 1.0000 - val_loss: 1.8807 - val_acc: 0.8250
Epoch 136/500
Epoch 00135: val_acc did not improve
121s - loss: 6.8276e-08 - acc: 1.0000 - val_loss: 1.8823 - val_acc: 0.8250
Epoch 137/500
Epoch 00136: val_acc did not improve
121s - loss: 6.8276e-08 - acc: 1.0000 - val_loss: 1.8775 - val_acc: 0.8250
Epoch 138/500
Epoch 00137: val_acc did not improve
122s - loss: 6.8276e-08 - acc: 1.0000 - val_loss: 1.8802 - val_acc: 0.8250
Epoch 139/500
Epoch 00138: val_acc did not improve
123s - loss: 6.8276e-08 - acc: 1.0000 - val_loss: 1.8823 - val_acc: 0.8250
Epoch 140/500
Epoch 00139: val_acc did not improve
122s - loss: 6.8276e-08 - acc: 1.0000 - val_loss: 1.8804 - val_acc: 0.8250
Epoch 141/500
Epoch 00140: val_acc did not improve
122s - loss: 6.8276e-08 - acc: 1.0000 - val_loss: 1.8869 - val_acc: 0.8250
Epoch 142/500
Epoch 00141: val_acc did not improve
123s - loss: 6.8276e-08 - acc: 1.0000 - val_loss: 1.8844 - val_acc: 0.8250
Epoch 143/500
Epoch 00142: val_acc did not improve
123s - loss: 6.8276e-08 - acc: 1.0000 - val_loss: 1.8849 - val_acc: 0.8250
Epoch 144/500
Epoch 00143: val_acc did not improve
122s - loss: 6.8276e-08 - acc: 1.0000 - val_loss: 1.8833 - val_acc: 0.8250
Epoch 145/500
Epoch 00144: val_acc did not improve
121s - loss: 6.8276e-08 - acc: 1.0000 - val_loss: 1.8857 - val_acc: 0.8250
Epoch 146/500
Epoch 00145: val_acc did not improve
121s - loss: 6.8276e-08 - acc: 1.0000 - val_loss: 1.8838 - val_acc: 0.8250
Epoch 147/500
Epoch 00146: val_acc did not improve
121s - loss: 6.8276e-08 - acc: 1.0000 - val_loss: 1.8897 - val_acc: 0.8250
Epoch 148/500
Epoch 00147: val_acc did not improve
121s - loss: 6.8276e-08 - acc: 1.0000 - val_loss: 1.8878 - val_acc: 0.8250
Epoch 149/500
Epoch 00148: val_acc did not improve
120s - loss: 6.8276e-08 - acc: 1.0000 - val_loss: 1.8923 - val_acc: 0.8250
Epoch 150/500
Epoch 00149: val_acc did not improve
121s - loss: 6.8276e-08 - acc: 1.0000 - val_loss: 1.8893 - val_acc: 0.8250
Epoch 151/500
Epoch 00150: val_acc did not improve
120s - loss: 6.8276e-08 - acc: 1.0000 - val_loss: 1.8901 - val_acc: 0.8250
Epoch 152/500
Epoch 00151: val_acc did not improve
121s - loss: 6.8276e-08 - acc: 1.0000 - val_loss: 1.8860 - val_acc: 0.8250
Epoch 153/500
Epoch 00152: val_acc did not improve
120s - loss: 6.8276e-08 - acc: 1.0000 - val_loss: 1.8915 - val_acc: 0.8250
Epoch 154/500
Epoch 00153: val_acc did not improve
120s - loss: 6.8276e-08 - acc: 1.0000 - val_loss: 1.8875 - val_acc: 0.8250
Epoch 155/500
Epoch 00154: val_acc did not improve
121s - loss: 6.8276e-08 - acc: 1.0000 - val_loss: 1.8934 - val_acc: 0.8250
Epoch 156/500
Epoch 00155: val_acc did not improve
121s - loss: 6.8276e-08 - acc: 1.0000 - val_loss: 1.8913 - val_acc: 0.8250
Epoch 157/500
Epoch 00156: val_acc did not improve
120s - loss: 6.8276e-08 - acc: 1.0000 - val_loss: 1.8967 - val_acc: 0.8250
Epoch 158/500
Epoch 00157: val_acc did not improve
120s - loss: 6.8276e-08 - acc: 1.0000 - val_loss: 1.8915 - val_acc: 0.8250
Epoch 159/500
Epoch 00158: val_acc did not improve
120s - loss: 6.8276e-08 - acc: 1.0000 - val_loss: 1.8942 - val_acc: 0.8250
Epoch 160/500
Epoch 00159: val_acc did not improve
120s - loss: 6.8276e-08 - acc: 1.0000 - val_loss: 1.8945 - val_acc: 0.8250
Epoch 161/500
Epoch 00160: val_acc did not improve
120s - loss: 6.8276e-08 - acc: 1.0000 - val_loss: 1.8908 - val_acc: 0.8250
Epoch 162/500
Epoch 00161: val_acc did not improve
120s - loss: 6.8276e-08 - acc: 1.0000 - val_loss: 1.8899 - val_acc: 0.8250
Epoch 163/500
Epoch 00162: val_acc did not improve
120s - loss: 6.8276e-08 - acc: 1.0000 - val_loss: 1.8937 - val_acc: 0.8250
Epoch 164/500
Epoch 00163: val_acc did not improve
120s - loss: 6.8276e-08 - acc: 1.0000 - val_loss: 1.8911 - val_acc: 0.8250
Epoch 165/500
Epoch 00164: val_acc did not improve
120s - loss: 6.8276e-08 - acc: 1.0000 - val_loss: 1.8916 - val_acc: 0.8250
Epoch 166/500
Epoch 00165: val_acc did not improve
120s - loss: 6.8276e-08 - acc: 1.0000 - val_loss: 1.8963 - val_acc: 0.8250
Epoch 167/500
Epoch 00166: val_acc did not improve
120s - loss: 6.8276e-08 - acc: 1.0000 - val_loss: 1.8931 - val_acc: 0.8250
Epoch 168/500
Epoch 00167: val_acc did not improve
120s - loss: 6.8276e-08 - acc: 1.0000 - val_loss: 1.8925 - val_acc: 0.8250
Epoch 169/500
Epoch 00168: val_acc did not improve
121s - loss: 6.8276e-08 - acc: 1.0000 - val_loss: 1.8954 - val_acc: 0.8250
Epoch 170/500
Epoch 00169: val_acc did not improve
120s - loss: 6.8276e-08 - acc: 1.0000 - val_loss: 1.8955 - val_acc: 0.8250
Epoch 171/500
Epoch 00170: val_acc did not improve
120s - loss: 6.8276e-08 - acc: 1.0000 - val_loss: 1.8956 - val_acc: 0.8250
Epoch 172/500
Epoch 00171: val_acc did not improve
120s - loss: 6.8276e-08 - acc: 1.0000 - val_loss: 1.8952 - val_acc: 0.8250
Epoch 173/500
Epoch 00172: val_acc did not improve
120s - loss: 6.8276e-08 - acc: 1.0000 - val_loss: 1.8940 - val_acc: 0.8250
Epoch 174/500
Epoch 00173: val_acc did not improve
120s - loss: 6.8276e-08 - acc: 1.0000 - val_loss: 1.8935 - val_acc: 0.8250
Epoch 175/500
Epoch 00174: val_acc did not improve
120s - loss: 6.8276e-08 - acc: 1.0000 - val_loss: 1.8941 - val_acc: 0.8250
Epoch 176/500
Epoch 00175: val_acc did not improve
120s - loss: 6.8276e-08 - acc: 1.0000 - val_loss: 1.8980 - val_acc: 0.8250
Epoch 177/500
Epoch 00176: val_acc did not improve
120s - loss: 6.8276e-08 - acc: 1.0000 - val_loss: 1.8938 - val_acc: 0.8250
Epoch 178/500
Epoch 00177: val_acc did not improve
120s - loss: 6.8276e-08 - acc: 1.0000 - val_loss: 1.8991 - val_acc: 0.8250
Epoch 179/500
Epoch 00178: val_acc did not improve
120s - loss: 6.8276e-08 - acc: 1.0000 - val_loss: 1.8963 - val_acc: 0.8250
Epoch 180/500
Epoch 00179: val_acc did not improve
120s - loss: 6.8276e-08 - acc: 1.0000 - val_loss: 1.8948 - val_acc: 0.8250
Epoch 181/500
Epoch 00180: val_acc did not improve
121s - loss: 6.8276e-08 - acc: 1.0000 - val_loss: 1.8956 - val_acc: 0.8250
Epoch 182/500
Epoch 00181: val_acc did not improve
120s - loss: 6.8276e-08 - acc: 1.0000 - val_loss: 1.8957 - val_acc: 0.8250
Epoch 183/500
Epoch 00182: val_acc did not improve
121s - loss: 6.8276e-08 - acc: 1.0000 - val_loss: 1.8957 - val_acc: 0.8250
Epoch 184/500
Epoch 00183: val_acc did not improve
120s - loss: 6.8276e-08 - acc: 1.0000 - val_loss: 1.8957 - val_acc: 0.8250
Epoch 185/500
Epoch 00184: val_acc did not improve
121s - loss: 6.8276e-08 - acc: 1.0000 - val_loss: 1.8957 - val_acc: 0.8250
Epoch 186/500
Epoch 00185: val_acc did not improve
120s - loss: 6.8276e-08 - acc: 1.0000 - val_loss: 1.8957 - val_acc: 0.8250
Epoch 187/500
Epoch 00186: val_acc did not improve
120s - loss: 6.8276e-08 - acc: 1.0000 - val_loss: 1.8957 - val_acc: 0.8250
Epoch 188/500
Epoch 00187: val_acc did not improve
120s - loss: 6.8276e-08 - acc: 1.0000 - val_loss: 1.8957 - val_acc: 0.8250
Epoch 189/500
Epoch 00188: val_acc did not improve
121s - loss: 6.8276e-08 - acc: 1.0000 - val_loss: 1.8957 - val_acc: 0.8250
Epoch 190/500
Epoch 00189: val_acc did not improve
120s - loss: 6.8276e-08 - acc: 1.0000 - val_loss: 1.8957 - val_acc: 0.8250
Epoch 191/500
Epoch 00190: val_acc did not improve
120s - loss: 6.8276e-08 - acc: 1.0000 - val_loss: 1.8957 - val_acc: 0.8250
Epoch 192/500
Epoch 00191: val_acc did not improve
120s - loss: 6.8276e-08 - acc: 1.0000 - val_loss: 1.8957 - val_acc: 0.8250
Epoch 193/500
Epoch 00192: val_acc did not improve
120s - loss: 6.8276e-08 - acc: 1.0000 - val_loss: 1.8957 - val_acc: 0.8250
Epoch 194/500
Epoch 00193: val_acc did not improve
120s - loss: 6.8276e-08 - acc: 1.0000 - val_loss: 1.8957 - val_acc: 0.8250
Epoch 195/500
Epoch 00194: val_acc did not improve
120s - loss: 6.8276e-08 - acc: 1.0000 - val_loss: 1.8957 - val_acc: 0.8250
Epoch 196/500
Epoch 00195: val_acc did not improve
120s - loss: 6.8276e-08 - acc: 1.0000 - val_loss: 1.8957 - val_acc: 0.8250
Epoch 197/500
Epoch 00196: val_acc did not improve
120s - loss: 6.8276e-08 - acc: 1.0000 - val_loss: 1.8957 - val_acc: 0.8250
Epoch 198/500
Epoch 00197: val_acc did not improve
120s - loss: 6.8276e-08 - acc: 1.0000 - val_loss: 1.8957 - val_acc: 0.8250
Epoch 199/500
Epoch 00198: val_acc did not improve
120s - loss: 6.8276e-08 - acc: 1.0000 - val_loss: 1.8957 - val_acc: 0.8250
Epoch 200/500
Epoch 00199: val_acc did not improve
121s - loss: 6.8276e-08 - acc: 1.0000 - val_loss: 1.8957 - val_acc: 0.8250
Epoch 201/500
Epoch 00200: val_acc did not improve
120s - loss: 6.8276e-08 - acc: 1.0000 - val_loss: 1.8957 - val_acc: 0.8250
Epoch 202/500
Epoch 00201: val_acc did not improve
120s - loss: 6.8276e-08 - acc: 1.0000 - val_loss: 1.8957 - val_acc: 0.8250
Epoch 203/500
Epoch 00202: val_acc did not improve
120s - loss: 6.8276e-08 - acc: 1.0000 - val_loss: 1.8957 - val_acc: 0.8250
Epoch 204/500
Epoch 00203: val_acc did not improve
120s - loss: 6.8276e-08 - acc: 1.0000 - val_loss: 1.8957 - val_acc: 0.8250
Epoch 205/500
Epoch 00204: val_acc did not improve
120s - loss: 6.8276e-08 - acc: 1.0000 - val_loss: 1.8957 - val_acc: 0.8250
Epoch 206/500
Epoch 00205: val_acc did not improve
121s - loss: 6.8276e-08 - acc: 1.0000 - val_loss: 1.8957 - val_acc: 0.8250
Epoch 207/500
Epoch 00206: val_acc did not improve
121s - loss: 6.8276e-08 - acc: 1.0000 - val_loss: 1.8957 - val_acc: 0.8250
Epoch 208/500
Epoch 00207: val_acc did not improve
120s - loss: 6.8276e-08 - acc: 1.0000 - val_loss: 1.8957 - val_acc: 0.8250
Epoch 209/500
Epoch 00208: val_acc did not improve
120s - loss: 6.8276e-08 - acc: 1.0000 - val_loss: 1.8957 - val_acc: 0.8250
Epoch 210/500
Epoch 00209: val_acc did not improve
120s - loss: 6.8276e-08 - acc: 1.0000 - val_loss: 1.8957 - val_acc: 0.8250
Epoch 211/500
Epoch 00210: val_acc did not improve
120s - loss: 6.8276e-08 - acc: 1.0000 - val_loss: 1.8957 - val_acc: 0.8250
Epoch 212/500
Epoch 00211: val_acc did not improve
120s - loss: 6.8276e-08 - acc: 1.0000 - val_loss: 1.8957 - val_acc: 0.8250
Epoch 213/500
Epoch 00212: val_acc did not improve
120s - loss: 6.8276e-08 - acc: 1.0000 - val_loss: 1.8957 - val_acc: 0.8250
Epoch 214/500
Epoch 00213: val_acc did not improve
120s - loss: 6.8276e-08 - acc: 1.0000 - val_loss: 1.8957 - val_acc: 0.8250
Epoch 215/500
Epoch 00214: val_acc did not improve
120s - loss: 6.8276e-08 - acc: 1.0000 - val_loss: 1.8957 - val_acc: 0.8250
Epoch 216/500
Epoch 00215: val_acc did not improve
120s - loss: 6.8276e-08 - acc: 1.0000 - val_loss: 1.8957 - val_acc: 0.8250
Epoch 217/500
Epoch 00216: val_acc did not improve
120s - loss: 6.8276e-08 - acc: 1.0000 - val_loss: 1.8957 - val_acc: 0.8250
Epoch 218/500
Epoch 00217: val_acc did not improve
120s - loss: 6.8276e-08 - acc: 1.0000 - val_loss: 1.8957 - val_acc: 0.8250
Epoch 219/500
Epoch 00218: val_acc did not improve
120s - loss: 6.8276e-08 - acc: 1.0000 - val_loss: 1.8957 - val_acc: 0.8250
Epoch 220/500
Epoch 00219: val_acc did not improve
121s - loss: 6.8276e-08 - acc: 1.0000 - val_loss: 1.8957 - val_acc: 0.8250
Epoch 221/500
Epoch 00220: val_acc did not improve
119s - loss: 6.8276e-08 - acc: 1.0000 - val_loss: 1.8957 - val_acc: 0.8250
Epoch 222/500
Epoch 00221: val_acc did not improve
120s - loss: 6.8276e-08 - acc: 1.0000 - val_loss: 1.8957 - val_acc: 0.8250
Epoch 223/500
Epoch 00222: val_acc did not improve
120s - loss: 6.8276e-08 - acc: 1.0000 - val_loss: 1.8957 - val_acc: 0.8250
Epoch 224/500
Epoch 00223: val_acc did not improve
120s - loss: 6.8276e-08 - acc: 1.0000 - val_loss: 1.8957 - val_acc: 0.8250
Epoch 225/500
Epoch 00224: val_acc did not improve
120s - loss: 6.8276e-08 - acc: 1.0000 - val_loss: 1.8957 - val_acc: 0.8250
Epoch 226/500
Epoch 00225: val_acc did not improve
120s - loss: 6.8276e-08 - acc: 1.0000 - val_loss: 1.8957 - val_acc: 0.8250
Epoch 227/500
Epoch 00226: val_acc did not improve
120s - loss: 6.8276e-08 - acc: 1.0000 - val_loss: 1.8957 - val_acc: 0.8250
Epoch 228/500
Epoch 00227: val_acc did not improve
120s - loss: 6.8276e-08 - acc: 1.0000 - val_loss: 1.8957 - val_acc: 0.8250
Epoch 229/500
Epoch 00228: val_acc did not improve
120s - loss: 6.8276e-08 - acc: 1.0000 - val_loss: 1.8957 - val_acc: 0.8250
Epoch 230/500
Epoch 00229: val_acc did not improve
120s - loss: 6.8276e-08 - acc: 1.0000 - val_loss: 1.8957 - val_acc: 0.8250
Epoch 231/500
Epoch 00230: val_acc did not improve
120s - loss: 6.8276e-08 - acc: 1.0000 - val_loss: 1.8957 - val_acc: 0.8250
Epoch 232/500
Epoch 00231: val_acc did not improve
121s - loss: 6.8276e-08 - acc: 1.0000 - val_loss: 1.8957 - val_acc: 0.8250
Epoch 233/500
Epoch 00232: val_acc did not improve
120s - loss: 6.8276e-08 - acc: 1.0000 - val_loss: 1.8957 - val_acc: 0.8250
Epoch 234/500
Epoch 00233: val_acc did not improve
119s - loss: 6.8276e-08 - acc: 1.0000 - val_loss: 1.8957 - val_acc: 0.8250
Epoch 235/500
Epoch 00234: val_acc did not improve
120s - loss: 6.8276e-08 - acc: 1.0000 - val_loss: 1.8957 - val_acc: 0.8250
Epoch 236/500
Epoch 00235: val_acc did not improve
120s - loss: 6.8276e-08 - acc: 1.0000 - val_loss: 1.8957 - val_acc: 0.8250
Epoch 237/500
Epoch 00236: val_acc did not improve
119s - loss: 6.8276e-08 - acc: 1.0000 - val_loss: 1.8957 - val_acc: 0.8250
Epoch 238/500
Epoch 00237: val_acc did not improve
121s - loss: 6.8276e-08 - acc: 1.0000 - val_loss: 1.8957 - val_acc: 0.8250
Epoch 239/500
Epoch 00238: val_acc did not improve
120s - loss: 6.8276e-08 - acc: 1.0000 - val_loss: 1.8957 - val_acc: 0.8250
Epoch 240/500
Epoch 00239: val_acc did not improve
120s - loss: 6.8276e-08 - acc: 1.0000 - val_loss: 1.8957 - val_acc: 0.8250
Epoch 241/500
Epoch 00240: val_acc did not improve
120s - loss: 6.8276e-08 - acc: 1.0000 - val_loss: 1.8957 - val_acc: 0.8250
Epoch 242/500
Epoch 00241: val_acc did not improve
120s - loss: 6.8276e-08 - acc: 1.0000 - val_loss: 1.8957 - val_acc: 0.8250
Epoch 243/500
Epoch 00242: val_acc did not improve
120s - loss: 6.8276e-08 - acc: 1.0000 - val_loss: 1.8957 - val_acc: 0.8250
Epoch 244/500
Epoch 00243: val_acc did not improve
120s - loss: 6.8276e-08 - acc: 1.0000 - val_loss: 1.8957 - val_acc: 0.8250
Epoch 245/500
Epoch 00244: val_acc did not improve
120s - loss: 6.8276e-08 - acc: 1.0000 - val_loss: 1.8957 - val_acc: 0.8250
Epoch 246/500
Epoch 00245: val_acc did not improve
120s - loss: 6.8276e-08 - acc: 1.0000 - val_loss: 1.8957 - val_acc: 0.8250
Epoch 247/500
Epoch 00246: val_acc did not improve
120s - loss: 6.8276e-08 - acc: 1.0000 - val_loss: 1.8957 - val_acc: 0.8250
Epoch 248/500
Epoch 00247: val_acc did not improve
120s - loss: 6.8276e-08 - acc: 1.0000 - val_loss: 1.8957 - val_acc: 0.8250
Epoch 249/500
Epoch 00248: val_acc did not improve
120s - loss: 6.8276e-08 - acc: 1.0000 - val_loss: 1.8957 - val_acc: 0.8250
Epoch 250/500
Epoch 00249: val_acc did not improve
120s - loss: 6.8276e-08 - acc: 1.0000 - val_loss: 1.8957 - val_acc: 0.8250
Epoch 251/500
Epoch 00250: val_acc did not improve
120s - loss: 6.8276e-08 - acc: 1.0000 - val_loss: 1.8957 - val_acc: 0.8250
Epoch 252/500
Epoch 00251: val_acc did not improve
120s - loss: 6.8276e-08 - acc: 1.0000 - val_loss: 1.8957 - val_acc: 0.8250
Epoch 253/500
Epoch 00252: val_acc did not improve
121s - loss: 6.8276e-08 - acc: 1.0000 - val_loss: 1.8957 - val_acc: 0.8250
Epoch 254/500
Epoch 00253: val_acc did not improve
120s - loss: 6.8276e-08 - acc: 1.0000 - val_loss: 1.8957 - val_acc: 0.8250
Epoch 255/500
Epoch 00254: val_acc did not improve
120s - loss: 6.8276e-08 - acc: 1.0000 - val_loss: 1.8957 - val_acc: 0.8250
Epoch 256/500
Epoch 00255: val_acc did not improve
120s - loss: 6.8276e-08 - acc: 1.0000 - val_loss: 1.8957 - val_acc: 0.8250
Epoch 257/500
Epoch 00256: val_acc did not improve
120s - loss: 6.8276e-08 - acc: 1.0000 - val_loss: 1.8957 - val_acc: 0.8250
Epoch 258/500
Epoch 00257: val_acc did not improve
120s - loss: 6.8276e-08 - acc: 1.0000 - val_loss: 1.8957 - val_acc: 0.8250
Epoch 259/500
Epoch 00258: val_acc did not improve
120s - loss: 6.8276e-08 - acc: 1.0000 - val_loss: 1.8957 - val_acc: 0.8250
Epoch 260/500
Epoch 00259: val_acc did not improve
120s - loss: 6.8276e-08 - acc: 1.0000 - val_loss: 1.8957 - val_acc: 0.8250
Epoch 261/500
Epoch 00260: val_acc did not improve
120s - loss: 6.8276e-08 - acc: 1.0000 - val_loss: 1.8957 - val_acc: 0.8250
Epoch 262/500
Epoch 00261: val_acc did not improve
119s - loss: 6.8276e-08 - acc: 1.0000 - val_loss: 1.8957 - val_acc: 0.8250
Epoch 263/500
Epoch 00262: val_acc did not improve
120s - loss: 6.8276e-08 - acc: 1.0000 - val_loss: 1.8957 - val_acc: 0.8250
Epoch 264/500
Epoch 00263: val_acc did not improve
119s - loss: 6.8276e-08 - acc: 1.0000 - val_loss: 1.8957 - val_acc: 0.8250
Epoch 265/500
Epoch 00264: val_acc did not improve
120s - loss: 6.8276e-08 - acc: 1.0000 - val_loss: 1.8957 - val_acc: 0.8250
Epoch 266/500
Epoch 00265: val_acc did not improve
120s - loss: 6.8276e-08 - acc: 1.0000 - val_loss: 1.8957 - val_acc: 0.8250
Epoch 267/500
Epoch 00266: val_acc did not improve
120s - loss: 6.8276e-08 - acc: 1.0000 - val_loss: 1.8957 - val_acc: 0.8250
Epoch 268/500
Epoch 00267: val_acc did not improve
120s - loss: 6.8276e-08 - acc: 1.0000 - val_loss: 1.8957 - val_acc: 0.8250
Epoch 269/500
Epoch 00268: val_acc did not improve
120s - loss: 6.8276e-08 - acc: 1.0000 - val_loss: 1.8957 - val_acc: 0.8250
Epoch 270/500
Epoch 00269: val_acc did not improve
120s - loss: 6.8276e-08 - acc: 1.0000 - val_loss: 1.8957 - val_acc: 0.8250
Epoch 271/500
Epoch 00270: val_acc did not improve
119s - loss: 6.8276e-08 - acc: 1.0000 - val_loss: 1.8957 - val_acc: 0.8250
Epoch 272/500
Epoch 00271: val_acc did not improve
120s - loss: 6.8276e-08 - acc: 1.0000 - val_loss: 1.8957 - val_acc: 0.8250
Epoch 273/500
Epoch 00272: val_acc did not improve
119s - loss: 6.8276e-08 - acc: 1.0000 - val_loss: 1.8957 - val_acc: 0.8250
Epoch 274/500
Epoch 00273: val_acc did not improve
120s - loss: 6.8276e-08 - acc: 1.0000 - val_loss: 1.8957 - val_acc: 0.8250
Epoch 275/500
Epoch 00274: val_acc did not improve
120s - loss: 6.8276e-08 - acc: 1.0000 - val_loss: 1.8957 - val_acc: 0.8250
Epoch 276/500
Epoch 00275: val_acc did not improve
120s - loss: 6.8276e-08 - acc: 1.0000 - val_loss: 1.8957 - val_acc: 0.8250
Epoch 277/500
Epoch 00276: val_acc did not improve
120s - loss: 6.8276e-08 - acc: 1.0000 - val_loss: 1.8957 - val_acc: 0.8250
Epoch 278/500
Epoch 00277: val_acc did not improve
120s - loss: 6.8276e-08 - acc: 1.0000 - val_loss: 1.8957 - val_acc: 0.8250
Epoch 279/500
Epoch 00278: val_acc did not improve
120s - loss: 6.8276e-08 - acc: 1.0000 - val_loss: 1.8957 - val_acc: 0.8250
Epoch 280/500
Epoch 00279: val_acc did not improve
120s - loss: 6.8276e-08 - acc: 1.0000 - val_loss: 1.8957 - val_acc: 0.8250
Epoch 281/500
Epoch 00280: val_acc did not improve
120s - loss: 6.8276e-08 - acc: 1.0000 - val_loss: 1.8957 - val_acc: 0.8250
Epoch 282/500
Epoch 00281: val_acc did not improve
120s - loss: 6.8276e-08 - acc: 1.0000 - val_loss: 1.8957 - val_acc: 0.8250
Epoch 283/500
Epoch 00282: val_acc did not improve
120s - loss: 6.8276e-08 - acc: 1.0000 - val_loss: 1.8957 - val_acc: 0.8250
Epoch 284/500
Epoch 00283: val_acc did not improve
120s - loss: 6.8276e-08 - acc: 1.0000 - val_loss: 1.8957 - val_acc: 0.8250
Epoch 285/500
Epoch 00284: val_acc did not improve
120s - loss: 6.8276e-08 - acc: 1.0000 - val_loss: 1.8957 - val_acc: 0.8250
Epoch 286/500
Epoch 00285: val_acc did not improve
120s - loss: 6.8276e-08 - acc: 1.0000 - val_loss: 1.8957 - val_acc: 0.8250
Epoch 287/500
Epoch 00286: val_acc did not improve
120s - loss: 6.8276e-08 - acc: 1.0000 - val_loss: 1.8957 - val_acc: 0.8250
Epoch 288/500
Epoch 00287: val_acc did not improve
120s - loss: 6.8276e-08 - acc: 1.0000 - val_loss: 1.8957 - val_acc: 0.8250
Epoch 289/500
Epoch 00288: val_acc did not improve
119s - loss: 6.8276e-08 - acc: 1.0000 - val_loss: 1.8957 - val_acc: 0.8250
Epoch 290/500
Epoch 00289: val_acc did not improve
120s - loss: 6.8276e-08 - acc: 1.0000 - val_loss: 1.8957 - val_acc: 0.8250
Epoch 291/500
Epoch 00290: val_acc did not improve
120s - loss: 6.8276e-08 - acc: 1.0000 - val_loss: 1.8957 - val_acc: 0.8250
Epoch 292/500
Epoch 00291: val_acc did not improve
120s - loss: 6.8276e-08 - acc: 1.0000 - val_loss: 1.8957 - val_acc: 0.8250
Epoch 293/500
Epoch 00292: val_acc did not improve
120s - loss: 6.8276e-08 - acc: 1.0000 - val_loss: 1.8957 - val_acc: 0.8250
Epoch 294/500
Epoch 00293: val_acc did not improve
120s - loss: 6.8276e-08 - acc: 1.0000 - val_loss: 1.8957 - val_acc: 0.8250
Epoch 295/500
Epoch 00294: val_acc did not improve
120s - loss: 6.8276e-08 - acc: 1.0000 - val_loss: 1.8957 - val_acc: 0.8250
Epoch 296/500
Epoch 00295: val_acc did not improve
120s - loss: 6.8276e-08 - acc: 1.0000 - val_loss: 1.8957 - val_acc: 0.8250
Epoch 297/500
Epoch 00296: val_acc did not improve
119s - loss: 6.8276e-08 - acc: 1.0000 - val_loss: 1.8957 - val_acc: 0.8250
Epoch 298/500
Epoch 00297: val_acc did not improve
120s - loss: 6.8276e-08 - acc: 1.0000 - val_loss: 1.8957 - val_acc: 0.8250
Epoch 299/500
Epoch 00298: val_acc did not improve
120s - loss: 6.8276e-08 - acc: 1.0000 - val_loss: 1.8957 - val_acc: 0.8250
Epoch 300/500
Epoch 00299: val_acc did not improve
121s - loss: 6.8276e-08 - acc: 1.0000 - val_loss: 1.8957 - val_acc: 0.8250
Epoch 301/500
Epoch 00300: val_acc did not improve
120s - loss: 6.8276e-08 - acc: 1.0000 - val_loss: 1.8957 - val_acc: 0.8250
Epoch 302/500
Epoch 00301: val_acc did not improve
120s - loss: 6.8276e-08 - acc: 1.0000 - val_loss: 1.8957 - val_acc: 0.8250
Epoch 303/500
Epoch 00302: val_acc did not improve
119s - loss: 6.8276e-08 - acc: 1.0000 - val_loss: 1.8957 - val_acc: 0.8250
Epoch 304/500
Epoch 00303: val_acc did not improve
120s - loss: 6.8276e-08 - acc: 1.0000 - val_loss: 1.8957 - val_acc: 0.8250
Epoch 305/500
Epoch 00304: val_acc did not improve
120s - loss: 6.8276e-08 - acc: 1.0000 - val_loss: 1.8957 - val_acc: 0.8250
Epoch 306/500
Epoch 00305: val_acc did not improve
120s - loss: 6.8276e-08 - acc: 1.0000 - val_loss: 1.8957 - val_acc: 0.8250
Epoch 307/500
Epoch 00306: val_acc did not improve
120s - loss: 6.8276e-08 - acc: 1.0000 - val_loss: 1.8957 - val_acc: 0.8250
Epoch 308/500
Epoch 00307: val_acc did not improve
120s - loss: 6.8276e-08 - acc: 1.0000 - val_loss: 1.8957 - val_acc: 0.8250
Epoch 309/500
Epoch 00308: val_acc did not improve
120s - loss: 6.8276e-08 - acc: 1.0000 - val_loss: 1.8957 - val_acc: 0.8250
Epoch 310/500
Epoch 00309: val_acc did not improve
120s - loss: 6.8276e-08 - acc: 1.0000 - val_loss: 1.8957 - val_acc: 0.8250
Epoch 311/500
Epoch 00310: val_acc did not improve
120s - loss: 6.8276e-08 - acc: 1.0000 - val_loss: 1.8957 - val_acc: 0.8250
Epoch 312/500
Epoch 00311: val_acc did not improve
120s - loss: 6.8276e-08 - acc: 1.0000 - val_loss: 1.8957 - val_acc: 0.8250
Epoch 313/500
Epoch 00312: val_acc did not improve
120s - loss: 6.8276e-08 - acc: 1.0000 - val_loss: 1.8957 - val_acc: 0.8250
Epoch 314/500
Epoch 00313: val_acc did not improve
120s - loss: 6.8276e-08 - acc: 1.0000 - val_loss: 1.8957 - val_acc: 0.8250
Epoch 315/500
Epoch 00314: val_acc did not improve
120s - loss: 6.8276e-08 - acc: 1.0000 - val_loss: 1.8957 - val_acc: 0.8250
Epoch 316/500
Epoch 00315: val_acc did not improve
120s - loss: 6.8276e-08 - acc: 1.0000 - val_loss: 1.8957 - val_acc: 0.8250
Epoch 317/500
Epoch 00316: val_acc did not improve
120s - loss: 6.8276e-08 - acc: 1.0000 - val_loss: 1.8957 - val_acc: 0.8250
Epoch 318/500
Epoch 00317: val_acc did not improve
120s - loss: 6.8276e-08 - acc: 1.0000 - val_loss: 1.8957 - val_acc: 0.8250
Epoch 319/500
Epoch 00318: val_acc did not improve
120s - loss: 6.8276e-08 - acc: 1.0000 - val_loss: 1.8957 - val_acc: 0.8250
Epoch 320/500
Epoch 00319: val_acc did not improve
120s - loss: 6.8276e-08 - acc: 1.0000 - val_loss: 1.8957 - val_acc: 0.8250
Epoch 321/500
Epoch 00320: val_acc did not improve
120s - loss: 6.8276e-08 - acc: 1.0000 - val_loss: 1.8957 - val_acc: 0.8250
Epoch 322/500
Epoch 00321: val_acc did not improve
120s - loss: 6.8276e-08 - acc: 1.0000 - val_loss: 1.8957 - val_acc: 0.8250
Epoch 323/500
Epoch 00322: val_acc did not improve
119s - loss: 6.8276e-08 - acc: 1.0000 - val_loss: 1.8957 - val_acc: 0.8250
Epoch 324/500
Epoch 00323: val_acc did not improve
120s - loss: 6.8276e-08 - acc: 1.0000 - val_loss: 1.8957 - val_acc: 0.8250
Epoch 325/500
Epoch 00324: val_acc did not improve
120s - loss: 6.8276e-08 - acc: 1.0000 - val_loss: 1.8957 - val_acc: 0.8250
Epoch 326/500
Epoch 00325: val_acc did not improve
120s - loss: 6.8276e-08 - acc: 1.0000 - val_loss: 1.8957 - val_acc: 0.8250
Epoch 327/500
Epoch 00326: val_acc did not improve
120s - loss: 6.8276e-08 - acc: 1.0000 - val_loss: 1.8957 - val_acc: 0.8250
Epoch 328/500
Epoch 00327: val_acc did not improve
119s - loss: 6.8276e-08 - acc: 1.0000 - val_loss: 1.8957 - val_acc: 0.8250
Epoch 329/500
Epoch 00328: val_acc did not improve
119s - loss: 6.8276e-08 - acc: 1.0000 - val_loss: 1.8957 - val_acc: 0.8250
Epoch 330/500
Epoch 00329: val_acc did not improve
119s - loss: 6.8276e-08 - acc: 1.0000 - val_loss: 1.8957 - val_acc: 0.8250
Epoch 331/500
Epoch 00330: val_acc did not improve
119s - loss: 6.8276e-08 - acc: 1.0000 - val_loss: 1.8957 - val_acc: 0.8250
Epoch 332/500
Epoch 00331: val_acc did not improve
120s - loss: 6.8276e-08 - acc: 1.0000 - val_loss: 1.8957 - val_acc: 0.8250
Epoch 333/500
Epoch 00332: val_acc did not improve
119s - loss: 6.8276e-08 - acc: 1.0000 - val_loss: 1.8957 - val_acc: 0.8250
Epoch 334/500
Epoch 00333: val_acc did not improve
120s - loss: 6.8276e-08 - acc: 1.0000 - val_loss: 1.8957 - val_acc: 0.8250
Epoch 335/500
Epoch 00334: val_acc did not improve
120s - loss: 6.8276e-08 - acc: 1.0000 - val_loss: 1.8957 - val_acc: 0.8250
Epoch 336/500
Epoch 00335: val_acc did not improve
120s - loss: 6.8276e-08 - acc: 1.0000 - val_loss: 1.8957 - val_acc: 0.8250
Epoch 337/500
Epoch 00336: val_acc did not improve
120s - loss: 6.8276e-08 - acc: 1.0000 - val_loss: 1.8957 - val_acc: 0.8250
Epoch 338/500
Epoch 00337: val_acc did not improve
120s - loss: 6.8276e-08 - acc: 1.0000 - val_loss: 1.8957 - val_acc: 0.8250
Epoch 339/500
Epoch 00338: val_acc did not improve
120s - loss: 6.8276e-08 - acc: 1.0000 - val_loss: 1.8957 - val_acc: 0.8250
Epoch 340/500
Epoch 00339: val_acc did not improve
120s - loss: 6.8276e-08 - acc: 1.0000 - val_loss: 1.8957 - val_acc: 0.8250
Epoch 341/500
Epoch 00340: val_acc did not improve
119s - loss: 6.8276e-08 - acc: 1.0000 - val_loss: 1.8957 - val_acc: 0.8250
Epoch 342/500
Epoch 00341: val_acc did not improve
119s - loss: 6.8276e-08 - acc: 1.0000 - val_loss: 1.8957 - val_acc: 0.8250
Epoch 343/500
Epoch 00342: val_acc did not improve
119s - loss: 6.8276e-08 - acc: 1.0000 - val_loss: 1.8957 - val_acc: 0.8250
Epoch 344/500
Epoch 00343: val_acc did not improve
120s - loss: 6.8276e-08 - acc: 1.0000 - val_loss: 1.8957 - val_acc: 0.8250
Epoch 345/500
Epoch 00344: val_acc did not improve
119s - loss: 6.8276e-08 - acc: 1.0000 - val_loss: 1.8957 - val_acc: 0.8250
Epoch 346/500
Epoch 00345: val_acc did not improve
119s - loss: 6.8276e-08 - acc: 1.0000 - val_loss: 1.8957 - val_acc: 0.8250
Epoch 347/500
Epoch 00346: val_acc did not improve
119s - loss: 6.8276e-08 - acc: 1.0000 - val_loss: 1.8957 - val_acc: 0.8250
Epoch 348/500
Epoch 00347: val_acc did not improve
120s - loss: 6.8276e-08 - acc: 1.0000 - val_loss: 1.8957 - val_acc: 0.8250
Epoch 349/500
Epoch 00348: val_acc did not improve
120s - loss: 6.8276e-08 - acc: 1.0000 - val_loss: 1.8957 - val_acc: 0.8250
Epoch 350/500
Epoch 00349: val_acc did not improve
120s - loss: 6.8276e-08 - acc: 1.0000 - val_loss: 1.8957 - val_acc: 0.8250
Epoch 351/500
Epoch 00350: val_acc did not improve
119s - loss: 6.8276e-08 - acc: 1.0000 - val_loss: 1.8957 - val_acc: 0.8250
Epoch 352/500
Epoch 00351: val_acc did not improve
120s - loss: 6.8276e-08 - acc: 1.0000 - val_loss: 1.8957 - val_acc: 0.8250
Epoch 353/500
Epoch 00352: val_acc did not improve
120s - loss: 6.8276e-08 - acc: 1.0000 - val_loss: 1.8957 - val_acc: 0.8250
Epoch 354/500
Epoch 00353: val_acc did not improve
120s - loss: 6.8276e-08 - acc: 1.0000 - val_loss: 1.8957 - val_acc: 0.8250
Epoch 355/500
Epoch 00354: val_acc did not improve
120s - loss: 6.8276e-08 - acc: 1.0000 - val_loss: 1.8957 - val_acc: 0.8250
Epoch 356/500
Epoch 00355: val_acc did not improve
120s - loss: 6.8276e-08 - acc: 1.0000 - val_loss: 1.8957 - val_acc: 0.8250
Epoch 357/500
Epoch 00356: val_acc did not improve
120s - loss: 6.8276e-08 - acc: 1.0000 - val_loss: 1.8957 - val_acc: 0.8250
Epoch 358/500
Epoch 00357: val_acc did not improve
119s - loss: 6.8276e-08 - acc: 1.0000 - val_loss: 1.8957 - val_acc: 0.8250
Epoch 359/500
Epoch 00358: val_acc did not improve
120s - loss: 6.8276e-08 - acc: 1.0000 - val_loss: 1.8957 - val_acc: 0.8250
Epoch 360/500
Epoch 00359: val_acc did not improve
120s - loss: 6.8276e-08 - acc: 1.0000 - val_loss: 1.8957 - val_acc: 0.8250
Epoch 361/500
Epoch 00360: val_acc did not improve
121s - loss: 6.8276e-08 - acc: 1.0000 - val_loss: 1.8957 - val_acc: 0.8250
Epoch 362/500
Epoch 00361: val_acc did not improve
120s - loss: 6.8276e-08 - acc: 1.0000 - val_loss: 1.8957 - val_acc: 0.8250
Epoch 363/500
Epoch 00362: val_acc did not improve
119s - loss: 6.8276e-08 - acc: 1.0000 - val_loss: 1.8957 - val_acc: 0.8250
Epoch 364/500
Epoch 00363: val_acc did not improve
120s - loss: 6.8276e-08 - acc: 1.0000 - val_loss: 1.8957 - val_acc: 0.8250
Epoch 365/500
Epoch 00364: val_acc did not improve
120s - loss: 6.8276e-08 - acc: 1.0000 - val_loss: 1.8957 - val_acc: 0.8250
Epoch 366/500
Epoch 00365: val_acc did not improve
120s - loss: 6.8276e-08 - acc: 1.0000 - val_loss: 1.8957 - val_acc: 0.8250
Epoch 367/500
Epoch 00366: val_acc did not improve
120s - loss: 6.8276e-08 - acc: 1.0000 - val_loss: 1.8957 - val_acc: 0.8250
Epoch 368/500
Epoch 00367: val_acc did not improve
120s - loss: 6.8276e-08 - acc: 1.0000 - val_loss: 1.8957 - val_acc: 0.8250
Epoch 369/500
Epoch 00368: val_acc did not improve
120s - loss: 6.8276e-08 - acc: 1.0000 - val_loss: 1.8957 - val_acc: 0.8250
Epoch 370/500
Epoch 00369: val_acc did not improve
120s - loss: 6.8276e-08 - acc: 1.0000 - val_loss: 1.8957 - val_acc: 0.8250
Epoch 371/500
Epoch 00370: val_acc did not improve
120s - loss: 6.8276e-08 - acc: 1.0000 - val_loss: 1.8957 - val_acc: 0.8250
Epoch 372/500
Epoch 00371: val_acc did not improve
120s - loss: 6.8276e-08 - acc: 1.0000 - val_loss: 1.8957 - val_acc: 0.8250
Epoch 373/500
Epoch 00372: val_acc did not improve
120s - loss: 6.8276e-08 - acc: 1.0000 - val_loss: 1.8957 - val_acc: 0.8250
Epoch 374/500
Epoch 00373: val_acc did not improve
120s - loss: 6.8276e-08 - acc: 1.0000 - val_loss: 1.8957 - val_acc: 0.8250
Epoch 375/500
Epoch 00374: val_acc did not improve
119s - loss: 6.8276e-08 - acc: 1.0000 - val_loss: 1.8957 - val_acc: 0.8250
Epoch 376/500
Epoch 00375: val_acc did not improve
120s - loss: 6.8276e-08 - acc: 1.0000 - val_loss: 1.8957 - val_acc: 0.8250
Epoch 377/500
Epoch 00376: val_acc did not improve
119s - loss: 6.8276e-08 - acc: 1.0000 - val_loss: 1.8957 - val_acc: 0.8250
Epoch 378/500
Epoch 00377: val_acc did not improve
120s - loss: 6.8276e-08 - acc: 1.0000 - val_loss: 1.8957 - val_acc: 0.8250
Epoch 379/500
Epoch 00378: val_acc did not improve
120s - loss: 6.8276e-08 - acc: 1.0000 - val_loss: 1.8957 - val_acc: 0.8250
Epoch 380/500
Epoch 00379: val_acc did not improve
119s - loss: 6.8276e-08 - acc: 1.0000 - val_loss: 1.8957 - val_acc: 0.8250
Epoch 381/500
Epoch 00380: val_acc did not improve
120s - loss: 6.8276e-08 - acc: 1.0000 - val_loss: 1.8957 - val_acc: 0.8250
Epoch 382/500
Epoch 00381: val_acc did not improve
119s - loss: 6.8276e-08 - acc: 1.0000 - val_loss: 1.8957 - val_acc: 0.8250
Epoch 383/500
Epoch 00382: val_acc did not improve
119s - loss: 6.8276e-08 - acc: 1.0000 - val_loss: 1.8957 - val_acc: 0.8250
Epoch 384/500
Epoch 00383: val_acc did not improve
120s - loss: 6.8276e-08 - acc: 1.0000 - val_loss: 1.8957 - val_acc: 0.8250
Epoch 385/500
Epoch 00384: val_acc did not improve
119s - loss: 6.8276e-08 - acc: 1.0000 - val_loss: 1.8957 - val_acc: 0.8250
Epoch 386/500
Epoch 00385: val_acc did not improve
119s - loss: 6.8276e-08 - acc: 1.0000 - val_loss: 1.8957 - val_acc: 0.8250
Epoch 387/500
Epoch 00386: val_acc did not improve
120s - loss: 6.8276e-08 - acc: 1.0000 - val_loss: 1.8957 - val_acc: 0.8250
Epoch 388/500
Epoch 00387: val_acc did not improve
119s - loss: 6.8276e-08 - acc: 1.0000 - val_loss: 1.8957 - val_acc: 0.8250
Epoch 389/500
Epoch 00388: val_acc did not improve
120s - loss: 6.8276e-08 - acc: 1.0000 - val_loss: 1.8957 - val_acc: 0.8250
Epoch 390/500
Epoch 00389: val_acc did not improve
120s - loss: 6.8276e-08 - acc: 1.0000 - val_loss: 1.8957 - val_acc: 0.8250
Epoch 391/500
Epoch 00390: val_acc did not improve
120s - loss: 6.8276e-08 - acc: 1.0000 - val_loss: 1.8957 - val_acc: 0.8250
Epoch 392/500
Epoch 00391: val_acc did not improve
119s - loss: 6.8276e-08 - acc: 1.0000 - val_loss: 1.8957 - val_acc: 0.8250
Epoch 393/500
Epoch 00392: val_acc did not improve
120s - loss: 6.8276e-08 - acc: 1.0000 - val_loss: 1.8957 - val_acc: 0.8250
Epoch 394/500
Epoch 00393: val_acc did not improve
119s - loss: 6.8276e-08 - acc: 1.0000 - val_loss: 1.8957 - val_acc: 0.8250
Epoch 395/500
Epoch 00394: val_acc did not improve
119s - loss: 6.8276e-08 - acc: 1.0000 - val_loss: 1.8957 - val_acc: 0.8250
Epoch 396/500
Epoch 00395: val_acc did not improve
120s - loss: 6.8276e-08 - acc: 1.0000 - val_loss: 1.8957 - val_acc: 0.8250
Epoch 397/500
Epoch 00396: val_acc did not improve
120s - loss: 6.8276e-08 - acc: 1.0000 - val_loss: 1.8957 - val_acc: 0.8250
Epoch 398/500
Epoch 00397: val_acc did not improve
120s - loss: 6.8276e-08 - acc: 1.0000 - val_loss: 1.8957 - val_acc: 0.8250
Epoch 399/500
Epoch 00398: val_acc did not improve
119s - loss: 6.8276e-08 - acc: 1.0000 - val_loss: 1.8957 - val_acc: 0.8250
Epoch 400/500
Epoch 00399: val_acc did not improve
119s - loss: 6.8276e-08 - acc: 1.0000 - val_loss: 1.8957 - val_acc: 0.8250
Epoch 401/500
Epoch 00400: val_acc did not improve
120s - loss: 6.8276e-08 - acc: 1.0000 - val_loss: 1.8957 - val_acc: 0.8250
Epoch 402/500
Epoch 00401: val_acc did not improve
120s - loss: 6.8276e-08 - acc: 1.0000 - val_loss: 1.8957 - val_acc: 0.8250
Epoch 403/500
Epoch 00402: val_acc did not improve
119s - loss: 6.8276e-08 - acc: 1.0000 - val_loss: 1.8957 - val_acc: 0.8250
Epoch 404/500
Epoch 00403: val_acc did not improve
119s - loss: 6.8276e-08 - acc: 1.0000 - val_loss: 1.8957 - val_acc: 0.8250
Epoch 405/500
Epoch 00404: val_acc did not improve
120s - loss: 6.8276e-08 - acc: 1.0000 - val_loss: 1.8957 - val_acc: 0.8250
Epoch 406/500
Epoch 00405: val_acc did not improve
119s - loss: 6.8276e-08 - acc: 1.0000 - val_loss: 1.8957 - val_acc: 0.8250
Epoch 407/500
Epoch 00406: val_acc did not improve
119s - loss: 6.8276e-08 - acc: 1.0000 - val_loss: 1.8957 - val_acc: 0.8250
Epoch 408/500
Epoch 00407: val_acc did not improve
120s - loss: 6.8276e-08 - acc: 1.0000 - val_loss: 1.8957 - val_acc: 0.8250
Epoch 409/500
Epoch 00408: val_acc did not improve
120s - loss: 6.8276e-08 - acc: 1.0000 - val_loss: 1.8957 - val_acc: 0.8250
Epoch 410/500
Epoch 00409: val_acc did not improve
120s - loss: 6.8276e-08 - acc: 1.0000 - val_loss: 1.8957 - val_acc: 0.8250
Epoch 411/500
Epoch 00410: val_acc did not improve
120s - loss: 6.8276e-08 - acc: 1.0000 - val_loss: 1.8957 - val_acc: 0.8250
Epoch 412/500
Epoch 00411: val_acc did not improve
119s - loss: 6.8276e-08 - acc: 1.0000 - val_loss: 1.8957 - val_acc: 0.8250
Epoch 413/500
Epoch 00412: val_acc did not improve
120s - loss: 6.8276e-08 - acc: 1.0000 - val_loss: 1.8957 - val_acc: 0.8250
Epoch 414/500
Epoch 00413: val_acc did not improve
120s - loss: 6.8276e-08 - acc: 1.0000 - val_loss: 1.8957 - val_acc: 0.8250
Epoch 415/500
Epoch 00414: val_acc did not improve
120s - loss: 6.8276e-08 - acc: 1.0000 - val_loss: 1.8957 - val_acc: 0.8250
Epoch 416/500
Epoch 00415: val_acc did not improve
120s - loss: 6.8276e-08 - acc: 1.0000 - val_loss: 1.8957 - val_acc: 0.8250
Epoch 417/500
Epoch 00416: val_acc did not improve
120s - loss: 6.8276e-08 - acc: 1.0000 - val_loss: 1.8957 - val_acc: 0.8250
Epoch 418/500
Epoch 00417: val_acc did not improve
119s - loss: 6.8276e-08 - acc: 1.0000 - val_loss: 1.8957 - val_acc: 0.8250
Epoch 419/500
Epoch 00418: val_acc did not improve
120s - loss: 6.8276e-08 - acc: 1.0000 - val_loss: 1.8957 - val_acc: 0.8250
Epoch 420/500
Epoch 00419: val_acc did not improve
119s - loss: 6.8276e-08 - acc: 1.0000 - val_loss: 1.8957 - val_acc: 0.8250
Epoch 421/500
Epoch 00420: val_acc did not improve
120s - loss: 6.8276e-08 - acc: 1.0000 - val_loss: 1.8957 - val_acc: 0.8250
Epoch 422/500
Epoch 00421: val_acc did not improve
120s - loss: 6.8276e-08 - acc: 1.0000 - val_loss: 1.8957 - val_acc: 0.8250
Epoch 423/500
Epoch 00422: val_acc did not improve
120s - loss: 6.8276e-08 - acc: 1.0000 - val_loss: 1.8957 - val_acc: 0.8250
Epoch 424/500
Epoch 00423: val_acc did not improve
120s - loss: 6.8276e-08 - acc: 1.0000 - val_loss: 1.8957 - val_acc: 0.8250
Epoch 425/500
Epoch 00424: val_acc did not improve
119s - loss: 6.8276e-08 - acc: 1.0000 - val_loss: 1.8957 - val_acc: 0.8250
Epoch 426/500
Epoch 00425: val_acc did not improve
119s - loss: 6.8276e-08 - acc: 1.0000 - val_loss: 1.8957 - val_acc: 0.8250
Epoch 427/500
Epoch 00426: val_acc did not improve
119s - loss: 6.8276e-08 - acc: 1.0000 - val_loss: 1.8957 - val_acc: 0.8250
Epoch 428/500
Epoch 00427: val_acc did not improve
120s - loss: 6.8276e-08 - acc: 1.0000 - val_loss: 1.8957 - val_acc: 0.8250
Epoch 429/500
Epoch 00428: val_acc did not improve
119s - loss: 6.8276e-08 - acc: 1.0000 - val_loss: 1.8957 - val_acc: 0.8250
Epoch 430/500
Epoch 00429: val_acc did not improve
119s - loss: 6.8276e-08 - acc: 1.0000 - val_loss: 1.8957 - val_acc: 0.8250
Epoch 431/500
Epoch 00430: val_acc did not improve
120s - loss: 6.8276e-08 - acc: 1.0000 - val_loss: 1.8957 - val_acc: 0.8250
Epoch 432/500
Epoch 00431: val_acc did not improve
120s - loss: 6.8276e-08 - acc: 1.0000 - val_loss: 1.8957 - val_acc: 0.8250
Epoch 433/500
Epoch 00432: val_acc did not improve
119s - loss: 6.8276e-08 - acc: 1.0000 - val_loss: 1.8957 - val_acc: 0.8250
Epoch 434/500
Epoch 00433: val_acc did not improve
119s - loss: 6.8276e-08 - acc: 1.0000 - val_loss: 1.8957 - val_acc: 0.8250
Epoch 435/500
Epoch 00434: val_acc did not improve
120s - loss: 6.8276e-08 - acc: 1.0000 - val_loss: 1.8957 - val_acc: 0.8250
Epoch 436/500
Epoch 00435: val_acc did not improve
120s - loss: 6.8276e-08 - acc: 1.0000 - val_loss: 1.8957 - val_acc: 0.8250
Epoch 437/500
Epoch 00436: val_acc did not improve
120s - loss: 6.8276e-08 - acc: 1.0000 - val_loss: 1.8957 - val_acc: 0.8250
Epoch 438/500
Epoch 00437: val_acc did not improve
119s - loss: 6.8276e-08 - acc: 1.0000 - val_loss: 1.8957 - val_acc: 0.8250
Epoch 439/500
Epoch 00438: val_acc did not improve
120s - loss: 6.8276e-08 - acc: 1.0000 - val_loss: 1.8957 - val_acc: 0.8250
Epoch 440/500
Epoch 00439: val_acc did not improve
120s - loss: 6.8276e-08 - acc: 1.0000 - val_loss: 1.8957 - val_acc: 0.8250
Epoch 441/500
Epoch 00440: val_acc did not improve
120s - loss: 6.8276e-08 - acc: 1.0000 - val_loss: 1.8957 - val_acc: 0.8250
Epoch 442/500
Epoch 00441: val_acc did not improve
120s - loss: 6.8276e-08 - acc: 1.0000 - val_loss: 1.8957 - val_acc: 0.8250
Epoch 443/500
Epoch 00442: val_acc did not improve
120s - loss: 6.8276e-08 - acc: 1.0000 - val_loss: 1.8957 - val_acc: 0.8250
Epoch 444/500
Epoch 00443: val_acc did not improve
120s - loss: 6.8276e-08 - acc: 1.0000 - val_loss: 1.8957 - val_acc: 0.8250
Epoch 445/500
Epoch 00444: val_acc did not improve
120s - loss: 6.8276e-08 - acc: 1.0000 - val_loss: 1.8957 - val_acc: 0.8250
Epoch 446/500
Epoch 00445: val_acc did not improve
119s - loss: 6.8276e-08 - acc: 1.0000 - val_loss: 1.8957 - val_acc: 0.8250
Epoch 447/500
Epoch 00446: val_acc did not improve
120s - loss: 6.8276e-08 - acc: 1.0000 - val_loss: 1.8957 - val_acc: 0.8250
Epoch 448/500
Epoch 00447: val_acc did not improve
120s - loss: 6.8276e-08 - acc: 1.0000 - val_loss: 1.8957 - val_acc: 0.8250
Epoch 449/500
Epoch 00448: val_acc did not improve
120s - loss: 6.8276e-08 - acc: 1.0000 - val_loss: 1.8957 - val_acc: 0.8250
Epoch 450/500
Epoch 00449: val_acc did not improve
119s - loss: 6.8276e-08 - acc: 1.0000 - val_loss: 1.8957 - val_acc: 0.8250
Epoch 451/500
Epoch 00450: val_acc did not improve
119s - loss: 6.8276e-08 - acc: 1.0000 - val_loss: 1.8957 - val_acc: 0.8250
Epoch 452/500
Epoch 00451: val_acc did not improve
119s - loss: 6.8276e-08 - acc: 1.0000 - val_loss: 1.8957 - val_acc: 0.8250
Epoch 453/500
Epoch 00452: val_acc did not improve
119s - loss: 6.8276e-08 - acc: 1.0000 - val_loss: 1.8957 - val_acc: 0.8250
Epoch 454/500
Epoch 00453: val_acc did not improve
119s - loss: 6.8276e-08 - acc: 1.0000 - val_loss: 1.8957 - val_acc: 0.8250
Epoch 455/500
Epoch 00454: val_acc did not improve
119s - loss: 6.8276e-08 - acc: 1.0000 - val_loss: 1.8957 - val_acc: 0.8250
Epoch 456/500
Epoch 00455: val_acc did not improve
120s - loss: 6.8276e-08 - acc: 1.0000 - val_loss: 1.8957 - val_acc: 0.8250
Epoch 457/500
Epoch 00456: val_acc did not improve
119s - loss: 6.8276e-08 - acc: 1.0000 - val_loss: 1.8957 - val_acc: 0.8250
Epoch 458/500
Epoch 00457: val_acc did not improve
120s - loss: 6.8276e-08 - acc: 1.0000 - val_loss: 1.8957 - val_acc: 0.8250
Epoch 459/500
Epoch 00458: val_acc did not improve
120s - loss: 6.8276e-08 - acc: 1.0000 - val_loss: 1.8957 - val_acc: 0.8250
Epoch 460/500
Epoch 00459: val_acc did not improve
120s - loss: 6.8276e-08 - acc: 1.0000 - val_loss: 1.8957 - val_acc: 0.8250
Epoch 461/500
Epoch 00460: val_acc did not improve
119s - loss: 6.8276e-08 - acc: 1.0000 - val_loss: 1.8957 - val_acc: 0.8250
Epoch 462/500
Epoch 00461: val_acc did not improve
119s - loss: 6.8276e-08 - acc: 1.0000 - val_loss: 1.8957 - val_acc: 0.8250
Epoch 463/500
Epoch 00462: val_acc did not improve
120s - loss: 6.8276e-08 - acc: 1.0000 - val_loss: 1.8957 - val_acc: 0.8250
Epoch 464/500
Epoch 00463: val_acc did not improve
120s - loss: 6.8276e-08 - acc: 1.0000 - val_loss: 1.8957 - val_acc: 0.8250
Epoch 465/500
Epoch 00464: val_acc did not improve
119s - loss: 6.8276e-08 - acc: 1.0000 - val_loss: 1.8957 - val_acc: 0.8250
Epoch 466/500
Epoch 00465: val_acc did not improve
120s - loss: 6.8276e-08 - acc: 1.0000 - val_loss: 1.8957 - val_acc: 0.8250
Epoch 467/500
Epoch 00466: val_acc did not improve
120s - loss: 6.8276e-08 - acc: 1.0000 - val_loss: 1.8957 - val_acc: 0.8250
Epoch 468/500
Epoch 00467: val_acc did not improve
119s - loss: 6.8276e-08 - acc: 1.0000 - val_loss: 1.8957 - val_acc: 0.8250
Epoch 469/500
Epoch 00468: val_acc did not improve
119s - loss: 6.8276e-08 - acc: 1.0000 - val_loss: 1.8957 - val_acc: 0.8250
Epoch 470/500
Epoch 00469: val_acc did not improve
120s - loss: 6.8276e-08 - acc: 1.0000 - val_loss: 1.8957 - val_acc: 0.8250
Epoch 471/500
Epoch 00470: val_acc did not improve
119s - loss: 6.8276e-08 - acc: 1.0000 - val_loss: 1.8957 - val_acc: 0.8250
Epoch 472/500
Epoch 00471: val_acc did not improve
119s - loss: 6.8276e-08 - acc: 1.0000 - val_loss: 1.8957 - val_acc: 0.8250
Epoch 473/500
Epoch 00472: val_acc did not improve
119s - loss: 6.8276e-08 - acc: 1.0000 - val_loss: 1.8957 - val_acc: 0.8250
Epoch 474/500
Epoch 00473: val_acc did not improve
119s - loss: 6.8276e-08 - acc: 1.0000 - val_loss: 1.8957 - val_acc: 0.8250
Epoch 475/500
Epoch 00474: val_acc did not improve
119s - loss: 6.8276e-08 - acc: 1.0000 - val_loss: 1.8957 - val_acc: 0.8250
Epoch 476/500
Epoch 00475: val_acc did not improve
120s - loss: 6.8276e-08 - acc: 1.0000 - val_loss: 1.8957 - val_acc: 0.8250
Epoch 477/500
Epoch 00476: val_acc did not improve
120s - loss: 6.8276e-08 - acc: 1.0000 - val_loss: 1.8957 - val_acc: 0.8250
Epoch 478/500
Epoch 00477: val_acc did not improve
119s - loss: 6.8276e-08 - acc: 1.0000 - val_loss: 1.8957 - val_acc: 0.8250
Epoch 479/500
Epoch 00478: val_acc did not improve
119s - loss: 6.8276e-08 - acc: 1.0000 - val_loss: 1.8957 - val_acc: 0.8250
Epoch 480/500
Epoch 00479: val_acc did not improve
119s - loss: 6.8276e-08 - acc: 1.0000 - val_loss: 1.8957 - val_acc: 0.8250
Epoch 481/500
Epoch 00480: val_acc did not improve
119s - loss: 6.8276e-08 - acc: 1.0000 - val_loss: 1.8957 - val_acc: 0.8250
Epoch 482/500
Epoch 00481: val_acc did not improve
120s - loss: 6.8276e-08 - acc: 1.0000 - val_loss: 1.8957 - val_acc: 0.8250
Epoch 483/500
Epoch 00482: val_acc did not improve
120s - loss: 6.8276e-08 - acc: 1.0000 - val_loss: 1.8957 - val_acc: 0.8250
Epoch 484/500
Epoch 00483: val_acc did not improve
119s - loss: 6.8276e-08 - acc: 1.0000 - val_loss: 1.8957 - val_acc: 0.8250
Epoch 485/500
Epoch 00484: val_acc did not improve
119s - loss: 6.8276e-08 - acc: 1.0000 - val_loss: 1.8957 - val_acc: 0.8250
Epoch 486/500
Epoch 00485: val_acc did not improve
119s - loss: 6.8276e-08 - acc: 1.0000 - val_loss: 1.8957 - val_acc: 0.8250
Epoch 487/500
Epoch 00486: val_acc did not improve
119s - loss: 6.8276e-08 - acc: 1.0000 - val_loss: 1.8957 - val_acc: 0.8250
Epoch 488/500
Epoch 00487: val_acc did not improve
120s - loss: 6.8276e-08 - acc: 1.0000 - val_loss: 1.8957 - val_acc: 0.8250
Epoch 489/500
Epoch 00488: val_acc did not improve
119s - loss: 6.8276e-08 - acc: 1.0000 - val_loss: 1.8957 - val_acc: 0.8250
Epoch 490/500
Epoch 00489: val_acc did not improve
120s - loss: 6.8276e-08 - acc: 1.0000 - val_loss: 1.8957 - val_acc: 0.8250
Epoch 491/500
Epoch 00490: val_acc did not improve
119s - loss: 6.8276e-08 - acc: 1.0000 - val_loss: 1.8957 - val_acc: 0.8250
Epoch 492/500
Epoch 00491: val_acc did not improve
119s - loss: 6.8276e-08 - acc: 1.0000 - val_loss: 1.8957 - val_acc: 0.8250
Epoch 493/500
Epoch 00492: val_acc did not improve
120s - loss: 6.8276e-08 - acc: 1.0000 - val_loss: 1.8957 - val_acc: 0.8250
Epoch 494/500
Epoch 00493: val_acc did not improve
119s - loss: 6.8276e-08 - acc: 1.0000 - val_loss: 1.8957 - val_acc: 0.8250
Epoch 495/500
Epoch 00494: val_acc did not improve
119s - loss: 6.8276e-08 - acc: 1.0000 - val_loss: 1.8957 - val_acc: 0.8250
Epoch 496/500
Epoch 00495: val_acc did not improve
119s - loss: 6.8276e-08 - acc: 1.0000 - val_loss: 1.8957 - val_acc: 0.8250
Epoch 497/500
Epoch 00496: val_acc did not improve
119s - loss: 6.8276e-08 - acc: 1.0000 - val_loss: 1.8957 - val_acc: 0.8250
Epoch 498/500
Epoch 00497: val_acc did not improve
119s - loss: 6.8276e-08 - acc: 1.0000 - val_loss: 1.8957 - val_acc: 0.8250
Epoch 499/500
Epoch 00498: val_acc did not improve
119s - loss: 6.8276e-08 - acc: 1.0000 - val_loss: 1.8957 - val_acc: 0.8250
Epoch 500/500
Epoch 00499: val_acc did not improve
119s - loss: 6.8276e-08 - acc: 1.0000 - val_loss: 1.8957 - val_acc: 0.8250
Test score: 1.89573726654
Test accuracy: 0.825
