max: 1381.1198
X_train shape: (160, 1, 4000, 59)
160 train samples
40 test samples
y_train shape: (160, 2)
y_test shape: (40, 2)
____________________________________________________________________________________________________
Layer (type)                     Output Shape          Param #     Connected to                     
====================================================================================================
convolution2d_1 (Convolution2D)  (None, 40, 4000, 59)  240         convolution2d_input_1[0][0]      
____________________________________________________________________________________________________
activation_1 (Activation)        (None, 40, 4000, 59)  0           convolution2d_1[0][0]            
____________________________________________________________________________________________________
maxpooling2d_1 (MaxPooling2D)    (None, 40, 2000, 59)  0           activation_1[0][0]               
____________________________________________________________________________________________________
convolution2d_2 (Convolution2D)  (None, 40, 2000, 59)  800040      maxpooling2d_1[0][0]             
____________________________________________________________________________________________________
activation_2 (Activation)        (None, 40, 2000, 59)  0           convolution2d_2[0][0]            
____________________________________________________________________________________________________
maxpooling2d_2 (MaxPooling2D)    (None, 40, 200, 59)   0           activation_2[0][0]               
____________________________________________________________________________________________________
flatten_1 (Flatten)              (None, 472000)        0           maxpooling2d_2[0][0]             
____________________________________________________________________________________________________
dense_1 (Dense)                  (None, 2)             944002      flatten_1[0][0]                  
____________________________________________________________________________________________________
activation_3 (Activation)        (None, 2)             0           dense_1[0][0]                    
====================================================================================================
Total params: 1744282
____________________________________________________________________________________________________
Train on 160 samples, validate on 40 samples
Epoch 1/500
Epoch 00000: val_acc improved from -inf to 0.42500, saving model to /home/xcat/experiment/BCI2008/ds1a/model/on-filtered-data/2cnn_adam_max_relu.h5
108s - loss: 1.2535 - acc: 0.4313 - val_loss: 0.6934 - val_acc: 0.4250
Epoch 2/500
Epoch 00001: val_acc did not improve
112s - loss: 0.6931 - acc: 0.5188 - val_loss: 0.6935 - val_acc: 0.4250
Epoch 3/500
Epoch 00002: val_acc did not improve
113s - loss: 0.6930 - acc: 0.5188 - val_loss: 0.6938 - val_acc: 0.4250
Epoch 4/500
Epoch 00003: val_acc did not improve
113s - loss: 0.6929 - acc: 0.5188 - val_loss: 0.6940 - val_acc: 0.4250
Epoch 5/500
Epoch 00004: val_acc did not improve
114s - loss: 0.6929 - acc: 0.5188 - val_loss: 0.6942 - val_acc: 0.4250
Epoch 6/500
Epoch 00005: val_acc improved from 0.42500 to 0.45000, saving model to /home/xcat/experiment/BCI2008/ds1a/model/on-filtered-data/2cnn_adam_max_relu.h5
113s - loss: 0.6906 - acc: 0.5188 - val_loss: 0.7020 - val_acc: 0.4500
Epoch 7/500
Epoch 00006: val_acc did not improve
114s - loss: 0.6840 - acc: 0.5250 - val_loss: 0.6945 - val_acc: 0.4500
Epoch 8/500
Epoch 00007: val_acc did not improve
114s - loss: 0.6898 - acc: 0.5250 - val_loss: 0.6958 - val_acc: 0.4250
Epoch 9/500
Epoch 00008: val_acc did not improve
114s - loss: 0.6503 - acc: 0.6438 - val_loss: 0.9280 - val_acc: 0.4500
Epoch 10/500
Epoch 00009: val_acc did not improve
114s - loss: 0.5199 - acc: 0.7688 - val_loss: 0.9227 - val_acc: 0.4000
Epoch 11/500
Epoch 00010: val_acc improved from 0.45000 to 0.47500, saving model to /home/xcat/experiment/BCI2008/ds1a/model/on-filtered-data/2cnn_adam_max_relu.h5
114s - loss: 0.2318 - acc: 0.9250 - val_loss: 1.0431 - val_acc: 0.4750
Epoch 12/500
Epoch 00011: val_acc did not improve
114s - loss: 0.0450 - acc: 0.9875 - val_loss: 2.1506 - val_acc: 0.4500
Epoch 13/500
Epoch 00012: val_acc did not improve
114s - loss: 0.0116 - acc: 1.0000 - val_loss: 3.6600 - val_acc: 0.4000
Epoch 14/500
Epoch 00013: val_acc did not improve
113s - loss: 0.0031 - acc: 1.0000 - val_loss: 3.3931 - val_acc: 0.4500
Epoch 15/500
Epoch 00014: val_acc did not improve
114s - loss: 0.0012 - acc: 1.0000 - val_loss: 3.5750 - val_acc: 0.4500
Epoch 16/500
Epoch 00015: val_acc did not improve
114s - loss: 8.4376e-04 - acc: 1.0000 - val_loss: 3.7916 - val_acc: 0.4500
Epoch 17/500
Epoch 00016: val_acc did not improve
113s - loss: 6.4226e-04 - acc: 1.0000 - val_loss: 4.0086 - val_acc: 0.4250
Epoch 18/500
Epoch 00017: val_acc did not improve
114s - loss: 4.9430e-04 - acc: 1.0000 - val_loss: 4.0997 - val_acc: 0.4250
Epoch 19/500
Epoch 00018: val_acc did not improve
114s - loss: 4.2758e-04 - acc: 1.0000 - val_loss: 4.1802 - val_acc: 0.4250
Epoch 20/500
Epoch 00019: val_acc did not improve
113s - loss: 3.6039e-04 - acc: 1.0000 - val_loss: 4.2895 - val_acc: 0.4250
Epoch 21/500
Epoch 00020: val_acc did not improve
113s - loss: 3.1528e-04 - acc: 1.0000 - val_loss: 4.3947 - val_acc: 0.4250
Epoch 22/500
Epoch 00021: val_acc did not improve
114s - loss: 2.7803e-04 - acc: 1.0000 - val_loss: 4.4439 - val_acc: 0.4250
Epoch 23/500
Epoch 00022: val_acc did not improve
114s - loss: 2.4741e-04 - acc: 1.0000 - val_loss: 4.5180 - val_acc: 0.4000
Epoch 24/500
Epoch 00023: val_acc did not improve
114s - loss: 2.2555e-04 - acc: 1.0000 - val_loss: 4.5701 - val_acc: 0.4250
Epoch 25/500
Epoch 00024: val_acc did not improve
114s - loss: 2.0161e-04 - acc: 1.0000 - val_loss: 4.6225 - val_acc: 0.4000
Epoch 26/500
Epoch 00025: val_acc did not improve
114s - loss: 1.8526e-04 - acc: 1.0000 - val_loss: 4.6736 - val_acc: 0.4250
Epoch 27/500
Epoch 00026: val_acc did not improve
114s - loss: 1.7003e-04 - acc: 1.0000 - val_loss: 4.7199 - val_acc: 0.4000
Epoch 28/500
Epoch 00027: val_acc did not improve
113s - loss: 1.5590e-04 - acc: 1.0000 - val_loss: 4.7475 - val_acc: 0.4000
Epoch 29/500
Epoch 00028: val_acc did not improve
114s - loss: 1.4521e-04 - acc: 1.0000 - val_loss: 4.7768 - val_acc: 0.4250
Epoch 30/500
Epoch 00029: val_acc did not improve
114s - loss: 1.3468e-04 - acc: 1.0000 - val_loss: 4.8137 - val_acc: 0.4000
Epoch 31/500
Epoch 00030: val_acc did not improve
114s - loss: 1.2504e-04 - acc: 1.0000 - val_loss: 4.8522 - val_acc: 0.3750
Epoch 32/500
Epoch 00031: val_acc did not improve
114s - loss: 1.1678e-04 - acc: 1.0000 - val_loss: 4.8746 - val_acc: 0.3750
Epoch 33/500
Epoch 00032: val_acc did not improve
114s - loss: 1.1008e-04 - acc: 1.0000 - val_loss: 4.9021 - val_acc: 0.3750
Epoch 34/500
Epoch 00033: val_acc did not improve
113s - loss: 1.0254e-04 - acc: 1.0000 - val_loss: 4.9349 - val_acc: 0.3750
Epoch 35/500
Epoch 00034: val_acc did not improve
114s - loss: 9.7278e-05 - acc: 1.0000 - val_loss: 4.9719 - val_acc: 0.3750
Epoch 36/500
Epoch 00035: val_acc did not improve
114s - loss: 9.1672e-05 - acc: 1.0000 - val_loss: 4.9789 - val_acc: 0.3750
Epoch 37/500
Epoch 00036: val_acc did not improve
113s - loss: 8.6391e-05 - acc: 1.0000 - val_loss: 5.0127 - val_acc: 0.3750
Epoch 38/500
Epoch 00037: val_acc did not improve
114s - loss: 8.1641e-05 - acc: 1.0000 - val_loss: 5.0283 - val_acc: 0.3750
Epoch 39/500
Epoch 00038: val_acc did not improve
114s - loss: 7.7650e-05 - acc: 1.0000 - val_loss: 5.0494 - val_acc: 0.4000
Epoch 40/500
Epoch 00039: val_acc did not improve
114s - loss: 7.3826e-05 - acc: 1.0000 - val_loss: 5.0884 - val_acc: 0.3750
Epoch 41/500
Epoch 00040: val_acc did not improve
114s - loss: 6.9802e-05 - acc: 1.0000 - val_loss: 5.0998 - val_acc: 0.3750
Epoch 42/500
Epoch 00041: val_acc did not improve
114s - loss: 6.6648e-05 - acc: 1.0000 - val_loss: 5.1242 - val_acc: 0.3750
Epoch 43/500
Epoch 00042: val_acc did not improve
114s - loss: 6.3661e-05 - acc: 1.0000 - val_loss: 5.1357 - val_acc: 0.3750
Epoch 44/500
Epoch 00043: val_acc did not improve
114s - loss: 6.0596e-05 - acc: 1.0000 - val_loss: 5.1610 - val_acc: 0.3750
Epoch 45/500
Epoch 00044: val_acc did not improve
114s - loss: 5.7925e-05 - acc: 1.0000 - val_loss: 5.1771 - val_acc: 0.3750
Epoch 46/500
Epoch 00045: val_acc did not improve
113s - loss: 5.5386e-05 - acc: 1.0000 - val_loss: 5.2004 - val_acc: 0.3750
Epoch 47/500
Epoch 00046: val_acc did not improve
114s - loss: 5.3081e-05 - acc: 1.0000 - val_loss: 5.2133 - val_acc: 0.3750
Epoch 48/500
Epoch 00047: val_acc did not improve
114s - loss: 5.0944e-05 - acc: 1.0000 - val_loss: 5.2259 - val_acc: 0.4000
Epoch 49/500
Epoch 00048: val_acc did not improve
114s - loss: 4.8886e-05 - acc: 1.0000 - val_loss: 5.2449 - val_acc: 0.4000
Epoch 50/500
Epoch 00049: val_acc did not improve
114s - loss: 4.7016e-05 - acc: 1.0000 - val_loss: 5.2655 - val_acc: 0.4000
Epoch 51/500
Epoch 00050: val_acc did not improve
113s - loss: 4.5090e-05 - acc: 1.0000 - val_loss: 5.2858 - val_acc: 0.3750
Epoch 52/500
Epoch 00051: val_acc did not improve
113s - loss: 4.3305e-05 - acc: 1.0000 - val_loss: 5.3002 - val_acc: 0.3750
Epoch 53/500
Epoch 00052: val_acc did not improve
114s - loss: 4.1804e-05 - acc: 1.0000 - val_loss: 5.3133 - val_acc: 0.4000
Epoch 54/500
Epoch 00053: val_acc did not improve
113s - loss: 4.0388e-05 - acc: 1.0000 - val_loss: 5.3274 - val_acc: 0.4000
Epoch 55/500
Epoch 00054: val_acc did not improve
113s - loss: 3.8703e-05 - acc: 1.0000 - val_loss: 5.3421 - val_acc: 0.4000
Epoch 56/500
Epoch 00055: val_acc did not improve
113s - loss: 3.7415e-05 - acc: 1.0000 - val_loss: 5.3567 - val_acc: 0.4000
Epoch 57/500
Epoch 00056: val_acc did not improve
113s - loss: 3.6332e-05 - acc: 1.0000 - val_loss: 5.3619 - val_acc: 0.4000
Epoch 58/500
Epoch 00057: val_acc did not improve
113s - loss: 3.4906e-05 - acc: 1.0000 - val_loss: 5.3795 - val_acc: 0.4000
Epoch 59/500
Epoch 00058: val_acc did not improve
113s - loss: 3.3747e-05 - acc: 1.0000 - val_loss: 5.3928 - val_acc: 0.4000
Epoch 60/500
Epoch 00059: val_acc did not improve
113s - loss: 3.2660e-05 - acc: 1.0000 - val_loss: 5.4072 - val_acc: 0.4000
Epoch 61/500
Epoch 00060: val_acc did not improve
113s - loss: 3.1590e-05 - acc: 1.0000 - val_loss: 5.4162 - val_acc: 0.4000
Epoch 62/500
Epoch 00061: val_acc did not improve
113s - loss: 3.0712e-05 - acc: 1.0000 - val_loss: 5.4222 - val_acc: 0.4000
Epoch 63/500
Epoch 00062: val_acc did not improve
113s - loss: 2.9711e-05 - acc: 1.0000 - val_loss: 5.4418 - val_acc: 0.4000
Epoch 64/500
Epoch 00063: val_acc did not improve
113s - loss: 2.8742e-05 - acc: 1.0000 - val_loss: 5.4536 - val_acc: 0.4000
Epoch 65/500
Epoch 00064: val_acc did not improve
113s - loss: 2.7922e-05 - acc: 1.0000 - val_loss: 5.4577 - val_acc: 0.4000
Epoch 66/500
Epoch 00065: val_acc did not improve
113s - loss: 2.7019e-05 - acc: 1.0000 - val_loss: 5.4677 - val_acc: 0.4000
Epoch 67/500
Epoch 00066: val_acc did not improve
113s - loss: 2.6279e-05 - acc: 1.0000 - val_loss: 5.4844 - val_acc: 0.4000
Epoch 68/500
Epoch 00067: val_acc did not improve
113s - loss: 2.5509e-05 - acc: 1.0000 - val_loss: 5.4912 - val_acc: 0.4000
Epoch 69/500
Epoch 00068: val_acc did not improve
113s - loss: 2.4710e-05 - acc: 1.0000 - val_loss: 5.5026 - val_acc: 0.4000
Epoch 70/500
Epoch 00069: val_acc did not improve
113s - loss: 2.4077e-05 - acc: 1.0000 - val_loss: 5.5164 - val_acc: 0.4000
Epoch 71/500
Epoch 00070: val_acc did not improve
113s - loss: 2.3397e-05 - acc: 1.0000 - val_loss: 5.5253 - val_acc: 0.4000
Epoch 72/500
Epoch 00071: val_acc did not improve
113s - loss: 2.2877e-05 - acc: 1.0000 - val_loss: 5.5246 - val_acc: 0.3750
Epoch 73/500
Epoch 00072: val_acc did not improve
113s - loss: 2.2203e-05 - acc: 1.0000 - val_loss: 5.5444 - val_acc: 0.4000
Epoch 74/500
Epoch 00073: val_acc did not improve
113s - loss: 2.1513e-05 - acc: 1.0000 - val_loss: 5.5486 - val_acc: 0.3750
Epoch 75/500
Epoch 00074: val_acc did not improve
113s - loss: 2.0934e-05 - acc: 1.0000 - val_loss: 5.5602 - val_acc: 0.3750
Epoch 76/500
Epoch 00075: val_acc did not improve
113s - loss: 2.0422e-05 - acc: 1.0000 - val_loss: 5.5676 - val_acc: 0.3750
Epoch 77/500
Epoch 00076: val_acc did not improve
113s - loss: 1.9899e-05 - acc: 1.0000 - val_loss: 5.5812 - val_acc: 0.3750
Epoch 78/500
Epoch 00077: val_acc did not improve
113s - loss: 1.9371e-05 - acc: 1.0000 - val_loss: 5.5922 - val_acc: 0.3750
Epoch 79/500
Epoch 00078: val_acc did not improve
113s - loss: 1.8864e-05 - acc: 1.0000 - val_loss: 5.5957 - val_acc: 0.3750
Epoch 80/500
Epoch 00079: val_acc did not improve
113s - loss: 1.8386e-05 - acc: 1.0000 - val_loss: 5.6024 - val_acc: 0.3750
Epoch 81/500
Epoch 00080: val_acc did not improve
113s - loss: 1.7939e-05 - acc: 1.0000 - val_loss: 5.6148 - val_acc: 0.3750
Epoch 82/500
Epoch 00081: val_acc did not improve
113s - loss: 1.7489e-05 - acc: 1.0000 - val_loss: 5.6238 - val_acc: 0.3750
Epoch 83/500
Epoch 00082: val_acc did not improve
113s - loss: 1.7113e-05 - acc: 1.0000 - val_loss: 5.6359 - val_acc: 0.3750
Epoch 84/500
Epoch 00083: val_acc did not improve
113s - loss: 1.6709e-05 - acc: 1.0000 - val_loss: 5.6371 - val_acc: 0.3750
Epoch 85/500
Epoch 00084: val_acc did not improve
113s - loss: 1.6283e-05 - acc: 1.0000 - val_loss: 5.6437 - val_acc: 0.3750
Epoch 86/500
Epoch 00085: val_acc did not improve
113s - loss: 1.5920e-05 - acc: 1.0000 - val_loss: 5.6533 - val_acc: 0.3750
Epoch 87/500
Epoch 00086: val_acc did not improve
113s - loss: 1.5544e-05 - acc: 1.0000 - val_loss: 5.6641 - val_acc: 0.3750
Epoch 88/500
Epoch 00087: val_acc did not improve
113s - loss: 1.5223e-05 - acc: 1.0000 - val_loss: 5.6750 - val_acc: 0.3750
Epoch 89/500
Epoch 00088: val_acc did not improve
113s - loss: 1.4822e-05 - acc: 1.0000 - val_loss: 5.6788 - val_acc: 0.3750
Epoch 90/500
Epoch 00089: val_acc did not improve
113s - loss: 1.4528e-05 - acc: 1.0000 - val_loss: 5.6877 - val_acc: 0.3750
Epoch 91/500
Epoch 00090: val_acc did not improve
113s - loss: 1.4193e-05 - acc: 1.0000 - val_loss: 5.6924 - val_acc: 0.3750
Epoch 92/500
Epoch 00091: val_acc did not improve
113s - loss: 1.3883e-05 - acc: 1.0000 - val_loss: 5.7014 - val_acc: 0.3750
Epoch 93/500
Epoch 00092: val_acc did not improve
113s - loss: 1.3579e-05 - acc: 1.0000 - val_loss: 5.7072 - val_acc: 0.3750
Epoch 94/500
Epoch 00093: val_acc did not improve
112s - loss: 1.3277e-05 - acc: 1.0000 - val_loss: 5.7138 - val_acc: 0.3750
Epoch 95/500
Epoch 00094: val_acc did not improve
113s - loss: 1.3007e-05 - acc: 1.0000 - val_loss: 5.7201 - val_acc: 0.3750
Epoch 96/500
Epoch 00095: val_acc did not improve
113s - loss: 1.2749e-05 - acc: 1.0000 - val_loss: 5.7337 - val_acc: 0.3750
Epoch 97/500
Epoch 00096: val_acc did not improve
113s - loss: 1.2448e-05 - acc: 1.0000 - val_loss: 5.7360 - val_acc: 0.3750
Epoch 98/500
Epoch 00097: val_acc did not improve
113s - loss: 1.2191e-05 - acc: 1.0000 - val_loss: 5.7430 - val_acc: 0.3750
Epoch 99/500
Epoch 00098: val_acc did not improve
113s - loss: 1.1972e-05 - acc: 1.0000 - val_loss: 5.7447 - val_acc: 0.3750
Epoch 100/500
Epoch 00099: val_acc did not improve
113s - loss: 1.1691e-05 - acc: 1.0000 - val_loss: 5.7561 - val_acc: 0.3750
Epoch 101/500
Epoch 00100: val_acc did not improve
113s - loss: 1.1468e-05 - acc: 1.0000 - val_loss: 5.7631 - val_acc: 0.3750
Epoch 102/500
Epoch 00101: val_acc did not improve
113s - loss: 1.1225e-05 - acc: 1.0000 - val_loss: 5.7668 - val_acc: 0.3750
Epoch 103/500
Epoch 00102: val_acc did not improve
113s - loss: 1.1003e-05 - acc: 1.0000 - val_loss: 5.7724 - val_acc: 0.3750
Epoch 104/500
Epoch 00103: val_acc did not improve
113s - loss: 1.0773e-05 - acc: 1.0000 - val_loss: 5.7775 - val_acc: 0.3750
Epoch 105/500
Epoch 00104: val_acc did not improve
113s - loss: 1.0577e-05 - acc: 1.0000 - val_loss: 5.7827 - val_acc: 0.3750
Epoch 106/500
Epoch 00105: val_acc did not improve
113s - loss: 1.0357e-05 - acc: 1.0000 - val_loss: 5.7912 - val_acc: 0.3750
Epoch 107/500
Epoch 00106: val_acc did not improve
113s - loss: 1.0157e-05 - acc: 1.0000 - val_loss: 5.7944 - val_acc: 0.3750
Epoch 108/500
Epoch 00107: val_acc did not improve
113s - loss: 9.9708e-06 - acc: 1.0000 - val_loss: 5.8030 - val_acc: 0.3750
Epoch 109/500
Epoch 00108: val_acc did not improve
113s - loss: 9.7748e-06 - acc: 1.0000 - val_loss: 5.8077 - val_acc: 0.3750
Epoch 110/500
Epoch 00109: val_acc did not improve
113s - loss: 9.5855e-06 - acc: 1.0000 - val_loss: 5.8156 - val_acc: 0.3750
Epoch 111/500
Epoch 00110: val_acc did not improve
113s - loss: 9.4112e-06 - acc: 1.0000 - val_loss: 5.8172 - val_acc: 0.3750
Epoch 112/500
Epoch 00111: val_acc did not improve
113s - loss: 9.2272e-06 - acc: 1.0000 - val_loss: 5.8218 - val_acc: 0.3750
Epoch 113/500
Epoch 00112: val_acc did not improve
113s - loss: 9.0729e-06 - acc: 1.0000 - val_loss: 5.8312 - val_acc: 0.3750
Epoch 114/500
Epoch 00113: val_acc did not improve
113s - loss: 8.8888e-06 - acc: 1.0000 - val_loss: 5.8345 - val_acc: 0.3750
Epoch 115/500
Epoch 00114: val_acc did not improve
113s - loss: 8.7331e-06 - acc: 1.0000 - val_loss: 5.8390 - val_acc: 0.3750
Epoch 116/500
Epoch 00115: val_acc did not improve
113s - loss: 8.5721e-06 - acc: 1.0000 - val_loss: 5.8450 - val_acc: 0.3750
Epoch 117/500
Epoch 00116: val_acc did not improve
113s - loss: 8.4090e-06 - acc: 1.0000 - val_loss: 5.8492 - val_acc: 0.3750
Epoch 118/500
Epoch 00117: val_acc did not improve
113s - loss: 8.2540e-06 - acc: 1.0000 - val_loss: 5.8551 - val_acc: 0.3750
Epoch 119/500
Epoch 00118: val_acc did not improve
113s - loss: 8.1184e-06 - acc: 1.0000 - val_loss: 5.8633 - val_acc: 0.3750
Epoch 120/500
Epoch 00119: val_acc did not improve
113s - loss: 7.9709e-06 - acc: 1.0000 - val_loss: 5.8692 - val_acc: 0.3750
Epoch 121/500
Epoch 00120: val_acc did not improve
113s - loss: 7.8382e-06 - acc: 1.0000 - val_loss: 5.8732 - val_acc: 0.3750
Epoch 122/500
Epoch 00121: val_acc did not improve
113s - loss: 7.6945e-06 - acc: 1.0000 - val_loss: 5.8760 - val_acc: 0.3750
Epoch 123/500
Epoch 00122: val_acc did not improve
113s - loss: 7.5694e-06 - acc: 1.0000 - val_loss: 5.8852 - val_acc: 0.3750
Epoch 124/500
Epoch 00123: val_acc did not improve
113s - loss: 7.4314e-06 - acc: 1.0000 - val_loss: 5.8870 - val_acc: 0.3750
Epoch 125/500
Epoch 00124: val_acc did not improve
113s - loss: 7.2989e-06 - acc: 1.0000 - val_loss: 5.8910 - val_acc: 0.3750
Epoch 126/500
Epoch 00125: val_acc did not improve
113s - loss: 7.1752e-06 - acc: 1.0000 - val_loss: 5.8957 - val_acc: 0.3750
Epoch 127/500
Epoch 00126: val_acc did not improve
113s - loss: 7.0575e-06 - acc: 1.0000 - val_loss: 5.8996 - val_acc: 0.3750
Epoch 128/500
Epoch 00127: val_acc did not improve
113s - loss: 6.9368e-06 - acc: 1.0000 - val_loss: 5.9086 - val_acc: 0.3750
Epoch 129/500
Epoch 00128: val_acc did not improve
113s - loss: 6.8220e-06 - acc: 1.0000 - val_loss: 5.9133 - val_acc: 0.3750
Epoch 130/500
Epoch 00129: val_acc did not improve
113s - loss: 6.7036e-06 - acc: 1.0000 - val_loss: 5.9199 - val_acc: 0.3750
Epoch 131/500
Epoch 00130: val_acc did not improve
113s - loss: 6.5962e-06 - acc: 1.0000 - val_loss: 5.9218 - val_acc: 0.3750
Epoch 132/500
Epoch 00131: val_acc did not improve
113s - loss: 6.4852e-06 - acc: 1.0000 - val_loss: 5.9260 - val_acc: 0.3750
Epoch 133/500
Epoch 00132: val_acc did not improve
113s - loss: 6.3831e-06 - acc: 1.0000 - val_loss: 5.9347 - val_acc: 0.3750
Epoch 134/500
Epoch 00133: val_acc did not improve
113s - loss: 6.2789e-06 - acc: 1.0000 - val_loss: 5.9390 - val_acc: 0.3750
Epoch 135/500
Epoch 00134: val_acc did not improve
113s - loss: 6.1804e-06 - acc: 1.0000 - val_loss: 5.9405 - val_acc: 0.3750
Epoch 136/500
Epoch 00135: val_acc did not improve
113s - loss: 6.0798e-06 - acc: 1.0000 - val_loss: 5.9466 - val_acc: 0.3750
Epoch 137/500
Epoch 00136: val_acc did not improve
113s - loss: 5.9770e-06 - acc: 1.0000 - val_loss: 5.9520 - val_acc: 0.3750
Epoch 138/500
Epoch 00137: val_acc did not improve
113s - loss: 5.8861e-06 - acc: 1.0000 - val_loss: 5.9533 - val_acc: 0.3750
Epoch 139/500
Epoch 00138: val_acc did not improve
113s - loss: 5.7929e-06 - acc: 1.0000 - val_loss: 5.9595 - val_acc: 0.3750
Epoch 140/500
Epoch 00139: val_acc did not improve
113s - loss: 5.6946e-06 - acc: 1.0000 - val_loss: 5.9635 - val_acc: 0.3750
Epoch 141/500
Epoch 00140: val_acc did not improve
113s - loss: 5.6060e-06 - acc: 1.0000 - val_loss: 5.9662 - val_acc: 0.3750
Epoch 142/500
Epoch 00141: val_acc did not improve
113s - loss: 5.5240e-06 - acc: 1.0000 - val_loss: 5.9694 - val_acc: 0.3750
Epoch 143/500
Epoch 00142: val_acc did not improve
113s - loss: 5.4390e-06 - acc: 1.0000 - val_loss: 5.9776 - val_acc: 0.3750
Epoch 144/500
Epoch 00143: val_acc did not improve
113s - loss: 5.3473e-06 - acc: 1.0000 - val_loss: 5.9816 - val_acc: 0.3750
Epoch 145/500
Epoch 00144: val_acc did not improve
113s - loss: 5.2795e-06 - acc: 1.0000 - val_loss: 5.9870 - val_acc: 0.3750
Epoch 146/500
Epoch 00145: val_acc did not improve
113s - loss: 5.1946e-06 - acc: 1.0000 - val_loss: 5.9901 - val_acc: 0.3750
Epoch 147/500
Epoch 00146: val_acc did not improve
113s - loss: 5.1096e-06 - acc: 1.0000 - val_loss: 5.9943 - val_acc: 0.3750
Epoch 148/500
Epoch 00147: val_acc did not improve
113s - loss: 5.0352e-06 - acc: 1.0000 - val_loss: 5.9991 - val_acc: 0.3750
Epoch 149/500
Epoch 00148: val_acc did not improve
113s - loss: 4.9570e-06 - acc: 1.0000 - val_loss: 6.0050 - val_acc: 0.3750
Epoch 150/500
Epoch 00149: val_acc did not improve
113s - loss: 4.8794e-06 - acc: 1.0000 - val_loss: 6.0083 - val_acc: 0.3750
Epoch 151/500
Epoch 00150: val_acc did not improve
113s - loss: 4.8117e-06 - acc: 1.0000 - val_loss: 6.0116 - val_acc: 0.3750
Epoch 152/500
Epoch 00151: val_acc did not improve
113s - loss: 4.7432e-06 - acc: 1.0000 - val_loss: 6.0136 - val_acc: 0.3750
Epoch 153/500
Epoch 00152: val_acc did not improve
113s - loss: 4.6768e-06 - acc: 1.0000 - val_loss: 6.0161 - val_acc: 0.3750
Epoch 154/500
Epoch 00153: val_acc did not improve
113s - loss: 4.6023e-06 - acc: 1.0000 - val_loss: 6.0218 - val_acc: 0.3750
Epoch 155/500
Epoch 00154: val_acc did not improve
113s - loss: 4.5383e-06 - acc: 1.0000 - val_loss: 6.0256 - val_acc: 0.3750
Epoch 156/500
Epoch 00155: val_acc did not improve
113s - loss: 4.4697e-06 - acc: 1.0000 - val_loss: 6.0293 - val_acc: 0.3750
Epoch 157/500
Epoch 00156: val_acc did not improve
113s - loss: 4.4063e-06 - acc: 1.0000 - val_loss: 6.0315 - val_acc: 0.3750
Epoch 158/500
Epoch 00157: val_acc did not improve
113s - loss: 4.3384e-06 - acc: 1.0000 - val_loss: 6.0372 - val_acc: 0.3750
Epoch 159/500
Epoch 00158: val_acc did not improve
113s - loss: 4.2811e-06 - acc: 1.0000 - val_loss: 6.0416 - val_acc: 0.3750
Epoch 160/500
Epoch 00159: val_acc did not improve
113s - loss: 4.2148e-06 - acc: 1.0000 - val_loss: 6.0421 - val_acc: 0.3750
Epoch 161/500
Epoch 00160: val_acc did not improve
113s - loss: 4.1552e-06 - acc: 1.0000 - val_loss: 6.0470 - val_acc: 0.3750
Epoch 162/500
Epoch 00161: val_acc did not improve
113s - loss: 4.0955e-06 - acc: 1.0000 - val_loss: 6.0506 - val_acc: 0.3750
Epoch 163/500
Epoch 00162: val_acc did not improve
113s - loss: 4.0389e-06 - acc: 1.0000 - val_loss: 6.0517 - val_acc: 0.3750
Epoch 164/500
Epoch 00163: val_acc did not improve
113s - loss: 3.9807e-06 - acc: 1.0000 - val_loss: 6.0566 - val_acc: 0.3750
Epoch 165/500
Epoch 00164: val_acc did not improve
113s - loss: 3.9346e-06 - acc: 1.0000 - val_loss: 6.0594 - val_acc: 0.3750
Epoch 166/500
Epoch 00165: val_acc did not improve
113s - loss: 3.8705e-06 - acc: 1.0000 - val_loss: 6.0653 - val_acc: 0.3750
Epoch 167/500
Epoch 00166: val_acc did not improve
113s - loss: 3.8198e-06 - acc: 1.0000 - val_loss: 6.0689 - val_acc: 0.3750
Epoch 168/500
Epoch 00167: val_acc did not improve
113s - loss: 3.7654e-06 - acc: 1.0000 - val_loss: 6.0695 - val_acc: 0.3750
Epoch 169/500
Epoch 00168: val_acc did not improve
113s - loss: 3.7149e-06 - acc: 1.0000 - val_loss: 6.0772 - val_acc: 0.3750
Epoch 170/500
Epoch 00169: val_acc did not improve
113s - loss: 3.6589e-06 - acc: 1.0000 - val_loss: 6.0780 - val_acc: 0.3750
Epoch 171/500
Epoch 00170: val_acc did not improve
113s - loss: 3.6105e-06 - acc: 1.0000 - val_loss: 6.0836 - val_acc: 0.3750
Epoch 172/500
Epoch 00171: val_acc did not improve
114s - loss: 3.5628e-06 - acc: 1.0000 - val_loss: 6.0844 - val_acc: 0.3750
Epoch 173/500
Epoch 00172: val_acc did not improve
114s - loss: 3.5115e-06 - acc: 1.0000 - val_loss: 6.0892 - val_acc: 0.3750
Epoch 174/500
Epoch 00173: val_acc did not improve
113s - loss: 3.4623e-06 - acc: 1.0000 - val_loss: 6.0919 - val_acc: 0.3750
Epoch 175/500
Epoch 00174: val_acc did not improve
113s - loss: 3.4212e-06 - acc: 1.0000 - val_loss: 6.0963 - val_acc: 0.3750
Epoch 176/500
Epoch 00175: val_acc did not improve
113s - loss: 3.3772e-06 - acc: 1.0000 - val_loss: 6.0998 - val_acc: 0.3750
Epoch 177/500
Epoch 00176: val_acc did not improve
113s - loss: 3.3288e-06 - acc: 1.0000 - val_loss: 6.1031 - val_acc: 0.3750
Epoch 178/500
Epoch 00177: val_acc did not improve
113s - loss: 3.2857e-06 - acc: 1.0000 - val_loss: 6.1032 - val_acc: 0.3750
Epoch 179/500
Epoch 00178: val_acc did not improve
113s - loss: 3.2439e-06 - acc: 1.0000 - val_loss: 6.1088 - val_acc: 0.3750
Epoch 180/500
Epoch 00179: val_acc did not improve
113s - loss: 3.2029e-06 - acc: 1.0000 - val_loss: 6.1152 - val_acc: 0.3750
Epoch 181/500
Epoch 00180: val_acc did not improve
113s - loss: 3.1604e-06 - acc: 1.0000 - val_loss: 6.1112 - val_acc: 0.3750
Epoch 182/500
Epoch 00181: val_acc did not improve
113s - loss: 3.1128e-06 - acc: 1.0000 - val_loss: 6.1157 - val_acc: 0.3750
Epoch 183/500
Epoch 00182: val_acc did not improve
114s - loss: 3.0747e-06 - acc: 1.0000 - val_loss: 6.1187 - val_acc: 0.3750
Epoch 184/500
Epoch 00183: val_acc did not improve
113s - loss: 3.0300e-06 - acc: 1.0000 - val_loss: 6.1224 - val_acc: 0.3750
Epoch 185/500
Epoch 00184: val_acc did not improve
113s - loss: 2.9935e-06 - acc: 1.0000 - val_loss: 6.1287 - val_acc: 0.3750
Epoch 186/500
Epoch 00185: val_acc did not improve
113s - loss: 2.9554e-06 - acc: 1.0000 - val_loss: 6.1302 - val_acc: 0.3750
Epoch 187/500
Epoch 00186: val_acc did not improve
114s - loss: 2.9212e-06 - acc: 1.0000 - val_loss: 6.1339 - val_acc: 0.3750
Epoch 188/500
Epoch 00187: val_acc did not improve
113s - loss: 2.8803e-06 - acc: 1.0000 - val_loss: 6.1353 - val_acc: 0.3750
Epoch 189/500
Epoch 00188: val_acc did not improve
113s - loss: 2.8430e-06 - acc: 1.0000 - val_loss: 6.1378 - val_acc: 0.3750
Epoch 190/500
Epoch 00189: val_acc did not improve
113s - loss: 2.8095e-06 - acc: 1.0000 - val_loss: 6.1427 - val_acc: 0.3750
Epoch 191/500
Epoch 00190: val_acc did not improve
113s - loss: 2.7685e-06 - acc: 1.0000 - val_loss: 6.1455 - val_acc: 0.3750
Epoch 192/500
Epoch 00191: val_acc did not improve
113s - loss: 2.7402e-06 - acc: 1.0000 - val_loss: 6.1505 - val_acc: 0.3750
Epoch 193/500
Epoch 00192: val_acc did not improve
113s - loss: 2.6992e-06 - acc: 1.0000 - val_loss: 6.1546 - val_acc: 0.3750
Epoch 194/500
Epoch 00193: val_acc did not improve
113s - loss: 2.6693e-06 - acc: 1.0000 - val_loss: 6.1577 - val_acc: 0.3750
Epoch 195/500
Epoch 00194: val_acc did not improve
113s - loss: 2.6335e-06 - acc: 1.0000 - val_loss: 6.1572 - val_acc: 0.3750
Epoch 196/500
Epoch 00195: val_acc did not improve
113s - loss: 2.6038e-06 - acc: 1.0000 - val_loss: 6.1613 - val_acc: 0.3750
Epoch 197/500
Epoch 00196: val_acc did not improve
113s - loss: 2.5710e-06 - acc: 1.0000 - val_loss: 6.1618 - val_acc: 0.3750
Epoch 198/500
Epoch 00197: val_acc did not improve
113s - loss: 2.5352e-06 - acc: 1.0000 - val_loss: 6.1651 - val_acc: 0.3750
Epoch 199/500
Epoch 00198: val_acc did not improve
114s - loss: 2.5113e-06 - acc: 1.0000 - val_loss: 6.1682 - val_acc: 0.3750
Epoch 200/500
Epoch 00199: val_acc did not improve
113s - loss: 2.4704e-06 - acc: 1.0000 - val_loss: 6.1698 - val_acc: 0.3750
Epoch 201/500
Epoch 00200: val_acc did not improve
113s - loss: 2.4429e-06 - acc: 1.0000 - val_loss: 6.1738 - val_acc: 0.3750
Epoch 202/500
Epoch 00201: val_acc did not improve
113s - loss: 2.4117e-06 - acc: 1.0000 - val_loss: 6.1771 - val_acc: 0.3750
Epoch 203/500
Epoch 00202: val_acc did not improve
113s - loss: 2.3841e-06 - acc: 1.0000 - val_loss: 6.1758 - val_acc: 0.3750
Epoch 204/500
Epoch 00203: val_acc did not improve
113s - loss: 2.3557e-06 - acc: 1.0000 - val_loss: 6.1792 - val_acc: 0.3750
Epoch 205/500
Epoch 00204: val_acc did not improve
113s - loss: 2.3258e-06 - acc: 1.0000 - val_loss: 6.1812 - val_acc: 0.3750
Epoch 206/500
Epoch 00205: val_acc did not improve
114s - loss: 2.2998e-06 - acc: 1.0000 - val_loss: 6.1870 - val_acc: 0.3750
Epoch 207/500
Epoch 00206: val_acc did not improve
114s - loss: 2.2707e-06 - acc: 1.0000 - val_loss: 6.1882 - val_acc: 0.3750
Epoch 208/500
Epoch 00207: val_acc did not improve
113s - loss: 2.2453e-06 - acc: 1.0000 - val_loss: 6.1909 - val_acc: 0.3750
Epoch 209/500
Epoch 00208: val_acc did not improve
113s - loss: 2.2147e-06 - acc: 1.0000 - val_loss: 6.1919 - val_acc: 0.3750
Epoch 210/500
Epoch 00209: val_acc did not improve
113s - loss: 2.1909e-06 - acc: 1.0000 - val_loss: 6.1934 - val_acc: 0.3750
Epoch 211/500
Epoch 00210: val_acc did not improve
113s - loss: 2.1648e-06 - acc: 1.0000 - val_loss: 6.1943 - val_acc: 0.3750
Epoch 212/500
Epoch 00211: val_acc did not improve
113s - loss: 2.1380e-06 - acc: 1.0000 - val_loss: 6.1970 - val_acc: 0.3750
Epoch 213/500
Epoch 00212: val_acc did not improve
113s - loss: 2.1119e-06 - acc: 1.0000 - val_loss: 6.1989 - val_acc: 0.3750
Epoch 214/500
Epoch 00213: val_acc did not improve
113s - loss: 2.0866e-06 - acc: 1.0000 - val_loss: 6.2008 - val_acc: 0.3750
Epoch 215/500
Epoch 00214: val_acc did not improve
113s - loss: 2.0628e-06 - acc: 1.0000 - val_loss: 6.2027 - val_acc: 0.3750
Epoch 216/500
Epoch 00215: val_acc did not improve
113s - loss: 2.0382e-06 - acc: 1.0000 - val_loss: 6.2065 - val_acc: 0.3750
Epoch 217/500
Epoch 00216: val_acc did not improve
114s - loss: 2.0159e-06 - acc: 1.0000 - val_loss: 6.2079 - val_acc: 0.3750
Epoch 218/500
Epoch 00217: val_acc did not improve
113s - loss: 1.9920e-06 - acc: 1.0000 - val_loss: 6.2083 - val_acc: 0.3750
Epoch 219/500
Epoch 00218: val_acc did not improve
113s - loss: 1.9666e-06 - acc: 1.0000 - val_loss: 6.2123 - val_acc: 0.3750
Epoch 220/500
Epoch 00219: val_acc did not improve
113s - loss: 1.9458e-06 - acc: 1.0000 - val_loss: 6.2136 - val_acc: 0.3750
Epoch 221/500
Epoch 00220: val_acc did not improve
113s - loss: 1.9228e-06 - acc: 1.0000 - val_loss: 6.2157 - val_acc: 0.3750
Epoch 222/500
Epoch 00221: val_acc did not improve
113s - loss: 1.8989e-06 - acc: 1.0000 - val_loss: 6.2167 - val_acc: 0.3750
Epoch 223/500
Epoch 00222: val_acc did not improve
113s - loss: 1.8780e-06 - acc: 1.0000 - val_loss: 6.2195 - val_acc: 0.3750
Epoch 224/500
Epoch 00223: val_acc did not improve
113s - loss: 1.8571e-06 - acc: 1.0000 - val_loss: 6.2209 - val_acc: 0.3750
Epoch 225/500
Epoch 00224: val_acc did not improve
113s - loss: 1.8355e-06 - acc: 1.0000 - val_loss: 6.2225 - val_acc: 0.3750
Epoch 226/500
Epoch 00225: val_acc did not improve
113s - loss: 1.8139e-06 - acc: 1.0000 - val_loss: 6.2233 - val_acc: 0.3750
Epoch 227/500
Epoch 00226: val_acc did not improve
113s - loss: 1.7916e-06 - acc: 1.0000 - val_loss: 6.2271 - val_acc: 0.3750
Epoch 228/500
Epoch 00227: val_acc did not improve
113s - loss: 1.7782e-06 - acc: 1.0000 - val_loss: 6.2278 - val_acc: 0.3750
Epoch 229/500
Epoch 00228: val_acc did not improve
113s - loss: 1.7543e-06 - acc: 1.0000 - val_loss: 6.2296 - val_acc: 0.3750
Epoch 230/500
Epoch 00229: val_acc did not improve
113s - loss: 1.7289e-06 - acc: 1.0000 - val_loss: 6.2315 - val_acc: 0.3750
Epoch 231/500
Epoch 00230: val_acc did not improve
113s - loss: 1.7080e-06 - acc: 1.0000 - val_loss: 6.2331 - val_acc: 0.3750
Epoch 232/500
Epoch 00231: val_acc did not improve
113s - loss: 1.6924e-06 - acc: 1.0000 - val_loss: 6.2364 - val_acc: 0.3750
Epoch 233/500
Epoch 00232: val_acc did not improve
113s - loss: 1.6701e-06 - acc: 1.0000 - val_loss: 6.2368 - val_acc: 0.3750
Epoch 234/500
Epoch 00233: val_acc did not improve
113s - loss: 1.6544e-06 - acc: 1.0000 - val_loss: 6.2375 - val_acc: 0.3750
Epoch 235/500
Epoch 00234: val_acc did not improve
113s - loss: 1.6336e-06 - acc: 1.0000 - val_loss: 6.2404 - val_acc: 0.3750
Epoch 236/500
Epoch 00235: val_acc did not improve
113s - loss: 1.6209e-06 - acc: 1.0000 - val_loss: 6.2396 - val_acc: 0.3750
Epoch 237/500
Epoch 00236: val_acc did not improve
113s - loss: 1.5985e-06 - acc: 1.0000 - val_loss: 6.2440 - val_acc: 0.3750
Epoch 238/500
Epoch 00237: val_acc did not improve
113s - loss: 1.5807e-06 - acc: 1.0000 - val_loss: 6.2447 - val_acc: 0.3750
Epoch 239/500
Epoch 00238: val_acc did not improve
113s - loss: 1.5665e-06 - acc: 1.0000 - val_loss: 6.2506 - val_acc: 0.3750
Epoch 240/500
Epoch 00239: val_acc did not improve
113s - loss: 1.5464e-06 - acc: 1.0000 - val_loss: 6.2499 - val_acc: 0.3750
Epoch 241/500
Epoch 00240: val_acc did not improve
113s - loss: 1.5329e-06 - acc: 1.0000 - val_loss: 6.2480 - val_acc: 0.3750
Epoch 242/500
Epoch 00241: val_acc did not improve
113s - loss: 1.5099e-06 - acc: 1.0000 - val_loss: 6.2532 - val_acc: 0.3750
Epoch 243/500
Epoch 00242: val_acc did not improve
113s - loss: 1.4942e-06 - acc: 1.0000 - val_loss: 6.2556 - val_acc: 0.3750
Epoch 244/500
Epoch 00243: val_acc did not improve
113s - loss: 1.4793e-06 - acc: 1.0000 - val_loss: 6.2561 - val_acc: 0.3750
Epoch 245/500
Epoch 00244: val_acc did not improve
113s - loss: 1.4629e-06 - acc: 1.0000 - val_loss: 6.2579 - val_acc: 0.3750
Epoch 246/500
Epoch 00245: val_acc did not improve
113s - loss: 1.4435e-06 - acc: 1.0000 - val_loss: 6.2608 - val_acc: 0.3750
Epoch 247/500
Epoch 00246: val_acc did not improve
113s - loss: 1.4278e-06 - acc: 1.0000 - val_loss: 6.2595 - val_acc: 0.3750
Epoch 248/500
Epoch 00247: val_acc did not improve
113s - loss: 1.4129e-06 - acc: 1.0000 - val_loss: 6.2636 - val_acc: 0.3750
Epoch 249/500
Epoch 00248: val_acc did not improve
113s - loss: 1.3912e-06 - acc: 1.0000 - val_loss: 6.2663 - val_acc: 0.3750
Epoch 250/500
Epoch 00249: val_acc did not improve
113s - loss: 1.3816e-06 - acc: 1.0000 - val_loss: 6.2677 - val_acc: 0.3750
Epoch 251/500
Epoch 00250: val_acc did not improve
113s - loss: 1.3675e-06 - acc: 1.0000 - val_loss: 6.2670 - val_acc: 0.3750
Epoch 252/500
Epoch 00251: val_acc did not improve
113s - loss: 1.3518e-06 - acc: 1.0000 - val_loss: 6.2711 - val_acc: 0.3750
Epoch 253/500
Epoch 00252: val_acc did not improve
113s - loss: 1.3377e-06 - acc: 1.0000 - val_loss: 6.2724 - val_acc: 0.3750
Epoch 254/500
Epoch 00253: val_acc did not improve
113s - loss: 1.3213e-06 - acc: 1.0000 - val_loss: 6.2733 - val_acc: 0.3750
Epoch 255/500
Epoch 00254: val_acc did not improve
113s - loss: 1.3101e-06 - acc: 1.0000 - val_loss: 6.2757 - val_acc: 0.3750
Epoch 256/500
Epoch 00255: val_acc did not improve
113s - loss: 1.2937e-06 - acc: 1.0000 - val_loss: 6.2765 - val_acc: 0.3750
Epoch 257/500
Epoch 00256: val_acc did not improve
113s - loss: 1.2773e-06 - acc: 1.0000 - val_loss: 6.2787 - val_acc: 0.3750
Epoch 258/500
Epoch 00257: val_acc did not improve
113s - loss: 1.2639e-06 - acc: 1.0000 - val_loss: 6.2783 - val_acc: 0.3750
Epoch 259/500
Epoch 00258: val_acc did not improve
113s - loss: 1.2520e-06 - acc: 1.0000 - val_loss: 6.2823 - val_acc: 0.3750
Epoch 260/500
Epoch 00259: val_acc did not improve
113s - loss: 1.2355e-06 - acc: 1.0000 - val_loss: 6.2856 - val_acc: 0.3750
Epoch 261/500
Epoch 00260: val_acc did not improve
113s - loss: 1.2213e-06 - acc: 1.0000 - val_loss: 6.2859 - val_acc: 0.3750
Epoch 262/500
Epoch 00261: val_acc did not improve
113s - loss: 1.2131e-06 - acc: 1.0000 - val_loss: 6.2872 - val_acc: 0.3750
Epoch 263/500
Epoch 00262: val_acc did not improve
113s - loss: 1.2012e-06 - acc: 1.0000 - val_loss: 6.2875 - val_acc: 0.3750
Epoch 264/500
Epoch 00263: val_acc did not improve
113s - loss: 1.1833e-06 - acc: 1.0000 - val_loss: 6.2906 - val_acc: 0.3750
Epoch 265/500
Epoch 00264: val_acc did not improve
113s - loss: 1.1722e-06 - acc: 1.0000 - val_loss: 6.2925 - val_acc: 0.3750
Epoch 266/500
Epoch 00265: val_acc did not improve
113s - loss: 1.1603e-06 - acc: 1.0000 - val_loss: 6.2956 - val_acc: 0.3750
Epoch 267/500
Epoch 00266: val_acc did not improve
113s - loss: 1.1513e-06 - acc: 1.0000 - val_loss: 6.2964 - val_acc: 0.3750
Epoch 268/500
Epoch 00267: val_acc did not improve
113s - loss: 1.1394e-06 - acc: 1.0000 - val_loss: 6.2957 - val_acc: 0.3750
Epoch 269/500
Epoch 00268: val_acc did not improve
113s - loss: 1.1282e-06 - acc: 1.0000 - val_loss: 6.2994 - val_acc: 0.3750
Epoch 270/500
Epoch 00269: val_acc did not improve
113s - loss: 1.1133e-06 - acc: 1.0000 - val_loss: 6.2997 - val_acc: 0.3750
Epoch 271/500
Epoch 00270: val_acc did not improve
113s - loss: 1.1014e-06 - acc: 1.0000 - val_loss: 6.3005 - val_acc: 0.3750
Epoch 272/500
Epoch 00271: val_acc did not improve
113s - loss: 1.0894e-06 - acc: 1.0000 - val_loss: 6.3013 - val_acc: 0.3750
Epoch 273/500
Epoch 00272: val_acc did not improve
113s - loss: 1.0760e-06 - acc: 1.0000 - val_loss: 6.3052 - val_acc: 0.3750
Epoch 274/500
Epoch 00273: val_acc did not improve
113s - loss: 1.0648e-06 - acc: 1.0000 - val_loss: 6.3072 - val_acc: 0.3750
Epoch 275/500
Epoch 00274: val_acc did not improve
113s - loss: 1.0522e-06 - acc: 1.0000 - val_loss: 6.3106 - val_acc: 0.3750
Epoch 276/500
Epoch 00275: val_acc did not improve
113s - loss: 1.0381e-06 - acc: 1.0000 - val_loss: 6.3117 - val_acc: 0.3750
Epoch 277/500
Epoch 00276: val_acc did not improve
113s - loss: 1.0321e-06 - acc: 1.0000 - val_loss: 6.3127 - val_acc: 0.3750
Epoch 278/500
Epoch 00277: val_acc did not improve
113s - loss: 1.0231e-06 - acc: 1.0000 - val_loss: 6.3148 - val_acc: 0.3750
Epoch 279/500
Epoch 00278: val_acc did not improve
113s - loss: 1.0097e-06 - acc: 1.0000 - val_loss: 6.3161 - val_acc: 0.3750
Epoch 280/500
Epoch 00279: val_acc did not improve
113s - loss: 9.9852e-07 - acc: 1.0000 - val_loss: 6.3171 - val_acc: 0.3750
Epoch 281/500
Epoch 00280: val_acc did not improve
113s - loss: 9.8590e-07 - acc: 1.0000 - val_loss: 6.3189 - val_acc: 0.3750
Epoch 282/500
Epoch 00281: val_acc did not improve
113s - loss: 9.7845e-07 - acc: 1.0000 - val_loss: 6.3198 - val_acc: 0.3750
Epoch 283/500
Epoch 00282: val_acc did not improve
113s - loss: 9.6876e-07 - acc: 1.0000 - val_loss: 6.3207 - val_acc: 0.3750
Epoch 284/500
Epoch 00283: val_acc did not improve
113s - loss: 9.5827e-07 - acc: 1.0000 - val_loss: 6.3225 - val_acc: 0.3750
Epoch 285/500
Epoch 00284: val_acc did not improve
113s - loss: 9.4936e-07 - acc: 1.0000 - val_loss: 6.3245 - val_acc: 0.3750
Epoch 286/500
Epoch 00285: val_acc did not improve
113s - loss: 9.3822e-07 - acc: 1.0000 - val_loss: 6.3274 - val_acc: 0.3750
Epoch 287/500
Epoch 00286: val_acc did not improve
113s - loss: 9.3075e-07 - acc: 1.0000 - val_loss: 6.3278 - val_acc: 0.3750
Epoch 288/500
Epoch 00287: val_acc did not improve
113s - loss: 9.2109e-07 - acc: 1.0000 - val_loss: 6.3270 - val_acc: 0.3750
Epoch 289/500
Epoch 00288: val_acc did not improve
113s - loss: 9.0990e-07 - acc: 1.0000 - val_loss: 6.3302 - val_acc: 0.3750
Epoch 290/500
Epoch 00289: val_acc did not improve
113s - loss: 8.9943e-07 - acc: 1.0000 - val_loss: 6.3334 - val_acc: 0.3750
Epoch 291/500
Epoch 00290: val_acc did not improve
113s - loss: 8.9051e-07 - acc: 1.0000 - val_loss: 6.3356 - val_acc: 0.3750
Epoch 292/500
Epoch 00291: val_acc did not improve
113s - loss: 8.8677e-07 - acc: 1.0000 - val_loss: 6.3380 - val_acc: 0.3750
Epoch 293/500
Epoch 00292: val_acc did not improve
113s - loss: 8.7257e-07 - acc: 1.0000 - val_loss: 6.3377 - val_acc: 0.3750
Epoch 294/500
Epoch 00293: val_acc did not improve
113s - loss: 8.6512e-07 - acc: 1.0000 - val_loss: 6.3408 - val_acc: 0.3750
Epoch 295/500
Epoch 00294: val_acc did not improve
113s - loss: 8.5401e-07 - acc: 1.0000 - val_loss: 6.3418 - val_acc: 0.3750
Epoch 296/500
Epoch 00295: val_acc did not improve
113s - loss: 8.4955e-07 - acc: 1.0000 - val_loss: 6.3431 - val_acc: 0.3750
Epoch 297/500
Epoch 00296: val_acc did not improve
113s - loss: 8.4058e-07 - acc: 1.0000 - val_loss: 6.3431 - val_acc: 0.3750
Epoch 298/500
Epoch 00297: val_acc did not improve
113s - loss: 8.3164e-07 - acc: 1.0000 - val_loss: 6.3454 - val_acc: 0.3750
Epoch 299/500
Epoch 00298: val_acc did not improve
113s - loss: 8.1747e-07 - acc: 1.0000 - val_loss: 6.3461 - val_acc: 0.3750
Epoch 300/500
Epoch 00299: val_acc did not improve
113s - loss: 8.1001e-07 - acc: 1.0000 - val_loss: 6.3476 - val_acc: 0.3750
Epoch 301/500
Epoch 00300: val_acc did not improve
113s - loss: 8.0477e-07 - acc: 1.0000 - val_loss: 6.3471 - val_acc: 0.3750
Epoch 302/500
Epoch 00301: val_acc did not improve
113s - loss: 7.9135e-07 - acc: 1.0000 - val_loss: 6.3505 - val_acc: 0.3750
Epoch 303/500
Epoch 00302: val_acc did not improve
113s - loss: 7.8466e-07 - acc: 1.0000 - val_loss: 6.3533 - val_acc: 0.3750
Epoch 304/500
Epoch 00303: val_acc did not improve
113s - loss: 7.7795e-07 - acc: 1.0000 - val_loss: 6.3558 - val_acc: 0.3750
Epoch 305/500
Epoch 00304: val_acc did not improve
113s - loss: 7.7196e-07 - acc: 1.0000 - val_loss: 6.3577 - val_acc: 0.3750
Epoch 306/500
Epoch 00305: val_acc did not improve
113s - loss: 7.6373e-07 - acc: 1.0000 - val_loss: 6.3570 - val_acc: 0.3750
Epoch 307/500
Epoch 00306: val_acc did not improve
113s - loss: 7.5551e-07 - acc: 1.0000 - val_loss: 6.3594 - val_acc: 0.3750
Epoch 308/500
Epoch 00307: val_acc did not improve
113s - loss: 7.4878e-07 - acc: 1.0000 - val_loss: 6.3607 - val_acc: 0.3750
Epoch 309/500
Epoch 00308: val_acc did not improve
113s - loss: 7.3984e-07 - acc: 1.0000 - val_loss: 6.3621 - val_acc: 0.3750
Epoch 310/500
Epoch 00309: val_acc did not improve
113s - loss: 7.3167e-07 - acc: 1.0000 - val_loss: 6.3644 - val_acc: 0.3750
Epoch 311/500
Epoch 00310: val_acc did not improve
113s - loss: 7.2644e-07 - acc: 1.0000 - val_loss: 6.3648 - val_acc: 0.3750
Epoch 312/500
Epoch 00311: val_acc did not improve
113s - loss: 7.2498e-07 - acc: 1.0000 - val_loss: 6.3682 - val_acc: 0.3750
Epoch 313/500
Epoch 00312: val_acc did not improve
113s - loss: 7.1604e-07 - acc: 1.0000 - val_loss: 6.3671 - val_acc: 0.3750
Epoch 314/500
Epoch 00313: val_acc did not improve
113s - loss: 7.0484e-07 - acc: 1.0000 - val_loss: 6.3685 - val_acc: 0.3750
Epoch 315/500
Epoch 00314: val_acc did not improve
113s - loss: 6.9517e-07 - acc: 1.0000 - val_loss: 6.3706 - val_acc: 0.3750
Epoch 316/500
Epoch 00315: val_acc did not improve
113s - loss: 6.8624e-07 - acc: 1.0000 - val_loss: 6.3724 - val_acc: 0.3750
Epoch 317/500
Epoch 00316: val_acc did not improve
113s - loss: 6.8099e-07 - acc: 1.0000 - val_loss: 6.3756 - val_acc: 0.3750
Epoch 318/500
Epoch 00317: val_acc did not improve
113s - loss: 6.7650e-07 - acc: 1.0000 - val_loss: 6.3767 - val_acc: 0.3750
Epoch 319/500
Epoch 00318: val_acc did not improve
113s - loss: 6.6979e-07 - acc: 1.0000 - val_loss: 6.3777 - val_acc: 0.3750
Epoch 320/500
Epoch 00319: val_acc did not improve
113s - loss: 6.6009e-07 - acc: 1.0000 - val_loss: 6.3787 - val_acc: 0.3750
Epoch 321/500
Epoch 00320: val_acc did not improve
113s - loss: 6.5487e-07 - acc: 1.0000 - val_loss: 6.3795 - val_acc: 0.3750
Epoch 322/500
Epoch 00321: val_acc did not improve
113s - loss: 6.4817e-07 - acc: 1.0000 - val_loss: 6.3812 - val_acc: 0.3750
Epoch 323/500
Epoch 00322: val_acc did not improve
113s - loss: 6.3920e-07 - acc: 1.0000 - val_loss: 6.3826 - val_acc: 0.3750
Epoch 324/500
Epoch 00323: val_acc did not improve
113s - loss: 6.3324e-07 - acc: 1.0000 - val_loss: 6.3848 - val_acc: 0.3750
Epoch 325/500
Epoch 00324: val_acc did not improve
113s - loss: 6.2801e-07 - acc: 1.0000 - val_loss: 6.3869 - val_acc: 0.3750
Epoch 326/500
Epoch 00325: val_acc did not improve
113s - loss: 6.2278e-07 - acc: 1.0000 - val_loss: 6.3893 - val_acc: 0.3750
Epoch 327/500
Epoch 00326: val_acc did not improve
113s - loss: 6.1831e-07 - acc: 1.0000 - val_loss: 6.3901 - val_acc: 0.3750
Epoch 328/500
Epoch 00327: val_acc did not improve
113s - loss: 6.1309e-07 - acc: 1.0000 - val_loss: 6.3899 - val_acc: 0.3750
Epoch 329/500
Epoch 00328: val_acc did not improve
113s - loss: 6.0637e-07 - acc: 1.0000 - val_loss: 6.3943 - val_acc: 0.3750
Epoch 330/500
Epoch 00329: val_acc did not improve
113s - loss: 6.0118e-07 - acc: 1.0000 - val_loss: 6.3936 - val_acc: 0.3750
Epoch 331/500
Epoch 00330: val_acc did not improve
113s - loss: 5.9520e-07 - acc: 1.0000 - val_loss: 6.3958 - val_acc: 0.3750
Epoch 332/500
Epoch 00331: val_acc did not improve
113s - loss: 5.8776e-07 - acc: 1.0000 - val_loss: 6.3959 - val_acc: 0.3750
Epoch 333/500
Epoch 00332: val_acc did not improve
113s - loss: 5.8254e-07 - acc: 1.0000 - val_loss: 6.3980 - val_acc: 0.3750
Epoch 334/500
Epoch 00333: val_acc did not improve
113s - loss: 5.7356e-07 - acc: 1.0000 - val_loss: 6.4030 - val_acc: 0.3750
Epoch 335/500
Epoch 00334: val_acc did not improve
113s - loss: 5.6987e-07 - acc: 1.0000 - val_loss: 6.4030 - val_acc: 0.3750
Epoch 336/500
Epoch 00335: val_acc did not improve
113s - loss: 5.6320e-07 - acc: 1.0000 - val_loss: 6.4027 - val_acc: 0.3750
Epoch 337/500
Epoch 00336: val_acc did not improve
113s - loss: 5.5721e-07 - acc: 1.0000 - val_loss: 6.4052 - val_acc: 0.3750
Epoch 338/500
Epoch 00337: val_acc did not improve
113s - loss: 5.5123e-07 - acc: 1.0000 - val_loss: 6.4079 - val_acc: 0.3750
Epoch 339/500
Epoch 00338: val_acc did not improve
113s - loss: 5.4451e-07 - acc: 1.0000 - val_loss: 6.4077 - val_acc: 0.3750
Epoch 340/500
Epoch 00339: val_acc did not improve
113s - loss: 5.3708e-07 - acc: 1.0000 - val_loss: 6.4082 - val_acc: 0.3750
Epoch 341/500
Epoch 00340: val_acc did not improve
113s - loss: 5.3412e-07 - acc: 1.0000 - val_loss: 6.4103 - val_acc: 0.3750
Epoch 342/500
Epoch 00341: val_acc did not improve
113s - loss: 5.2967e-07 - acc: 1.0000 - val_loss: 6.4121 - val_acc: 0.3750
Epoch 343/500
Epoch 00342: val_acc did not improve
113s - loss: 5.2219e-07 - acc: 1.0000 - val_loss: 6.4127 - val_acc: 0.3750
Epoch 344/500
Epoch 00343: val_acc did not improve
112s - loss: 5.2144e-07 - acc: 1.0000 - val_loss: 6.4153 - val_acc: 0.3750
Epoch 345/500
Epoch 00344: val_acc did not improve
113s - loss: 5.1474e-07 - acc: 1.0000 - val_loss: 6.4167 - val_acc: 0.3750
Epoch 346/500
Epoch 00345: val_acc did not improve
113s - loss: 5.0875e-07 - acc: 1.0000 - val_loss: 6.4176 - val_acc: 0.3750
Epoch 347/500
Epoch 00346: val_acc did not improve
113s - loss: 5.0503e-07 - acc: 1.0000 - val_loss: 6.4194 - val_acc: 0.3750
Epoch 348/500
Epoch 00347: val_acc did not improve
112s - loss: 5.0055e-07 - acc: 1.0000 - val_loss: 6.4197 - val_acc: 0.3750
Epoch 349/500
Epoch 00348: val_acc did not improve
113s - loss: 4.9530e-07 - acc: 1.0000 - val_loss: 6.4212 - val_acc: 0.3750
Epoch 350/500
Epoch 00349: val_acc did not improve
113s - loss: 4.9009e-07 - acc: 1.0000 - val_loss: 6.4246 - val_acc: 0.3750
Epoch 351/500
Epoch 00350: val_acc did not improve
113s - loss: 4.8345e-07 - acc: 1.0000 - val_loss: 6.4257 - val_acc: 0.3750
Epoch 352/500
Epoch 00351: val_acc did not improve
113s - loss: 4.8046e-07 - acc: 1.0000 - val_loss: 6.4292 - val_acc: 0.3750
Epoch 353/500
Epoch 00352: val_acc did not improve
112s - loss: 4.7448e-07 - acc: 1.0000 - val_loss: 6.4297 - val_acc: 0.3750
Epoch 354/500
Epoch 00353: val_acc did not improve
113s - loss: 4.6850e-07 - acc: 1.0000 - val_loss: 6.4307 - val_acc: 0.3750
Epoch 355/500
Epoch 00354: val_acc did not improve
113s - loss: 4.6329e-07 - acc: 1.0000 - val_loss: 6.4324 - val_acc: 0.3750
Epoch 356/500
Epoch 00355: val_acc did not improve
113s - loss: 4.5884e-07 - acc: 1.0000 - val_loss: 6.4343 - val_acc: 0.3750
Epoch 357/500
Epoch 00356: val_acc did not improve
113s - loss: 4.5735e-07 - acc: 1.0000 - val_loss: 6.4354 - val_acc: 0.3750
Epoch 358/500
Epoch 00357: val_acc did not improve
113s - loss: 4.5135e-07 - acc: 1.0000 - val_loss: 6.4343 - val_acc: 0.3750
Epoch 359/500
Epoch 00358: val_acc did not improve
113s - loss: 4.4614e-07 - acc: 1.0000 - val_loss: 6.4356 - val_acc: 0.3750
Epoch 360/500
Epoch 00359: val_acc did not improve
112s - loss: 4.4391e-07 - acc: 1.0000 - val_loss: 6.4384 - val_acc: 0.3750
Epoch 361/500
Epoch 00360: val_acc did not improve
113s - loss: 4.3797e-07 - acc: 1.0000 - val_loss: 6.4417 - val_acc: 0.3750
Epoch 362/500
Epoch 00361: val_acc did not improve
113s - loss: 4.3498e-07 - acc: 1.0000 - val_loss: 6.4414 - val_acc: 0.3750
Epoch 363/500
Epoch 00362: val_acc did not improve
113s - loss: 4.3198e-07 - acc: 1.0000 - val_loss: 6.4410 - val_acc: 0.3750
Epoch 364/500
Epoch 00363: val_acc did not improve
113s - loss: 4.2826e-07 - acc: 1.0000 - val_loss: 6.4447 - val_acc: 0.3750
Epoch 365/500
Epoch 00364: val_acc did not improve
112s - loss: 4.2379e-07 - acc: 1.0000 - val_loss: 6.4472 - val_acc: 0.3750
Epoch 366/500
Epoch 00365: val_acc did not improve
113s - loss: 4.1854e-07 - acc: 1.0000 - val_loss: 6.4473 - val_acc: 0.3750
Epoch 367/500
Epoch 00366: val_acc did not improve
113s - loss: 4.1406e-07 - acc: 1.0000 - val_loss: 6.4490 - val_acc: 0.3750
Epoch 368/500
Epoch 00367: val_acc did not improve
113s - loss: 4.0881e-07 - acc: 1.0000 - val_loss: 6.4501 - val_acc: 0.3750
Epoch 369/500
Epoch 00368: val_acc did not improve
113s - loss: 4.0733e-07 - acc: 1.0000 - val_loss: 6.4501 - val_acc: 0.3750
Epoch 370/500
Epoch 00369: val_acc did not improve
112s - loss: 4.0063e-07 - acc: 1.0000 - val_loss: 6.4546 - val_acc: 0.3750
Epoch 371/500
Epoch 00370: val_acc did not improve
113s - loss: 3.9691e-07 - acc: 1.0000 - val_loss: 6.4540 - val_acc: 0.3750
Epoch 372/500
Epoch 00371: val_acc did not improve
112s - loss: 3.9241e-07 - acc: 1.0000 - val_loss: 6.4567 - val_acc: 0.3750
Epoch 373/500
Epoch 00372: val_acc did not improve
113s - loss: 3.8867e-07 - acc: 1.0000 - val_loss: 6.4583 - val_acc: 0.3750
Epoch 374/500
Epoch 00373: val_acc did not improve
113s - loss: 3.8420e-07 - acc: 1.0000 - val_loss: 6.4588 - val_acc: 0.3750
Epoch 375/500
Epoch 00374: val_acc did not improve
112s - loss: 3.8195e-07 - acc: 1.0000 - val_loss: 6.4618 - val_acc: 0.3750
Epoch 376/500
Epoch 00375: val_acc did not improve
113s - loss: 3.8045e-07 - acc: 1.0000 - val_loss: 6.4607 - val_acc: 0.3750
Epoch 377/500
Epoch 00376: val_acc did not improve
113s - loss: 3.7671e-07 - acc: 1.0000 - val_loss: 6.4628 - val_acc: 0.3750
Epoch 378/500
Epoch 00377: val_acc did not improve
112s - loss: 3.7300e-07 - acc: 1.0000 - val_loss: 6.4647 - val_acc: 0.3750
Epoch 379/500
Epoch 00378: val_acc did not improve
113s - loss: 3.6705e-07 - acc: 1.0000 - val_loss: 6.4666 - val_acc: 0.3750
Epoch 380/500
Epoch 00379: val_acc did not improve
113s - loss: 3.6257e-07 - acc: 1.0000 - val_loss: 6.4664 - val_acc: 0.3750
Epoch 381/500
Epoch 00380: val_acc did not improve
113s - loss: 3.5959e-07 - acc: 1.0000 - val_loss: 6.4691 - val_acc: 0.3750
Epoch 382/500
Epoch 00381: val_acc did not improve
113s - loss: 3.5811e-07 - acc: 1.0000 - val_loss: 6.4702 - val_acc: 0.3750
Epoch 383/500
Epoch 00382: val_acc did not improve
113s - loss: 3.5586e-07 - acc: 1.0000 - val_loss: 6.4702 - val_acc: 0.3750
Epoch 384/500
Epoch 00383: val_acc did not improve
113s - loss: 3.5362e-07 - acc: 1.0000 - val_loss: 6.4733 - val_acc: 0.3750
Epoch 385/500
Epoch 00384: val_acc did not improve
113s - loss: 3.4765e-07 - acc: 1.0000 - val_loss: 6.4765 - val_acc: 0.3750
Epoch 386/500
Epoch 00385: val_acc did not improve
113s - loss: 3.4540e-07 - acc: 1.0000 - val_loss: 6.4772 - val_acc: 0.3750
Epoch 387/500
Epoch 00386: val_acc did not improve
113s - loss: 3.4020e-07 - acc: 1.0000 - val_loss: 6.4775 - val_acc: 0.3750
Epoch 388/500
Epoch 00387: val_acc did not improve
113s - loss: 3.3721e-07 - acc: 1.0000 - val_loss: 6.4791 - val_acc: 0.3750
Epoch 389/500
Epoch 00388: val_acc did not improve
113s - loss: 3.3347e-07 - acc: 1.0000 - val_loss: 6.4806 - val_acc: 0.3750
Epoch 390/500
Epoch 00389: val_acc did not improve
113s - loss: 3.3123e-07 - acc: 1.0000 - val_loss: 6.4807 - val_acc: 0.3750
Epoch 391/500
Epoch 00390: val_acc did not improve
113s - loss: 3.2674e-07 - acc: 1.0000 - val_loss: 6.4855 - val_acc: 0.3750
Epoch 392/500
Epoch 00391: val_acc did not improve
113s - loss: 3.2376e-07 - acc: 1.0000 - val_loss: 6.4865 - val_acc: 0.3750
Epoch 393/500
Epoch 00392: val_acc did not improve
113s - loss: 3.2080e-07 - acc: 1.0000 - val_loss: 6.4873 - val_acc: 0.3750
Epoch 394/500
Epoch 00393: val_acc did not improve
113s - loss: 3.1854e-07 - acc: 1.0000 - val_loss: 6.4873 - val_acc: 0.3750
Epoch 395/500
Epoch 00394: val_acc did not improve
112s - loss: 3.1332e-07 - acc: 1.0000 - val_loss: 6.4886 - val_acc: 0.3750
Epoch 396/500
Epoch 00395: val_acc did not improve
113s - loss: 3.1408e-07 - acc: 1.0000 - val_loss: 6.4926 - val_acc: 0.3750
Epoch 397/500
Epoch 00396: val_acc did not improve
113s - loss: 3.0960e-07 - acc: 1.0000 - val_loss: 6.4920 - val_acc: 0.3750
Epoch 398/500
Epoch 00397: val_acc did not improve
113s - loss: 3.0811e-07 - acc: 1.0000 - val_loss: 6.4954 - val_acc: 0.3750
Epoch 399/500
Epoch 00398: val_acc did not improve
112s - loss: 3.0512e-07 - acc: 1.0000 - val_loss: 6.4945 - val_acc: 0.3750
Epoch 400/500
Epoch 00399: val_acc did not improve
113s - loss: 3.0142e-07 - acc: 1.0000 - val_loss: 6.4979 - val_acc: 0.3750
Epoch 401/500
Epoch 00400: val_acc did not improve
112s - loss: 2.9992e-07 - acc: 1.0000 - val_loss: 6.4987 - val_acc: 0.3750
Epoch 402/500
Epoch 00401: val_acc did not improve
113s - loss: 2.9768e-07 - acc: 1.0000 - val_loss: 6.4997 - val_acc: 0.3750
Epoch 403/500
Epoch 00402: val_acc did not improve
113s - loss: 2.9320e-07 - acc: 1.0000 - val_loss: 6.5022 - val_acc: 0.3750
Epoch 404/500
Epoch 00403: val_acc did not improve
112s - loss: 2.9096e-07 - acc: 1.0000 - val_loss: 6.5040 - val_acc: 0.3750
Epoch 405/500
Epoch 00404: val_acc did not improve
112s - loss: 2.8798e-07 - acc: 1.0000 - val_loss: 6.5029 - val_acc: 0.3750
Epoch 406/500
Epoch 00405: val_acc did not improve
113s - loss: 2.8498e-07 - acc: 1.0000 - val_loss: 6.5052 - val_acc: 0.3750
Epoch 407/500
Epoch 00406: val_acc did not improve
113s - loss: 2.7976e-07 - acc: 1.0000 - val_loss: 6.5077 - val_acc: 0.3750
Epoch 408/500
Epoch 00407: val_acc did not improve
113s - loss: 2.7826e-07 - acc: 1.0000 - val_loss: 6.5084 - val_acc: 0.3750
Epoch 409/500
Epoch 00408: val_acc did not improve
113s - loss: 2.7230e-07 - acc: 1.0000 - val_loss: 6.5095 - val_acc: 0.3750
Epoch 410/500
Epoch 00409: val_acc did not improve
113s - loss: 2.6855e-07 - acc: 1.0000 - val_loss: 6.5115 - val_acc: 0.3750
Epoch 411/500
Epoch 00410: val_acc did not improve
112s - loss: 2.6780e-07 - acc: 1.0000 - val_loss: 6.5132 - val_acc: 0.3750
Epoch 412/500
Epoch 00411: val_acc did not improve
112s - loss: 2.6557e-07 - acc: 1.0000 - val_loss: 6.5150 - val_acc: 0.3750
Epoch 413/500
Epoch 00412: val_acc did not improve
113s - loss: 2.6407e-07 - acc: 1.0000 - val_loss: 6.5152 - val_acc: 0.3750
Epoch 414/500
Epoch 00413: val_acc did not improve
113s - loss: 2.6258e-07 - acc: 1.0000 - val_loss: 6.5164 - val_acc: 0.3750
Epoch 415/500
Epoch 00414: val_acc did not improve
112s - loss: 2.5958e-07 - acc: 1.0000 - val_loss: 6.5197 - val_acc: 0.3750
Epoch 416/500
Epoch 00415: val_acc did not improve
113s - loss: 2.5734e-07 - acc: 1.0000 - val_loss: 6.5202 - val_acc: 0.3750
Epoch 417/500
Epoch 00416: val_acc did not improve
113s - loss: 2.5660e-07 - acc: 1.0000 - val_loss: 6.5218 - val_acc: 0.3750
Epoch 418/500
Epoch 00417: val_acc did not improve
113s - loss: 2.5362e-07 - acc: 1.0000 - val_loss: 6.5238 - val_acc: 0.3750
Epoch 419/500
Epoch 00418: val_acc did not improve
113s - loss: 2.5138e-07 - acc: 1.0000 - val_loss: 6.5263 - val_acc: 0.3750
Epoch 420/500
Epoch 00419: val_acc did not improve
112s - loss: 2.4767e-07 - acc: 1.0000 - val_loss: 6.5260 - val_acc: 0.3750
Epoch 421/500
Epoch 00420: val_acc did not improve
112s - loss: 2.4471e-07 - acc: 1.0000 - val_loss: 6.5285 - val_acc: 0.3750
Epoch 422/500
Epoch 00421: val_acc did not improve
113s - loss: 2.4096e-07 - acc: 1.0000 - val_loss: 6.5303 - val_acc: 0.3750
Epoch 423/500
Epoch 00422: val_acc did not improve
112s - loss: 2.3799e-07 - acc: 1.0000 - val_loss: 6.5299 - val_acc: 0.3750
Epoch 424/500
Epoch 00423: val_acc did not improve
113s - loss: 2.3724e-07 - acc: 1.0000 - val_loss: 6.5311 - val_acc: 0.3750
Epoch 425/500
Epoch 00424: val_acc did not improve
113s - loss: 2.3352e-07 - acc: 1.0000 - val_loss: 6.5324 - val_acc: 0.3750
Epoch 426/500
Epoch 00425: val_acc did not improve
112s - loss: 2.3129e-07 - acc: 1.0000 - val_loss: 6.5364 - val_acc: 0.3750
Epoch 427/500
Epoch 00426: val_acc did not improve
113s - loss: 2.3054e-07 - acc: 1.0000 - val_loss: 6.5356 - val_acc: 0.3750
Epoch 428/500
Epoch 00427: val_acc did not improve
113s - loss: 2.2830e-07 - acc: 1.0000 - val_loss: 6.5373 - val_acc: 0.3750
Epoch 429/500
Epoch 00428: val_acc did not improve
112s - loss: 2.2755e-07 - acc: 1.0000 - val_loss: 6.5390 - val_acc: 0.3750
Epoch 430/500
Epoch 00429: val_acc did not improve
112s - loss: 2.2605e-07 - acc: 1.0000 - val_loss: 6.5412 - val_acc: 0.3750
Epoch 431/500
Epoch 00430: val_acc did not improve
113s - loss: 2.2380e-07 - acc: 1.0000 - val_loss: 6.5422 - val_acc: 0.3750
Epoch 432/500
Epoch 00431: val_acc did not improve
113s - loss: 2.2305e-07 - acc: 1.0000 - val_loss: 6.5441 - val_acc: 0.3750
Epoch 433/500
Epoch 00432: val_acc did not improve
113s - loss: 2.2154e-07 - acc: 1.0000 - val_loss: 6.5465 - val_acc: 0.3750
Epoch 434/500
Epoch 00433: val_acc did not improve
112s - loss: 2.1855e-07 - acc: 1.0000 - val_loss: 6.5462 - val_acc: 0.3750
Epoch 435/500
Epoch 00434: val_acc did not improve
112s - loss: 2.1706e-07 - acc: 1.0000 - val_loss: 6.5479 - val_acc: 0.3750
Epoch 436/500
Epoch 00435: val_acc did not improve
113s - loss: 2.1405e-07 - acc: 1.0000 - val_loss: 6.5475 - val_acc: 0.3750
Epoch 437/500
Epoch 00436: val_acc did not improve
113s - loss: 2.1184e-07 - acc: 1.0000 - val_loss: 6.5489 - val_acc: 0.3750
Epoch 438/500
Epoch 00437: val_acc did not improve
113s - loss: 2.1033e-07 - acc: 1.0000 - val_loss: 6.5510 - val_acc: 0.3750
Epoch 439/500
Epoch 00438: val_acc did not improve
113s - loss: 2.0737e-07 - acc: 1.0000 - val_loss: 6.5518 - val_acc: 0.3750
Epoch 440/500
Epoch 00439: val_acc did not improve
112s - loss: 2.0737e-07 - acc: 1.0000 - val_loss: 6.5520 - val_acc: 0.3750
Epoch 441/500
Epoch 00440: val_acc did not improve
113s - loss: 2.0512e-07 - acc: 1.0000 - val_loss: 6.5544 - val_acc: 0.3750
Epoch 442/500
Epoch 00441: val_acc did not improve
112s - loss: 2.0363e-07 - acc: 1.0000 - val_loss: 6.5544 - val_acc: 0.3750
Epoch 443/500
Epoch 00442: val_acc did not improve
113s - loss: 2.0289e-07 - acc: 1.0000 - val_loss: 6.5565 - val_acc: 0.3750
Epoch 444/500
Epoch 00443: val_acc did not improve
113s - loss: 2.0214e-07 - acc: 1.0000 - val_loss: 6.5574 - val_acc: 0.3750
Epoch 445/500
Epoch 00444: val_acc did not improve
113s - loss: 2.0141e-07 - acc: 1.0000 - val_loss: 6.5583 - val_acc: 0.3750
Epoch 446/500
Epoch 00445: val_acc did not improve
113s - loss: 1.9766e-07 - acc: 1.0000 - val_loss: 6.5593 - val_acc: 0.3750
Epoch 447/500
Epoch 00446: val_acc did not improve
113s - loss: 1.9395e-07 - acc: 1.0000 - val_loss: 6.5607 - val_acc: 0.3750
Epoch 448/500
Epoch 00447: val_acc did not improve
113s - loss: 1.9095e-07 - acc: 1.0000 - val_loss: 6.5626 - val_acc: 0.3750
Epoch 449/500
Epoch 00448: val_acc did not improve
112s - loss: 1.8871e-07 - acc: 1.0000 - val_loss: 6.5639 - val_acc: 0.3750
Epoch 450/500
Epoch 00449: val_acc did not improve
113s - loss: 1.8721e-07 - acc: 1.0000 - val_loss: 6.5653 - val_acc: 0.3750
Epoch 451/500
Epoch 00450: val_acc did not improve
113s - loss: 1.8347e-07 - acc: 1.0000 - val_loss: 6.5649 - val_acc: 0.3750
Epoch 452/500
Epoch 00451: val_acc did not improve
113s - loss: 1.8271e-07 - acc: 1.0000 - val_loss: 6.5664 - val_acc: 0.3750
Epoch 453/500
Epoch 00452: val_acc did not improve
112s - loss: 1.8197e-07 - acc: 1.0000 - val_loss: 6.5680 - val_acc: 0.3750
Epoch 454/500
Epoch 00453: val_acc did not improve
112s - loss: 1.7898e-07 - acc: 1.0000 - val_loss: 6.5688 - val_acc: 0.3750
Epoch 455/500
Epoch 00454: val_acc did not improve
113s - loss: 1.7748e-07 - acc: 1.0000 - val_loss: 6.5714 - val_acc: 0.3750
Epoch 456/500
Epoch 00455: val_acc did not improve
112s - loss: 1.7674e-07 - acc: 1.0000 - val_loss: 6.5708 - val_acc: 0.3750
Epoch 457/500
Epoch 00456: val_acc did not improve
112s - loss: 1.7525e-07 - acc: 1.0000 - val_loss: 6.5718 - val_acc: 0.3750
Epoch 458/500
Epoch 00457: val_acc did not improve
112s - loss: 1.7450e-07 - acc: 1.0000 - val_loss: 6.5744 - val_acc: 0.3750
Epoch 459/500
Epoch 00458: val_acc did not improve
113s - loss: 1.7225e-07 - acc: 1.0000 - val_loss: 6.5746 - val_acc: 0.3750
Epoch 460/500
Epoch 00459: val_acc did not improve
113s - loss: 1.7225e-07 - acc: 1.0000 - val_loss: 6.5749 - val_acc: 0.3750
Epoch 461/500
Epoch 00460: val_acc did not improve
112s - loss: 1.7225e-07 - acc: 1.0000 - val_loss: 6.5759 - val_acc: 0.3750
Epoch 462/500
Epoch 00461: val_acc did not improve
112s - loss: 1.7078e-07 - acc: 1.0000 - val_loss: 6.5781 - val_acc: 0.3750
Epoch 463/500
Epoch 00462: val_acc did not improve
113s - loss: 1.6852e-07 - acc: 1.0000 - val_loss: 6.5800 - val_acc: 0.3750
Epoch 464/500
Epoch 00463: val_acc did not improve
113s - loss: 1.6553e-07 - acc: 1.0000 - val_loss: 6.5807 - val_acc: 0.3750
Epoch 465/500
Epoch 00464: val_acc did not improve
113s - loss: 1.6103e-07 - acc: 1.0000 - val_loss: 6.5820 - val_acc: 0.3750
Epoch 466/500
Epoch 00465: val_acc did not improve
113s - loss: 1.5729e-07 - acc: 1.0000 - val_loss: 6.5839 - val_acc: 0.3750
Epoch 467/500
Epoch 00466: val_acc did not improve
112s - loss: 1.5580e-07 - acc: 1.0000 - val_loss: 6.5836 - val_acc: 0.3750
Epoch 468/500
Epoch 00467: val_acc did not improve
112s - loss: 1.5505e-07 - acc: 1.0000 - val_loss: 6.5836 - val_acc: 0.3750
Epoch 469/500
Epoch 00468: val_acc did not improve
112s - loss: 1.5280e-07 - acc: 1.0000 - val_loss: 6.5859 - val_acc: 0.3750
Epoch 470/500
Epoch 00469: val_acc did not improve
113s - loss: 1.5205e-07 - acc: 1.0000 - val_loss: 6.5871 - val_acc: 0.3750
Epoch 471/500
Epoch 00470: val_acc did not improve
113s - loss: 1.5130e-07 - acc: 1.0000 - val_loss: 6.5881 - val_acc: 0.3750
Epoch 472/500
Epoch 00471: val_acc did not improve
113s - loss: 1.5056e-07 - acc: 1.0000 - val_loss: 6.5886 - val_acc: 0.3750
Epoch 473/500
Epoch 00472: val_acc did not improve
113s - loss: 1.5056e-07 - acc: 1.0000 - val_loss: 6.5913 - val_acc: 0.3750
Epoch 474/500
Epoch 00473: val_acc did not improve
113s - loss: 1.4831e-07 - acc: 1.0000 - val_loss: 6.5911 - val_acc: 0.3750
Epoch 475/500
Epoch 00474: val_acc did not improve
113s - loss: 1.4757e-07 - acc: 1.0000 - val_loss: 6.5924 - val_acc: 0.3750
Epoch 476/500
Epoch 00475: val_acc did not improve
113s - loss: 1.4757e-07 - acc: 1.0000 - val_loss: 6.5936 - val_acc: 0.3750
Epoch 477/500
Epoch 00476: val_acc did not improve
112s - loss: 1.4683e-07 - acc: 1.0000 - val_loss: 6.5962 - val_acc: 0.3750
Epoch 478/500
Epoch 00477: val_acc did not improve
113s - loss: 1.4608e-07 - acc: 1.0000 - val_loss: 6.5964 - val_acc: 0.3750
Epoch 479/500
Epoch 00478: val_acc did not improve
113s - loss: 1.4533e-07 - acc: 1.0000 - val_loss: 6.5980 - val_acc: 0.3750
Epoch 480/500
Epoch 00479: val_acc did not improve
113s - loss: 1.4459e-07 - acc: 1.0000 - val_loss: 6.5980 - val_acc: 0.3750
Epoch 481/500
Epoch 00480: val_acc did not improve
113s - loss: 1.4384e-07 - acc: 1.0000 - val_loss: 6.5995 - val_acc: 0.3750
Epoch 482/500
Epoch 00481: val_acc did not improve
113s - loss: 1.4309e-07 - acc: 1.0000 - val_loss: 6.5991 - val_acc: 0.3750
Epoch 483/500
Epoch 00482: val_acc did not improve
113s - loss: 1.4010e-07 - acc: 1.0000 - val_loss: 6.6013 - val_acc: 0.3750
Epoch 484/500
Epoch 00483: val_acc did not improve
113s - loss: 1.3860e-07 - acc: 1.0000 - val_loss: 6.6025 - val_acc: 0.3750
Epoch 485/500
Epoch 00484: val_acc did not improve
112s - loss: 1.3713e-07 - acc: 1.0000 - val_loss: 6.6050 - val_acc: 0.3750
Epoch 486/500
Epoch 00485: val_acc did not improve
113s - loss: 1.3713e-07 - acc: 1.0000 - val_loss: 6.6049 - val_acc: 0.3750
Epoch 487/500
Epoch 00486: val_acc did not improve
113s - loss: 1.3488e-07 - acc: 1.0000 - val_loss: 6.6070 - val_acc: 0.3750
Epoch 488/500
Epoch 00487: val_acc did not improve
113s - loss: 1.3339e-07 - acc: 1.0000 - val_loss: 6.6082 - val_acc: 0.3750
Epoch 489/500
Epoch 00488: val_acc did not improve
113s - loss: 1.3190e-07 - acc: 1.0000 - val_loss: 6.6101 - val_acc: 0.3750
Epoch 490/500
Epoch 00489: val_acc did not improve
113s - loss: 1.3042e-07 - acc: 1.0000 - val_loss: 6.6102 - val_acc: 0.3750
Epoch 491/500
Epoch 00490: val_acc did not improve
113s - loss: 1.2967e-07 - acc: 1.0000 - val_loss: 6.6123 - val_acc: 0.3750
Epoch 492/500
Epoch 00491: val_acc did not improve
113s - loss: 1.2742e-07 - acc: 1.0000 - val_loss: 6.6122 - val_acc: 0.3750
Epoch 493/500
Epoch 00492: val_acc did not improve
112s - loss: 1.2742e-07 - acc: 1.0000 - val_loss: 6.6135 - val_acc: 0.3750
Epoch 494/500
Epoch 00493: val_acc did not improve
112s - loss: 1.2667e-07 - acc: 1.0000 - val_loss: 6.6145 - val_acc: 0.3750
Epoch 495/500
Epoch 00494: val_acc did not improve
113s - loss: 1.2518e-07 - acc: 1.0000 - val_loss: 6.6151 - val_acc: 0.3750
Epoch 496/500
Epoch 00495: val_acc did not improve
113s - loss: 1.2518e-07 - acc: 1.0000 - val_loss: 6.6148 - val_acc: 0.3750
Epoch 497/500
Epoch 00496: val_acc did not improve
113s - loss: 1.2292e-07 - acc: 1.0000 - val_loss: 6.6167 - val_acc: 0.3750
Epoch 498/500
Epoch 00497: val_acc did not improve
112s - loss: 1.2218e-07 - acc: 1.0000 - val_loss: 6.6186 - val_acc: 0.3750
Epoch 499/500
Epoch 00498: val_acc did not improve
113s - loss: 1.2218e-07 - acc: 1.0000 - val_loss: 6.6204 - val_acc: 0.3750
Epoch 500/500
Epoch 00499: val_acc did not improve
113s - loss: 1.2143e-07 - acc: 1.0000 - val_loss: 6.6223 - val_acc: 0.3750
Test score: 6.62230033875
Test accuracy: 0.375
