max: 1381.1198
X_train shape: (160, 1, 4000, 59)
160 train samples
40 test samples
y_train shape: (160, 2)
y_test shape: (40, 2)
____________________________________________________________________________________________________
Layer (type)                     Output Shape          Param #     Connected to                     
====================================================================================================
convolution2d_1 (Convolution2D)  (None, 40, 4000, 59)  240         convolution2d_input_1[0][0]      
____________________________________________________________________________________________________
activation_1 (Activation)        (None, 40, 4000, 59)  0           convolution2d_1[0][0]            
____________________________________________________________________________________________________
maxpooling2d_1 (MaxPooling2D)    (None, 40, 2000, 59)  0           activation_1[0][0]               
____________________________________________________________________________________________________
convolution2d_2 (Convolution2D)  (None, 40, 2000, 59)  800040      maxpooling2d_1[0][0]             
____________________________________________________________________________________________________
activation_2 (Activation)        (None, 40, 2000, 59)  0           convolution2d_2[0][0]            
____________________________________________________________________________________________________
maxpooling2d_2 (MaxPooling2D)    (None, 40, 200, 59)   0           activation_2[0][0]               
____________________________________________________________________________________________________
permute_1 (Permute)              (None, 200, 40, 59)   0           maxpooling2d_2[0][0]             
____________________________________________________________________________________________________
reshape_1 (Reshape)              (None, 200, 2360)     0           permute_1[0][0]                  
____________________________________________________________________________________________________
lstm_1 (LSTM)                    (None, 200, 128)      1274368     reshape_1[0][0]                  
____________________________________________________________________________________________________
lstm_2 (LSTM)                    (None, 200, 128)      131584      lstm_1[0][0]                     
____________________________________________________________________________________________________
flatten_1 (Flatten)              (None, 25600)         0           lstm_2[0][0]                     
____________________________________________________________________________________________________
dense_1 (Dense)                  (None, 2)             51202       flatten_1[0][0]                  
____________________________________________________________________________________________________
activation_3 (Activation)        (None, 2)             0           dense_1[0][0]                    
====================================================================================================
Total params: 2257434
____________________________________________________________________________________________________
Train on 160 samples, validate on 40 samples
Epoch 1/500
Epoch 00000: val_acc improved from -inf to 0.57500, saving model to /home/xcat/experiment/BCI2008/ds1a/model/on-filtered-data/2LSTM_true-adam_max_relu.h5
111s - loss: 1.1507 - acc: 0.4313 - val_loss: 0.6763 - val_acc: 0.5750
Epoch 2/500
Epoch 00001: val_acc improved from 0.57500 to 0.60000, saving model to /home/xcat/experiment/BCI2008/ds1a/model/on-filtered-data/2LSTM_true-adam_max_relu.h5
117s - loss: 0.7251 - acc: 0.5563 - val_loss: 0.7113 - val_acc: 0.6000
Epoch 3/500
Epoch 00002: val_acc did not improve
115s - loss: 0.6698 - acc: 0.5813 - val_loss: 0.6839 - val_acc: 0.5750
Epoch 4/500
Epoch 00003: val_acc improved from 0.60000 to 0.65000, saving model to /home/xcat/experiment/BCI2008/ds1a/model/on-filtered-data/2LSTM_true-adam_max_relu.h5
115s - loss: 0.5776 - acc: 0.6625 - val_loss: 0.5920 - val_acc: 0.6500
Epoch 5/500
Epoch 00004: val_acc improved from 0.65000 to 0.67500, saving model to /home/xcat/experiment/BCI2008/ds1a/model/on-filtered-data/2LSTM_true-adam_max_relu.h5
114s - loss: 0.5056 - acc: 0.7312 - val_loss: 0.6384 - val_acc: 0.6750
Epoch 6/500
Epoch 00005: val_acc improved from 0.67500 to 0.75000, saving model to /home/xcat/experiment/BCI2008/ds1a/model/on-filtered-data/2LSTM_true-adam_max_relu.h5
115s - loss: 0.4495 - acc: 0.7875 - val_loss: 0.6600 - val_acc: 0.7500
Epoch 7/500
Epoch 00006: val_acc did not improve
115s - loss: 0.2857 - acc: 0.8750 - val_loss: 0.7393 - val_acc: 0.6750
Epoch 8/500
Epoch 00007: val_acc did not improve
115s - loss: 0.2473 - acc: 0.9000 - val_loss: 0.6248 - val_acc: 0.7500
Epoch 9/500
Epoch 00008: val_acc did not improve
115s - loss: 0.2594 - acc: 0.8938 - val_loss: 1.2460 - val_acc: 0.6250
Epoch 10/500
Epoch 00009: val_acc improved from 0.75000 to 0.77500, saving model to /home/xcat/experiment/BCI2008/ds1a/model/on-filtered-data/2LSTM_true-adam_max_relu.h5
115s - loss: 0.2763 - acc: 0.9062 - val_loss: 0.6388 - val_acc: 0.7750
Epoch 11/500
Epoch 00010: val_acc did not improve
116s - loss: 0.1601 - acc: 0.9500 - val_loss: 1.5169 - val_acc: 0.6250
Epoch 12/500
Epoch 00011: val_acc did not improve
117s - loss: 0.3112 - acc: 0.9000 - val_loss: 1.0542 - val_acc: 0.7000
Epoch 13/500
Epoch 00012: val_acc did not improve
117s - loss: 0.1503 - acc: 0.9375 - val_loss: 1.1074 - val_acc: 0.7500
Epoch 14/500
Epoch 00013: val_acc did not improve
115s - loss: 0.1153 - acc: 0.9437 - val_loss: 1.1162 - val_acc: 0.7000
Epoch 15/500
Epoch 00014: val_acc did not improve
115s - loss: 0.1562 - acc: 0.9437 - val_loss: 1.2455 - val_acc: 0.6500
Epoch 16/500
Epoch 00015: val_acc did not improve
118s - loss: 0.0606 - acc: 0.9875 - val_loss: 0.8865 - val_acc: 0.6750
Epoch 17/500
Epoch 00016: val_acc did not improve
119s - loss: 0.0579 - acc: 0.9812 - val_loss: 1.3244 - val_acc: 0.6750
Epoch 18/500
Epoch 00017: val_acc did not improve
115s - loss: 0.0327 - acc: 0.9875 - val_loss: 1.0712 - val_acc: 0.7250
Epoch 19/500
Epoch 00018: val_acc did not improve
117s - loss: 0.0512 - acc: 0.9750 - val_loss: 1.1156 - val_acc: 0.7500
Epoch 20/500
Epoch 00019: val_acc did not improve
117s - loss: 0.0322 - acc: 0.9875 - val_loss: 1.0062 - val_acc: 0.6750
Epoch 21/500
Epoch 00020: val_acc did not improve
120s - loss: 0.0932 - acc: 0.9875 - val_loss: 0.9994 - val_acc: 0.7250
Epoch 22/500
Epoch 00021: val_acc did not improve
116s - loss: 0.0133 - acc: 1.0000 - val_loss: 1.1530 - val_acc: 0.6750
Epoch 23/500
Epoch 00022: val_acc did not improve
115s - loss: 0.0014 - acc: 1.0000 - val_loss: 1.2702 - val_acc: 0.6500
Epoch 24/500
Epoch 00023: val_acc did not improve
116s - loss: 7.6098e-04 - acc: 1.0000 - val_loss: 1.2543 - val_acc: 0.6250
Epoch 25/500
Epoch 00024: val_acc did not improve
118s - loss: 5.0851e-04 - acc: 1.0000 - val_loss: 1.2188 - val_acc: 0.6750
Epoch 26/500
Epoch 00025: val_acc did not improve
117s - loss: 3.9619e-04 - acc: 1.0000 - val_loss: 1.1945 - val_acc: 0.7000
Epoch 27/500
Epoch 00026: val_acc did not improve
118s - loss: 3.1639e-04 - acc: 1.0000 - val_loss: 1.1822 - val_acc: 0.7000
Epoch 28/500
Epoch 00027: val_acc did not improve
115s - loss: 2.7727e-04 - acc: 1.0000 - val_loss: 1.1768 - val_acc: 0.7000
Epoch 29/500
Epoch 00028: val_acc did not improve
114s - loss: 2.3939e-04 - acc: 1.0000 - val_loss: 1.1691 - val_acc: 0.7000
Epoch 30/500
Epoch 00029: val_acc did not improve
115s - loss: 2.1469e-04 - acc: 1.0000 - val_loss: 1.1645 - val_acc: 0.7000
Epoch 31/500
Epoch 00030: val_acc did not improve
116s - loss: 1.9206e-04 - acc: 1.0000 - val_loss: 1.1570 - val_acc: 0.7000
Epoch 32/500
Epoch 00031: val_acc did not improve
118s - loss: 1.7714e-04 - acc: 1.0000 - val_loss: 1.1561 - val_acc: 0.7000
Epoch 33/500
Epoch 00032: val_acc did not improve
118s - loss: 1.6083e-04 - acc: 1.0000 - val_loss: 1.1524 - val_acc: 0.7000
Epoch 34/500
Epoch 00033: val_acc did not improve
118s - loss: 1.4839e-04 - acc: 1.0000 - val_loss: 1.1487 - val_acc: 0.7000
Epoch 35/500
Epoch 00034: val_acc did not improve
116s - loss: 1.3807e-04 - acc: 1.0000 - val_loss: 1.1446 - val_acc: 0.7000
Epoch 36/500
Epoch 00035: val_acc did not improve
116s - loss: 1.2805e-04 - acc: 1.0000 - val_loss: 1.1406 - val_acc: 0.7000
Epoch 37/500
Epoch 00036: val_acc did not improve
116s - loss: 1.1923e-04 - acc: 1.0000 - val_loss: 1.1397 - val_acc: 0.7000
Epoch 38/500
Epoch 00037: val_acc did not improve
115s - loss: 1.1263e-04 - acc: 1.0000 - val_loss: 1.1354 - val_acc: 0.7000
Epoch 39/500
Epoch 00038: val_acc did not improve
115s - loss: 1.0527e-04 - acc: 1.0000 - val_loss: 1.1336 - val_acc: 0.7000
Epoch 40/500
Epoch 00039: val_acc did not improve
115s - loss: 9.9308e-05 - acc: 1.0000 - val_loss: 1.1343 - val_acc: 0.7000
Epoch 41/500
Epoch 00040: val_acc did not improve
116s - loss: 9.3749e-05 - acc: 1.0000 - val_loss: 1.1308 - val_acc: 0.7000
Epoch 42/500
Epoch 00041: val_acc did not improve
116s - loss: 8.8656e-05 - acc: 1.0000 - val_loss: 1.1284 - val_acc: 0.7000
Epoch 43/500
Epoch 00042: val_acc did not improve
116s - loss: 8.4301e-05 - acc: 1.0000 - val_loss: 1.1247 - val_acc: 0.7000
Epoch 44/500
Epoch 00043: val_acc did not improve
115s - loss: 8.0175e-05 - acc: 1.0000 - val_loss: 1.1258 - val_acc: 0.7000
Epoch 45/500
Epoch 00044: val_acc did not improve
115s - loss: 7.6206e-05 - acc: 1.0000 - val_loss: 1.1232 - val_acc: 0.7000
Epoch 46/500
Epoch 00045: val_acc did not improve
116s - loss: 7.2531e-05 - acc: 1.0000 - val_loss: 1.1210 - val_acc: 0.7000
Epoch 47/500
Epoch 00046: val_acc did not improve
116s - loss: 6.9480e-05 - acc: 1.0000 - val_loss: 1.1167 - val_acc: 0.7000
Epoch 48/500
Epoch 00047: val_acc did not improve
115s - loss: 6.6244e-05 - acc: 1.0000 - val_loss: 1.1174 - val_acc: 0.7000
Epoch 49/500
Epoch 00048: val_acc did not improve
115s - loss: 6.3684e-05 - acc: 1.0000 - val_loss: 1.1153 - val_acc: 0.7000
Epoch 50/500
Epoch 00049: val_acc did not improve
115s - loss: 6.0766e-05 - acc: 1.0000 - val_loss: 1.1133 - val_acc: 0.7000
Epoch 51/500
Epoch 00050: val_acc did not improve
115s - loss: 5.8356e-05 - acc: 1.0000 - val_loss: 1.1133 - val_acc: 0.7000
Epoch 52/500
Epoch 00051: val_acc did not improve
116s - loss: 5.6149e-05 - acc: 1.0000 - val_loss: 1.1118 - val_acc: 0.7000
Epoch 53/500
Epoch 00052: val_acc did not improve
115s - loss: 5.3867e-05 - acc: 1.0000 - val_loss: 1.1108 - val_acc: 0.7000
Epoch 54/500
Epoch 00053: val_acc did not improve
116s - loss: 5.1990e-05 - acc: 1.0000 - val_loss: 1.1100 - val_acc: 0.7000
Epoch 55/500
Epoch 00054: val_acc did not improve
115s - loss: 5.0029e-05 - acc: 1.0000 - val_loss: 1.1082 - val_acc: 0.7000
Epoch 56/500
Epoch 00055: val_acc did not improve
116s - loss: 4.8145e-05 - acc: 1.0000 - val_loss: 1.1083 - val_acc: 0.7000
Epoch 57/500
Epoch 00056: val_acc did not improve
115s - loss: 4.6460e-05 - acc: 1.0000 - val_loss: 1.1056 - val_acc: 0.7000
Epoch 58/500
Epoch 00057: val_acc did not improve
115s - loss: 4.4951e-05 - acc: 1.0000 - val_loss: 1.1054 - val_acc: 0.7000
Epoch 59/500
Epoch 00058: val_acc did not improve
118s - loss: 4.3342e-05 - acc: 1.0000 - val_loss: 1.1032 - val_acc: 0.7000
Epoch 60/500
Epoch 00059: val_acc did not improve
118s - loss: 4.1946e-05 - acc: 1.0000 - val_loss: 1.1029 - val_acc: 0.7000
Epoch 61/500
Epoch 00060: val_acc did not improve
118s - loss: 4.0528e-05 - acc: 1.0000 - val_loss: 1.1023 - val_acc: 0.7000
Epoch 62/500
Epoch 00061: val_acc did not improve
118s - loss: 3.9296e-05 - acc: 1.0000 - val_loss: 1.0998 - val_acc: 0.7000
Epoch 63/500
Epoch 00062: val_acc did not improve
118s - loss: 3.8026e-05 - acc: 1.0000 - val_loss: 1.0991 - val_acc: 0.7000
Epoch 64/500
Epoch 00063: val_acc did not improve
118s - loss: 3.6844e-05 - acc: 1.0000 - val_loss: 1.0977 - val_acc: 0.7000
Epoch 65/500
Epoch 00064: val_acc did not improve
118s - loss: 3.5774e-05 - acc: 1.0000 - val_loss: 1.0968 - val_acc: 0.7000
Epoch 66/500
Epoch 00065: val_acc did not improve
118s - loss: 3.4694e-05 - acc: 1.0000 - val_loss: 1.0972 - val_acc: 0.7000
Epoch 67/500
Epoch 00066: val_acc did not improve
118s - loss: 3.3711e-05 - acc: 1.0000 - val_loss: 1.0962 - val_acc: 0.7000
Epoch 68/500
Epoch 00067: val_acc did not improve
118s - loss: 3.2675e-05 - acc: 1.0000 - val_loss: 1.0945 - val_acc: 0.7000
Epoch 69/500
Epoch 00068: val_acc did not improve
118s - loss: 3.1760e-05 - acc: 1.0000 - val_loss: 1.0936 - val_acc: 0.7000
Epoch 70/500
Epoch 00069: val_acc did not improve
118s - loss: 3.0907e-05 - acc: 1.0000 - val_loss: 1.0937 - val_acc: 0.7000
Epoch 71/500
Epoch 00070: val_acc did not improve
118s - loss: 3.0048e-05 - acc: 1.0000 - val_loss: 1.0926 - val_acc: 0.7000
Epoch 72/500
Epoch 00071: val_acc did not improve
119s - loss: 2.9225e-05 - acc: 1.0000 - val_loss: 1.0920 - val_acc: 0.7000
Epoch 73/500
Epoch 00072: val_acc did not improve
118s - loss: 2.8443e-05 - acc: 1.0000 - val_loss: 1.0906 - val_acc: 0.7000
Epoch 74/500
Epoch 00073: val_acc did not improve
118s - loss: 2.7697e-05 - acc: 1.0000 - val_loss: 1.0893 - val_acc: 0.7000
Epoch 75/500
Epoch 00074: val_acc did not improve
118s - loss: 2.6975e-05 - acc: 1.0000 - val_loss: 1.0897 - val_acc: 0.7000
Epoch 76/500
Epoch 00075: val_acc did not improve
118s - loss: 2.6289e-05 - acc: 1.0000 - val_loss: 1.0889 - val_acc: 0.7000
Epoch 77/500
Epoch 00076: val_acc did not improve
119s - loss: 2.5634e-05 - acc: 1.0000 - val_loss: 1.0883 - val_acc: 0.7000
Epoch 78/500
Epoch 00077: val_acc did not improve
118s - loss: 2.4996e-05 - acc: 1.0000 - val_loss: 1.0878 - val_acc: 0.7000
Epoch 79/500
Epoch 00078: val_acc did not improve
118s - loss: 2.4374e-05 - acc: 1.0000 - val_loss: 1.0870 - val_acc: 0.7000
Epoch 80/500
Epoch 00079: val_acc did not improve
119s - loss: 2.3793e-05 - acc: 1.0000 - val_loss: 1.0864 - val_acc: 0.7250
Epoch 81/500
Epoch 00080: val_acc did not improve
118s - loss: 2.3219e-05 - acc: 1.0000 - val_loss: 1.0855 - val_acc: 0.7250
Epoch 82/500
Epoch 00081: val_acc did not improve
119s - loss: 2.2654e-05 - acc: 1.0000 - val_loss: 1.0856 - val_acc: 0.7250
Epoch 83/500
Epoch 00082: val_acc did not improve
118s - loss: 2.2125e-05 - acc: 1.0000 - val_loss: 1.0852 - val_acc: 0.7250
Epoch 84/500
Epoch 00083: val_acc did not improve
118s - loss: 2.1642e-05 - acc: 1.0000 - val_loss: 1.0840 - val_acc: 0.7250
Epoch 85/500
Epoch 00084: val_acc did not improve
119s - loss: 2.1105e-05 - acc: 1.0000 - val_loss: 1.0840 - val_acc: 0.7250
Epoch 86/500
Epoch 00085: val_acc did not improve
118s - loss: 2.0653e-05 - acc: 1.0000 - val_loss: 1.0828 - val_acc: 0.7250
Epoch 87/500
Epoch 00086: val_acc did not improve
118s - loss: 2.0216e-05 - acc: 1.0000 - val_loss: 1.0831 - val_acc: 0.7250
Epoch 88/500
Epoch 00087: val_acc did not improve
118s - loss: 1.9734e-05 - acc: 1.0000 - val_loss: 1.0819 - val_acc: 0.7250
Epoch 89/500
Epoch 00088: val_acc did not improve
118s - loss: 1.9308e-05 - acc: 1.0000 - val_loss: 1.0814 - val_acc: 0.7250
Epoch 90/500
Epoch 00089: val_acc did not improve
118s - loss: 1.8896e-05 - acc: 1.0000 - val_loss: 1.0817 - val_acc: 0.7250
Epoch 91/500
Epoch 00090: val_acc did not improve
119s - loss: 1.8506e-05 - acc: 1.0000 - val_loss: 1.0815 - val_acc: 0.7250
Epoch 92/500
Epoch 00091: val_acc did not improve
118s - loss: 1.8095e-05 - acc: 1.0000 - val_loss: 1.0817 - val_acc: 0.7250
Epoch 93/500
Epoch 00092: val_acc did not improve
118s - loss: 1.7712e-05 - acc: 1.0000 - val_loss: 1.0810 - val_acc: 0.7250
Epoch 94/500
Epoch 00093: val_acc did not improve
118s - loss: 1.7357e-05 - acc: 1.0000 - val_loss: 1.0800 - val_acc: 0.7250
Epoch 95/500
Epoch 00094: val_acc did not improve
118s - loss: 1.7006e-05 - acc: 1.0000 - val_loss: 1.0799 - val_acc: 0.7250
Epoch 96/500
Epoch 00095: val_acc did not improve
113s - loss: 1.6641e-05 - acc: 1.0000 - val_loss: 1.0794 - val_acc: 0.7250
Epoch 97/500
Epoch 00096: val_acc did not improve
114s - loss: 1.6319e-05 - acc: 1.0000 - val_loss: 1.0796 - val_acc: 0.7250
Epoch 98/500
Epoch 00097: val_acc did not improve
114s - loss: 1.5979e-05 - acc: 1.0000 - val_loss: 1.0790 - val_acc: 0.7250
Epoch 99/500
Epoch 00098: val_acc did not improve
115s - loss: 1.5680e-05 - acc: 1.0000 - val_loss: 1.0789 - val_acc: 0.7250
Epoch 100/500
Epoch 00099: val_acc did not improve
115s - loss: 1.5364e-05 - acc: 1.0000 - val_loss: 1.0781 - val_acc: 0.7250
Epoch 101/500
Epoch 00100: val_acc did not improve
115s - loss: 1.5068e-05 - acc: 1.0000 - val_loss: 1.0778 - val_acc: 0.7250
Epoch 102/500
Epoch 00101: val_acc did not improve
114s - loss: 1.4790e-05 - acc: 1.0000 - val_loss: 1.0777 - val_acc: 0.7250
Epoch 103/500
Epoch 00102: val_acc did not improve
114s - loss: 1.4496e-05 - acc: 1.0000 - val_loss: 1.0779 - val_acc: 0.7250
Epoch 104/500
Epoch 00103: val_acc did not improve
114s - loss: 1.4213e-05 - acc: 1.0000 - val_loss: 1.0778 - val_acc: 0.7250
Epoch 105/500
Epoch 00104: val_acc did not improve
115s - loss: 1.3966e-05 - acc: 1.0000 - val_loss: 1.0771 - val_acc: 0.7250
Epoch 106/500
Epoch 00105: val_acc did not improve
115s - loss: 1.3688e-05 - acc: 1.0000 - val_loss: 1.0765 - val_acc: 0.7250
Epoch 107/500
Epoch 00106: val_acc did not improve
115s - loss: 1.3462e-05 - acc: 1.0000 - val_loss: 1.0757 - val_acc: 0.7250
Epoch 108/500
Epoch 00107: val_acc did not improve
115s - loss: 1.3207e-05 - acc: 1.0000 - val_loss: 1.0763 - val_acc: 0.7250
Epoch 109/500
Epoch 00108: val_acc did not improve
115s - loss: 1.2953e-05 - acc: 1.0000 - val_loss: 1.0762 - val_acc: 0.7250
Epoch 110/500
Epoch 00109: val_acc did not improve
114s - loss: 1.2720e-05 - acc: 1.0000 - val_loss: 1.0758 - val_acc: 0.7250
Epoch 111/500
Epoch 00110: val_acc did not improve
114s - loss: 1.2513e-05 - acc: 1.0000 - val_loss: 1.0751 - val_acc: 0.7250
Epoch 112/500
Epoch 00111: val_acc did not improve
114s - loss: 1.2269e-05 - acc: 1.0000 - val_loss: 1.0752 - val_acc: 0.7250
Epoch 113/500
Epoch 00112: val_acc did not improve
114s - loss: 1.2060e-05 - acc: 1.0000 - val_loss: 1.0749 - val_acc: 0.7250
Epoch 114/500
Epoch 00113: val_acc did not improve
114s - loss: 1.1851e-05 - acc: 1.0000 - val_loss: 1.0751 - val_acc: 0.7250
Epoch 115/500
Epoch 00114: val_acc did not improve
114s - loss: 1.1641e-05 - acc: 1.0000 - val_loss: 1.0750 - val_acc: 0.7250
Epoch 116/500
Epoch 00115: val_acc did not improve
115s - loss: 1.1445e-05 - acc: 1.0000 - val_loss: 1.0749 - val_acc: 0.7250
Epoch 117/500
Epoch 00116: val_acc did not improve
115s - loss: 1.1257e-05 - acc: 1.0000 - val_loss: 1.0746 - val_acc: 0.7250
Epoch 118/500
Epoch 00117: val_acc did not improve
114s - loss: 1.1062e-05 - acc: 1.0000 - val_loss: 1.0741 - val_acc: 0.7250
Epoch 119/500
Epoch 00118: val_acc did not improve
114s - loss: 1.0873e-05 - acc: 1.0000 - val_loss: 1.0745 - val_acc: 0.7250
Epoch 120/500
Epoch 00119: val_acc did not improve
114s - loss: 1.0691e-05 - acc: 1.0000 - val_loss: 1.0739 - val_acc: 0.7250
Epoch 121/500
Epoch 00120: val_acc did not improve
115s - loss: 1.0517e-05 - acc: 1.0000 - val_loss: 1.0736 - val_acc: 0.7250
Epoch 122/500
Epoch 00121: val_acc did not improve
114s - loss: 1.0340e-05 - acc: 1.0000 - val_loss: 1.0741 - val_acc: 0.7250
Epoch 123/500
Epoch 00122: val_acc did not improve
115s - loss: 1.0173e-05 - acc: 1.0000 - val_loss: 1.0735 - val_acc: 0.7250
Epoch 124/500
Epoch 00123: val_acc did not improve
115s - loss: 1.0007e-05 - acc: 1.0000 - val_loss: 1.0738 - val_acc: 0.7250
Epoch 125/500
Epoch 00124: val_acc did not improve
114s - loss: 9.8515e-06 - acc: 1.0000 - val_loss: 1.0736 - val_acc: 0.7250
Epoch 126/500
Epoch 00125: val_acc did not improve
115s - loss: 9.6838e-06 - acc: 1.0000 - val_loss: 1.0738 - val_acc: 0.7250
Epoch 127/500
Epoch 00126: val_acc did not improve
114s - loss: 9.5400e-06 - acc: 1.0000 - val_loss: 1.0736 - val_acc: 0.7250
Epoch 128/500
Epoch 00127: val_acc did not improve
114s - loss: 9.3724e-06 - acc: 1.0000 - val_loss: 1.0734 - val_acc: 0.7250
Epoch 129/500
Epoch 00128: val_acc did not improve
114s - loss: 9.2279e-06 - acc: 1.0000 - val_loss: 1.0731 - val_acc: 0.7250
Epoch 130/500
Epoch 00129: val_acc did not improve
114s - loss: 9.0931e-06 - acc: 1.0000 - val_loss: 1.0729 - val_acc: 0.7250
Epoch 131/500
Epoch 00130: val_acc did not improve
115s - loss: 8.9477e-06 - acc: 1.0000 - val_loss: 1.0731 - val_acc: 0.7250
Epoch 132/500
Epoch 00131: val_acc did not improve
115s - loss: 8.8039e-06 - acc: 1.0000 - val_loss: 1.0738 - val_acc: 0.7250
Epoch 133/500
Epoch 00132: val_acc did not improve
115s - loss: 8.6683e-06 - acc: 1.0000 - val_loss: 1.0728 - val_acc: 0.7250
Epoch 134/500
Epoch 00133: val_acc did not improve
115s - loss: 8.5409e-06 - acc: 1.0000 - val_loss: 1.0731 - val_acc: 0.7250
Epoch 135/500
Epoch 00134: val_acc did not improve
114s - loss: 8.4089e-06 - acc: 1.0000 - val_loss: 1.0729 - val_acc: 0.7250
Epoch 136/500
Epoch 00135: val_acc did not improve
115s - loss: 8.2846e-06 - acc: 1.0000 - val_loss: 1.0728 - val_acc: 0.7250
Epoch 137/500
Epoch 00136: val_acc did not improve
114s - loss: 8.1528e-06 - acc: 1.0000 - val_loss: 1.0725 - val_acc: 0.7250
Epoch 138/500
Epoch 00137: val_acc did not improve
115s - loss: 8.0282e-06 - acc: 1.0000 - val_loss: 1.0733 - val_acc: 0.7250
Epoch 139/500
Epoch 00138: val_acc did not improve
114s - loss: 7.9082e-06 - acc: 1.0000 - val_loss: 1.0730 - val_acc: 0.7250
Epoch 140/500
Epoch 00139: val_acc did not improve
114s - loss: 7.7928e-06 - acc: 1.0000 - val_loss: 1.0729 - val_acc: 0.7250
Epoch 141/500
Epoch 00140: val_acc did not improve
114s - loss: 7.6772e-06 - acc: 1.0000 - val_loss: 1.0733 - val_acc: 0.7250
Epoch 142/500
Epoch 00141: val_acc did not improve
114s - loss: 7.5715e-06 - acc: 1.0000 - val_loss: 1.0728 - val_acc: 0.7250
Epoch 143/500
Epoch 00142: val_acc did not improve
115s - loss: 7.4545e-06 - acc: 1.0000 - val_loss: 1.0723 - val_acc: 0.7250
Epoch 144/500
Epoch 00143: val_acc did not improve
114s - loss: 7.3516e-06 - acc: 1.0000 - val_loss: 1.0726 - val_acc: 0.7250
Epoch 145/500
Epoch 00144: val_acc did not improve
114s - loss: 7.2488e-06 - acc: 1.0000 - val_loss: 1.0724 - val_acc: 0.7250
Epoch 146/500
Epoch 00145: val_acc did not improve
115s - loss: 7.1334e-06 - acc: 1.0000 - val_loss: 1.0729 - val_acc: 0.7250
Epoch 147/500
Epoch 00146: val_acc did not improve
115s - loss: 7.0395e-06 - acc: 1.0000 - val_loss: 1.0735 - val_acc: 0.7250
Epoch 148/500
Epoch 00147: val_acc did not improve
114s - loss: 6.9456e-06 - acc: 1.0000 - val_loss: 1.0735 - val_acc: 0.7250
Epoch 149/500
Epoch 00148: val_acc did not improve
114s - loss: 6.8375e-06 - acc: 1.0000 - val_loss: 1.0729 - val_acc: 0.7250
Epoch 150/500
Epoch 00149: val_acc did not improve
114s - loss: 6.7497e-06 - acc: 1.0000 - val_loss: 1.0730 - val_acc: 0.7250
Epoch 151/500
Epoch 00150: val_acc did not improve
114s - loss: 6.6476e-06 - acc: 1.0000 - val_loss: 1.0731 - val_acc: 0.7250
Epoch 152/500
Epoch 00151: val_acc did not improve
115s - loss: 6.5544e-06 - acc: 1.0000 - val_loss: 1.0737 - val_acc: 0.7250
Epoch 153/500
Epoch 00152: val_acc did not improve
115s - loss: 6.4664e-06 - acc: 1.0000 - val_loss: 1.0734 - val_acc: 0.7250
Epoch 154/500
Epoch 00153: val_acc did not improve
114s - loss: 6.3748e-06 - acc: 1.0000 - val_loss: 1.0733 - val_acc: 0.7250
Epoch 155/500
Epoch 00154: val_acc did not improve
114s - loss: 6.2869e-06 - acc: 1.0000 - val_loss: 1.0731 - val_acc: 0.7250
Epoch 156/500
Epoch 00155: val_acc did not improve
114s - loss: 6.1989e-06 - acc: 1.0000 - val_loss: 1.0731 - val_acc: 0.7250
Epoch 157/500
Epoch 00156: val_acc did not improve
114s - loss: 6.1133e-06 - acc: 1.0000 - val_loss: 1.0734 - val_acc: 0.7250
Epoch 158/500
Epoch 00157: val_acc did not improve
115s - loss: 6.0350e-06 - acc: 1.0000 - val_loss: 1.0732 - val_acc: 0.7250
Epoch 159/500
Epoch 00158: val_acc did not improve
114s - loss: 5.9516e-06 - acc: 1.0000 - val_loss: 1.0735 - val_acc: 0.7250
Epoch 160/500
Epoch 00159: val_acc did not improve
114s - loss: 5.8681e-06 - acc: 1.0000 - val_loss: 1.0732 - val_acc: 0.7250
Epoch 161/500
Epoch 00160: val_acc did not improve
115s - loss: 5.7898e-06 - acc: 1.0000 - val_loss: 1.0733 - val_acc: 0.7500
Epoch 162/500
Epoch 00161: val_acc did not improve
114s - loss: 5.7176e-06 - acc: 1.0000 - val_loss: 1.0738 - val_acc: 0.7500
Epoch 163/500
Epoch 00162: val_acc did not improve
114s - loss: 5.6409e-06 - acc: 1.0000 - val_loss: 1.0745 - val_acc: 0.7500
Epoch 164/500
Epoch 00163: val_acc did not improve
114s - loss: 5.5597e-06 - acc: 1.0000 - val_loss: 1.0738 - val_acc: 0.7500
Epoch 165/500
Epoch 00164: val_acc did not improve
114s - loss: 5.4925e-06 - acc: 1.0000 - val_loss: 1.0739 - val_acc: 0.7500
Epoch 166/500
Epoch 00165: val_acc did not improve
115s - loss: 5.4188e-06 - acc: 1.0000 - val_loss: 1.0742 - val_acc: 0.7500
Epoch 167/500
Epoch 00166: val_acc did not improve
114s - loss: 5.3525e-06 - acc: 1.0000 - val_loss: 1.0737 - val_acc: 0.7500
Epoch 168/500
Epoch 00167: val_acc did not improve
114s - loss: 5.2839e-06 - acc: 1.0000 - val_loss: 1.0741 - val_acc: 0.7500
Epoch 169/500
Epoch 00168: val_acc did not improve
114s - loss: 5.2109e-06 - acc: 1.0000 - val_loss: 1.0742 - val_acc: 0.7500
Epoch 170/500
Epoch 00169: val_acc did not improve
115s - loss: 5.1386e-06 - acc: 1.0000 - val_loss: 1.0742 - val_acc: 0.7500
Epoch 171/500
Epoch 00170: val_acc did not improve
114s - loss: 5.0775e-06 - acc: 1.0000 - val_loss: 1.0747 - val_acc: 0.7500
Epoch 172/500
Epoch 00171: val_acc did not improve
114s - loss: 5.0090e-06 - acc: 1.0000 - val_loss: 1.0749 - val_acc: 0.7500
Epoch 173/500
Epoch 00172: val_acc did not improve
114s - loss: 4.9449e-06 - acc: 1.0000 - val_loss: 1.0752 - val_acc: 0.7500
Epoch 174/500
Epoch 00173: val_acc did not improve
114s - loss: 4.8831e-06 - acc: 1.0000 - val_loss: 1.0750 - val_acc: 0.7500
Epoch 175/500
Epoch 00174: val_acc did not improve
114s - loss: 4.8227e-06 - acc: 1.0000 - val_loss: 1.0746 - val_acc: 0.7500
Epoch 176/500
Epoch 00175: val_acc did not improve
115s - loss: 4.7593e-06 - acc: 1.0000 - val_loss: 1.0753 - val_acc: 0.7500
Epoch 177/500
Epoch 00176: val_acc did not improve
114s - loss: 4.6952e-06 - acc: 1.0000 - val_loss: 1.0752 - val_acc: 0.7500
Epoch 178/500
Epoch 00177: val_acc did not improve
114s - loss: 4.6365e-06 - acc: 1.0000 - val_loss: 1.0755 - val_acc: 0.7500
Epoch 179/500
Epoch 00178: val_acc did not improve
114s - loss: 4.5821e-06 - acc: 1.0000 - val_loss: 1.0759 - val_acc: 0.7500
Epoch 180/500
Epoch 00179: val_acc did not improve
114s - loss: 4.5247e-06 - acc: 1.0000 - val_loss: 1.0759 - val_acc: 0.7500
Epoch 181/500
Epoch 00180: val_acc did not improve
114s - loss: 4.4703e-06 - acc: 1.0000 - val_loss: 1.0760 - val_acc: 0.7500
Epoch 182/500
Epoch 00181: val_acc did not improve
115s - loss: 4.4122e-06 - acc: 1.0000 - val_loss: 1.0756 - val_acc: 0.7500
Epoch 183/500
Epoch 00182: val_acc did not improve
115s - loss: 4.3615e-06 - acc: 1.0000 - val_loss: 1.0758 - val_acc: 0.7500
Epoch 184/500
Epoch 00183: val_acc did not improve
114s - loss: 4.3004e-06 - acc: 1.0000 - val_loss: 1.0764 - val_acc: 0.7500
Epoch 185/500
Epoch 00184: val_acc did not improve
115s - loss: 4.2498e-06 - acc: 1.0000 - val_loss: 1.0760 - val_acc: 0.7500
Epoch 186/500
Epoch 00185: val_acc did not improve
115s - loss: 4.1968e-06 - acc: 1.0000 - val_loss: 1.0759 - val_acc: 0.7500
Epoch 187/500
Epoch 00186: val_acc did not improve
114s - loss: 4.1484e-06 - acc: 1.0000 - val_loss: 1.0762 - val_acc: 0.7500
Epoch 188/500
Epoch 00187: val_acc did not improve
115s - loss: 4.0970e-06 - acc: 1.0000 - val_loss: 1.0767 - val_acc: 0.7500
Epoch 189/500
Epoch 00188: val_acc did not improve
114s - loss: 4.0440e-06 - acc: 1.0000 - val_loss: 1.0769 - val_acc: 0.7500
Epoch 190/500
Epoch 00189: val_acc did not improve
114s - loss: 3.9986e-06 - acc: 1.0000 - val_loss: 1.0772 - val_acc: 0.7500
Epoch 191/500
Epoch 00190: val_acc did not improve
115s - loss: 3.9494e-06 - acc: 1.0000 - val_loss: 1.0770 - val_acc: 0.7500
Epoch 192/500
Epoch 00191: val_acc did not improve
115s - loss: 3.9032e-06 - acc: 1.0000 - val_loss: 1.0776 - val_acc: 0.7500
Epoch 193/500
Epoch 00192: val_acc did not improve
115s - loss: 3.8533e-06 - acc: 1.0000 - val_loss: 1.0776 - val_acc: 0.7500
Epoch 194/500
Epoch 00193: val_acc did not improve
115s - loss: 3.8109e-06 - acc: 1.0000 - val_loss: 1.0775 - val_acc: 0.7500
Epoch 195/500
Epoch 00194: val_acc did not improve
115s - loss: 3.7669e-06 - acc: 1.0000 - val_loss: 1.0779 - val_acc: 0.7500
Epoch 196/500
Epoch 00195: val_acc did not improve
115s - loss: 3.7186e-06 - acc: 1.0000 - val_loss: 1.0782 - val_acc: 0.7500
Epoch 197/500
Epoch 00196: val_acc did not improve
115s - loss: 3.6738e-06 - acc: 1.0000 - val_loss: 1.0781 - val_acc: 0.7500
Epoch 198/500
Epoch 00197: val_acc did not improve
115s - loss: 3.6314e-06 - acc: 1.0000 - val_loss: 1.0781 - val_acc: 0.7500
Epoch 199/500
Epoch 00198: val_acc did not improve
114s - loss: 3.5904e-06 - acc: 1.0000 - val_loss: 1.0784 - val_acc: 0.7500
Epoch 200/500
Epoch 00199: val_acc did not improve
115s - loss: 3.5508e-06 - acc: 1.0000 - val_loss: 1.0787 - val_acc: 0.7500
Epoch 201/500
Epoch 00200: val_acc did not improve
115s - loss: 3.5024e-06 - acc: 1.0000 - val_loss: 1.0789 - val_acc: 0.7500
Epoch 202/500
Epoch 00201: val_acc did not improve
115s - loss: 3.4636e-06 - acc: 1.0000 - val_loss: 1.0787 - val_acc: 0.7500
Epoch 203/500
Epoch 00202: val_acc did not improve
115s - loss: 3.4204e-06 - acc: 1.0000 - val_loss: 1.0788 - val_acc: 0.7500
Epoch 204/500
Epoch 00203: val_acc did not improve
115s - loss: 3.3780e-06 - acc: 1.0000 - val_loss: 1.0796 - val_acc: 0.7500
Epoch 205/500
Epoch 00204: val_acc did not improve
116s - loss: 3.3436e-06 - acc: 1.0000 - val_loss: 1.0796 - val_acc: 0.7500
Epoch 206/500
Epoch 00205: val_acc did not improve
115s - loss: 3.3042e-06 - acc: 1.0000 - val_loss: 1.0802 - val_acc: 0.7500
Epoch 207/500
Epoch 00206: val_acc did not improve
115s - loss: 3.2669e-06 - acc: 1.0000 - val_loss: 1.0797 - val_acc: 0.7500
Epoch 208/500
Epoch 00207: val_acc did not improve
115s - loss: 3.2311e-06 - acc: 1.0000 - val_loss: 1.0802 - val_acc: 0.7500
Epoch 209/500
Epoch 00208: val_acc did not improve
115s - loss: 3.1931e-06 - acc: 1.0000 - val_loss: 1.0802 - val_acc: 0.7500
Epoch 210/500
Epoch 00209: val_acc did not improve
114s - loss: 3.1566e-06 - acc: 1.0000 - val_loss: 1.0800 - val_acc: 0.7500
Epoch 211/500
Epoch 00210: val_acc did not improve
115s - loss: 3.1171e-06 - acc: 1.0000 - val_loss: 1.0801 - val_acc: 0.7500
Epoch 212/500
Epoch 00211: val_acc did not improve
115s - loss: 3.0843e-06 - acc: 1.0000 - val_loss: 1.0810 - val_acc: 0.7500
Epoch 213/500
Epoch 00212: val_acc did not improve
115s - loss: 3.0538e-06 - acc: 1.0000 - val_loss: 1.0809 - val_acc: 0.7500
Epoch 214/500
Epoch 00213: val_acc did not improve
115s - loss: 3.0165e-06 - acc: 1.0000 - val_loss: 1.0806 - val_acc: 0.7500
Epoch 215/500
Epoch 00214: val_acc did not improve
115s - loss: 2.9867e-06 - acc: 1.0000 - val_loss: 1.0816 - val_acc: 0.7500
Epoch 216/500
Epoch 00215: val_acc did not improve
115s - loss: 2.9450e-06 - acc: 1.0000 - val_loss: 1.0811 - val_acc: 0.7500
Epoch 217/500
Epoch 00216: val_acc did not improve
115s - loss: 2.9122e-06 - acc: 1.0000 - val_loss: 1.0817 - val_acc: 0.7500
Epoch 218/500
Epoch 00217: val_acc did not improve
114s - loss: 2.8786e-06 - acc: 1.0000 - val_loss: 1.0821 - val_acc: 0.7500
Epoch 219/500
Epoch 00218: val_acc did not improve
114s - loss: 2.8503e-06 - acc: 1.0000 - val_loss: 1.0823 - val_acc: 0.7500
Epoch 220/500
Epoch 00219: val_acc did not improve
115s - loss: 2.8153e-06 - acc: 1.0000 - val_loss: 1.0824 - val_acc: 0.7250
Epoch 221/500
Epoch 00220: val_acc did not improve
114s - loss: 2.7847e-06 - acc: 1.0000 - val_loss: 1.0826 - val_acc: 0.7250
Epoch 222/500
Epoch 00221: val_acc did not improve
114s - loss: 2.7549e-06 - acc: 1.0000 - val_loss: 1.0827 - val_acc: 0.7250
Epoch 223/500
Epoch 00222: val_acc did not improve
115s - loss: 2.7229e-06 - acc: 1.0000 - val_loss: 1.0833 - val_acc: 0.7250
Epoch 224/500
Epoch 00223: val_acc did not improve
115s - loss: 2.6975e-06 - acc: 1.0000 - val_loss: 1.0832 - val_acc: 0.7250
Epoch 225/500
Epoch 00224: val_acc did not improve
115s - loss: 2.6655e-06 - acc: 1.0000 - val_loss: 1.0835 - val_acc: 0.7250
Epoch 226/500
Epoch 00225: val_acc did not improve
115s - loss: 2.6319e-06 - acc: 1.0000 - val_loss: 1.0833 - val_acc: 0.7250
Epoch 227/500
Epoch 00226: val_acc did not improve
115s - loss: 2.6036e-06 - acc: 1.0000 - val_loss: 1.0835 - val_acc: 0.7250
Epoch 228/500
Epoch 00227: val_acc did not improve
115s - loss: 2.5776e-06 - acc: 1.0000 - val_loss: 1.0839 - val_acc: 0.7250
Epoch 229/500
Epoch 00228: val_acc did not improve
114s - loss: 2.5478e-06 - acc: 1.0000 - val_loss: 1.0842 - val_acc: 0.7250
Epoch 230/500
Epoch 00229: val_acc did not improve
115s - loss: 2.5188e-06 - acc: 1.0000 - val_loss: 1.0847 - val_acc: 0.7250
Epoch 231/500
Epoch 00230: val_acc did not improve
115s - loss: 2.4926e-06 - acc: 1.0000 - val_loss: 1.0849 - val_acc: 0.7250
Epoch 232/500
Epoch 00231: val_acc did not improve
114s - loss: 2.4651e-06 - acc: 1.0000 - val_loss: 1.0848 - val_acc: 0.7250
Epoch 233/500
Epoch 00232: val_acc did not improve
115s - loss: 2.4375e-06 - acc: 1.0000 - val_loss: 1.0849 - val_acc: 0.7250
Epoch 234/500
Epoch 00233: val_acc did not improve
115s - loss: 2.4129e-06 - acc: 1.0000 - val_loss: 1.0853 - val_acc: 0.7250
Epoch 235/500
Epoch 00234: val_acc did not improve
114s - loss: 2.3816e-06 - acc: 1.0000 - val_loss: 1.0857 - val_acc: 0.7250
Epoch 236/500
Epoch 00235: val_acc did not improve
114s - loss: 2.3585e-06 - acc: 1.0000 - val_loss: 1.0858 - val_acc: 0.7250
Epoch 237/500
Epoch 00236: val_acc did not improve
115s - loss: 2.3384e-06 - acc: 1.0000 - val_loss: 1.0855 - val_acc: 0.7250
Epoch 238/500
Epoch 00237: val_acc did not improve
115s - loss: 2.3079e-06 - acc: 1.0000 - val_loss: 1.0862 - val_acc: 0.7250
Epoch 239/500
Epoch 00238: val_acc did not improve
115s - loss: 2.2878e-06 - acc: 1.0000 - val_loss: 1.0870 - val_acc: 0.7250
Epoch 240/500
Epoch 00239: val_acc did not improve
115s - loss: 2.2587e-06 - acc: 1.0000 - val_loss: 1.0865 - val_acc: 0.7250
Epoch 241/500
Epoch 00240: val_acc did not improve
114s - loss: 2.2393e-06 - acc: 1.0000 - val_loss: 1.0868 - val_acc: 0.7250
Epoch 242/500
Epoch 00241: val_acc did not improve
115s - loss: 2.2117e-06 - acc: 1.0000 - val_loss: 1.0870 - val_acc: 0.7250
Epoch 243/500
Epoch 00242: val_acc did not improve
115s - loss: 2.1871e-06 - acc: 1.0000 - val_loss: 1.0878 - val_acc: 0.7250
Epoch 244/500
Epoch 00243: val_acc did not improve
115s - loss: 2.1640e-06 - acc: 1.0000 - val_loss: 1.0875 - val_acc: 0.7250
Epoch 245/500
Epoch 00244: val_acc did not improve
115s - loss: 2.1394e-06 - acc: 1.0000 - val_loss: 1.0877 - val_acc: 0.7250
Epoch 246/500
Epoch 00245: val_acc did not improve
115s - loss: 2.1185e-06 - acc: 1.0000 - val_loss: 1.0883 - val_acc: 0.7250
Epoch 247/500
Epoch 00246: val_acc did not improve
115s - loss: 2.0954e-06 - acc: 1.0000 - val_loss: 1.0883 - val_acc: 0.7250
Epoch 248/500
Epoch 00247: val_acc did not improve
114s - loss: 2.0715e-06 - acc: 1.0000 - val_loss: 1.0883 - val_acc: 0.7500
Epoch 249/500
Epoch 00248: val_acc did not improve
115s - loss: 2.0536e-06 - acc: 1.0000 - val_loss: 1.0886 - val_acc: 0.7500
Epoch 250/500
Epoch 00249: val_acc did not improve
115s - loss: 2.0314e-06 - acc: 1.0000 - val_loss: 1.0888 - val_acc: 0.7500
Epoch 251/500
Epoch 00250: val_acc did not improve
115s - loss: 2.0113e-06 - acc: 1.0000 - val_loss: 1.0892 - val_acc: 0.7500
Epoch 252/500
Epoch 00251: val_acc did not improve
115s - loss: 1.9918e-06 - acc: 1.0000 - val_loss: 1.0892 - val_acc: 0.7500
Epoch 253/500
Epoch 00252: val_acc did not improve
115s - loss: 1.9665e-06 - acc: 1.0000 - val_loss: 1.0896 - val_acc: 0.7500
Epoch 254/500
Epoch 00253: val_acc did not improve
115s - loss: 1.9494e-06 - acc: 1.0000 - val_loss: 1.0895 - val_acc: 0.7500
Epoch 255/500
Epoch 00254: val_acc did not improve
115s - loss: 1.9278e-06 - acc: 1.0000 - val_loss: 1.0900 - val_acc: 0.7500
Epoch 256/500
Epoch 00255: val_acc did not improve
115s - loss: 1.9061e-06 - acc: 1.0000 - val_loss: 1.0901 - val_acc: 0.7500
Epoch 257/500
Epoch 00256: val_acc did not improve
115s - loss: 1.8853e-06 - acc: 1.0000 - val_loss: 1.0907 - val_acc: 0.7500
Epoch 258/500
Epoch 00257: val_acc did not improve
115s - loss: 1.8719e-06 - acc: 1.0000 - val_loss: 1.0908 - val_acc: 0.7500
Epoch 259/500
Epoch 00258: val_acc did not improve
115s - loss: 1.8488e-06 - acc: 1.0000 - val_loss: 1.0912 - val_acc: 0.7500
Epoch 260/500
Epoch 00259: val_acc did not improve
115s - loss: 1.8280e-06 - acc: 1.0000 - val_loss: 1.0915 - val_acc: 0.7500
Epoch 261/500
Epoch 00260: val_acc did not improve
115s - loss: 1.8071e-06 - acc: 1.0000 - val_loss: 1.0920 - val_acc: 0.7500
Epoch 262/500
Epoch 00261: val_acc did not improve
115s - loss: 1.7929e-06 - acc: 1.0000 - val_loss: 1.0920 - val_acc: 0.7500
Epoch 263/500
Epoch 00262: val_acc did not improve
115s - loss: 1.7742e-06 - acc: 1.0000 - val_loss: 1.0928 - val_acc: 0.7500
Epoch 264/500
Epoch 00263: val_acc did not improve
115s - loss: 1.7571e-06 - acc: 1.0000 - val_loss: 1.0923 - val_acc: 0.7500
Epoch 265/500
Epoch 00264: val_acc did not improve
115s - loss: 1.7378e-06 - acc: 1.0000 - val_loss: 1.0926 - val_acc: 0.7500
Epoch 266/500
Epoch 00265: val_acc did not improve
115s - loss: 1.7191e-06 - acc: 1.0000 - val_loss: 1.0930 - val_acc: 0.7500
Epoch 267/500
Epoch 00266: val_acc did not improve
115s - loss: 1.7004e-06 - acc: 1.0000 - val_loss: 1.0929 - val_acc: 0.7500
Epoch 268/500
Epoch 00267: val_acc did not improve
115s - loss: 1.6834e-06 - acc: 1.0000 - val_loss: 1.0931 - val_acc: 0.7500
Epoch 269/500
Epoch 00268: val_acc did not improve
115s - loss: 1.6670e-06 - acc: 1.0000 - val_loss: 1.0938 - val_acc: 0.7500
Epoch 270/500
Epoch 00269: val_acc did not improve
115s - loss: 1.6498e-06 - acc: 1.0000 - val_loss: 1.0938 - val_acc: 0.7500
Epoch 271/500
Epoch 00270: val_acc did not improve
115s - loss: 1.6326e-06 - acc: 1.0000 - val_loss: 1.0945 - val_acc: 0.7500
Epoch 272/500
Epoch 00271: val_acc did not improve
115s - loss: 1.6147e-06 - acc: 1.0000 - val_loss: 1.0941 - val_acc: 0.7500
Epoch 273/500
Epoch 00272: val_acc did not improve
115s - loss: 1.5976e-06 - acc: 1.0000 - val_loss: 1.0944 - val_acc: 0.7500
Epoch 274/500
Epoch 00273: val_acc did not improve
114s - loss: 1.5812e-06 - acc: 1.0000 - val_loss: 1.0946 - val_acc: 0.7500
Epoch 275/500
Epoch 00274: val_acc did not improve
115s - loss: 1.5634e-06 - acc: 1.0000 - val_loss: 1.0952 - val_acc: 0.7500
Epoch 276/500
Epoch 00275: val_acc did not improve
115s - loss: 1.5529e-06 - acc: 1.0000 - val_loss: 1.0956 - val_acc: 0.7500
Epoch 277/500
Epoch 00276: val_acc did not improve
115s - loss: 1.5321e-06 - acc: 1.0000 - val_loss: 1.0956 - val_acc: 0.7500
Epoch 278/500
Epoch 00277: val_acc did not improve
115s - loss: 1.5149e-06 - acc: 1.0000 - val_loss: 1.0956 - val_acc: 0.7500
Epoch 279/500
Epoch 00278: val_acc did not improve
115s - loss: 1.5023e-06 - acc: 1.0000 - val_loss: 1.0960 - val_acc: 0.7500
Epoch 280/500
Epoch 00279: val_acc did not improve
115s - loss: 1.4859e-06 - acc: 1.0000 - val_loss: 1.0962 - val_acc: 0.7500
Epoch 281/500
Epoch 00280: val_acc did not improve
115s - loss: 1.4740e-06 - acc: 1.0000 - val_loss: 1.0967 - val_acc: 0.7500
Epoch 282/500
Epoch 00281: val_acc did not improve
114s - loss: 1.4561e-06 - acc: 1.0000 - val_loss: 1.0970 - val_acc: 0.7500
Epoch 283/500
Epoch 00282: val_acc did not improve
115s - loss: 1.4441e-06 - acc: 1.0000 - val_loss: 1.0969 - val_acc: 0.7500
Epoch 284/500
Epoch 00283: val_acc did not improve
115s - loss: 1.4292e-06 - acc: 1.0000 - val_loss: 1.0974 - val_acc: 0.7500
Epoch 285/500
Epoch 00284: val_acc did not improve
114s - loss: 1.4173e-06 - acc: 1.0000 - val_loss: 1.0976 - val_acc: 0.7500
Epoch 286/500
Epoch 00285: val_acc did not improve
115s - loss: 1.4001e-06 - acc: 1.0000 - val_loss: 1.0978 - val_acc: 0.7500
Epoch 287/500
Epoch 00286: val_acc did not improve
115s - loss: 1.3852e-06 - acc: 1.0000 - val_loss: 1.0984 - val_acc: 0.7500
Epoch 288/500
Epoch 00287: val_acc did not improve
115s - loss: 1.3763e-06 - acc: 1.0000 - val_loss: 1.0984 - val_acc: 0.7500
Epoch 289/500
Epoch 00288: val_acc did not improve
115s - loss: 1.3599e-06 - acc: 1.0000 - val_loss: 1.0990 - val_acc: 0.7500
Epoch 290/500
Epoch 00289: val_acc did not improve
114s - loss: 1.3458e-06 - acc: 1.0000 - val_loss: 1.0992 - val_acc: 0.7500
Epoch 291/500
Epoch 00290: val_acc did not improve
115s - loss: 1.3368e-06 - acc: 1.0000 - val_loss: 1.0992 - val_acc: 0.7500
Epoch 292/500
Epoch 00291: val_acc did not improve
115s - loss: 1.3204e-06 - acc: 1.0000 - val_loss: 1.0997 - val_acc: 0.7500
Epoch 293/500
Epoch 00292: val_acc did not improve
114s - loss: 1.3070e-06 - acc: 1.0000 - val_loss: 1.0996 - val_acc: 0.7500
Epoch 294/500
Epoch 00293: val_acc did not improve
115s - loss: 1.2958e-06 - acc: 1.0000 - val_loss: 1.1003 - val_acc: 0.7500
Epoch 295/500
Epoch 00294: val_acc did not improve
115s - loss: 1.2816e-06 - acc: 1.0000 - val_loss: 1.1004 - val_acc: 0.7500
Epoch 296/500
Epoch 00295: val_acc did not improve
114s - loss: 1.2705e-06 - acc: 1.0000 - val_loss: 1.1003 - val_acc: 0.7500
Epoch 297/500
Epoch 00296: val_acc did not improve
114s - loss: 1.2593e-06 - acc: 1.0000 - val_loss: 1.1008 - val_acc: 0.7500
Epoch 298/500
Epoch 00297: val_acc did not improve
114s - loss: 1.2444e-06 - acc: 1.0000 - val_loss: 1.1010 - val_acc: 0.7500
Epoch 299/500
Epoch 00298: val_acc did not improve
115s - loss: 1.2302e-06 - acc: 1.0000 - val_loss: 1.1018 - val_acc: 0.7500
Epoch 300/500
Epoch 00299: val_acc did not improve
114s - loss: 1.2220e-06 - acc: 1.0000 - val_loss: 1.1015 - val_acc: 0.7500
Epoch 301/500
Epoch 00300: val_acc did not improve
114s - loss: 1.2064e-06 - acc: 1.0000 - val_loss: 1.1019 - val_acc: 0.7500
Epoch 302/500
Epoch 00301: val_acc did not improve
115s - loss: 1.1944e-06 - acc: 1.0000 - val_loss: 1.1024 - val_acc: 0.7500
Epoch 303/500
Epoch 00302: val_acc did not improve
114s - loss: 1.1818e-06 - acc: 1.0000 - val_loss: 1.1028 - val_acc: 0.7500
Epoch 304/500
Epoch 00303: val_acc did not improve
114s - loss: 1.1721e-06 - acc: 1.0000 - val_loss: 1.1028 - val_acc: 0.7500
Epoch 305/500
Epoch 00304: val_acc did not improve
114s - loss: 1.1602e-06 - acc: 1.0000 - val_loss: 1.1031 - val_acc: 0.7500
Epoch 306/500
Epoch 00305: val_acc did not improve
114s - loss: 1.1483e-06 - acc: 1.0000 - val_loss: 1.1035 - val_acc: 0.7500
Epoch 307/500
Epoch 00306: val_acc did not improve
114s - loss: 1.1393e-06 - acc: 1.0000 - val_loss: 1.1041 - val_acc: 0.7500
Epoch 308/500
Epoch 00307: val_acc did not improve
115s - loss: 1.1296e-06 - acc: 1.0000 - val_loss: 1.1040 - val_acc: 0.7500
Epoch 309/500
Epoch 00308: val_acc did not improve
114s - loss: 1.1177e-06 - acc: 1.0000 - val_loss: 1.1042 - val_acc: 0.7500
Epoch 310/500
Epoch 00309: val_acc did not improve
114s - loss: 1.1080e-06 - acc: 1.0000 - val_loss: 1.1046 - val_acc: 0.7500
Epoch 311/500
Epoch 00310: val_acc did not improve
115s - loss: 1.0923e-06 - acc: 1.0000 - val_loss: 1.1048 - val_acc: 0.7500
Epoch 312/500
Epoch 00311: val_acc did not improve
114s - loss: 1.0834e-06 - acc: 1.0000 - val_loss: 1.1051 - val_acc: 0.7500
Epoch 313/500
Epoch 00312: val_acc did not improve
115s - loss: 1.0767e-06 - acc: 1.0000 - val_loss: 1.1055 - val_acc: 0.7500
Epoch 314/500
Epoch 00313: val_acc did not improve
115s - loss: 1.0640e-06 - acc: 1.0000 - val_loss: 1.1057 - val_acc: 0.7500
Epoch 315/500
Epoch 00314: val_acc did not improve
115s - loss: 1.0565e-06 - acc: 1.0000 - val_loss: 1.1058 - val_acc: 0.7500
Epoch 316/500
Epoch 00315: val_acc did not improve
114s - loss: 1.0461e-06 - acc: 1.0000 - val_loss: 1.1065 - val_acc: 0.7500
Epoch 317/500
Epoch 00316: val_acc did not improve
115s - loss: 1.0372e-06 - acc: 1.0000 - val_loss: 1.1067 - val_acc: 0.7500
Epoch 318/500
Epoch 00317: val_acc did not improve
115s - loss: 1.0268e-06 - acc: 1.0000 - val_loss: 1.1072 - val_acc: 0.7500
Epoch 319/500
Epoch 00318: val_acc did not improve
114s - loss: 1.0141e-06 - acc: 1.0000 - val_loss: 1.1074 - val_acc: 0.7500
Epoch 320/500
Epoch 00319: val_acc did not improve
115s - loss: 1.0045e-06 - acc: 1.0000 - val_loss: 1.1078 - val_acc: 0.7500
Epoch 321/500
Epoch 00320: val_acc did not improve
115s - loss: 9.9329e-07 - acc: 1.0000 - val_loss: 1.1078 - val_acc: 0.7500
Epoch 322/500
Epoch 00321: val_acc did not improve
114s - loss: 9.8360e-07 - acc: 1.0000 - val_loss: 1.1085 - val_acc: 0.7500
Epoch 323/500
Epoch 00322: val_acc did not improve
114s - loss: 9.7314e-07 - acc: 1.0000 - val_loss: 1.1085 - val_acc: 0.7500
Epoch 324/500
Epoch 00323: val_acc did not improve
114s - loss: 9.6419e-07 - acc: 1.0000 - val_loss: 1.1092 - val_acc: 0.7500
Epoch 325/500
Epoch 00324: val_acc did not improve
114s - loss: 9.5673e-07 - acc: 1.0000 - val_loss: 1.1094 - val_acc: 0.7500
Epoch 326/500
Epoch 00325: val_acc did not improve
114s - loss: 9.4401e-07 - acc: 1.0000 - val_loss: 1.1096 - val_acc: 0.7500
Epoch 327/500
Epoch 00326: val_acc did not improve
114s - loss: 9.3802e-07 - acc: 1.0000 - val_loss: 1.1096 - val_acc: 0.7500
Epoch 328/500
Epoch 00327: val_acc did not improve
114s - loss: 9.3280e-07 - acc: 1.0000 - val_loss: 1.1101 - val_acc: 0.7500
Epoch 329/500
Epoch 00328: val_acc did not improve
115s - loss: 9.2161e-07 - acc: 1.0000 - val_loss: 1.1103 - val_acc: 0.7500
Epoch 330/500
Epoch 00329: val_acc did not improve
115s - loss: 9.1269e-07 - acc: 1.0000 - val_loss: 1.1106 - val_acc: 0.7500
Epoch 331/500
Epoch 00330: val_acc did not improve
114s - loss: 9.0452e-07 - acc: 1.0000 - val_loss: 1.1107 - val_acc: 0.7500
Epoch 332/500
Epoch 00331: val_acc did not improve
115s - loss: 8.9781e-07 - acc: 1.0000 - val_loss: 1.1112 - val_acc: 0.7500
Epoch 333/500
Epoch 00332: val_acc did not improve
115s - loss: 8.8736e-07 - acc: 1.0000 - val_loss: 1.1114 - val_acc: 0.7500
Epoch 334/500
Epoch 00333: val_acc did not improve
115s - loss: 8.7915e-07 - acc: 1.0000 - val_loss: 1.1115 - val_acc: 0.7500
Epoch 335/500
Epoch 00334: val_acc did not improve
115s - loss: 8.6801e-07 - acc: 1.0000 - val_loss: 1.1122 - val_acc: 0.7500
Epoch 336/500
Epoch 00335: val_acc did not improve
114s - loss: 8.6204e-07 - acc: 1.0000 - val_loss: 1.1127 - val_acc: 0.7500
Epoch 337/500
Epoch 00336: val_acc did not improve
114s - loss: 8.5535e-07 - acc: 1.0000 - val_loss: 1.1126 - val_acc: 0.7500
Epoch 338/500
Epoch 00337: val_acc did not improve
114s - loss: 8.4787e-07 - acc: 1.0000 - val_loss: 1.1130 - val_acc: 0.7500
Epoch 339/500
Epoch 00338: val_acc did not improve
114s - loss: 8.3667e-07 - acc: 1.0000 - val_loss: 1.1134 - val_acc: 0.7500
Epoch 340/500
Epoch 00339: val_acc did not improve
114s - loss: 8.2920e-07 - acc: 1.0000 - val_loss: 1.1135 - val_acc: 0.7500
Epoch 341/500
Epoch 00340: val_acc did not improve
114s - loss: 8.2478e-07 - acc: 1.0000 - val_loss: 1.1140 - val_acc: 0.7500
Epoch 342/500
Epoch 00341: val_acc did not improve
114s - loss: 8.1656e-07 - acc: 1.0000 - val_loss: 1.1144 - val_acc: 0.7500
Epoch 343/500
Epoch 00342: val_acc did not improve
115s - loss: 8.0689e-07 - acc: 1.0000 - val_loss: 1.1149 - val_acc: 0.7500
Epoch 344/500
Epoch 00343: val_acc did not improve
115s - loss: 7.9574e-07 - acc: 1.0000 - val_loss: 1.1151 - val_acc: 0.7500
Epoch 345/500
Epoch 00344: val_acc did not improve
115s - loss: 7.9129e-07 - acc: 1.0000 - val_loss: 1.1149 - val_acc: 0.7500
Epoch 346/500
Epoch 00345: val_acc did not improve
114s - loss: 7.8608e-07 - acc: 1.0000 - val_loss: 1.1153 - val_acc: 0.7500
Epoch 347/500
Epoch 00346: val_acc did not improve
114s - loss: 7.7716e-07 - acc: 1.0000 - val_loss: 1.1159 - val_acc: 0.7500
Epoch 348/500
Epoch 00347: val_acc did not improve
114s - loss: 7.7193e-07 - acc: 1.0000 - val_loss: 1.1160 - val_acc: 0.7500
Epoch 349/500
Epoch 00348: val_acc did not improve
114s - loss: 7.6000e-07 - acc: 1.0000 - val_loss: 1.1161 - val_acc: 0.7500
Epoch 350/500
Epoch 00349: val_acc did not improve
115s - loss: 7.5401e-07 - acc: 1.0000 - val_loss: 1.1165 - val_acc: 0.7500
Epoch 351/500
Epoch 00350: val_acc did not improve
115s - loss: 7.4504e-07 - acc: 1.0000 - val_loss: 1.1172 - val_acc: 0.7500
Epoch 352/500
Epoch 00351: val_acc did not improve
114s - loss: 7.3981e-07 - acc: 1.0000 - val_loss: 1.1173 - val_acc: 0.7500
Epoch 353/500
Epoch 00352: val_acc did not improve
115s - loss: 7.3534e-07 - acc: 1.0000 - val_loss: 1.1177 - val_acc: 0.7500
Epoch 354/500
Epoch 00353: val_acc did not improve
114s - loss: 7.2788e-07 - acc: 1.0000 - val_loss: 1.1180 - val_acc: 0.7500
Epoch 355/500
Epoch 00354: val_acc did not improve
114s - loss: 7.2043e-07 - acc: 1.0000 - val_loss: 1.1186 - val_acc: 0.7500
Epoch 356/500
Epoch 00355: val_acc did not improve
114s - loss: 7.1073e-07 - acc: 1.0000 - val_loss: 1.1184 - val_acc: 0.7500
Epoch 357/500
Epoch 00356: val_acc did not improve
114s - loss: 7.0923e-07 - acc: 1.0000 - val_loss: 1.1189 - val_acc: 0.7500
Epoch 358/500
Epoch 00357: val_acc did not improve
114s - loss: 7.0253e-07 - acc: 1.0000 - val_loss: 1.1194 - val_acc: 0.7500
Epoch 359/500
Epoch 00358: val_acc did not improve
115s - loss: 6.9583e-07 - acc: 1.0000 - val_loss: 1.1197 - val_acc: 0.7500
Epoch 360/500
Epoch 00359: val_acc did not improve
114s - loss: 6.9058e-07 - acc: 1.0000 - val_loss: 1.1203 - val_acc: 0.7500
Epoch 361/500
Epoch 00360: val_acc did not improve
114s - loss: 6.8084e-07 - acc: 1.0000 - val_loss: 1.1202 - val_acc: 0.7500
Epoch 362/500
Epoch 00361: val_acc did not improve
114s - loss: 6.7561e-07 - acc: 1.0000 - val_loss: 1.1210 - val_acc: 0.7500
Epoch 363/500
Epoch 00362: val_acc did not improve
114s - loss: 6.7338e-07 - acc: 1.0000 - val_loss: 1.1211 - val_acc: 0.7500
Epoch 364/500
Epoch 00363: val_acc did not improve
114s - loss: 6.6443e-07 - acc: 1.0000 - val_loss: 1.1211 - val_acc: 0.7500
Epoch 365/500
Epoch 00364: val_acc did not improve
115s - loss: 6.5774e-07 - acc: 1.0000 - val_loss: 1.1218 - val_acc: 0.7500
Epoch 366/500
Epoch 00365: val_acc did not improve
114s - loss: 6.5104e-07 - acc: 1.0000 - val_loss: 1.1221 - val_acc: 0.7500
Epoch 367/500
Epoch 00366: val_acc did not improve
114s - loss: 6.4587e-07 - acc: 1.0000 - val_loss: 1.1224 - val_acc: 0.7500
Epoch 368/500
Epoch 00367: val_acc did not improve
114s - loss: 6.3844e-07 - acc: 1.0000 - val_loss: 1.1227 - val_acc: 0.7500
Epoch 369/500
Epoch 00368: val_acc did not improve
115s - loss: 6.3095e-07 - acc: 1.0000 - val_loss: 1.1229 - val_acc: 0.7500
Epoch 370/500
Epoch 00369: val_acc did not improve
114s - loss: 6.2651e-07 - acc: 1.0000 - val_loss: 1.1232 - val_acc: 0.7500
Epoch 371/500
Epoch 00370: val_acc did not improve
114s - loss: 6.2205e-07 - acc: 1.0000 - val_loss: 1.1234 - val_acc: 0.7500
Epoch 372/500
Epoch 00371: val_acc did not improve
114s - loss: 6.1536e-07 - acc: 1.0000 - val_loss: 1.1236 - val_acc: 0.7500
Epoch 373/500
Epoch 00372: val_acc did not improve
114s - loss: 6.0636e-07 - acc: 1.0000 - val_loss: 1.1245 - val_acc: 0.7500
Epoch 374/500
Epoch 00373: val_acc did not improve
115s - loss: 5.9966e-07 - acc: 1.0000 - val_loss: 1.1246 - val_acc: 0.7500
Epoch 375/500
Epoch 00374: val_acc did not improve
114s - loss: 5.9516e-07 - acc: 1.0000 - val_loss: 1.1251 - val_acc: 0.7500
Epoch 376/500
Epoch 00375: val_acc did not improve
115s - loss: 5.8993e-07 - acc: 1.0000 - val_loss: 1.1254 - val_acc: 0.7500
Epoch 377/500
Epoch 00376: val_acc did not improve
114s - loss: 5.8845e-07 - acc: 1.0000 - val_loss: 1.1254 - val_acc: 0.7500
Epoch 378/500
Epoch 00377: val_acc did not improve
115s - loss: 5.8396e-07 - acc: 1.0000 - val_loss: 1.1259 - val_acc: 0.7500
Epoch 379/500
Epoch 00378: val_acc did not improve
114s - loss: 5.7949e-07 - acc: 1.0000 - val_loss: 1.1263 - val_acc: 0.7500
Epoch 380/500
Epoch 00379: val_acc did not improve
114s - loss: 5.7578e-07 - acc: 1.0000 - val_loss: 1.1268 - val_acc: 0.7500
Epoch 381/500
Epoch 00380: val_acc did not improve
114s - loss: 5.6684e-07 - acc: 1.0000 - val_loss: 1.1271 - val_acc: 0.7500
Epoch 382/500
Epoch 00381: val_acc did not improve
114s - loss: 5.6087e-07 - acc: 1.0000 - val_loss: 1.1275 - val_acc: 0.7500
Epoch 383/500
Epoch 00382: val_acc did not improve
114s - loss: 5.5488e-07 - acc: 1.0000 - val_loss: 1.1275 - val_acc: 0.7500
Epoch 384/500
Epoch 00383: val_acc did not improve
114s - loss: 5.5190e-07 - acc: 1.0000 - val_loss: 1.1281 - val_acc: 0.7500
Epoch 385/500
Epoch 00384: val_acc did not improve
114s - loss: 5.4669e-07 - acc: 1.0000 - val_loss: 1.1286 - val_acc: 0.7500
Epoch 386/500
Epoch 00385: val_acc did not improve
114s - loss: 5.4222e-07 - acc: 1.0000 - val_loss: 1.1287 - val_acc: 0.7500
Epoch 387/500
Epoch 00386: val_acc did not improve
114s - loss: 5.3852e-07 - acc: 1.0000 - val_loss: 1.1288 - val_acc: 0.7500
Epoch 388/500
Epoch 00387: val_acc did not improve
114s - loss: 5.2884e-07 - acc: 1.0000 - val_loss: 1.1296 - val_acc: 0.7500
Epoch 389/500
Epoch 00388: val_acc did not improve
114s - loss: 5.2509e-07 - acc: 1.0000 - val_loss: 1.1302 - val_acc: 0.7500
Epoch 390/500
Epoch 00389: val_acc did not improve
114s - loss: 5.2211e-07 - acc: 1.0000 - val_loss: 1.1303 - val_acc: 0.7500
Epoch 391/500
Epoch 00390: val_acc did not improve
114s - loss: 5.1911e-07 - acc: 1.0000 - val_loss: 1.1304 - val_acc: 0.7500
Epoch 392/500
Epoch 00391: val_acc did not improve
114s - loss: 5.1464e-07 - acc: 1.0000 - val_loss: 1.1307 - val_acc: 0.7500
Epoch 393/500
Epoch 00392: val_acc did not improve
115s - loss: 5.0943e-07 - acc: 1.0000 - val_loss: 1.1310 - val_acc: 0.7500
Epoch 394/500
Epoch 00393: val_acc did not improve
114s - loss: 5.0570e-07 - acc: 1.0000 - val_loss: 1.1315 - val_acc: 0.7500
Epoch 395/500
Epoch 00394: val_acc did not improve
114s - loss: 5.0121e-07 - acc: 1.0000 - val_loss: 1.1318 - val_acc: 0.7500
Epoch 396/500
Epoch 00395: val_acc did not improve
115s - loss: 4.9303e-07 - acc: 1.0000 - val_loss: 1.1320 - val_acc: 0.7500
Epoch 397/500
Epoch 00396: val_acc did not improve
114s - loss: 4.9006e-07 - acc: 1.0000 - val_loss: 1.1327 - val_acc: 0.7500
Epoch 398/500
Epoch 00397: val_acc did not improve
114s - loss: 4.8407e-07 - acc: 1.0000 - val_loss: 1.1332 - val_acc: 0.7500
Epoch 399/500
Epoch 00398: val_acc did not improve
115s - loss: 4.7884e-07 - acc: 1.0000 - val_loss: 1.1333 - val_acc: 0.7500
Epoch 400/500
Epoch 00399: val_acc did not improve
114s - loss: 4.7435e-07 - acc: 1.0000 - val_loss: 1.1337 - val_acc: 0.7500
Epoch 401/500
Epoch 00400: val_acc did not improve
114s - loss: 4.6987e-07 - acc: 1.0000 - val_loss: 1.1339 - val_acc: 0.7500
Epoch 402/500
Epoch 00401: val_acc did not improve
114s - loss: 4.6839e-07 - acc: 1.0000 - val_loss: 1.1342 - val_acc: 0.7500
Epoch 403/500
Epoch 00402: val_acc did not improve
114s - loss: 4.6092e-07 - acc: 1.0000 - val_loss: 1.1346 - val_acc: 0.7500
Epoch 404/500
Epoch 00403: val_acc did not improve
114s - loss: 4.5718e-07 - acc: 1.0000 - val_loss: 1.1348 - val_acc: 0.7500
Epoch 405/500
Epoch 00404: val_acc did not improve
115s - loss: 4.5195e-07 - acc: 1.0000 - val_loss: 1.1350 - val_acc: 0.7500
Epoch 406/500
Epoch 00405: val_acc did not improve
114s - loss: 4.4749e-07 - acc: 1.0000 - val_loss: 1.1359 - val_acc: 0.7500
Epoch 407/500
Epoch 00406: val_acc did not improve
114s - loss: 4.4601e-07 - acc: 1.0000 - val_loss: 1.1361 - val_acc: 0.7500
Epoch 408/500
Epoch 00407: val_acc did not improve
114s - loss: 4.4450e-07 - acc: 1.0000 - val_loss: 1.1365 - val_acc: 0.7500
Epoch 409/500
Epoch 00408: val_acc did not improve
115s - loss: 4.4078e-07 - acc: 1.0000 - val_loss: 1.1369 - val_acc: 0.7500
Epoch 410/500
Epoch 00409: val_acc did not improve
114s - loss: 4.3556e-07 - acc: 1.0000 - val_loss: 1.1371 - val_acc: 0.7500
Epoch 411/500
Epoch 00410: val_acc did not improve
114s - loss: 4.3257e-07 - acc: 1.0000 - val_loss: 1.1375 - val_acc: 0.7500
Epoch 412/500
Epoch 00411: val_acc did not improve
114s - loss: 4.2885e-07 - acc: 1.0000 - val_loss: 1.1383 - val_acc: 0.7500
Epoch 413/500
Epoch 00412: val_acc did not improve
115s - loss: 4.2367e-07 - acc: 1.0000 - val_loss: 1.1379 - val_acc: 0.7500
Epoch 414/500
Epoch 00413: val_acc did not improve
114s - loss: 4.1995e-07 - acc: 1.0000 - val_loss: 1.1386 - val_acc: 0.7500
Epoch 415/500
Epoch 00414: val_acc did not improve
114s - loss: 4.1397e-07 - acc: 1.0000 - val_loss: 1.1390 - val_acc: 0.7500
Epoch 416/500
Epoch 00415: val_acc did not improve
114s - loss: 4.1101e-07 - acc: 1.0000 - val_loss: 1.1393 - val_acc: 0.7500
Epoch 417/500
Epoch 00416: val_acc did not improve
114s - loss: 4.0505e-07 - acc: 1.0000 - val_loss: 1.1396 - val_acc: 0.7500
Epoch 418/500
Epoch 00417: val_acc did not improve
114s - loss: 4.0131e-07 - acc: 1.0000 - val_loss: 1.1401 - val_acc: 0.7500
Epoch 419/500
Epoch 00418: val_acc did not improve
115s - loss: 3.9981e-07 - acc: 1.0000 - val_loss: 1.1402 - val_acc: 0.7500
Epoch 420/500
Epoch 00419: val_acc did not improve
114s - loss: 3.9684e-07 - acc: 1.0000 - val_loss: 1.1407 - val_acc: 0.7500
Epoch 421/500
Epoch 00420: val_acc did not improve
114s - loss: 3.9238e-07 - acc: 1.0000 - val_loss: 1.1410 - val_acc: 0.7500
Epoch 422/500
Epoch 00421: val_acc did not improve
115s - loss: 3.8791e-07 - acc: 1.0000 - val_loss: 1.1415 - val_acc: 0.7500
Epoch 423/500
Epoch 00422: val_acc did not improve
114s - loss: 3.8492e-07 - acc: 1.0000 - val_loss: 1.1417 - val_acc: 0.7500
Epoch 424/500
Epoch 00423: val_acc did not improve
114s - loss: 3.8118e-07 - acc: 1.0000 - val_loss: 1.1423 - val_acc: 0.7500
Epoch 425/500
Epoch 00424: val_acc did not improve
114s - loss: 3.7970e-07 - acc: 1.0000 - val_loss: 1.1424 - val_acc: 0.7500
Epoch 426/500
Epoch 00425: val_acc did not improve
114s - loss: 3.7820e-07 - acc: 1.0000 - val_loss: 1.1428 - val_acc: 0.7500
Epoch 427/500
Epoch 00426: val_acc did not improve
114s - loss: 3.7595e-07 - acc: 1.0000 - val_loss: 1.1431 - val_acc: 0.7500
Epoch 428/500
Epoch 00427: val_acc did not improve
114s - loss: 3.7298e-07 - acc: 1.0000 - val_loss: 1.1432 - val_acc: 0.7500
Epoch 429/500
Epoch 00428: val_acc did not improve
114s - loss: 3.7000e-07 - acc: 1.0000 - val_loss: 1.1438 - val_acc: 0.7500
Epoch 430/500
Epoch 00429: val_acc did not improve
114s - loss: 3.6403e-07 - acc: 1.0000 - val_loss: 1.1444 - val_acc: 0.7500
Epoch 431/500
Epoch 00430: val_acc did not improve
114s - loss: 3.6254e-07 - acc: 1.0000 - val_loss: 1.1446 - val_acc: 0.7500
Epoch 432/500
Epoch 00431: val_acc did not improve
114s - loss: 3.5882e-07 - acc: 1.0000 - val_loss: 1.1446 - val_acc: 0.7500
Epoch 433/500
Epoch 00432: val_acc did not improve
115s - loss: 3.5435e-07 - acc: 1.0000 - val_loss: 1.1453 - val_acc: 0.7500
Epoch 434/500
Epoch 00433: val_acc did not improve
114s - loss: 3.5060e-07 - acc: 1.0000 - val_loss: 1.1456 - val_acc: 0.7500
Epoch 435/500
Epoch 00434: val_acc did not improve
114s - loss: 3.4688e-07 - acc: 1.0000 - val_loss: 1.1459 - val_acc: 0.7500
Epoch 436/500
Epoch 00435: val_acc did not improve
114s - loss: 3.4615e-07 - acc: 1.0000 - val_loss: 1.1467 - val_acc: 0.7500
Epoch 437/500
Epoch 00436: val_acc did not improve
114s - loss: 3.4316e-07 - acc: 1.0000 - val_loss: 1.1469 - val_acc: 0.7500
Epoch 438/500
Epoch 00437: val_acc did not improve
114s - loss: 3.4018e-07 - acc: 1.0000 - val_loss: 1.1474 - val_acc: 0.7500
Epoch 439/500
Epoch 00438: val_acc did not improve
114s - loss: 3.3646e-07 - acc: 1.0000 - val_loss: 1.1476 - val_acc: 0.7500
Epoch 440/500
Epoch 00439: val_acc did not improve
114s - loss: 3.3272e-07 - acc: 1.0000 - val_loss: 1.1480 - val_acc: 0.7500
Epoch 441/500
Epoch 00440: val_acc did not improve
114s - loss: 3.3049e-07 - acc: 1.0000 - val_loss: 1.1483 - val_acc: 0.7500
Epoch 442/500
Epoch 00441: val_acc did not improve
114s - loss: 3.2600e-07 - acc: 1.0000 - val_loss: 1.1486 - val_acc: 0.7500
Epoch 443/500
Epoch 00442: val_acc did not improve
114s - loss: 3.2076e-07 - acc: 1.0000 - val_loss: 1.1489 - val_acc: 0.7500
Epoch 444/500
Epoch 00443: val_acc did not improve
114s - loss: 3.2002e-07 - acc: 1.0000 - val_loss: 1.1497 - val_acc: 0.7500
Epoch 445/500
Epoch 00444: val_acc did not improve
114s - loss: 3.1777e-07 - acc: 1.0000 - val_loss: 1.1497 - val_acc: 0.7500
Epoch 446/500
Epoch 00445: val_acc did not improve
114s - loss: 3.1479e-07 - acc: 1.0000 - val_loss: 1.1501 - val_acc: 0.7500
Epoch 447/500
Epoch 00446: val_acc did not improve
114s - loss: 3.1330e-07 - acc: 1.0000 - val_loss: 1.1503 - val_acc: 0.7500
Epoch 448/500
Epoch 00447: val_acc did not improve
114s - loss: 3.0880e-07 - acc: 1.0000 - val_loss: 1.1511 - val_acc: 0.7500
Epoch 449/500
Epoch 00448: val_acc did not improve
114s - loss: 3.0731e-07 - acc: 1.0000 - val_loss: 1.1513 - val_acc: 0.7500
Epoch 450/500
Epoch 00449: val_acc did not improve
114s - loss: 3.0507e-07 - acc: 1.0000 - val_loss: 1.1519 - val_acc: 0.7500
Epoch 451/500
Epoch 00450: val_acc did not improve
114s - loss: 3.0282e-07 - acc: 1.0000 - val_loss: 1.1521 - val_acc: 0.7500
Epoch 452/500
Epoch 00451: val_acc did not improve
114s - loss: 3.0208e-07 - acc: 1.0000 - val_loss: 1.1524 - val_acc: 0.7500
Epoch 453/500
Epoch 00452: val_acc did not improve
114s - loss: 2.9983e-07 - acc: 1.0000 - val_loss: 1.1530 - val_acc: 0.7500
Epoch 454/500
Epoch 00453: val_acc did not improve
114s - loss: 2.9314e-07 - acc: 1.0000 - val_loss: 1.1535 - val_acc: 0.7500
Epoch 455/500
Epoch 00454: val_acc did not improve
114s - loss: 2.9017e-07 - acc: 1.0000 - val_loss: 1.1537 - val_acc: 0.7500
Epoch 456/500
Epoch 00455: val_acc did not improve
114s - loss: 2.8792e-07 - acc: 1.0000 - val_loss: 1.1540 - val_acc: 0.7500
Epoch 457/500
Epoch 00456: val_acc did not improve
114s - loss: 2.8420e-07 - acc: 1.0000 - val_loss: 1.1541 - val_acc: 0.7500
Epoch 458/500
Epoch 00457: val_acc did not improve
114s - loss: 2.8198e-07 - acc: 1.0000 - val_loss: 1.1548 - val_acc: 0.7500
Epoch 459/500
Epoch 00458: val_acc did not improve
114s - loss: 2.8049e-07 - acc: 1.0000 - val_loss: 1.1546 - val_acc: 0.7500
Epoch 460/500
Epoch 00459: val_acc did not improve
114s - loss: 2.7899e-07 - acc: 1.0000 - val_loss: 1.1559 - val_acc: 0.7500
Epoch 461/500
Epoch 00460: val_acc did not improve
114s - loss: 2.7600e-07 - acc: 1.0000 - val_loss: 1.1560 - val_acc: 0.7500
Epoch 462/500
Epoch 00461: val_acc did not improve
114s - loss: 2.7451e-07 - acc: 1.0000 - val_loss: 1.1562 - val_acc: 0.7500
Epoch 463/500
Epoch 00462: val_acc did not improve
114s - loss: 2.7376e-07 - acc: 1.0000 - val_loss: 1.1568 - val_acc: 0.7500
Epoch 464/500
Epoch 00463: val_acc did not improve
114s - loss: 2.7077e-07 - acc: 1.0000 - val_loss: 1.1571 - val_acc: 0.7500
Epoch 465/500
Epoch 00464: val_acc did not improve
114s - loss: 2.6553e-07 - acc: 1.0000 - val_loss: 1.1578 - val_acc: 0.7500
Epoch 466/500
Epoch 00465: val_acc did not improve
114s - loss: 2.6478e-07 - acc: 1.0000 - val_loss: 1.1579 - val_acc: 0.7500
Epoch 467/500
Epoch 00466: val_acc did not improve
114s - loss: 2.6328e-07 - acc: 1.0000 - val_loss: 1.1584 - val_acc: 0.7500
Epoch 468/500
Epoch 00467: val_acc did not improve
114s - loss: 2.5879e-07 - acc: 1.0000 - val_loss: 1.1585 - val_acc: 0.7500
Epoch 469/500
Epoch 00468: val_acc did not improve
114s - loss: 2.5656e-07 - acc: 1.0000 - val_loss: 1.1591 - val_acc: 0.7500
Epoch 470/500
Epoch 00469: val_acc did not improve
114s - loss: 2.5506e-07 - acc: 1.0000 - val_loss: 1.1600 - val_acc: 0.7500
Epoch 471/500
Epoch 00470: val_acc did not improve
114s - loss: 2.5206e-07 - acc: 1.0000 - val_loss: 1.1600 - val_acc: 0.7500
Epoch 472/500
Epoch 00471: val_acc did not improve
114s - loss: 2.4906e-07 - acc: 1.0000 - val_loss: 1.1601 - val_acc: 0.7500
Epoch 473/500
Epoch 00472: val_acc did not improve
114s - loss: 2.4831e-07 - acc: 1.0000 - val_loss: 1.1609 - val_acc: 0.7500
Epoch 474/500
Epoch 00473: val_acc did not improve
114s - loss: 2.4531e-07 - acc: 1.0000 - val_loss: 1.1611 - val_acc: 0.7500
Epoch 475/500
Epoch 00474: val_acc did not improve
115s - loss: 2.4234e-07 - acc: 1.0000 - val_loss: 1.1618 - val_acc: 0.7500
Epoch 476/500
Epoch 00475: val_acc did not improve
114s - loss: 2.4159e-07 - acc: 1.0000 - val_loss: 1.1622 - val_acc: 0.7500
Epoch 477/500
Epoch 00476: val_acc did not improve
114s - loss: 2.3861e-07 - acc: 1.0000 - val_loss: 1.1626 - val_acc: 0.7500
Epoch 478/500
Epoch 00477: val_acc did not improve
114s - loss: 2.3563e-07 - acc: 1.0000 - val_loss: 1.1634 - val_acc: 0.7500
Epoch 479/500
Epoch 00478: val_acc did not improve
114s - loss: 2.3415e-07 - acc: 1.0000 - val_loss: 1.1633 - val_acc: 0.7500
Epoch 480/500
Epoch 00479: val_acc did not improve
114s - loss: 2.3193e-07 - acc: 1.0000 - val_loss: 1.1633 - val_acc: 0.7500
Epoch 481/500
Epoch 00480: val_acc did not improve
114s - loss: 2.2893e-07 - acc: 1.0000 - val_loss: 1.1642 - val_acc: 0.7500
Epoch 482/500
Epoch 00481: val_acc did not improve
114s - loss: 2.2745e-07 - acc: 1.0000 - val_loss: 1.1647 - val_acc: 0.7500
Epoch 483/500
Epoch 00482: val_acc did not improve
114s - loss: 2.2596e-07 - acc: 1.0000 - val_loss: 1.1652 - val_acc: 0.7500
Epoch 484/500
Epoch 00483: val_acc did not improve
114s - loss: 2.2447e-07 - acc: 1.0000 - val_loss: 1.1653 - val_acc: 0.7500
Epoch 485/500
Epoch 00484: val_acc did not improve
114s - loss: 2.2149e-07 - acc: 1.0000 - val_loss: 1.1662 - val_acc: 0.7500
Epoch 486/500
Epoch 00485: val_acc did not improve
114s - loss: 2.1852e-07 - acc: 1.0000 - val_loss: 1.1666 - val_acc: 0.7500
Epoch 487/500
Epoch 00486: val_acc did not improve
115s - loss: 2.1778e-07 - acc: 1.0000 - val_loss: 1.1665 - val_acc: 0.7500
Epoch 488/500
Epoch 00487: val_acc did not improve
114s - loss: 2.1483e-07 - acc: 1.0000 - val_loss: 1.1672 - val_acc: 0.7500
Epoch 489/500
Epoch 00488: val_acc did not improve
114s - loss: 2.1408e-07 - acc: 1.0000 - val_loss: 1.1673 - val_acc: 0.7500
Epoch 490/500
Epoch 00489: val_acc did not improve
114s - loss: 2.1408e-07 - acc: 1.0000 - val_loss: 1.1679 - val_acc: 0.7500
Epoch 491/500
Epoch 00490: val_acc did not improve
114s - loss: 2.1408e-07 - acc: 1.0000 - val_loss: 1.1683 - val_acc: 0.7250
Epoch 492/500
Epoch 00491: val_acc did not improve
114s - loss: 2.1259e-07 - acc: 1.0000 - val_loss: 1.1683 - val_acc: 0.7250
Epoch 493/500
Epoch 00492: val_acc did not improve
114s - loss: 2.1033e-07 - acc: 1.0000 - val_loss: 1.1691 - val_acc: 0.7250
Epoch 494/500
Epoch 00493: val_acc did not improve
114s - loss: 2.0809e-07 - acc: 1.0000 - val_loss: 1.1691 - val_acc: 0.7250
Epoch 495/500
Epoch 00494: val_acc did not improve
114s - loss: 2.0660e-07 - acc: 1.0000 - val_loss: 1.1702 - val_acc: 0.7250
Epoch 496/500
Epoch 00495: val_acc did not improve
114s - loss: 2.0436e-07 - acc: 1.0000 - val_loss: 1.1703 - val_acc: 0.7250
Epoch 497/500
Epoch 00496: val_acc did not improve
114s - loss: 2.0362e-07 - acc: 1.0000 - val_loss: 1.1706 - val_acc: 0.7250
Epoch 498/500
Epoch 00497: val_acc did not improve
114s - loss: 2.0362e-07 - acc: 1.0000 - val_loss: 1.1712 - val_acc: 0.7250
Epoch 499/500
Epoch 00498: val_acc did not improve
114s - loss: 2.0138e-07 - acc: 1.0000 - val_loss: 1.1714 - val_acc: 0.7250
Epoch 500/500
Epoch 00499: val_acc did not improve
114s - loss: 1.9989e-07 - acc: 1.0000 - val_loss: 1.1720 - val_acc: 0.7250
Test score: 1.17200012207
Test accuracy: 0.725
