max: 1381.1198
X_train shape: (160, 1, 4000, 59)
160 train samples
40 test samples
y_train shape: (160, 2)
y_test shape: (40, 2)
____________________________________________________________________________________________________
Layer (type)                     Output Shape          Param #     Connected to                     
====================================================================================================
convolution2d_1 (Convolution2D)  (None, 40, 4000, 59)  240         convolution2d_input_1[0][0]      
____________________________________________________________________________________________________
activation_1 (Activation)        (None, 40, 4000, 59)  0           convolution2d_1[0][0]            
____________________________________________________________________________________________________
averagepooling2d_1 (AveragePoolin(None, 40, 2000, 59)  0           activation_1[0][0]               
____________________________________________________________________________________________________
convolution2d_2 (Convolution2D)  (None, 40, 2000, 59)  800040      averagepooling2d_1[0][0]         
____________________________________________________________________________________________________
activation_2 (Activation)        (None, 40, 2000, 59)  0           convolution2d_2[0][0]            
____________________________________________________________________________________________________
averagepooling2d_2 (AveragePoolin(None, 40, 200, 59)   0           activation_2[0][0]               
____________________________________________________________________________________________________
permute_1 (Permute)              (None, 200, 40, 59)   0           averagepooling2d_2[0][0]         
____________________________________________________________________________________________________
reshape_1 (Reshape)              (None, 200, 2360)     0           permute_1[0][0]                  
____________________________________________________________________________________________________
lstm_1 (LSTM)                    (None, 200, 128)      1274368     reshape_1[0][0]                  
____________________________________________________________________________________________________
lstm_2 (LSTM)                    (None, 200, 128)      131584      lstm_1[0][0]                     
____________________________________________________________________________________________________
flatten_1 (Flatten)              (None, 25600)         0           lstm_2[0][0]                     
____________________________________________________________________________________________________
dense_1 (Dense)                  (None, 2)             51202       flatten_1[0][0]                  
____________________________________________________________________________________________________
activation_3 (Activation)        (None, 2)             0           dense_1[0][0]                    
====================================================================================================
Total params: 2257434
____________________________________________________________________________________________________
Train on 160 samples, validate on 40 samples
Epoch 1/500
Epoch 00000: val_acc improved from -inf to 0.57500, saving model to /home/xcat/experiment/BCI2008/ds1a/model/on-filtered-data/2LSTM_true-adam0.0005.h5
110s - loss: 1.3365 - acc: 0.4750 - val_loss: 0.8391 - val_acc: 0.5750
Epoch 2/500
Epoch 00001: val_acc improved from 0.57500 to 0.60000, saving model to /home/xcat/experiment/BCI2008/ds1a/model/on-filtered-data/2LSTM_true-adam0.0005.h5
115s - loss: 1.1077 - acc: 0.4938 - val_loss: 0.8380 - val_acc: 0.6000
Epoch 3/500
Epoch 00002: val_acc did not improve
116s - loss: 0.8053 - acc: 0.6062 - val_loss: 1.1409 - val_acc: 0.5250
Epoch 4/500
Epoch 00003: val_acc did not improve
117s - loss: 0.6375 - acc: 0.6813 - val_loss: 0.7933 - val_acc: 0.5250
Epoch 5/500
Epoch 00004: val_acc did not improve
117s - loss: 0.3600 - acc: 0.8313 - val_loss: 1.0641 - val_acc: 0.5250
Epoch 6/500
Epoch 00005: val_acc did not improve
117s - loss: 0.1898 - acc: 0.9187 - val_loss: 0.9185 - val_acc: 0.6000
Epoch 7/500
Epoch 00006: val_acc did not improve
117s - loss: 0.0614 - acc: 0.9938 - val_loss: 1.1222 - val_acc: 0.6000
Epoch 8/500
Epoch 00007: val_acc improved from 0.60000 to 0.62500, saving model to /home/xcat/experiment/BCI2008/ds1a/model/on-filtered-data/2LSTM_true-adam0.0005.h5
117s - loss: 0.0171 - acc: 1.0000 - val_loss: 1.0808 - val_acc: 0.6250
Epoch 9/500
Epoch 00008: val_acc did not improve
117s - loss: 0.0047 - acc: 1.0000 - val_loss: 1.1374 - val_acc: 0.6000
Epoch 10/500
Epoch 00009: val_acc did not improve
116s - loss: 0.0025 - acc: 1.0000 - val_loss: 1.1731 - val_acc: 0.6000
Epoch 11/500
Epoch 00010: val_acc did not improve
117s - loss: 0.0017 - acc: 1.0000 - val_loss: 1.2011 - val_acc: 0.5750
Epoch 12/500
Epoch 00011: val_acc did not improve
117s - loss: 0.0013 - acc: 1.0000 - val_loss: 1.2119 - val_acc: 0.6000
Epoch 13/500
Epoch 00012: val_acc did not improve
116s - loss: 0.0011 - acc: 1.0000 - val_loss: 1.2274 - val_acc: 0.6000
Epoch 14/500
Epoch 00013: val_acc did not improve
117s - loss: 9.2408e-04 - acc: 1.0000 - val_loss: 1.2457 - val_acc: 0.5750
Epoch 15/500
Epoch 00014: val_acc did not improve
116s - loss: 7.9947e-04 - acc: 1.0000 - val_loss: 1.2576 - val_acc: 0.5750
Epoch 16/500
Epoch 00015: val_acc did not improve
117s - loss: 7.0823e-04 - acc: 1.0000 - val_loss: 1.2700 - val_acc: 0.5750
Epoch 17/500
Epoch 00016: val_acc did not improve
117s - loss: 6.2974e-04 - acc: 1.0000 - val_loss: 1.2821 - val_acc: 0.5750
Epoch 18/500
Epoch 00017: val_acc did not improve
117s - loss: 5.6502e-04 - acc: 1.0000 - val_loss: 1.2930 - val_acc: 0.5750
Epoch 19/500
Epoch 00018: val_acc did not improve
117s - loss: 5.1073e-04 - acc: 1.0000 - val_loss: 1.3031 - val_acc: 0.5750
Epoch 20/500
Epoch 00019: val_acc did not improve
116s - loss: 4.6474e-04 - acc: 1.0000 - val_loss: 1.3155 - val_acc: 0.6000
Epoch 21/500
Epoch 00020: val_acc did not improve
117s - loss: 4.2434e-04 - acc: 1.0000 - val_loss: 1.3224 - val_acc: 0.6000
Epoch 22/500
Epoch 00021: val_acc did not improve
116s - loss: 3.9016e-04 - acc: 1.0000 - val_loss: 1.3326 - val_acc: 0.6000
Epoch 23/500
Epoch 00022: val_acc did not improve
116s - loss: 3.6114e-04 - acc: 1.0000 - val_loss: 1.3392 - val_acc: 0.6000
Epoch 24/500
Epoch 00023: val_acc did not improve
116s - loss: 3.3294e-04 - acc: 1.0000 - val_loss: 1.3474 - val_acc: 0.6000
Epoch 25/500
Epoch 00024: val_acc did not improve
117s - loss: 3.0889e-04 - acc: 1.0000 - val_loss: 1.3559 - val_acc: 0.6000
Epoch 26/500
Epoch 00025: val_acc did not improve
117s - loss: 2.8777e-04 - acc: 1.0000 - val_loss: 1.3635 - val_acc: 0.6000
Epoch 27/500
Epoch 00026: val_acc did not improve
117s - loss: 2.6890e-04 - acc: 1.0000 - val_loss: 1.3704 - val_acc: 0.6000
Epoch 28/500
Epoch 00027: val_acc did not improve
117s - loss: 2.5139e-04 - acc: 1.0000 - val_loss: 1.3783 - val_acc: 0.6000
Epoch 29/500
Epoch 00028: val_acc did not improve
117s - loss: 2.3583e-04 - acc: 1.0000 - val_loss: 1.3835 - val_acc: 0.6000
Epoch 30/500
Epoch 00029: val_acc did not improve
117s - loss: 2.2187e-04 - acc: 1.0000 - val_loss: 1.3907 - val_acc: 0.6000
Epoch 31/500
Epoch 00030: val_acc did not improve
116s - loss: 2.0896e-04 - acc: 1.0000 - val_loss: 1.3964 - val_acc: 0.6000
Epoch 32/500
Epoch 00031: val_acc did not improve
117s - loss: 1.9742e-04 - acc: 1.0000 - val_loss: 1.4013 - val_acc: 0.6000
Epoch 33/500
Epoch 00032: val_acc did not improve
117s - loss: 1.8628e-04 - acc: 1.0000 - val_loss: 1.4073 - val_acc: 0.6000
Epoch 34/500
Epoch 00033: val_acc did not improve
117s - loss: 1.7648e-04 - acc: 1.0000 - val_loss: 1.4130 - val_acc: 0.6000
Epoch 35/500
Epoch 00034: val_acc did not improve
116s - loss: 1.6726e-04 - acc: 1.0000 - val_loss: 1.4183 - val_acc: 0.6000
Epoch 36/500
Epoch 00035: val_acc did not improve
116s - loss: 1.5889e-04 - acc: 1.0000 - val_loss: 1.4232 - val_acc: 0.6000
Epoch 37/500
Epoch 00036: val_acc did not improve
115s - loss: 1.5096e-04 - acc: 1.0000 - val_loss: 1.4292 - val_acc: 0.6000
Epoch 38/500
Epoch 00037: val_acc did not improve
115s - loss: 1.4390e-04 - acc: 1.0000 - val_loss: 1.4338 - val_acc: 0.6000
Epoch 39/500
Epoch 00038: val_acc did not improve
115s - loss: 1.3701e-04 - acc: 1.0000 - val_loss: 1.4371 - val_acc: 0.6000
Epoch 40/500
Epoch 00039: val_acc did not improve
115s - loss: 1.3086e-04 - acc: 1.0000 - val_loss: 1.4424 - val_acc: 0.6000
Epoch 41/500
Epoch 00040: val_acc did not improve
116s - loss: 1.2477e-04 - acc: 1.0000 - val_loss: 1.4489 - val_acc: 0.6000
Epoch 42/500
Epoch 00041: val_acc did not improve
116s - loss: 1.1942e-04 - acc: 1.0000 - val_loss: 1.4530 - val_acc: 0.6000
Epoch 43/500
Epoch 00042: val_acc did not improve
115s - loss: 1.1413e-04 - acc: 1.0000 - val_loss: 1.4564 - val_acc: 0.6000
Epoch 44/500
Epoch 00043: val_acc did not improve
115s - loss: 1.0937e-04 - acc: 1.0000 - val_loss: 1.4620 - val_acc: 0.6000
Epoch 45/500
Epoch 00044: val_acc did not improve
115s - loss: 1.0487e-04 - acc: 1.0000 - val_loss: 1.4654 - val_acc: 0.6000
Epoch 46/500
Epoch 00045: val_acc did not improve
115s - loss: 1.0047e-04 - acc: 1.0000 - val_loss: 1.4697 - val_acc: 0.6000
Epoch 47/500
Epoch 00046: val_acc did not improve
115s - loss: 9.6732e-05 - acc: 1.0000 - val_loss: 1.4742 - val_acc: 0.6000
Epoch 48/500
Epoch 00047: val_acc did not improve
116s - loss: 9.2815e-05 - acc: 1.0000 - val_loss: 1.4779 - val_acc: 0.6000
Epoch 49/500
Epoch 00048: val_acc did not improve
116s - loss: 8.9429e-05 - acc: 1.0000 - val_loss: 1.4823 - val_acc: 0.6000
Epoch 50/500
Epoch 00049: val_acc did not improve
115s - loss: 8.5928e-05 - acc: 1.0000 - val_loss: 1.4844 - val_acc: 0.6000
Epoch 51/500
Epoch 00050: val_acc did not improve
115s - loss: 8.2687e-05 - acc: 1.0000 - val_loss: 1.4882 - val_acc: 0.6000
Epoch 52/500
Epoch 00051: val_acc did not improve
115s - loss: 7.9868e-05 - acc: 1.0000 - val_loss: 1.4929 - val_acc: 0.6000
Epoch 53/500
Epoch 00052: val_acc did not improve
115s - loss: 7.6884e-05 - acc: 1.0000 - val_loss: 1.4959 - val_acc: 0.6000
Epoch 54/500
Epoch 00053: val_acc did not improve
116s - loss: 7.4223e-05 - acc: 1.0000 - val_loss: 1.4988 - val_acc: 0.6000
Epoch 55/500
Epoch 00054: val_acc did not improve
116s - loss: 7.1721e-05 - acc: 1.0000 - val_loss: 1.5034 - val_acc: 0.6000
Epoch 56/500
Epoch 00055: val_acc did not improve
116s - loss: 6.9290e-05 - acc: 1.0000 - val_loss: 1.5080 - val_acc: 0.6000
Epoch 57/500
Epoch 00056: val_acc did not improve
115s - loss: 6.6897e-05 - acc: 1.0000 - val_loss: 1.5096 - val_acc: 0.6000
Epoch 58/500
Epoch 00057: val_acc did not improve
115s - loss: 6.4646e-05 - acc: 1.0000 - val_loss: 1.5129 - val_acc: 0.6000
Epoch 59/500
Epoch 00058: val_acc did not improve
115s - loss: 6.2525e-05 - acc: 1.0000 - val_loss: 1.5160 - val_acc: 0.6000
Epoch 60/500
Epoch 00059: val_acc did not improve
115s - loss: 6.0537e-05 - acc: 1.0000 - val_loss: 1.5188 - val_acc: 0.6000
Epoch 61/500
Epoch 00060: val_acc did not improve
115s - loss: 5.8621e-05 - acc: 1.0000 - val_loss: 1.5218 - val_acc: 0.6000
Epoch 62/500
Epoch 00061: val_acc did not improve
116s - loss: 5.6872e-05 - acc: 1.0000 - val_loss: 1.5257 - val_acc: 0.6000
Epoch 63/500
Epoch 00062: val_acc did not improve
116s - loss: 5.5038e-05 - acc: 1.0000 - val_loss: 1.5282 - val_acc: 0.6000
Epoch 64/500
Epoch 00063: val_acc did not improve
115s - loss: 5.3343e-05 - acc: 1.0000 - val_loss: 1.5311 - val_acc: 0.6000
Epoch 65/500
Epoch 00064: val_acc did not improve
115s - loss: 5.1785e-05 - acc: 1.0000 - val_loss: 1.5340 - val_acc: 0.6000
Epoch 66/500
Epoch 00065: val_acc did not improve
115s - loss: 5.0233e-05 - acc: 1.0000 - val_loss: 1.5358 - val_acc: 0.6000
Epoch 67/500
Epoch 00066: val_acc did not improve
115s - loss: 4.8747e-05 - acc: 1.0000 - val_loss: 1.5395 - val_acc: 0.6000
Epoch 68/500
Epoch 00067: val_acc did not improve
115s - loss: 4.7388e-05 - acc: 1.0000 - val_loss: 1.5421 - val_acc: 0.6000
Epoch 69/500
Epoch 00068: val_acc did not improve
116s - loss: 4.6014e-05 - acc: 1.0000 - val_loss: 1.5435 - val_acc: 0.6000
Epoch 70/500
Epoch 00069: val_acc did not improve
115s - loss: 4.4720e-05 - acc: 1.0000 - val_loss: 1.5461 - val_acc: 0.6000
Epoch 71/500
Epoch 00070: val_acc did not improve
116s - loss: 4.3536e-05 - acc: 1.0000 - val_loss: 1.5505 - val_acc: 0.6000
Epoch 72/500
Epoch 00071: val_acc did not improve
116s - loss: 4.2288e-05 - acc: 1.0000 - val_loss: 1.5532 - val_acc: 0.6000
Epoch 73/500
Epoch 00072: val_acc did not improve
116s - loss: 4.1110e-05 - acc: 1.0000 - val_loss: 1.5554 - val_acc: 0.6000
Epoch 74/500
Epoch 00073: val_acc did not improve
116s - loss: 4.0068e-05 - acc: 1.0000 - val_loss: 1.5572 - val_acc: 0.6000
Epoch 75/500
Epoch 00074: val_acc did not improve
117s - loss: 3.8983e-05 - acc: 1.0000 - val_loss: 1.5608 - val_acc: 0.6000
Epoch 76/500
Epoch 00075: val_acc did not improve
116s - loss: 3.7919e-05 - acc: 1.0000 - val_loss: 1.5622 - val_acc: 0.6000
Epoch 77/500
Epoch 00076: val_acc did not improve
116s - loss: 3.6916e-05 - acc: 1.0000 - val_loss: 1.5643 - val_acc: 0.6000
Epoch 78/500
Epoch 00077: val_acc did not improve
117s - loss: 3.5992e-05 - acc: 1.0000 - val_loss: 1.5679 - val_acc: 0.6000
Epoch 79/500
Epoch 00078: val_acc did not improve
117s - loss: 3.5094e-05 - acc: 1.0000 - val_loss: 1.5697 - val_acc: 0.6000
Epoch 80/500
Epoch 00079: val_acc did not improve
117s - loss: 3.4194e-05 - acc: 1.0000 - val_loss: 1.5721 - val_acc: 0.6000
Epoch 81/500
Epoch 00080: val_acc did not improve
117s - loss: 3.3320e-05 - acc: 1.0000 - val_loss: 1.5750 - val_acc: 0.6000
Epoch 82/500
Epoch 00081: val_acc did not improve
117s - loss: 3.2496e-05 - acc: 1.0000 - val_loss: 1.5770 - val_acc: 0.6000
Epoch 83/500
Epoch 00082: val_acc did not improve
117s - loss: 3.1723e-05 - acc: 1.0000 - val_loss: 1.5785 - val_acc: 0.6000
Epoch 84/500
Epoch 00083: val_acc did not improve
116s - loss: 3.0940e-05 - acc: 1.0000 - val_loss: 1.5808 - val_acc: 0.6000
Epoch 85/500
Epoch 00084: val_acc did not improve
117s - loss: 3.0180e-05 - acc: 1.0000 - val_loss: 1.5835 - val_acc: 0.6000
Epoch 86/500
Epoch 00085: val_acc did not improve
117s - loss: 2.9488e-05 - acc: 1.0000 - val_loss: 1.5860 - val_acc: 0.6000
Epoch 87/500
Epoch 00086: val_acc did not improve
116s - loss: 2.8794e-05 - acc: 1.0000 - val_loss: 1.5875 - val_acc: 0.6000
Epoch 88/500
Epoch 00087: val_acc did not improve
117s - loss: 2.8123e-05 - acc: 1.0000 - val_loss: 1.5897 - val_acc: 0.6250
Epoch 89/500
Epoch 00088: val_acc did not improve
116s - loss: 2.7465e-05 - acc: 1.0000 - val_loss: 1.5912 - val_acc: 0.6250
Epoch 90/500
Epoch 00089: val_acc did not improve
116s - loss: 2.6842e-05 - acc: 1.0000 - val_loss: 1.5934 - val_acc: 0.6250
Epoch 91/500
Epoch 00090: val_acc did not improve
116s - loss: 2.6231e-05 - acc: 1.0000 - val_loss: 1.5961 - val_acc: 0.6250
Epoch 92/500
Epoch 00091: val_acc did not improve
116s - loss: 2.5647e-05 - acc: 1.0000 - val_loss: 1.5975 - val_acc: 0.6250
Epoch 93/500
Epoch 00092: val_acc did not improve
116s - loss: 2.5054e-05 - acc: 1.0000 - val_loss: 1.5998 - val_acc: 0.6250
Epoch 94/500
Epoch 00093: val_acc did not improve
117s - loss: 2.4516e-05 - acc: 1.0000 - val_loss: 1.6021 - val_acc: 0.6250
Epoch 95/500
Epoch 00094: val_acc did not improve
116s - loss: 2.3959e-05 - acc: 1.0000 - val_loss: 1.6041 - val_acc: 0.6250
Epoch 96/500
Epoch 00095: val_acc did not improve
116s - loss: 2.3439e-05 - acc: 1.0000 - val_loss: 1.6063 - val_acc: 0.6250
Epoch 97/500
Epoch 00096: val_acc did not improve
117s - loss: 2.2926e-05 - acc: 1.0000 - val_loss: 1.6084 - val_acc: 0.6250
Epoch 98/500
Epoch 00097: val_acc did not improve
117s - loss: 2.2441e-05 - acc: 1.0000 - val_loss: 1.6092 - val_acc: 0.6250
Epoch 99/500
Epoch 00098: val_acc did not improve
116s - loss: 2.1965e-05 - acc: 1.0000 - val_loss: 1.6114 - val_acc: 0.6250
Epoch 100/500
Epoch 00099: val_acc did not improve
116s - loss: 2.1481e-05 - acc: 1.0000 - val_loss: 1.6135 - val_acc: 0.6250
Epoch 101/500
Epoch 00100: val_acc did not improve
116s - loss: 2.1051e-05 - acc: 1.0000 - val_loss: 1.6157 - val_acc: 0.6250
Epoch 102/500
Epoch 00101: val_acc did not improve
116s - loss: 2.0607e-05 - acc: 1.0000 - val_loss: 1.6175 - val_acc: 0.6250
Epoch 103/500
Epoch 00102: val_acc did not improve
117s - loss: 2.0184e-05 - acc: 1.0000 - val_loss: 1.6184 - val_acc: 0.6250
Epoch 104/500
Epoch 00103: val_acc did not improve
117s - loss: 1.9748e-05 - acc: 1.0000 - val_loss: 1.6203 - val_acc: 0.6250
Epoch 105/500
Epoch 00104: val_acc did not improve
117s - loss: 1.9376e-05 - acc: 1.0000 - val_loss: 1.6230 - val_acc: 0.6250
Epoch 106/500
Epoch 00105: val_acc did not improve
117s - loss: 1.8973e-05 - acc: 1.0000 - val_loss: 1.6243 - val_acc: 0.6250
Epoch 107/500
Epoch 00106: val_acc did not improve
117s - loss: 1.8586e-05 - acc: 1.0000 - val_loss: 1.6261 - val_acc: 0.6250
Epoch 108/500
Epoch 00107: val_acc did not improve
116s - loss: 1.8227e-05 - acc: 1.0000 - val_loss: 1.6280 - val_acc: 0.6250
Epoch 109/500
Epoch 00108: val_acc did not improve
117s - loss: 1.7867e-05 - acc: 1.0000 - val_loss: 1.6298 - val_acc: 0.6250
Epoch 110/500
Epoch 00109: val_acc did not improve
116s - loss: 1.7510e-05 - acc: 1.0000 - val_loss: 1.6321 - val_acc: 0.6250
Epoch 111/500
Epoch 00110: val_acc did not improve
116s - loss: 1.7164e-05 - acc: 1.0000 - val_loss: 1.6334 - val_acc: 0.6250
Epoch 112/500
Epoch 00111: val_acc did not improve
117s - loss: 1.6851e-05 - acc: 1.0000 - val_loss: 1.6349 - val_acc: 0.6250
Epoch 113/500
Epoch 00112: val_acc did not improve
116s - loss: 1.6509e-05 - acc: 1.0000 - val_loss: 1.6370 - val_acc: 0.6250
Epoch 114/500
Epoch 00113: val_acc did not improve
116s - loss: 1.6196e-05 - acc: 1.0000 - val_loss: 1.6380 - val_acc: 0.6250
Epoch 115/500
Epoch 00114: val_acc did not improve
117s - loss: 1.5888e-05 - acc: 1.0000 - val_loss: 1.6392 - val_acc: 0.6250
Epoch 116/500
Epoch 00115: val_acc did not improve
116s - loss: 1.5589e-05 - acc: 1.0000 - val_loss: 1.6401 - val_acc: 0.6250
Epoch 117/500
Epoch 00116: val_acc did not improve
116s - loss: 1.5316e-05 - acc: 1.0000 - val_loss: 1.6434 - val_acc: 0.6250
Epoch 118/500
Epoch 00117: val_acc did not improve
116s - loss: 1.5015e-05 - acc: 1.0000 - val_loss: 1.6442 - val_acc: 0.6250
Epoch 119/500
Epoch 00118: val_acc did not improve
116s - loss: 1.4733e-05 - acc: 1.0000 - val_loss: 1.6455 - val_acc: 0.6250
Epoch 120/500
Epoch 00119: val_acc did not improve
116s - loss: 1.4469e-05 - acc: 1.0000 - val_loss: 1.6475 - val_acc: 0.6000
Epoch 121/500
Epoch 00120: val_acc did not improve
117s - loss: 1.4195e-05 - acc: 1.0000 - val_loss: 1.6493 - val_acc: 0.6000
Epoch 122/500
Epoch 00121: val_acc did not improve
117s - loss: 1.3937e-05 - acc: 1.0000 - val_loss: 1.6503 - val_acc: 0.6000
Epoch 123/500
Epoch 00122: val_acc did not improve
117s - loss: 1.3688e-05 - acc: 1.0000 - val_loss: 1.6524 - val_acc: 0.6000
Epoch 124/500
Epoch 00123: val_acc did not improve
117s - loss: 1.3434e-05 - acc: 1.0000 - val_loss: 1.6542 - val_acc: 0.6000
Epoch 125/500
Epoch 00124: val_acc did not improve
117s - loss: 1.3211e-05 - acc: 1.0000 - val_loss: 1.6556 - val_acc: 0.6000
Epoch 126/500
Epoch 00125: val_acc did not improve
117s - loss: 1.2962e-05 - acc: 1.0000 - val_loss: 1.6564 - val_acc: 0.6000
Epoch 127/500
Epoch 00126: val_acc did not improve
117s - loss: 1.2750e-05 - acc: 1.0000 - val_loss: 1.6583 - val_acc: 0.6000
Epoch 128/500
Epoch 00127: val_acc did not improve
117s - loss: 1.2505e-05 - acc: 1.0000 - val_loss: 1.6596 - val_acc: 0.6000
Epoch 129/500
Epoch 00128: val_acc did not improve
117s - loss: 1.2288e-05 - acc: 1.0000 - val_loss: 1.6616 - val_acc: 0.6000
Epoch 130/500
Epoch 00129: val_acc did not improve
117s - loss: 1.2082e-05 - acc: 1.0000 - val_loss: 1.6632 - val_acc: 0.6000
Epoch 131/500
Epoch 00130: val_acc did not improve
117s - loss: 1.1870e-05 - acc: 1.0000 - val_loss: 1.6646 - val_acc: 0.6000
Epoch 132/500
Epoch 00131: val_acc did not improve
117s - loss: 1.1659e-05 - acc: 1.0000 - val_loss: 1.6658 - val_acc: 0.6000
Epoch 133/500
Epoch 00132: val_acc did not improve
117s - loss: 1.1472e-05 - acc: 1.0000 - val_loss: 1.6671 - val_acc: 0.6000
Epoch 134/500
Epoch 00133: val_acc did not improve
117s - loss: 1.1265e-05 - acc: 1.0000 - val_loss: 1.6689 - val_acc: 0.6000
Epoch 135/500
Epoch 00134: val_acc did not improve
118s - loss: 1.1076e-05 - acc: 1.0000 - val_loss: 1.6700 - val_acc: 0.6000
Epoch 136/500
Epoch 00135: val_acc did not improve
117s - loss: 1.0895e-05 - acc: 1.0000 - val_loss: 1.6716 - val_acc: 0.6000
Epoch 137/500
Epoch 00136: val_acc did not improve
117s - loss: 1.0708e-05 - acc: 1.0000 - val_loss: 1.6728 - val_acc: 0.6000
Epoch 138/500
Epoch 00137: val_acc did not improve
117s - loss: 1.0540e-05 - acc: 1.0000 - val_loss: 1.6736 - val_acc: 0.6000
Epoch 139/500
Epoch 00138: val_acc did not improve
117s - loss: 1.0356e-05 - acc: 1.0000 - val_loss: 1.6752 - val_acc: 0.6000
Epoch 140/500
Epoch 00139: val_acc did not improve
117s - loss: 1.0186e-05 - acc: 1.0000 - val_loss: 1.6771 - val_acc: 0.6000
Epoch 141/500
Epoch 00140: val_acc did not improve
117s - loss: 1.0021e-05 - acc: 1.0000 - val_loss: 1.6786 - val_acc: 0.6000
Epoch 142/500
Epoch 00141: val_acc did not improve
117s - loss: 9.8549e-06 - acc: 1.0000 - val_loss: 1.6799 - val_acc: 0.6000
Epoch 143/500
Epoch 00142: val_acc did not improve
117s - loss: 9.6962e-06 - acc: 1.0000 - val_loss: 1.6812 - val_acc: 0.6000
Epoch 144/500
Epoch 00143: val_acc did not improve
117s - loss: 9.5375e-06 - acc: 1.0000 - val_loss: 1.6830 - val_acc: 0.6000
Epoch 145/500
Epoch 00144: val_acc did not improve
117s - loss: 9.3862e-06 - acc: 1.0000 - val_loss: 1.6834 - val_acc: 0.6000
Epoch 146/500
Epoch 00145: val_acc did not improve
117s - loss: 9.2335e-06 - acc: 1.0000 - val_loss: 1.6852 - val_acc: 0.6000
Epoch 147/500
Epoch 00146: val_acc did not improve
117s - loss: 9.0851e-06 - acc: 1.0000 - val_loss: 1.6862 - val_acc: 0.6000
Epoch 148/500
Epoch 00147: val_acc did not improve
117s - loss: 8.9442e-06 - acc: 1.0000 - val_loss: 1.6877 - val_acc: 0.6000
Epoch 149/500
Epoch 00148: val_acc did not improve
117s - loss: 8.7998e-06 - acc: 1.0000 - val_loss: 1.6890 - val_acc: 0.6000
Epoch 150/500
Epoch 00149: val_acc did not improve
117s - loss: 8.6590e-06 - acc: 1.0000 - val_loss: 1.6905 - val_acc: 0.6000
Epoch 151/500
Epoch 00150: val_acc did not improve
117s - loss: 8.5190e-06 - acc: 1.0000 - val_loss: 1.6917 - val_acc: 0.6000
Epoch 152/500
Epoch 00151: val_acc did not improve
117s - loss: 8.3945e-06 - acc: 1.0000 - val_loss: 1.6925 - val_acc: 0.6000
Epoch 153/500
Epoch 00152: val_acc did not improve
117s - loss: 8.2626e-06 - acc: 1.0000 - val_loss: 1.6946 - val_acc: 0.6000
Epoch 154/500
Epoch 00153: val_acc did not improve
117s - loss: 8.1337e-06 - acc: 1.0000 - val_loss: 1.6967 - val_acc: 0.6000
Epoch 155/500
Epoch 00154: val_acc did not improve
117s - loss: 8.0070e-06 - acc: 1.0000 - val_loss: 1.6971 - val_acc: 0.6000
Epoch 156/500
Epoch 00155: val_acc did not improve
117s - loss: 7.8803e-06 - acc: 1.0000 - val_loss: 1.6980 - val_acc: 0.6000
Epoch 157/500
Epoch 00156: val_acc did not improve
117s - loss: 7.7678e-06 - acc: 1.0000 - val_loss: 1.6997 - val_acc: 0.6000
Epoch 158/500
Epoch 00157: val_acc did not improve
117s - loss: 7.6433e-06 - acc: 1.0000 - val_loss: 1.7007 - val_acc: 0.6000
Epoch 159/500
Epoch 00158: val_acc did not improve
117s - loss: 7.5220e-06 - acc: 1.0000 - val_loss: 1.7019 - val_acc: 0.6000
Epoch 160/500
Epoch 00159: val_acc did not improve
117s - loss: 7.4139e-06 - acc: 1.0000 - val_loss: 1.7029 - val_acc: 0.6000
Epoch 161/500
Epoch 00160: val_acc did not improve
117s - loss: 7.2998e-06 - acc: 1.0000 - val_loss: 1.7043 - val_acc: 0.6000
Epoch 162/500
Epoch 00161: val_acc did not improve
117s - loss: 7.1962e-06 - acc: 1.0000 - val_loss: 1.7064 - val_acc: 0.6000
Epoch 163/500
Epoch 00162: val_acc did not improve
117s - loss: 7.0853e-06 - acc: 1.0000 - val_loss: 1.7071 - val_acc: 0.6000
Epoch 164/500
Epoch 00163: val_acc did not improve
117s - loss: 6.9750e-06 - acc: 1.0000 - val_loss: 1.7082 - val_acc: 0.6000
Epoch 165/500
Epoch 00164: val_acc did not improve
116s - loss: 6.8750e-06 - acc: 1.0000 - val_loss: 1.7093 - val_acc: 0.6000
Epoch 166/500
Epoch 00165: val_acc did not improve
117s - loss: 6.7708e-06 - acc: 1.0000 - val_loss: 1.7109 - val_acc: 0.6000
Epoch 167/500
Epoch 00166: val_acc did not improve
117s - loss: 6.6716e-06 - acc: 1.0000 - val_loss: 1.7124 - val_acc: 0.6000
Epoch 168/500
Epoch 00167: val_acc did not improve
117s - loss: 6.5762e-06 - acc: 1.0000 - val_loss: 1.7127 - val_acc: 0.6000
Epoch 169/500
Epoch 00168: val_acc did not improve
116s - loss: 6.4802e-06 - acc: 1.0000 - val_loss: 1.7144 - val_acc: 0.6000
Epoch 170/500
Epoch 00169: val_acc did not improve
117s - loss: 6.3871e-06 - acc: 1.0000 - val_loss: 1.7158 - val_acc: 0.6000
Epoch 171/500
Epoch 00170: val_acc did not improve
117s - loss: 6.2925e-06 - acc: 1.0000 - val_loss: 1.7167 - val_acc: 0.6000
Epoch 172/500
Epoch 00171: val_acc did not improve
117s - loss: 6.2036e-06 - acc: 1.0000 - val_loss: 1.7183 - val_acc: 0.6000
Epoch 173/500
Epoch 00172: val_acc did not improve
117s - loss: 6.1143e-06 - acc: 1.0000 - val_loss: 1.7185 - val_acc: 0.6250
Epoch 174/500
Epoch 00173: val_acc did not improve
117s - loss: 6.0242e-06 - acc: 1.0000 - val_loss: 1.7199 - val_acc: 0.6250
Epoch 175/500
Epoch 00174: val_acc did not improve
117s - loss: 5.9318e-06 - acc: 1.0000 - val_loss: 1.7216 - val_acc: 0.6250
Epoch 176/500
Epoch 00175: val_acc did not improve
117s - loss: 5.8490e-06 - acc: 1.0000 - val_loss: 1.7227 - val_acc: 0.6250
Epoch 177/500
Epoch 00176: val_acc did not improve
117s - loss: 5.7679e-06 - acc: 1.0000 - val_loss: 1.7238 - val_acc: 0.6250
Epoch 178/500
Epoch 00177: val_acc did not improve
117s - loss: 5.6836e-06 - acc: 1.0000 - val_loss: 1.7251 - val_acc: 0.6250
Epoch 179/500
Epoch 00178: val_acc did not improve
117s - loss: 5.6010e-06 - acc: 1.0000 - val_loss: 1.7262 - val_acc: 0.6250
Epoch 180/500
Epoch 00179: val_acc did not improve
117s - loss: 5.5272e-06 - acc: 1.0000 - val_loss: 1.7275 - val_acc: 0.6250
Epoch 181/500
Epoch 00180: val_acc did not improve
117s - loss: 5.4482e-06 - acc: 1.0000 - val_loss: 1.7282 - val_acc: 0.6250
Epoch 182/500
Epoch 00181: val_acc did not improve
117s - loss: 5.3722e-06 - acc: 1.0000 - val_loss: 1.7300 - val_acc: 0.6250
Epoch 183/500
Epoch 00182: val_acc did not improve
117s - loss: 5.2954e-06 - acc: 1.0000 - val_loss: 1.7307 - val_acc: 0.6250
Epoch 184/500
Epoch 00183: val_acc did not improve
117s - loss: 5.2232e-06 - acc: 1.0000 - val_loss: 1.7323 - val_acc: 0.6250
Epoch 185/500
Epoch 00184: val_acc did not improve
117s - loss: 5.1502e-06 - acc: 1.0000 - val_loss: 1.7330 - val_acc: 0.6250
Epoch 186/500
Epoch 00185: val_acc did not improve
117s - loss: 5.0749e-06 - acc: 1.0000 - val_loss: 1.7343 - val_acc: 0.6250
Epoch 187/500
Epoch 00186: val_acc did not improve
117s - loss: 5.0130e-06 - acc: 1.0000 - val_loss: 1.7354 - val_acc: 0.6250
Epoch 188/500
Epoch 00187: val_acc did not improve
117s - loss: 4.9385e-06 - acc: 1.0000 - val_loss: 1.7367 - val_acc: 0.6250
Epoch 189/500
Epoch 00188: val_acc did not improve
117s - loss: 4.8641e-06 - acc: 1.0000 - val_loss: 1.7380 - val_acc: 0.6250
Epoch 190/500
Epoch 00189: val_acc did not improve
117s - loss: 4.8029e-06 - acc: 1.0000 - val_loss: 1.7388 - val_acc: 0.6250
Epoch 191/500
Epoch 00190: val_acc did not improve
117s - loss: 4.7397e-06 - acc: 1.0000 - val_loss: 1.7398 - val_acc: 0.6250
Epoch 192/500
Epoch 00191: val_acc did not improve
117s - loss: 4.6748e-06 - acc: 1.0000 - val_loss: 1.7408 - val_acc: 0.6250
Epoch 193/500
Epoch 00192: val_acc improved from 0.62500 to 0.65000, saving model to /home/xcat/experiment/BCI2008/ds1a/model/on-filtered-data/2LSTM_true-adam0.0005.h5
117s - loss: 4.6085e-06 - acc: 1.0000 - val_loss: 1.7421 - val_acc: 0.6500
Epoch 194/500
Epoch 00193: val_acc did not improve
117s - loss: 4.5436e-06 - acc: 1.0000 - val_loss: 1.7429 - val_acc: 0.6500
Epoch 195/500
Epoch 00194: val_acc did not improve
117s - loss: 4.4847e-06 - acc: 1.0000 - val_loss: 1.7440 - val_acc: 0.6500
Epoch 196/500
Epoch 00195: val_acc did not improve
118s - loss: 4.4259e-06 - acc: 1.0000 - val_loss: 1.7450 - val_acc: 0.6500
Epoch 197/500
Epoch 00196: val_acc did not improve
117s - loss: 4.3648e-06 - acc: 1.0000 - val_loss: 1.7467 - val_acc: 0.6500
Epoch 198/500
Epoch 00197: val_acc did not improve
117s - loss: 4.3096e-06 - acc: 1.0000 - val_loss: 1.7480 - val_acc: 0.6500
Epoch 199/500
Epoch 00198: val_acc did not improve
118s - loss: 4.2486e-06 - acc: 1.0000 - val_loss: 1.7490 - val_acc: 0.6500
Epoch 200/500
Epoch 00199: val_acc did not improve
117s - loss: 4.1971e-06 - acc: 1.0000 - val_loss: 1.7503 - val_acc: 0.6500
Epoch 201/500
Epoch 00200: val_acc did not improve
117s - loss: 4.1457e-06 - acc: 1.0000 - val_loss: 1.7504 - val_acc: 0.6500
Epoch 202/500
Epoch 00201: val_acc did not improve
117s - loss: 4.0875e-06 - acc: 1.0000 - val_loss: 1.7523 - val_acc: 0.6500
Epoch 203/500
Epoch 00202: val_acc did not improve
117s - loss: 4.0272e-06 - acc: 1.0000 - val_loss: 1.7532 - val_acc: 0.6500
Epoch 204/500
Epoch 00203: val_acc did not improve
117s - loss: 3.9750e-06 - acc: 1.0000 - val_loss: 1.7541 - val_acc: 0.6500
Epoch 205/500
Epoch 00204: val_acc did not improve
117s - loss: 3.9244e-06 - acc: 1.0000 - val_loss: 1.7550 - val_acc: 0.6500
Epoch 206/500
Epoch 00205: val_acc did not improve
118s - loss: 3.8766e-06 - acc: 1.0000 - val_loss: 1.7566 - val_acc: 0.6500
Epoch 207/500
Epoch 00206: val_acc did not improve
117s - loss: 3.8184e-06 - acc: 1.0000 - val_loss: 1.7576 - val_acc: 0.6500
Epoch 208/500
Epoch 00207: val_acc did not improve
118s - loss: 3.7715e-06 - acc: 1.0000 - val_loss: 1.7585 - val_acc: 0.6500
Epoch 209/500
Epoch 00208: val_acc did not improve
118s - loss: 3.7231e-06 - acc: 1.0000 - val_loss: 1.7601 - val_acc: 0.6500
Epoch 210/500
Epoch 00209: val_acc did not improve
117s - loss: 3.6754e-06 - acc: 1.0000 - val_loss: 1.7612 - val_acc: 0.6500
Epoch 211/500
Epoch 00210: val_acc did not improve
118s - loss: 3.6256e-06 - acc: 1.0000 - val_loss: 1.7616 - val_acc: 0.6500
Epoch 212/500
Epoch 00211: val_acc did not improve
118s - loss: 3.5786e-06 - acc: 1.0000 - val_loss: 1.7624 - val_acc: 0.6500
Epoch 213/500
Epoch 00212: val_acc did not improve
117s - loss: 3.5308e-06 - acc: 1.0000 - val_loss: 1.7643 - val_acc: 0.6500
Epoch 214/500
Epoch 00213: val_acc did not improve
117s - loss: 3.4883e-06 - acc: 1.0000 - val_loss: 1.7651 - val_acc: 0.6500
Epoch 215/500
Epoch 00214: val_acc did not improve
117s - loss: 3.4400e-06 - acc: 1.0000 - val_loss: 1.7657 - val_acc: 0.6500
Epoch 216/500
Epoch 00215: val_acc did not improve
118s - loss: 3.4012e-06 - acc: 1.0000 - val_loss: 1.7670 - val_acc: 0.6500
Epoch 217/500
Epoch 00216: val_acc did not improve
117s - loss: 3.3564e-06 - acc: 1.0000 - val_loss: 1.7678 - val_acc: 0.6500
Epoch 218/500
Epoch 00217: val_acc did not improve
117s - loss: 3.3124e-06 - acc: 1.0000 - val_loss: 1.7688 - val_acc: 0.6500
Epoch 219/500
Epoch 00218: val_acc did not improve
118s - loss: 3.2677e-06 - acc: 1.0000 - val_loss: 1.7699 - val_acc: 0.6500
Epoch 220/500
Epoch 00219: val_acc did not improve
117s - loss: 3.2290e-06 - acc: 1.0000 - val_loss: 1.7712 - val_acc: 0.6500
Epoch 221/500
Epoch 00220: val_acc did not improve
117s - loss: 3.1880e-06 - acc: 1.0000 - val_loss: 1.7722 - val_acc: 0.6500
Epoch 222/500
Epoch 00221: val_acc did not improve
117s - loss: 3.1456e-06 - acc: 1.0000 - val_loss: 1.7732 - val_acc: 0.6500
Epoch 223/500
Epoch 00222: val_acc did not improve
117s - loss: 3.1098e-06 - acc: 1.0000 - val_loss: 1.7741 - val_acc: 0.6500
Epoch 224/500
Epoch 00223: val_acc did not improve
118s - loss: 3.0666e-06 - acc: 1.0000 - val_loss: 1.7756 - val_acc: 0.6500
Epoch 225/500
Epoch 00224: val_acc did not improve
117s - loss: 3.0293e-06 - acc: 1.0000 - val_loss: 1.7765 - val_acc: 0.6500
Epoch 226/500
Epoch 00225: val_acc did not improve
117s - loss: 2.9914e-06 - acc: 1.0000 - val_loss: 1.7774 - val_acc: 0.6500
Epoch 227/500
Epoch 00226: val_acc did not improve
117s - loss: 2.9511e-06 - acc: 1.0000 - val_loss: 1.7787 - val_acc: 0.6500
Epoch 228/500
Epoch 00227: val_acc did not improve
117s - loss: 2.9154e-06 - acc: 1.0000 - val_loss: 1.7796 - val_acc: 0.6500
Epoch 229/500
Epoch 00228: val_acc did not improve
117s - loss: 2.8803e-06 - acc: 1.0000 - val_loss: 1.7804 - val_acc: 0.6500
Epoch 230/500
Epoch 00229: val_acc did not improve
117s - loss: 2.8446e-06 - acc: 1.0000 - val_loss: 1.7813 - val_acc: 0.6500
Epoch 231/500
Epoch 00230: val_acc did not improve
117s - loss: 2.8088e-06 - acc: 1.0000 - val_loss: 1.7824 - val_acc: 0.6500
Epoch 232/500
Epoch 00231: val_acc did not improve
117s - loss: 2.7753e-06 - acc: 1.0000 - val_loss: 1.7837 - val_acc: 0.6500
Epoch 233/500
Epoch 00232: val_acc did not improve
117s - loss: 2.7425e-06 - acc: 1.0000 - val_loss: 1.7848 - val_acc: 0.6500
Epoch 234/500
Epoch 00233: val_acc did not improve
117s - loss: 2.7037e-06 - acc: 1.0000 - val_loss: 1.7860 - val_acc: 0.6500
Epoch 235/500
Epoch 00234: val_acc did not improve
116s - loss: 2.6739e-06 - acc: 1.0000 - val_loss: 1.7865 - val_acc: 0.6500
Epoch 236/500
Epoch 00235: val_acc did not improve
117s - loss: 2.6425e-06 - acc: 1.0000 - val_loss: 1.7874 - val_acc: 0.6500
Epoch 237/500
Epoch 00236: val_acc did not improve
117s - loss: 2.6113e-06 - acc: 1.0000 - val_loss: 1.7888 - val_acc: 0.6500
Epoch 238/500
Epoch 00237: val_acc did not improve
118s - loss: 2.5748e-06 - acc: 1.0000 - val_loss: 1.7898 - val_acc: 0.6500
Epoch 239/500
Epoch 00238: val_acc did not improve
117s - loss: 2.5463e-06 - acc: 1.0000 - val_loss: 1.7911 - val_acc: 0.6500
Epoch 240/500
Epoch 00239: val_acc did not improve
117s - loss: 2.5157e-06 - acc: 1.0000 - val_loss: 1.7920 - val_acc: 0.6500
Epoch 241/500
Epoch 00240: val_acc did not improve
117s - loss: 2.4800e-06 - acc: 1.0000 - val_loss: 1.7929 - val_acc: 0.6500
Epoch 242/500
Epoch 00241: val_acc did not improve
117s - loss: 2.4487e-06 - acc: 1.0000 - val_loss: 1.7935 - val_acc: 0.6500
Epoch 243/500
Epoch 00242: val_acc did not improve
117s - loss: 2.4212e-06 - acc: 1.0000 - val_loss: 1.7950 - val_acc: 0.6500
Epoch 244/500
Epoch 00243: val_acc did not improve
117s - loss: 2.3923e-06 - acc: 1.0000 - val_loss: 1.7957 - val_acc: 0.6500
Epoch 245/500
Epoch 00244: val_acc did not improve
117s - loss: 2.3632e-06 - acc: 1.0000 - val_loss: 1.7968 - val_acc: 0.6500
Epoch 246/500
Epoch 00245: val_acc did not improve
117s - loss: 2.3349e-06 - acc: 1.0000 - val_loss: 1.7978 - val_acc: 0.6500
Epoch 247/500
Epoch 00246: val_acc did not improve
116s - loss: 2.3044e-06 - acc: 1.0000 - val_loss: 1.7989 - val_acc: 0.6500
Epoch 248/500
Epoch 00247: val_acc did not improve
117s - loss: 2.2790e-06 - acc: 1.0000 - val_loss: 1.7997 - val_acc: 0.6500
Epoch 249/500
Epoch 00248: val_acc did not improve
117s - loss: 2.2485e-06 - acc: 1.0000 - val_loss: 1.8002 - val_acc: 0.6500
Epoch 250/500
Epoch 00249: val_acc did not improve
117s - loss: 2.2223e-06 - acc: 1.0000 - val_loss: 1.8014 - val_acc: 0.6500
Epoch 251/500
Epoch 00250: val_acc did not improve
117s - loss: 2.1954e-06 - acc: 1.0000 - val_loss: 1.8028 - val_acc: 0.6500
Epoch 252/500
Epoch 00251: val_acc did not improve
117s - loss: 2.1715e-06 - acc: 1.0000 - val_loss: 1.8039 - val_acc: 0.6500
Epoch 253/500
Epoch 00252: val_acc did not improve
118s - loss: 2.1424e-06 - acc: 1.0000 - val_loss: 1.8045 - val_acc: 0.6500
Epoch 254/500
Epoch 00253: val_acc did not improve
118s - loss: 2.1187e-06 - acc: 1.0000 - val_loss: 1.8059 - val_acc: 0.6500
Epoch 255/500
Epoch 00254: val_acc did not improve
117s - loss: 2.0896e-06 - acc: 1.0000 - val_loss: 1.8068 - val_acc: 0.6500
Epoch 256/500
Epoch 00255: val_acc did not improve
117s - loss: 2.0672e-06 - acc: 1.0000 - val_loss: 1.8078 - val_acc: 0.6500
Epoch 257/500
Epoch 00256: val_acc did not improve
117s - loss: 2.0426e-06 - acc: 1.0000 - val_loss: 1.8087 - val_acc: 0.6500
Epoch 258/500
Epoch 00257: val_acc did not improve
118s - loss: 2.0151e-06 - acc: 1.0000 - val_loss: 1.8094 - val_acc: 0.6500
Epoch 259/500
Epoch 00258: val_acc did not improve
117s - loss: 1.9957e-06 - acc: 1.0000 - val_loss: 1.8107 - val_acc: 0.6500
Epoch 260/500
Epoch 00259: val_acc did not improve
117s - loss: 1.9756e-06 - acc: 1.0000 - val_loss: 1.8117 - val_acc: 0.6500
Epoch 261/500
Epoch 00260: val_acc did not improve
118s - loss: 1.9510e-06 - acc: 1.0000 - val_loss: 1.8119 - val_acc: 0.6500
Epoch 262/500
Epoch 00261: val_acc did not improve
117s - loss: 1.9196e-06 - acc: 1.0000 - val_loss: 1.8133 - val_acc: 0.6500
Epoch 263/500
Epoch 00262: val_acc did not improve
117s - loss: 1.8994e-06 - acc: 1.0000 - val_loss: 1.8139 - val_acc: 0.6500
Epoch 264/500
Epoch 00263: val_acc did not improve
117s - loss: 1.8756e-06 - acc: 1.0000 - val_loss: 1.8155 - val_acc: 0.6500
Epoch 265/500
Epoch 00264: val_acc did not improve
117s - loss: 1.8555e-06 - acc: 1.0000 - val_loss: 1.8162 - val_acc: 0.6500
Epoch 266/500
Epoch 00265: val_acc did not improve
117s - loss: 1.8406e-06 - acc: 1.0000 - val_loss: 1.8175 - val_acc: 0.6500
Epoch 267/500
Epoch 00266: val_acc did not improve
118s - loss: 1.8152e-06 - acc: 1.0000 - val_loss: 1.8181 - val_acc: 0.6500
Epoch 268/500
Epoch 00267: val_acc did not improve
118s - loss: 1.7878e-06 - acc: 1.0000 - val_loss: 1.8187 - val_acc: 0.6500
Epoch 269/500
Epoch 00268: val_acc did not improve
117s - loss: 1.7714e-06 - acc: 1.0000 - val_loss: 1.8201 - val_acc: 0.6500
Epoch 270/500
Epoch 00269: val_acc did not improve
117s - loss: 1.7527e-06 - acc: 1.0000 - val_loss: 1.8213 - val_acc: 0.6500
Epoch 271/500
Epoch 00270: val_acc did not improve
117s - loss: 1.7266e-06 - acc: 1.0000 - val_loss: 1.8215 - val_acc: 0.6500
Epoch 272/500
Epoch 00271: val_acc did not improve
117s - loss: 1.7020e-06 - acc: 1.0000 - val_loss: 1.8228 - val_acc: 0.6500
Epoch 273/500
Epoch 00272: val_acc did not improve
117s - loss: 1.6871e-06 - acc: 1.0000 - val_loss: 1.8237 - val_acc: 0.6500
Epoch 274/500
Epoch 00273: val_acc did not improve
117s - loss: 1.6722e-06 - acc: 1.0000 - val_loss: 1.8247 - val_acc: 0.6500
Epoch 275/500
Epoch 00274: val_acc did not improve
117s - loss: 1.6536e-06 - acc: 1.0000 - val_loss: 1.8254 - val_acc: 0.6500
Epoch 276/500
Epoch 00275: val_acc did not improve
117s - loss: 1.6313e-06 - acc: 1.0000 - val_loss: 1.8264 - val_acc: 0.6500
Epoch 277/500
Epoch 00276: val_acc did not improve
117s - loss: 1.6066e-06 - acc: 1.0000 - val_loss: 1.8275 - val_acc: 0.6500
Epoch 278/500
Epoch 00277: val_acc did not improve
117s - loss: 1.5902e-06 - acc: 1.0000 - val_loss: 1.8281 - val_acc: 0.6500
Epoch 279/500
Epoch 00278: val_acc did not improve
117s - loss: 1.5783e-06 - acc: 1.0000 - val_loss: 1.8294 - val_acc: 0.6500
Epoch 280/500
Epoch 00279: val_acc did not improve
117s - loss: 1.5597e-06 - acc: 1.0000 - val_loss: 1.8303 - val_acc: 0.6500
Epoch 281/500
Epoch 00280: val_acc did not improve
117s - loss: 1.5380e-06 - acc: 1.0000 - val_loss: 1.8313 - val_acc: 0.6500
Epoch 282/500
Epoch 00281: val_acc did not improve
117s - loss: 1.5164e-06 - acc: 1.0000 - val_loss: 1.8325 - val_acc: 0.6500
Epoch 283/500
Epoch 00282: val_acc did not improve
117s - loss: 1.5000e-06 - acc: 1.0000 - val_loss: 1.8333 - val_acc: 0.6500
Epoch 284/500
Epoch 00283: val_acc did not improve
117s - loss: 1.4851e-06 - acc: 1.0000 - val_loss: 1.8340 - val_acc: 0.6500
Epoch 285/500
Epoch 00284: val_acc did not improve
117s - loss: 1.4687e-06 - acc: 1.0000 - val_loss: 1.8351 - val_acc: 0.6500
Epoch 286/500
Epoch 00285: val_acc did not improve
117s - loss: 1.4531e-06 - acc: 1.0000 - val_loss: 1.8361 - val_acc: 0.6500
Epoch 287/500
Epoch 00286: val_acc did not improve
118s - loss: 1.4359e-06 - acc: 1.0000 - val_loss: 1.8368 - val_acc: 0.6500
Epoch 288/500
Epoch 00287: val_acc did not improve
117s - loss: 1.4180e-06 - acc: 1.0000 - val_loss: 1.8379 - val_acc: 0.6500
Epoch 289/500
Epoch 00288: val_acc did not improve
117s - loss: 1.4024e-06 - acc: 1.0000 - val_loss: 1.8387 - val_acc: 0.6500
Epoch 290/500
Epoch 00289: val_acc did not improve
117s - loss: 1.3867e-06 - acc: 1.0000 - val_loss: 1.8395 - val_acc: 0.6500
Epoch 291/500
Epoch 00290: val_acc did not improve
118s - loss: 1.3688e-06 - acc: 1.0000 - val_loss: 1.8407 - val_acc: 0.6500
Epoch 292/500
Epoch 00291: val_acc did not improve
117s - loss: 1.3487e-06 - acc: 1.0000 - val_loss: 1.8420 - val_acc: 0.6500
Epoch 293/500
Epoch 00292: val_acc did not improve
118s - loss: 1.3331e-06 - acc: 1.0000 - val_loss: 1.8430 - val_acc: 0.6500
Epoch 294/500
Epoch 00293: val_acc did not improve
117s - loss: 1.3196e-06 - acc: 1.0000 - val_loss: 1.8436 - val_acc: 0.6500
Epoch 295/500
Epoch 00294: val_acc did not improve
117s - loss: 1.3070e-06 - acc: 1.0000 - val_loss: 1.8443 - val_acc: 0.6500
Epoch 296/500
Epoch 00295: val_acc did not improve
117s - loss: 1.2935e-06 - acc: 1.0000 - val_loss: 1.8457 - val_acc: 0.6500
Epoch 297/500
Epoch 00296: val_acc did not improve
117s - loss: 1.2801e-06 - acc: 1.0000 - val_loss: 1.8461 - val_acc: 0.6500
Epoch 298/500
Epoch 00297: val_acc did not improve
117s - loss: 1.2629e-06 - acc: 1.0000 - val_loss: 1.8473 - val_acc: 0.6500
Epoch 299/500
Epoch 00298: val_acc did not improve
117s - loss: 1.2473e-06 - acc: 1.0000 - val_loss: 1.8481 - val_acc: 0.6500
Epoch 300/500
Epoch 00299: val_acc did not improve
117s - loss: 1.2316e-06 - acc: 1.0000 - val_loss: 1.8486 - val_acc: 0.6500
Epoch 301/500
Epoch 00300: val_acc did not improve
117s - loss: 1.2182e-06 - acc: 1.0000 - val_loss: 1.8501 - val_acc: 0.6500
Epoch 302/500
Epoch 00301: val_acc did not improve
117s - loss: 1.2071e-06 - acc: 1.0000 - val_loss: 1.8505 - val_acc: 0.6500
Epoch 303/500
Epoch 00302: val_acc did not improve
117s - loss: 1.1922e-06 - acc: 1.0000 - val_loss: 1.8518 - val_acc: 0.6500
Epoch 304/500
Epoch 00303: val_acc did not improve
117s - loss: 1.1743e-06 - acc: 1.0000 - val_loss: 1.8524 - val_acc: 0.6500
Epoch 305/500
Epoch 00304: val_acc did not improve
117s - loss: 1.1624e-06 - acc: 1.0000 - val_loss: 1.8534 - val_acc: 0.6500
Epoch 306/500
Epoch 00305: val_acc did not improve
117s - loss: 1.1483e-06 - acc: 1.0000 - val_loss: 1.8545 - val_acc: 0.6500
Epoch 307/500
Epoch 00306: val_acc did not improve
117s - loss: 1.1393e-06 - acc: 1.0000 - val_loss: 1.8554 - val_acc: 0.6500
Epoch 308/500
Epoch 00307: val_acc did not improve
117s - loss: 1.1289e-06 - acc: 1.0000 - val_loss: 1.8565 - val_acc: 0.6500
Epoch 309/500
Epoch 00308: val_acc did not improve
117s - loss: 1.1117e-06 - acc: 1.0000 - val_loss: 1.8574 - val_acc: 0.6500
Epoch 310/500
Epoch 00309: val_acc did not improve
117s - loss: 1.1005e-06 - acc: 1.0000 - val_loss: 1.8581 - val_acc: 0.6500
Epoch 311/500
Epoch 00310: val_acc did not improve
117s - loss: 1.0878e-06 - acc: 1.0000 - val_loss: 1.8592 - val_acc: 0.6500
Epoch 312/500
Epoch 00311: val_acc did not improve
117s - loss: 1.0751e-06 - acc: 1.0000 - val_loss: 1.8601 - val_acc: 0.6500
Epoch 313/500
Epoch 00312: val_acc did not improve
117s - loss: 1.0617e-06 - acc: 1.0000 - val_loss: 1.8608 - val_acc: 0.6500
Epoch 314/500
Epoch 00313: val_acc did not improve
117s - loss: 1.0535e-06 - acc: 1.0000 - val_loss: 1.8620 - val_acc: 0.6500
Epoch 315/500
Epoch 00314: val_acc did not improve
117s - loss: 1.0401e-06 - acc: 1.0000 - val_loss: 1.8623 - val_acc: 0.6500
Epoch 316/500
Epoch 00315: val_acc did not improve
117s - loss: 1.0244e-06 - acc: 1.0000 - val_loss: 1.8639 - val_acc: 0.6500
Epoch 317/500
Epoch 00316: val_acc did not improve
117s - loss: 1.0132e-06 - acc: 1.0000 - val_loss: 1.8647 - val_acc: 0.6500
Epoch 318/500
Epoch 00317: val_acc did not improve
117s - loss: 1.0013e-06 - acc: 1.0000 - val_loss: 1.8655 - val_acc: 0.6500
Epoch 319/500
Epoch 00318: val_acc did not improve
117s - loss: 9.9233e-07 - acc: 1.0000 - val_loss: 1.8664 - val_acc: 0.6500
Epoch 320/500
Epoch 00319: val_acc did not improve
117s - loss: 9.8044e-07 - acc: 1.0000 - val_loss: 1.8669 - val_acc: 0.6500
Epoch 321/500
Epoch 00320: val_acc did not improve
117s - loss: 9.7148e-07 - acc: 1.0000 - val_loss: 1.8682 - val_acc: 0.6500
Epoch 322/500
Epoch 00321: val_acc did not improve
117s - loss: 9.5580e-07 - acc: 1.0000 - val_loss: 1.8690 - val_acc: 0.6500
Epoch 323/500
Epoch 00322: val_acc did not improve
117s - loss: 9.4542e-07 - acc: 1.0000 - val_loss: 1.8697 - val_acc: 0.6500
Epoch 324/500
Epoch 00323: val_acc did not improve
117s - loss: 9.3500e-07 - acc: 1.0000 - val_loss: 1.8707 - val_acc: 0.6500
Epoch 325/500
Epoch 00324: val_acc did not improve
116s - loss: 9.2604e-07 - acc: 1.0000 - val_loss: 1.8718 - val_acc: 0.6500
Epoch 326/500
Epoch 00325: val_acc did not improve
117s - loss: 9.1708e-07 - acc: 1.0000 - val_loss: 1.8725 - val_acc: 0.6500
Epoch 327/500
Epoch 00326: val_acc did not improve
117s - loss: 9.0290e-07 - acc: 1.0000 - val_loss: 1.8735 - val_acc: 0.6500
Epoch 328/500
Epoch 00327: val_acc did not improve
117s - loss: 8.9622e-07 - acc: 1.0000 - val_loss: 1.8746 - val_acc: 0.6500
Epoch 329/500
Epoch 00328: val_acc did not improve
117s - loss: 8.8432e-07 - acc: 1.0000 - val_loss: 1.8755 - val_acc: 0.6500
Epoch 330/500
Epoch 00329: val_acc did not improve
117s - loss: 8.7760e-07 - acc: 1.0000 - val_loss: 1.8764 - val_acc: 0.6500
Epoch 331/500
Epoch 00330: val_acc did not improve
117s - loss: 8.6788e-07 - acc: 1.0000 - val_loss: 1.8770 - val_acc: 0.6500
Epoch 332/500
Epoch 00331: val_acc did not improve
117s - loss: 8.5524e-07 - acc: 1.0000 - val_loss: 1.8780 - val_acc: 0.6500
Epoch 333/500
Epoch 00332: val_acc did not improve
116s - loss: 8.4778e-07 - acc: 1.0000 - val_loss: 1.8788 - val_acc: 0.6500
Epoch 334/500
Epoch 00333: val_acc did not improve
117s - loss: 8.3881e-07 - acc: 1.0000 - val_loss: 1.8799 - val_acc: 0.6500
Epoch 335/500
Epoch 00334: val_acc did not improve
117s - loss: 8.2835e-07 - acc: 1.0000 - val_loss: 1.8805 - val_acc: 0.6500
Epoch 336/500
Epoch 00335: val_acc did not improve
116s - loss: 8.2089e-07 - acc: 1.0000 - val_loss: 1.8817 - val_acc: 0.6500
Epoch 337/500
Epoch 00336: val_acc did not improve
116s - loss: 8.0524e-07 - acc: 1.0000 - val_loss: 1.8825 - val_acc: 0.6500
Epoch 338/500
Epoch 00337: val_acc did not improve
117s - loss: 7.9702e-07 - acc: 1.0000 - val_loss: 1.8831 - val_acc: 0.6500
Epoch 339/500
Epoch 00338: val_acc did not improve
117s - loss: 7.8509e-07 - acc: 1.0000 - val_loss: 1.8843 - val_acc: 0.6500
Epoch 340/500
Epoch 00339: val_acc did not improve
116s - loss: 7.8067e-07 - acc: 1.0000 - val_loss: 1.8851 - val_acc: 0.6500
Epoch 341/500
Epoch 00340: val_acc did not improve
117s - loss: 7.7543e-07 - acc: 1.0000 - val_loss: 1.8853 - val_acc: 0.6500
Epoch 342/500
Epoch 00341: val_acc did not improve
117s - loss: 7.6424e-07 - acc: 1.0000 - val_loss: 1.8867 - val_acc: 0.6500
Epoch 343/500
Epoch 00342: val_acc did not improve
117s - loss: 7.5752e-07 - acc: 1.0000 - val_loss: 1.8877 - val_acc: 0.6500
Epoch 344/500
Epoch 00343: val_acc did not improve
117s - loss: 7.4782e-07 - acc: 1.0000 - val_loss: 1.8887 - val_acc: 0.6500
Epoch 345/500
Epoch 00344: val_acc did not improve
116s - loss: 7.4185e-07 - acc: 1.0000 - val_loss: 1.8895 - val_acc: 0.6500
Epoch 346/500
Epoch 00345: val_acc did not improve
117s - loss: 7.3213e-07 - acc: 1.0000 - val_loss: 1.8903 - val_acc: 0.6500
Epoch 347/500
Epoch 00346: val_acc did not improve
116s - loss: 7.2467e-07 - acc: 1.0000 - val_loss: 1.8916 - val_acc: 0.6500
Epoch 348/500
Epoch 00347: val_acc did not improve
117s - loss: 7.1422e-07 - acc: 1.0000 - val_loss: 1.8924 - val_acc: 0.6500
Epoch 349/500
Epoch 00348: val_acc did not improve
117s - loss: 7.0305e-07 - acc: 1.0000 - val_loss: 1.8930 - val_acc: 0.6500
Epoch 350/500
Epoch 00349: val_acc did not improve
117s - loss: 6.9482e-07 - acc: 1.0000 - val_loss: 1.8943 - val_acc: 0.6500
Epoch 351/500
Epoch 00350: val_acc did not improve
116s - loss: 6.8959e-07 - acc: 1.0000 - val_loss: 1.8950 - val_acc: 0.6500
Epoch 352/500
Epoch 00351: val_acc did not improve
117s - loss: 6.8436e-07 - acc: 1.0000 - val_loss: 1.8955 - val_acc: 0.6500
Epoch 353/500
Epoch 00352: val_acc did not improve
117s - loss: 6.7842e-07 - acc: 1.0000 - val_loss: 1.8967 - val_acc: 0.6500
Epoch 354/500
Epoch 00353: val_acc did not improve
117s - loss: 6.6571e-07 - acc: 1.0000 - val_loss: 1.8975 - val_acc: 0.6500
Epoch 355/500
Epoch 00354: val_acc did not improve
117s - loss: 6.5305e-07 - acc: 1.0000 - val_loss: 1.8987 - val_acc: 0.6500
Epoch 356/500
Epoch 00355: val_acc did not improve
117s - loss: 6.4634e-07 - acc: 1.0000 - val_loss: 1.8993 - val_acc: 0.6500
Epoch 357/500
Epoch 00356: val_acc did not improve
117s - loss: 6.3885e-07 - acc: 1.0000 - val_loss: 1.9003 - val_acc: 0.6500
Epoch 358/500
Epoch 00357: val_acc did not improve
116s - loss: 6.3515e-07 - acc: 1.0000 - val_loss: 1.9011 - val_acc: 0.6500
Epoch 359/500
Epoch 00358: val_acc did not improve
117s - loss: 6.3068e-07 - acc: 1.0000 - val_loss: 1.9017 - val_acc: 0.6500
Epoch 360/500
Epoch 00359: val_acc did not improve
117s - loss: 6.2546e-07 - acc: 1.0000 - val_loss: 1.9026 - val_acc: 0.6500
Epoch 361/500
Epoch 00360: val_acc did not improve
117s - loss: 6.1730e-07 - acc: 1.0000 - val_loss: 1.9035 - val_acc: 0.6500
Epoch 362/500
Epoch 00361: val_acc did not improve
117s - loss: 6.1132e-07 - acc: 1.0000 - val_loss: 1.9039 - val_acc: 0.6500
Epoch 363/500
Epoch 00362: val_acc did not improve
117s - loss: 6.0087e-07 - acc: 1.0000 - val_loss: 1.9051 - val_acc: 0.6500
Epoch 364/500
Epoch 00363: val_acc did not improve
117s - loss: 5.9118e-07 - acc: 1.0000 - val_loss: 1.9066 - val_acc: 0.6500
Epoch 365/500
Epoch 00364: val_acc did not improve
117s - loss: 5.8520e-07 - acc: 1.0000 - val_loss: 1.9072 - val_acc: 0.6500
Epoch 366/500
Epoch 00365: val_acc did not improve
117s - loss: 5.7700e-07 - acc: 1.0000 - val_loss: 1.9078 - val_acc: 0.6500
Epoch 367/500
Epoch 00366: val_acc did not improve
117s - loss: 5.6955e-07 - acc: 1.0000 - val_loss: 1.9090 - val_acc: 0.6500
Epoch 368/500
Epoch 00367: val_acc did not improve
117s - loss: 5.6434e-07 - acc: 1.0000 - val_loss: 1.9096 - val_acc: 0.6500
Epoch 369/500
Epoch 00368: val_acc did not improve
117s - loss: 5.5761e-07 - acc: 1.0000 - val_loss: 1.9104 - val_acc: 0.6500
Epoch 370/500
Epoch 00369: val_acc did not improve
117s - loss: 5.5239e-07 - acc: 1.0000 - val_loss: 1.9114 - val_acc: 0.6500
Epoch 371/500
Epoch 00370: val_acc did not improve
117s - loss: 5.5015e-07 - acc: 1.0000 - val_loss: 1.9126 - val_acc: 0.6500
Epoch 372/500
Epoch 00371: val_acc did not improve
117s - loss: 5.4420e-07 - acc: 1.0000 - val_loss: 1.9137 - val_acc: 0.6500
Epoch 373/500
Epoch 00372: val_acc did not improve
117s - loss: 5.3675e-07 - acc: 1.0000 - val_loss: 1.9139 - val_acc: 0.6500
Epoch 374/500
Epoch 00373: val_acc did not improve
117s - loss: 5.2929e-07 - acc: 1.0000 - val_loss: 1.9151 - val_acc: 0.6500
Epoch 375/500
Epoch 00374: val_acc did not improve
116s - loss: 5.2480e-07 - acc: 1.0000 - val_loss: 1.9160 - val_acc: 0.6500
Epoch 376/500
Epoch 00375: val_acc did not improve
117s - loss: 5.2181e-07 - acc: 1.0000 - val_loss: 1.9167 - val_acc: 0.6500
Epoch 377/500
Epoch 00376: val_acc did not improve
117s - loss: 5.1362e-07 - acc: 1.0000 - val_loss: 1.9176 - val_acc: 0.6500
Epoch 378/500
Epoch 00377: val_acc did not improve
117s - loss: 5.0689e-07 - acc: 1.0000 - val_loss: 1.9185 - val_acc: 0.6500
Epoch 379/500
Epoch 00378: val_acc did not improve
117s - loss: 4.9790e-07 - acc: 1.0000 - val_loss: 1.9196 - val_acc: 0.6500
Epoch 380/500
Epoch 00379: val_acc did not improve
116s - loss: 4.9567e-07 - acc: 1.0000 - val_loss: 1.9202 - val_acc: 0.6500
Epoch 381/500
Epoch 00380: val_acc did not improve
117s - loss: 4.9120e-07 - acc: 1.0000 - val_loss: 1.9212 - val_acc: 0.6500
Epoch 382/500
Epoch 00381: val_acc did not improve
117s - loss: 4.8524e-07 - acc: 1.0000 - val_loss: 1.9220 - val_acc: 0.6500
Epoch 383/500
Epoch 00382: val_acc did not improve
117s - loss: 4.7703e-07 - acc: 1.0000 - val_loss: 1.9237 - val_acc: 0.6500
Epoch 384/500
Epoch 00383: val_acc did not improve
117s - loss: 4.6584e-07 - acc: 1.0000 - val_loss: 1.9243 - val_acc: 0.6500
Epoch 385/500
Epoch 00384: val_acc did not improve
117s - loss: 4.6359e-07 - acc: 1.0000 - val_loss: 1.9251 - val_acc: 0.6500
Epoch 386/500
Epoch 00385: val_acc did not improve
117s - loss: 4.5988e-07 - acc: 1.0000 - val_loss: 1.9259 - val_acc: 0.6500
Epoch 387/500
Epoch 00386: val_acc did not improve
116s - loss: 4.5468e-07 - acc: 1.0000 - val_loss: 1.9266 - val_acc: 0.6500
Epoch 388/500
Epoch 00387: val_acc did not improve
117s - loss: 4.5019e-07 - acc: 1.0000 - val_loss: 1.9273 - val_acc: 0.6500
Epoch 389/500
Epoch 00388: val_acc did not improve
117s - loss: 4.4870e-07 - acc: 1.0000 - val_loss: 1.9281 - val_acc: 0.6500
Epoch 390/500
Epoch 00389: val_acc did not improve
116s - loss: 4.4274e-07 - acc: 1.0000 - val_loss: 1.9290 - val_acc: 0.6500
Epoch 391/500
Epoch 00390: val_acc did not improve
117s - loss: 4.4049e-07 - acc: 1.0000 - val_loss: 1.9298 - val_acc: 0.6500
Epoch 392/500
Epoch 00391: val_acc did not improve
116s - loss: 4.3452e-07 - acc: 1.0000 - val_loss: 1.9306 - val_acc: 0.6500
Epoch 393/500
Epoch 00392: val_acc did not improve
117s - loss: 4.2855e-07 - acc: 1.0000 - val_loss: 1.9313 - val_acc: 0.6500
Epoch 394/500
Epoch 00393: val_acc did not improve
117s - loss: 4.2258e-07 - acc: 1.0000 - val_loss: 1.9326 - val_acc: 0.6500
Epoch 395/500
Epoch 00394: val_acc did not improve
117s - loss: 4.1661e-07 - acc: 1.0000 - val_loss: 1.9336 - val_acc: 0.6500
Epoch 396/500
Epoch 00395: val_acc did not improve
116s - loss: 4.1440e-07 - acc: 1.0000 - val_loss: 1.9343 - val_acc: 0.6500
Epoch 397/500
Epoch 00396: val_acc did not improve
117s - loss: 4.0544e-07 - acc: 1.0000 - val_loss: 1.9352 - val_acc: 0.6500
Epoch 398/500
Epoch 00397: val_acc did not improve
117s - loss: 4.0021e-07 - acc: 1.0000 - val_loss: 1.9360 - val_acc: 0.6500
Epoch 399/500
Epoch 00398: val_acc did not improve
116s - loss: 3.9498e-07 - acc: 1.0000 - val_loss: 1.9375 - val_acc: 0.6500
Epoch 400/500
Epoch 00399: val_acc did not improve
117s - loss: 3.9198e-07 - acc: 1.0000 - val_loss: 1.9382 - val_acc: 0.6500
Epoch 401/500
Epoch 00400: val_acc did not improve
117s - loss: 3.8900e-07 - acc: 1.0000 - val_loss: 1.9391 - val_acc: 0.6500
Epoch 402/500
Epoch 00401: val_acc did not improve
117s - loss: 3.8527e-07 - acc: 1.0000 - val_loss: 1.9397 - val_acc: 0.6500
Epoch 403/500
Epoch 00402: val_acc did not improve
117s - loss: 3.8231e-07 - acc: 1.0000 - val_loss: 1.9403 - val_acc: 0.6500
Epoch 404/500
Epoch 00403: val_acc did not improve
117s - loss: 3.7707e-07 - acc: 1.0000 - val_loss: 1.9413 - val_acc: 0.6500
Epoch 405/500
Epoch 00404: val_acc did not improve
117s - loss: 3.7334e-07 - acc: 1.0000 - val_loss: 1.9424 - val_acc: 0.6500
Epoch 406/500
Epoch 00405: val_acc did not improve
117s - loss: 3.6733e-07 - acc: 1.0000 - val_loss: 1.9428 - val_acc: 0.6500
Epoch 407/500
Epoch 00406: val_acc did not improve
117s - loss: 3.6209e-07 - acc: 1.0000 - val_loss: 1.9440 - val_acc: 0.6500
Epoch 408/500
Epoch 00407: val_acc did not improve
117s - loss: 3.5910e-07 - acc: 1.0000 - val_loss: 1.9446 - val_acc: 0.6500
Epoch 409/500
Epoch 00408: val_acc did not improve
117s - loss: 3.5312e-07 - acc: 1.0000 - val_loss: 1.9455 - val_acc: 0.6500
Epoch 410/500
Epoch 00409: val_acc did not improve
117s - loss: 3.4938e-07 - acc: 1.0000 - val_loss: 1.9467 - val_acc: 0.6500
Epoch 411/500
Epoch 00410: val_acc did not improve
117s - loss: 3.4491e-07 - acc: 1.0000 - val_loss: 1.9476 - val_acc: 0.6500
Epoch 412/500
Epoch 00411: val_acc did not improve
117s - loss: 3.4118e-07 - acc: 1.0000 - val_loss: 1.9483 - val_acc: 0.6500
Epoch 413/500
Epoch 00412: val_acc did not improve
117s - loss: 3.3519e-07 - acc: 1.0000 - val_loss: 1.9491 - val_acc: 0.6500
Epoch 414/500
Epoch 00413: val_acc did not improve
117s - loss: 3.3444e-07 - acc: 1.0000 - val_loss: 1.9501 - val_acc: 0.6500
Epoch 415/500
Epoch 00414: val_acc did not improve
117s - loss: 3.2921e-07 - acc: 1.0000 - val_loss: 1.9509 - val_acc: 0.6500
Epoch 416/500
Epoch 00415: val_acc did not improve
117s - loss: 3.2546e-07 - acc: 1.0000 - val_loss: 1.9516 - val_acc: 0.6500
Epoch 417/500
Epoch 00416: val_acc did not improve
117s - loss: 3.2176e-07 - acc: 1.0000 - val_loss: 1.9525 - val_acc: 0.6500
Epoch 418/500
Epoch 00417: val_acc did not improve
117s - loss: 3.1953e-07 - acc: 1.0000 - val_loss: 1.9531 - val_acc: 0.6500
Epoch 419/500
Epoch 00418: val_acc did not improve
116s - loss: 3.1730e-07 - acc: 1.0000 - val_loss: 1.9543 - val_acc: 0.6500
Epoch 420/500
Epoch 00419: val_acc did not improve
117s - loss: 3.1507e-07 - acc: 1.0000 - val_loss: 1.9548 - val_acc: 0.6500
Epoch 421/500
Epoch 00420: val_acc did not improve
117s - loss: 3.1209e-07 - acc: 1.0000 - val_loss: 1.9557 - val_acc: 0.6500
Epoch 422/500
Epoch 00421: val_acc did not improve
117s - loss: 3.0463e-07 - acc: 1.0000 - val_loss: 1.9567 - val_acc: 0.6500
Epoch 423/500
Epoch 00422: val_acc did not improve
116s - loss: 3.0314e-07 - acc: 1.0000 - val_loss: 1.9576 - val_acc: 0.6500
Epoch 424/500
Epoch 00423: val_acc did not improve
117s - loss: 2.9643e-07 - acc: 1.0000 - val_loss: 1.9584 - val_acc: 0.6500
Epoch 425/500
Epoch 00424: val_acc did not improve
118s - loss: 2.9343e-07 - acc: 1.0000 - val_loss: 1.9593 - val_acc: 0.6500
Epoch 426/500
Epoch 00425: val_acc did not improve
117s - loss: 2.9043e-07 - acc: 1.0000 - val_loss: 1.9603 - val_acc: 0.6500
Epoch 427/500
Epoch 00426: val_acc did not improve
117s - loss: 2.8373e-07 - acc: 1.0000 - val_loss: 1.9611 - val_acc: 0.6500
Epoch 428/500
Epoch 00427: val_acc did not improve
117s - loss: 2.8148e-07 - acc: 1.0000 - val_loss: 1.9620 - val_acc: 0.6500
Epoch 429/500
Epoch 00428: val_acc did not improve
116s - loss: 2.7776e-07 - acc: 1.0000 - val_loss: 1.9629 - val_acc: 0.6500
Epoch 430/500
Epoch 00429: val_acc did not improve
117s - loss: 2.7702e-07 - acc: 1.0000 - val_loss: 1.9634 - val_acc: 0.6500
Epoch 431/500
Epoch 00430: val_acc did not improve
117s - loss: 2.7480e-07 - acc: 1.0000 - val_loss: 1.9640 - val_acc: 0.6500
Epoch 432/500
Epoch 00431: val_acc did not improve
117s - loss: 2.7255e-07 - acc: 1.0000 - val_loss: 1.9653 - val_acc: 0.6500
Epoch 433/500
Epoch 00432: val_acc did not improve
117s - loss: 2.6734e-07 - acc: 1.0000 - val_loss: 1.9662 - val_acc: 0.6500
Epoch 434/500
Epoch 00433: val_acc did not improve
117s - loss: 2.6660e-07 - acc: 1.0000 - val_loss: 1.9672 - val_acc: 0.6250
Epoch 435/500
Epoch 00434: val_acc did not improve
117s - loss: 2.6361e-07 - acc: 1.0000 - val_loss: 1.9679 - val_acc: 0.6250
Epoch 436/500
Epoch 00435: val_acc did not improve
117s - loss: 2.5988e-07 - acc: 1.0000 - val_loss: 1.9685 - val_acc: 0.6250
Epoch 437/500
Epoch 00436: val_acc did not improve
117s - loss: 2.5613e-07 - acc: 1.0000 - val_loss: 1.9696 - val_acc: 0.6250
Epoch 438/500
Epoch 00437: val_acc did not improve
117s - loss: 2.5238e-07 - acc: 1.0000 - val_loss: 1.9706 - val_acc: 0.6250
Epoch 439/500
Epoch 00438: val_acc did not improve
117s - loss: 2.5015e-07 - acc: 1.0000 - val_loss: 1.9714 - val_acc: 0.6250
Epoch 440/500
Epoch 00439: val_acc did not improve
116s - loss: 2.4790e-07 - acc: 1.0000 - val_loss: 1.9723 - val_acc: 0.6250
Epoch 441/500
Epoch 00440: val_acc did not improve
117s - loss: 2.4565e-07 - acc: 1.0000 - val_loss: 1.9730 - val_acc: 0.6250
Epoch 442/500
Epoch 00441: val_acc did not improve
117s - loss: 2.4417e-07 - acc: 1.0000 - val_loss: 1.9739 - val_acc: 0.6250
Epoch 443/500
Epoch 00442: val_acc did not improve
117s - loss: 2.4042e-07 - acc: 1.0000 - val_loss: 1.9749 - val_acc: 0.6250
Epoch 444/500
Epoch 00443: val_acc did not improve
117s - loss: 2.3670e-07 - acc: 1.0000 - val_loss: 1.9758 - val_acc: 0.6250
Epoch 445/500
Epoch 00444: val_acc did not improve
117s - loss: 2.3371e-07 - acc: 1.0000 - val_loss: 1.9764 - val_acc: 0.6250
Epoch 446/500
Epoch 00445: val_acc did not improve
117s - loss: 2.2773e-07 - acc: 1.0000 - val_loss: 1.9775 - val_acc: 0.6250
Epoch 447/500
Epoch 00446: val_acc did not improve
117s - loss: 2.2623e-07 - acc: 1.0000 - val_loss: 1.9782 - val_acc: 0.6250
Epoch 448/500
Epoch 00447: val_acc did not improve
117s - loss: 2.2473e-07 - acc: 1.0000 - val_loss: 1.9790 - val_acc: 0.6250
Epoch 449/500
Epoch 00448: val_acc did not improve
117s - loss: 2.2173e-07 - acc: 1.0000 - val_loss: 1.9800 - val_acc: 0.6250
Epoch 450/500
Epoch 00449: val_acc did not improve
117s - loss: 2.2023e-07 - acc: 1.0000 - val_loss: 1.9806 - val_acc: 0.6250
Epoch 451/500
Epoch 00450: val_acc did not improve
117s - loss: 2.1873e-07 - acc: 1.0000 - val_loss: 1.9814 - val_acc: 0.6250
Epoch 452/500
Epoch 00451: val_acc did not improve
117s - loss: 2.1649e-07 - acc: 1.0000 - val_loss: 1.9826 - val_acc: 0.6250
Epoch 453/500
Epoch 00452: val_acc did not improve
117s - loss: 2.1424e-07 - acc: 1.0000 - val_loss: 1.9837 - val_acc: 0.6250
Epoch 454/500
Epoch 00453: val_acc did not improve
117s - loss: 2.0899e-07 - acc: 1.0000 - val_loss: 1.9841 - val_acc: 0.6250
Epoch 455/500
Epoch 00454: val_acc did not improve
117s - loss: 2.0377e-07 - acc: 1.0000 - val_loss: 1.9850 - val_acc: 0.6250
Epoch 456/500
Epoch 00455: val_acc did not improve
117s - loss: 2.0152e-07 - acc: 1.0000 - val_loss: 1.9859 - val_acc: 0.6250
Epoch 457/500
Epoch 00456: val_acc did not improve
117s - loss: 1.9780e-07 - acc: 1.0000 - val_loss: 1.9871 - val_acc: 0.6250
Epoch 458/500
Epoch 00457: val_acc did not improve
117s - loss: 1.9630e-07 - acc: 1.0000 - val_loss: 1.9873 - val_acc: 0.6250
Epoch 459/500
Epoch 00458: val_acc did not improve
117s - loss: 1.9330e-07 - acc: 1.0000 - val_loss: 1.9884 - val_acc: 0.6250
Epoch 460/500
Epoch 00459: val_acc did not improve
117s - loss: 1.9180e-07 - acc: 1.0000 - val_loss: 1.9891 - val_acc: 0.6250
Epoch 461/500
Epoch 00460: val_acc did not improve
117s - loss: 1.8880e-07 - acc: 1.0000 - val_loss: 1.9899 - val_acc: 0.6250
Epoch 462/500
Epoch 00461: val_acc did not improve
117s - loss: 1.8805e-07 - acc: 1.0000 - val_loss: 1.9906 - val_acc: 0.6250
Epoch 463/500
Epoch 00462: val_acc did not improve
117s - loss: 1.8582e-07 - acc: 1.0000 - val_loss: 1.9917 - val_acc: 0.6250
Epoch 464/500
Epoch 00463: val_acc did not improve
117s - loss: 1.8433e-07 - acc: 1.0000 - val_loss: 1.9924 - val_acc: 0.6250
Epoch 465/500
Epoch 00464: val_acc did not improve
117s - loss: 1.8209e-07 - acc: 1.0000 - val_loss: 1.9933 - val_acc: 0.6250
Epoch 466/500
Epoch 00465: val_acc did not improve
117s - loss: 1.8134e-07 - acc: 1.0000 - val_loss: 1.9938 - val_acc: 0.6250
Epoch 467/500
Epoch 00466: val_acc did not improve
117s - loss: 1.8134e-07 - acc: 1.0000 - val_loss: 1.9948 - val_acc: 0.6250
Epoch 468/500
Epoch 00467: val_acc did not improve
117s - loss: 1.7685e-07 - acc: 1.0000 - val_loss: 1.9958 - val_acc: 0.6250
Epoch 469/500
Epoch 00468: val_acc did not improve
117s - loss: 1.7610e-07 - acc: 1.0000 - val_loss: 1.9963 - val_acc: 0.6250
Epoch 470/500
Epoch 00469: val_acc did not improve
117s - loss: 1.7385e-07 - acc: 1.0000 - val_loss: 1.9971 - val_acc: 0.6250
Epoch 471/500
Epoch 00470: val_acc did not improve
117s - loss: 1.7086e-07 - acc: 1.0000 - val_loss: 1.9978 - val_acc: 0.6250
Epoch 472/500
Epoch 00471: val_acc did not improve
117s - loss: 1.7011e-07 - acc: 1.0000 - val_loss: 1.9987 - val_acc: 0.6250
Epoch 473/500
Epoch 00472: val_acc did not improve
117s - loss: 1.7011e-07 - acc: 1.0000 - val_loss: 1.9996 - val_acc: 0.6250
Epoch 474/500
Epoch 00473: val_acc did not improve
117s - loss: 1.6787e-07 - acc: 1.0000 - val_loss: 2.0005 - val_acc: 0.6250
Epoch 475/500
Epoch 00474: val_acc did not improve
117s - loss: 1.6564e-07 - acc: 1.0000 - val_loss: 2.0009 - val_acc: 0.6250
Epoch 476/500
Epoch 00475: val_acc did not improve
117s - loss: 1.6415e-07 - acc: 1.0000 - val_loss: 2.0016 - val_acc: 0.6250
Epoch 477/500
Epoch 00476: val_acc did not improve
117s - loss: 1.6190e-07 - acc: 1.0000 - val_loss: 2.0023 - val_acc: 0.6250
Epoch 478/500
Epoch 00477: val_acc did not improve
117s - loss: 1.5891e-07 - acc: 1.0000 - val_loss: 2.0030 - val_acc: 0.6250
Epoch 479/500
Epoch 00478: val_acc did not improve
117s - loss: 1.5742e-07 - acc: 1.0000 - val_loss: 2.0043 - val_acc: 0.6250
Epoch 480/500
Epoch 00479: val_acc did not improve
117s - loss: 1.5369e-07 - acc: 1.0000 - val_loss: 2.0049 - val_acc: 0.6250
Epoch 481/500
Epoch 00480: val_acc did not improve
117s - loss: 1.5220e-07 - acc: 1.0000 - val_loss: 2.0059 - val_acc: 0.6250
Epoch 482/500
Epoch 00481: val_acc did not improve
117s - loss: 1.4770e-07 - acc: 1.0000 - val_loss: 2.0063 - val_acc: 0.6250
Epoch 483/500
Epoch 00482: val_acc did not improve
117s - loss: 1.4546e-07 - acc: 1.0000 - val_loss: 2.0072 - val_acc: 0.6250
Epoch 484/500
Epoch 00483: val_acc did not improve
117s - loss: 1.4396e-07 - acc: 1.0000 - val_loss: 2.0077 - val_acc: 0.6250
Epoch 485/500
Epoch 00484: val_acc did not improve
117s - loss: 1.4321e-07 - acc: 1.0000 - val_loss: 2.0088 - val_acc: 0.6250
Epoch 486/500
Epoch 00485: val_acc did not improve
117s - loss: 1.4022e-07 - acc: 1.0000 - val_loss: 2.0096 - val_acc: 0.6250
Epoch 487/500
Epoch 00486: val_acc did not improve
117s - loss: 1.3873e-07 - acc: 1.0000 - val_loss: 2.0110 - val_acc: 0.6250
Epoch 488/500
Epoch 00487: val_acc did not improve
117s - loss: 1.3647e-07 - acc: 1.0000 - val_loss: 2.0114 - val_acc: 0.6250
Epoch 489/500
Epoch 00488: val_acc did not improve
117s - loss: 1.3497e-07 - acc: 1.0000 - val_loss: 2.0122 - val_acc: 0.6250
Epoch 490/500
Epoch 00489: val_acc did not improve
117s - loss: 1.3122e-07 - acc: 1.0000 - val_loss: 2.0128 - val_acc: 0.6250
Epoch 491/500
Epoch 00490: val_acc did not improve
117s - loss: 1.3048e-07 - acc: 1.0000 - val_loss: 2.0138 - val_acc: 0.6250
Epoch 492/500
Epoch 00491: val_acc did not improve
117s - loss: 1.2973e-07 - acc: 1.0000 - val_loss: 2.0146 - val_acc: 0.6250
Epoch 493/500
Epoch 00492: val_acc did not improve
117s - loss: 1.2973e-07 - acc: 1.0000 - val_loss: 2.0148 - val_acc: 0.6250
Epoch 494/500
Epoch 00493: val_acc did not improve
117s - loss: 1.2899e-07 - acc: 1.0000 - val_loss: 2.0159 - val_acc: 0.6250
Epoch 495/500
Epoch 00494: val_acc did not improve
117s - loss: 1.2824e-07 - acc: 1.0000 - val_loss: 2.0163 - val_acc: 0.6250
Epoch 496/500
Epoch 00495: val_acc did not improve
117s - loss: 1.2824e-07 - acc: 1.0000 - val_loss: 2.0175 - val_acc: 0.6250
Epoch 497/500
Epoch 00496: val_acc did not improve
117s - loss: 1.2749e-07 - acc: 1.0000 - val_loss: 2.0183 - val_acc: 0.6250
Epoch 498/500
Epoch 00497: val_acc did not improve
117s - loss: 1.2749e-07 - acc: 1.0000 - val_loss: 2.0191 - val_acc: 0.6250
Epoch 499/500
Epoch 00498: val_acc did not improve
117s - loss: 1.2749e-07 - acc: 1.0000 - val_loss: 2.0202 - val_acc: 0.6250
Epoch 500/500
Epoch 00499: val_acc did not improve
117s - loss: 1.2600e-07 - acc: 1.0000 - val_loss: 2.0206 - val_acc: 0.6500
Test score: 2.02061290741
Test accuracy: 0.65
