max: 1381.1198
X_train shape: (160, 1, 4000, 21, 19)
160 train samples
40 test samples
y_train shape: (160, 2)
y_test shape: (40, 2)
(None, 100, 16, 5, 4)
____________________________________________________________________________________________________
Layer (type)                     Output Shape          Param #     Connected to                     
====================================================================================================
convolution3d_1 (Convolution3D)  (None, 8, 4000, 21, 19208         convolution3d_input_1[0][0]      
____________________________________________________________________________________________________
activation_1 (Activation)        (None, 8, 4000, 21, 190           convolution3d_1[0][0]            
____________________________________________________________________________________________________
maxpooling3d_1 (MaxPooling3D)    (None, 8, 2000, 10, 9)0           activation_1[0][0]               
____________________________________________________________________________________________________
convolution3d_2 (Convolution3D)  (None, 16, 2000, 10, 91168        maxpooling3d_1[0][0]             
____________________________________________________________________________________________________
activation_2 (Activation)        (None, 16, 2000, 10, 90           convolution3d_2[0][0]            
____________________________________________________________________________________________________
maxpooling3d_2 (MaxPooling3D)    (None, 16, 100, 5, 4) 0           activation_2[0][0]               
____________________________________________________________________________________________________
permute_1 (Permute)              (None, 100, 16, 5, 4) 0           maxpooling3d_2[0][0]             
____________________________________________________________________________________________________
reshape_1 (Reshape)              (None, 100, 320)      0           permute_1[0][0]                  
____________________________________________________________________________________________________
lstm_1 (LSTM)                    (None, 100, 128)      229888      reshape_1[0][0]                  
____________________________________________________________________________________________________
lstm_2 (LSTM)                    (None, 100, 128)      131584      lstm_1[0][0]                     
____________________________________________________________________________________________________
flatten_1 (Flatten)              (None, 12800)         0           lstm_2[0][0]                     
____________________________________________________________________________________________________
dense_1 (Dense)                  (None, 2)             25602       flatten_1[0][0]                  
____________________________________________________________________________________________________
activation_3 (Activation)        (None, 2)             0           dense_1[0][0]                    
====================================================================================================
Total params: 388450
____________________________________________________________________________________________________
Train on 160 samples, validate on 40 samples
Epoch 1/500
Epoch 00000: val_acc improved from -inf to 0.57500, saving model to /media/kong/9A8821088820E48B/Xcat/experiment/BCI2008/ds1a/model/arange_pole/cube_cnn_2l_tmr_filtered.h5
309s - loss: 0.7322 - acc: 0.4500 - val_loss: 0.6884 - val_acc: 0.5750
Epoch 2/500
Epoch 00001: val_acc did not improve
308s - loss: 0.6950 - acc: 0.5125 - val_loss: 0.7137 - val_acc: 0.4250
Epoch 3/500
Epoch 00002: val_acc did not improve
319s - loss: 0.7073 - acc: 0.4438 - val_loss: 0.6846 - val_acc: 0.5750
Epoch 4/500
Epoch 00003: val_acc did not improve
300s - loss: 0.7025 - acc: 0.4813 - val_loss: 0.7107 - val_acc: 0.3750
Epoch 5/500
Epoch 00004: val_acc did not improve
307s - loss: 0.7038 - acc: 0.5438 - val_loss: 0.7105 - val_acc: 0.4250
Epoch 6/500
Epoch 00005: val_acc improved from 0.57500 to 0.62500, saving model to /media/kong/9A8821088820E48B/Xcat/experiment/BCI2008/ds1a/model/arange_pole/cube_cnn_2l_tmr_filtered.h5
312s - loss: 0.7031 - acc: 0.5187 - val_loss: 0.6906 - val_acc: 0.6250
Epoch 7/500
Epoch 00006: val_acc did not improve
308s - loss: 0.6764 - acc: 0.6063 - val_loss: 0.7083 - val_acc: 0.5500
Epoch 8/500
Epoch 00007: val_acc did not improve
320s - loss: 0.6776 - acc: 0.5875 - val_loss: 0.7715 - val_acc: 0.4500
Epoch 9/500
Epoch 00008: val_acc did not improve
316s - loss: 0.6523 - acc: 0.6250 - val_loss: 0.7081 - val_acc: 0.5250
Epoch 10/500
Epoch 00009: val_acc did not improve
320s - loss: 0.6131 - acc: 0.6437 - val_loss: 0.8175 - val_acc: 0.4250
Epoch 11/500
Epoch 00010: val_acc did not improve
315s - loss: 0.5863 - acc: 0.6813 - val_loss: 0.7130 - val_acc: 0.5750
Epoch 12/500
Epoch 00011: val_acc improved from 0.62500 to 0.72500, saving model to /media/kong/9A8821088820E48B/Xcat/experiment/BCI2008/ds1a/model/arange_pole/cube_cnn_2l_tmr_filtered.h5
322s - loss: 0.5927 - acc: 0.6750 - val_loss: 0.5940 - val_acc: 0.7250
Epoch 13/500
Epoch 00012: val_acc did not improve
318s - loss: 0.4801 - acc: 0.7313 - val_loss: 0.6167 - val_acc: 0.6500
Epoch 14/500
Epoch 00013: val_acc did not improve
317s - loss: 0.4854 - acc: 0.7625 - val_loss: 1.0874 - val_acc: 0.5250
Epoch 15/500
Epoch 00014: val_acc did not improve
313s - loss: 0.5183 - acc: 0.7562 - val_loss: 0.6957 - val_acc: 0.5500
Epoch 16/500
Epoch 00015: val_acc did not improve
318s - loss: 0.4405 - acc: 0.8063 - val_loss: 0.6138 - val_acc: 0.6250
Epoch 17/500
Epoch 00016: val_acc did not improve
311s - loss: 0.3601 - acc: 0.8625 - val_loss: 1.1038 - val_acc: 0.6250
Epoch 18/500
Epoch 00017: val_acc did not improve
320s - loss: 0.3557 - acc: 0.8000 - val_loss: 0.9630 - val_acc: 0.5000
Epoch 19/500
Epoch 00018: val_acc did not improve
314s - loss: 0.3261 - acc: 0.8688 - val_loss: 0.9213 - val_acc: 0.6250
Epoch 20/500
Epoch 00019: val_acc did not improve
321s - loss: 0.3481 - acc: 0.8375 - val_loss: 0.6849 - val_acc: 0.6750
Epoch 21/500
Epoch 00020: val_acc did not improve
315s - loss: 0.3006 - acc: 0.8187 - val_loss: 1.0559 - val_acc: 0.6250
Epoch 22/500
Epoch 00021: val_acc did not improve
320s - loss: 0.2201 - acc: 0.9000 - val_loss: 0.9387 - val_acc: 0.6250
Epoch 23/500
Epoch 00022: val_acc did not improve
321s - loss: 0.2119 - acc: 0.8937 - val_loss: 1.1468 - val_acc: 0.6500
Epoch 24/500
Epoch 00023: val_acc did not improve
315s - loss: 0.1561 - acc: 0.9437 - val_loss: 1.1848 - val_acc: 0.6750
Epoch 25/500
Epoch 00024: val_acc did not improve
317s - loss: 0.2368 - acc: 0.9188 - val_loss: 1.3416 - val_acc: 0.5750
Epoch 26/500
Epoch 00025: val_acc did not improve
320s - loss: 0.1499 - acc: 0.9500 - val_loss: 1.1768 - val_acc: 0.6750
Epoch 27/500
Epoch 00026: val_acc did not improve
317s - loss: 0.0482 - acc: 0.9938 - val_loss: 1.3079 - val_acc: 0.6500
Epoch 28/500
Epoch 00027: val_acc did not improve
321s - loss: 0.0182 - acc: 1.0000 - val_loss: 1.7872 - val_acc: 0.6750
Epoch 29/500
Epoch 00028: val_acc did not improve
316s - loss: 0.0204 - acc: 0.9938 - val_loss: 1.5986 - val_acc: 0.6500
Epoch 30/500
Epoch 00029: val_acc did not improve
326s - loss: 0.0084 - acc: 1.0000 - val_loss: 1.6646 - val_acc: 0.7000
Epoch 31/500
Epoch 00030: val_acc did not improve
317s - loss: 0.0033 - acc: 1.0000 - val_loss: 1.9007 - val_acc: 0.7250
Epoch 32/500
Epoch 00031: val_acc did not improve
319s - loss: 0.0018 - acc: 1.0000 - val_loss: 1.9561 - val_acc: 0.7250
Epoch 33/500
Epoch 00032: val_acc did not improve
322s - loss: 0.0013 - acc: 1.0000 - val_loss: 2.0302 - val_acc: 0.7250
Epoch 34/500
Epoch 00033: val_acc did not improve
318s - loss: 9.6120e-04 - acc: 1.0000 - val_loss: 2.0952 - val_acc: 0.7250
Epoch 35/500
Epoch 00034: val_acc did not improve
321s - loss: 7.5683e-04 - acc: 1.0000 - val_loss: 2.1480 - val_acc: 0.7250
Epoch 36/500
Epoch 00035: val_acc did not improve
317s - loss: 6.1564e-04 - acc: 1.0000 - val_loss: 2.1988 - val_acc: 0.7250
Epoch 37/500
Epoch 00036: val_acc did not improve
321s - loss: 4.9806e-04 - acc: 1.0000 - val_loss: 2.2469 - val_acc: 0.7250
Epoch 38/500
Epoch 00037: val_acc did not improve
317s - loss: 4.2514e-04 - acc: 1.0000 - val_loss: 2.2901 - val_acc: 0.7250
Epoch 39/500
Epoch 00038: val_acc did not improve
316s - loss: 3.5869e-04 - acc: 1.0000 - val_loss: 2.3303 - val_acc: 0.7250
Epoch 40/500
Epoch 00039: val_acc did not improve
321s - loss: 3.0732e-04 - acc: 1.0000 - val_loss: 2.3727 - val_acc: 0.7250
Epoch 41/500
Epoch 00040: val_acc did not improve
317s - loss: 2.6567e-04 - acc: 1.0000 - val_loss: 2.4112 - val_acc: 0.7250
Epoch 42/500
Epoch 00041: val_acc did not improve
321s - loss: 2.3158e-04 - acc: 1.0000 - val_loss: 2.4447 - val_acc: 0.7250
Epoch 43/500
Epoch 00042: val_acc did not improve
317s - loss: 2.0303e-04 - acc: 1.0000 - val_loss: 2.4770 - val_acc: 0.7250
Epoch 44/500
Epoch 00043: val_acc did not improve
323s - loss: 1.8134e-04 - acc: 1.0000 - val_loss: 2.5147 - val_acc: 0.7250
Epoch 45/500
Epoch 00044: val_acc did not improve
319s - loss: 1.6017e-04 - acc: 1.0000 - val_loss: 2.5448 - val_acc: 0.7250
Epoch 46/500
Epoch 00045: val_acc did not improve
319s - loss: 1.4277e-04 - acc: 1.0000 - val_loss: 2.5732 - val_acc: 0.7250
Epoch 47/500
Epoch 00046: val_acc did not improve
318s - loss: 1.2834e-04 - acc: 1.0000 - val_loss: 2.6035 - val_acc: 0.7250
Epoch 48/500
Epoch 00047: val_acc did not improve
320s - loss: 1.1529e-04 - acc: 1.0000 - val_loss: 2.6337 - val_acc: 0.7250
Epoch 49/500
Epoch 00048: val_acc did not improve
320s - loss: 1.0441e-04 - acc: 1.0000 - val_loss: 2.6639 - val_acc: 0.7250
Epoch 50/500
Epoch 00049: val_acc did not improve
326s - loss: 9.4265e-05 - acc: 1.0000 - val_loss: 2.6929 - val_acc: 0.7250
Epoch 51/500
Epoch 00050: val_acc did not improve
315s - loss: 8.5752e-05 - acc: 1.0000 - val_loss: 2.7180 - val_acc: 0.7250
Epoch 52/500
Epoch 00051: val_acc did not improve
317s - loss: 7.8078e-05 - acc: 1.0000 - val_loss: 2.7456 - val_acc: 0.7250
Epoch 53/500
Epoch 00052: val_acc did not improve
319s - loss: 7.1517e-05 - acc: 1.0000 - val_loss: 2.7689 - val_acc: 0.7250
Epoch 54/500
Epoch 00053: val_acc did not improve
322s - loss: 6.5565e-05 - acc: 1.0000 - val_loss: 2.7978 - val_acc: 0.7250
Epoch 55/500
Epoch 00054: val_acc did not improve
322s - loss: 6.0239e-05 - acc: 1.0000 - val_loss: 2.8227 - val_acc: 0.7250
Epoch 56/500
Epoch 00055: val_acc did not improve
314s - loss: 5.4702e-05 - acc: 1.0000 - val_loss: 2.8408 - val_acc: 0.7250
Epoch 57/500
Epoch 00056: val_acc did not improve
321s - loss: 5.0731e-05 - acc: 1.0000 - val_loss: 2.8718 - val_acc: 0.7250
Epoch 58/500
Epoch 00057: val_acc did not improve
320s - loss: 4.6569e-05 - acc: 1.0000 - val_loss: 2.8944 - val_acc: 0.7250
Epoch 59/500
Epoch 00058: val_acc did not improve
324s - loss: 4.2986e-05 - acc: 1.0000 - val_loss: 2.9180 - val_acc: 0.7250
Epoch 60/500
Epoch 00059: val_acc did not improve
323s - loss: 3.9625e-05 - acc: 1.0000 - val_loss: 2.9410 - val_acc: 0.7250
Epoch 61/500
Epoch 00060: val_acc did not improve
318s - loss: 3.6685e-05 - acc: 1.0000 - val_loss: 2.9618 - val_acc: 0.7250
Epoch 62/500
Epoch 00061: val_acc did not improve
321s - loss: 3.3973e-05 - acc: 1.0000 - val_loss: 2.9824 - val_acc: 0.7250
Epoch 63/500
Epoch 00062: val_acc did not improve
321s - loss: 3.1492e-05 - acc: 1.0000 - val_loss: 3.0036 - val_acc: 0.7250
Epoch 64/500
Epoch 00063: val_acc did not improve
317s - loss: 2.9285e-05 - acc: 1.0000 - val_loss: 3.0224 - val_acc: 0.7250
Epoch 65/500
Epoch 00064: val_acc did not improve
315s - loss: 2.7096e-05 - acc: 1.0000 - val_loss: 3.0413 - val_acc: 0.7250
Epoch 66/500
Epoch 00065: val_acc did not improve
317s - loss: 2.5176e-05 - acc: 1.0000 - val_loss: 3.0600 - val_acc: 0.7250
Epoch 67/500
Epoch 00066: val_acc did not improve
326s - loss: 2.3422e-05 - acc: 1.0000 - val_loss: 3.0768 - val_acc: 0.7250
Epoch 68/500
Epoch 00067: val_acc did not improve
323s - loss: 2.1885e-05 - acc: 1.0000 - val_loss: 3.0959 - val_acc: 0.7250
Epoch 69/500
Epoch 00068: val_acc did not improve
320s - loss: 2.0373e-05 - acc: 1.0000 - val_loss: 3.1105 - val_acc: 0.7250
Epoch 70/500
Epoch 00069: val_acc did not improve
317s - loss: 1.8833e-05 - acc: 1.0000 - val_loss: 3.1246 - val_acc: 0.7250
Epoch 71/500
Epoch 00070: val_acc did not improve
324s - loss: 1.7622e-05 - acc: 1.0000 - val_loss: 3.1375 - val_acc: 0.7250
Epoch 72/500
Epoch 00071: val_acc did not improve
320s - loss: 1.6394e-05 - acc: 1.0000 - val_loss: 3.1451 - val_acc: 0.7250
Epoch 73/500
Epoch 00072: val_acc did not improve
317s - loss: 1.5408e-05 - acc: 1.0000 - val_loss: 3.1531 - val_acc: 0.7250
Epoch 74/500
Epoch 00073: val_acc did not improve
321s - loss: 1.4447e-05 - acc: 1.0000 - val_loss: 3.1590 - val_acc: 0.7250
Epoch 75/500
Epoch 00074: val_acc did not improve
324s - loss: 1.3541e-05 - acc: 1.0000 - val_loss: 3.1677 - val_acc: 0.7250
Epoch 76/500
Epoch 00075: val_acc did not improve
318s - loss: 1.2640e-05 - acc: 1.0000 - val_loss: 3.1752 - val_acc: 0.7250
Epoch 77/500
Epoch 00076: val_acc did not improve
318s - loss: 1.1779e-05 - acc: 1.0000 - val_loss: 3.1822 - val_acc: 0.7250
Epoch 78/500
Epoch 00077: val_acc did not improve
312s - loss: 1.1027e-05 - acc: 1.0000 - val_loss: 3.1904 - val_acc: 0.7000
Epoch 79/500
Epoch 00078: val_acc did not improve
313s - loss: 1.0394e-05 - acc: 1.0000 - val_loss: 3.1977 - val_acc: 0.7000
Epoch 80/500
Epoch 00079: val_acc did not improve
314s - loss: 9.6620e-06 - acc: 1.0000 - val_loss: 3.2033 - val_acc: 0.7000
Epoch 81/500
Epoch 00080: val_acc did not improve
315s - loss: 9.0487e-06 - acc: 1.0000 - val_loss: 3.2116 - val_acc: 0.7000
Epoch 82/500
Epoch 00081: val_acc did not improve
320s - loss: 8.4795e-06 - acc: 1.0000 - val_loss: 3.2185 - val_acc: 0.7000
Epoch 83/500
Epoch 00082: val_acc did not improve
319s - loss: 7.9624e-06 - acc: 1.0000 - val_loss: 3.2256 - val_acc: 0.7000
Epoch 84/500
Epoch 00083: val_acc did not improve
319s - loss: 7.4527e-06 - acc: 1.0000 - val_loss: 3.2294 - val_acc: 0.7000
Epoch 85/500
Epoch 00084: val_acc did not improve
311s - loss: 7.0258e-06 - acc: 1.0000 - val_loss: 3.2377 - val_acc: 0.7000
Epoch 86/500
Epoch 00085: val_acc did not improve
323s - loss: 6.5809e-06 - acc: 1.0000 - val_loss: 3.2420 - val_acc: 0.7000
Epoch 87/500
Epoch 00086: val_acc did not improve
317s - loss: 6.1562e-06 - acc: 1.0000 - val_loss: 3.2515 - val_acc: 0.7000
Epoch 88/500
Epoch 00087: val_acc did not improve
322s - loss: 5.7881e-06 - acc: 1.0000 - val_loss: 3.2581 - val_acc: 0.7000
Epoch 89/500
Epoch 00088: val_acc did not improve
317s - loss: 5.4975e-06 - acc: 1.0000 - val_loss: 3.2643 - val_acc: 0.7000
Epoch 90/500
Epoch 00089: val_acc did not improve
320s - loss: 5.0996e-06 - acc: 1.0000 - val_loss: 3.2721 - val_acc: 0.7000
Epoch 91/500
Epoch 00090: val_acc did not improve
318s - loss: 4.7985e-06 - acc: 1.0000 - val_loss: 3.2766 - val_acc: 0.7000
Epoch 92/500
Epoch 00091: val_acc did not improve
319s - loss: 4.5110e-06 - acc: 1.0000 - val_loss: 3.2828 - val_acc: 0.7000
Epoch 93/500
Epoch 00092: val_acc did not improve
314s - loss: 4.2458e-06 - acc: 1.0000 - val_loss: 3.2891 - val_acc: 0.7000
Epoch 94/500
Epoch 00093: val_acc did not improve
317s - loss: 4.0043e-06 - acc: 1.0000 - val_loss: 3.2948 - val_acc: 0.7000
Epoch 95/500
Epoch 00094: val_acc did not improve
318s - loss: 3.7726e-06 - acc: 1.0000 - val_loss: 3.2994 - val_acc: 0.7000
Epoch 96/500
Epoch 00095: val_acc did not improve
316s - loss: 3.5520e-06 - acc: 1.0000 - val_loss: 3.3057 - val_acc: 0.7000
Epoch 97/500
Epoch 00096: val_acc did not improve
317s - loss: 3.3330e-06 - acc: 1.0000 - val_loss: 3.3098 - val_acc: 0.7000
Epoch 98/500
Epoch 00097: val_acc did not improve
318s - loss: 3.1384e-06 - acc: 1.0000 - val_loss: 3.3156 - val_acc: 0.7000
Epoch 99/500
Epoch 00098: val_acc did not improve
318s - loss: 2.9513e-06 - acc: 1.0000 - val_loss: 3.3234 - val_acc: 0.7000
Epoch 100/500
Epoch 00099: val_acc did not improve
314s - loss: 2.7882e-06 - acc: 1.0000 - val_loss: 3.3285 - val_acc: 0.7000
Epoch 101/500
Epoch 00100: val_acc did not improve
316s - loss: 2.6273e-06 - acc: 1.0000 - val_loss: 3.3352 - val_acc: 0.7000
Epoch 102/500
Epoch 00101: val_acc did not improve
315s - loss: 2.4738e-06 - acc: 1.0000 - val_loss: 3.3374 - val_acc: 0.7000
Epoch 103/500
Epoch 00102: val_acc did not improve
317s - loss: 2.3381e-06 - acc: 1.0000 - val_loss: 3.3430 - val_acc: 0.7000
Epoch 104/500
Epoch 00103: val_acc did not improve
320s - loss: 2.2011e-06 - acc: 1.0000 - val_loss: 3.3504 - val_acc: 0.7000
Epoch 105/500
Epoch 00104: val_acc did not improve
315s - loss: 2.0773e-06 - acc: 1.0000 - val_loss: 3.3534 - val_acc: 0.7000
Epoch 106/500
Epoch 00105: val_acc did not improve
313s - loss: 1.9574e-06 - acc: 1.0000 - val_loss: 3.3577 - val_acc: 0.7000
Epoch 107/500
Epoch 00106: val_acc did not improve
317s - loss: 1.8478e-06 - acc: 1.0000 - val_loss: 3.3648 - val_acc: 0.7000
Epoch 108/500
Epoch 00107: val_acc did not improve
312s - loss: 1.7368e-06 - acc: 1.0000 - val_loss: 3.3692 - val_acc: 0.7000
Epoch 109/500
Epoch 00108: val_acc did not improve
323s - loss: 1.6459e-06 - acc: 1.0000 - val_loss: 3.3737 - val_acc: 0.7000
Epoch 110/500
Epoch 00109: val_acc did not improve
319s - loss: 1.5505e-06 - acc: 1.0000 - val_loss: 3.3773 - val_acc: 0.7000
Epoch 111/500
Epoch 00110: val_acc did not improve
312s - loss: 1.4618e-06 - acc: 1.0000 - val_loss: 3.3810 - val_acc: 0.7000
Epoch 112/500
Epoch 00111: val_acc did not improve
317s - loss: 1.3843e-06 - acc: 1.0000 - val_loss: 3.3867 - val_acc: 0.7000
Epoch 113/500
Epoch 00112: val_acc did not improve
311s - loss: 1.3053e-06 - acc: 1.0000 - val_loss: 3.3901 - val_acc: 0.7000
Epoch 114/500
Epoch 00113: val_acc did not improve
317s - loss: 1.2375e-06 - acc: 1.0000 - val_loss: 3.3962 - val_acc: 0.7000
Epoch 115/500
Epoch 00114: val_acc did not improve
309s - loss: 1.1645e-06 - acc: 1.0000 - val_loss: 3.3989 - val_acc: 0.7000
Epoch 116/500
Epoch 00115: val_acc did not improve
319s - loss: 1.1071e-06 - acc: 1.0000 - val_loss: 3.4051 - val_acc: 0.7000
Epoch 117/500
Epoch 00116: val_acc did not improve
312s - loss: 1.0392e-06 - acc: 1.0000 - val_loss: 3.4074 - val_acc: 0.7000
Epoch 118/500
Epoch 00117: val_acc did not improve
310s - loss: 9.8110e-07 - acc: 1.0000 - val_loss: 3.4120 - val_acc: 0.7000
Epoch 119/500
Epoch 00118: val_acc did not improve
316s - loss: 9.2742e-07 - acc: 1.0000 - val_loss: 3.4183 - val_acc: 0.7000
Epoch 120/500
Epoch 00119: val_acc did not improve
319s - loss: 8.7527e-07 - acc: 1.0000 - val_loss: 3.4216 - val_acc: 0.7000
Epoch 121/500
Epoch 00120: val_acc did not improve
312s - loss: 8.2838e-07 - acc: 1.0000 - val_loss: 3.4249 - val_acc: 0.7000
Epoch 122/500
Epoch 00121: val_acc did not improve
311s - loss: 7.8512e-07 - acc: 1.0000 - val_loss: 3.4297 - val_acc: 0.7000
Epoch 123/500
Epoch 00122: val_acc did not improve
314s - loss: 7.4188e-07 - acc: 1.0000 - val_loss: 3.4332 - val_acc: 0.7000
Epoch 124/500
Epoch 00123: val_acc did not improve
313s - loss: 6.9939e-07 - acc: 1.0000 - val_loss: 3.4381 - val_acc: 0.7000
Epoch 125/500
Epoch 00124: val_acc did not improve
317s - loss: 6.6212e-07 - acc: 1.0000 - val_loss: 3.4432 - val_acc: 0.7000
Epoch 126/500
Epoch 00125: val_acc did not improve
311s - loss: 6.2633e-07 - acc: 1.0000 - val_loss: 3.4469 - val_acc: 0.7000
Epoch 127/500
Epoch 00126: val_acc did not improve
318s - loss: 5.9350e-07 - acc: 1.0000 - val_loss: 3.4489 - val_acc: 0.7000
Epoch 128/500
Epoch 00127: val_acc did not improve
314s - loss: 5.6366e-07 - acc: 1.0000 - val_loss: 3.4532 - val_acc: 0.7000
Epoch 129/500
Epoch 00128: val_acc did not improve
317s - loss: 5.3309e-07 - acc: 1.0000 - val_loss: 3.4580 - val_acc: 0.7000
Epoch 130/500
Epoch 00129: val_acc did not improve
321s - loss: 5.0481e-07 - acc: 1.0000 - val_loss: 3.4617 - val_acc: 0.7000
Epoch 131/500
Epoch 00130: val_acc did not improve
320s - loss: 4.7945e-07 - acc: 1.0000 - val_loss: 3.4653 - val_acc: 0.7000
Epoch 132/500
Epoch 00131: val_acc did not improve
315s - loss: 4.5484e-07 - acc: 1.0000 - val_loss: 3.4696 - val_acc: 0.7000
Epoch 133/500
Epoch 00132: val_acc did not improve
320s - loss: 4.2954e-07 - acc: 1.0000 - val_loss: 3.4736 - val_acc: 0.7000
Epoch 134/500
Epoch 00133: val_acc did not improve
319s - loss: 4.1158e-07 - acc: 1.0000 - val_loss: 3.4788 - val_acc: 0.7000
Epoch 135/500
Epoch 00134: val_acc did not improve
315s - loss: 3.8702e-07 - acc: 1.0000 - val_loss: 3.4804 - val_acc: 0.7000
Epoch 136/500
Epoch 00135: val_acc did not improve
315s - loss: 3.6688e-07 - acc: 1.0000 - val_loss: 3.4826 - val_acc: 0.7000
Epoch 137/500
Epoch 00136: val_acc did not improve
315s - loss: 3.4671e-07 - acc: 1.0000 - val_loss: 3.4903 - val_acc: 0.7000
Epoch 138/500
Epoch 00137: val_acc did not improve
317s - loss: 3.2884e-07 - acc: 1.0000 - val_loss: 3.4897 - val_acc: 0.7000
Epoch 139/500
Epoch 00138: val_acc did not improve
316s - loss: 3.1316e-07 - acc: 1.0000 - val_loss: 3.4925 - val_acc: 0.7000
Epoch 140/500
Epoch 00139: val_acc did not improve
313s - loss: 2.9825e-07 - acc: 1.0000 - val_loss: 3.4981 - val_acc: 0.7000
Epoch 141/500
Epoch 00140: val_acc did not improve
312s - loss: 2.8632e-07 - acc: 1.0000 - val_loss: 3.4998 - val_acc: 0.7000
Epoch 142/500
Epoch 00141: val_acc did not improve
314s - loss: 2.6993e-07 - acc: 1.0000 - val_loss: 3.5015 - val_acc: 0.7000
Epoch 143/500
Epoch 00142: val_acc did not improve
314s - loss: 2.5349e-07 - acc: 1.0000 - val_loss: 3.5055 - val_acc: 0.7000
Epoch 144/500
Epoch 00143: val_acc did not improve
316s - loss: 2.4530e-07 - acc: 1.0000 - val_loss: 3.5087 - val_acc: 0.7000
Epoch 145/500
Epoch 00144: val_acc did not improve
315s - loss: 2.3263e-07 - acc: 1.0000 - val_loss: 3.5102 - val_acc: 0.7000
Epoch 146/500
Epoch 00145: val_acc did not improve
313s - loss: 2.2442e-07 - acc: 1.0000 - val_loss: 3.5146 - val_acc: 0.7000
Epoch 147/500
Epoch 00146: val_acc did not improve
315s - loss: 2.1323e-07 - acc: 1.0000 - val_loss: 3.5187 - val_acc: 0.7000
Epoch 148/500
Epoch 00147: val_acc did not improve
315s - loss: 2.0353e-07 - acc: 1.0000 - val_loss: 3.5208 - val_acc: 0.7000
Epoch 149/500
Epoch 00148: val_acc did not improve
312s - loss: 1.9158e-07 - acc: 1.0000 - val_loss: 3.5225 - val_acc: 0.7000
Epoch 150/500
Epoch 00149: val_acc did not improve
313s - loss: 1.8487e-07 - acc: 1.0000 - val_loss: 3.5237 - val_acc: 0.7000
Epoch 151/500
Epoch 00150: val_acc did not improve
315s - loss: 1.7740e-07 - acc: 1.0000 - val_loss: 3.5278 - val_acc: 0.7000
Epoch 152/500
Epoch 00151: val_acc did not improve
309s - loss: 1.6844e-07 - acc: 1.0000 - val_loss: 3.5317 - val_acc: 0.7000
Epoch 153/500
Epoch 00152: val_acc did not improve
312s - loss: 1.6100e-07 - acc: 1.0000 - val_loss: 3.5329 - val_acc: 0.7000
Epoch 154/500
Epoch 00153: val_acc did not improve
314s - loss: 1.5651e-07 - acc: 1.0000 - val_loss: 3.5338 - val_acc: 0.7000
Epoch 155/500
Epoch 00154: val_acc did not improve
311s - loss: 1.4603e-07 - acc: 1.0000 - val_loss: 3.5368 - val_acc: 0.7000
Epoch 156/500
Epoch 00155: val_acc did not improve
312s - loss: 1.4155e-07 - acc: 1.0000 - val_loss: 3.5410 - val_acc: 0.7000
Epoch 157/500
Epoch 00156: val_acc did not improve
317s - loss: 1.3782e-07 - acc: 1.0000 - val_loss: 3.5415 - val_acc: 0.7000
Epoch 158/500
Epoch 00157: val_acc did not improve
316s - loss: 1.3111e-07 - acc: 1.0000 - val_loss: 3.5451 - val_acc: 0.7000
Epoch 159/500
Epoch 00158: val_acc did not improve
311s - loss: 1.2440e-07 - acc: 1.0000 - val_loss: 3.5489 - val_acc: 0.7000
Epoch 160/500
Epoch 00159: val_acc did not improve
315s - loss: 1.2064e-07 - acc: 1.0000 - val_loss: 3.5517 - val_acc: 0.7000
Epoch 161/500
Epoch 00160: val_acc did not improve
316s - loss: 1.1839e-07 - acc: 1.0000 - val_loss: 3.5553 - val_acc: 0.7000
Epoch 162/500
Epoch 00161: val_acc did not improve
315s - loss: 1.1315e-07 - acc: 1.0000 - val_loss: 3.5575 - val_acc: 0.7000
Epoch 163/500
Epoch 00162: val_acc did not improve
311s - loss: 1.0719e-07 - acc: 1.0000 - val_loss: 3.5589 - val_acc: 0.7000
Epoch 164/500
Epoch 00163: val_acc did not improve
314s - loss: 1.0347e-07 - acc: 1.0000 - val_loss: 3.5630 - val_acc: 0.7000
Epoch 165/500
Epoch 00164: val_acc did not improve
315s - loss: 1.0122e-07 - acc: 1.0000 - val_loss: 3.5663 - val_acc: 0.7000
Epoch 166/500
Epoch 00165: val_acc did not improve
316s - loss: 9.7468e-08 - acc: 1.0000 - val_loss: 3.5667 - val_acc: 0.7000
Epoch 167/500
Epoch 00166: val_acc did not improve
320s - loss: 9.2968e-08 - acc: 1.0000 - val_loss: 3.5672 - val_acc: 0.7000
Epoch 168/500
Epoch 00167: val_acc did not improve
314s - loss: 9.0727e-08 - acc: 1.0000 - val_loss: 3.5721 - val_acc: 0.7000
Epoch 169/500
Epoch 00168: val_acc did not improve
319s - loss: 8.9237e-08 - acc: 1.0000 - val_loss: 3.5758 - val_acc: 0.7000
Epoch 170/500
Epoch 00169: val_acc did not improve
317s - loss: 8.6985e-08 - acc: 1.0000 - val_loss: 3.5768 - val_acc: 0.7000
Epoch 171/500
Epoch 00170: val_acc did not improve
320s - loss: 8.4749e-08 - acc: 1.0000 - val_loss: 3.5805 - val_acc: 0.7000
Epoch 172/500
Epoch 00171: val_acc did not improve
313s - loss: 8.3248e-08 - acc: 1.0000 - val_loss: 3.5809 - val_acc: 0.7000
Epoch 173/500
Epoch 00172: val_acc did not improve
318s - loss: 8.1752e-08 - acc: 1.0000 - val_loss: 3.5864 - val_acc: 0.7000
Epoch 174/500
Epoch 00173: val_acc did not improve
319s - loss: 8.0267e-08 - acc: 1.0000 - val_loss: 3.5860 - val_acc: 0.7000
Epoch 175/500
Epoch 00174: val_acc did not improve
312s - loss: 7.8771e-08 - acc: 1.0000 - val_loss: 3.5918 - val_acc: 0.7000
Epoch 176/500
Epoch 00175: val_acc did not improve
319s - loss: 7.7270e-08 - acc: 1.0000 - val_loss: 3.5927 - val_acc: 0.7000
Epoch 177/500
Epoch 00176: val_acc did not improve
312s - loss: 7.6519e-08 - acc: 1.0000 - val_loss: 3.5938 - val_acc: 0.7000
Epoch 178/500
Epoch 00177: val_acc did not improve
318s - loss: 7.5768e-08 - acc: 1.0000 - val_loss: 3.5979 - val_acc: 0.7000
Epoch 179/500
Epoch 00178: val_acc did not improve
315s - loss: 7.5768e-08 - acc: 1.0000 - val_loss: 3.5959 - val_acc: 0.7000
Epoch 180/500
Epoch 00179: val_acc did not improve
313s - loss: 7.5017e-08 - acc: 1.0000 - val_loss: 3.6017 - val_acc: 0.7000
Epoch 181/500
Epoch 00180: val_acc did not improve
317s - loss: 7.4272e-08 - acc: 1.0000 - val_loss: 3.6024 - val_acc: 0.7000
Epoch 182/500
Epoch 00181: val_acc did not improve
311s - loss: 7.3527e-08 - acc: 1.0000 - val_loss: 3.6052 - val_acc: 0.7000
Epoch 183/500
Epoch 00182: val_acc did not improve
316s - loss: 7.2025e-08 - acc: 1.0000 - val_loss: 3.6063 - val_acc: 0.7000
Epoch 184/500
Epoch 00183: val_acc did not improve
316s - loss: 7.1274e-08 - acc: 1.0000 - val_loss: 3.6120 - val_acc: 0.7000
Epoch 185/500
Epoch 00184: val_acc did not improve
315s - loss: 7.0529e-08 - acc: 1.0000 - val_loss: 3.6164 - val_acc: 0.7000
Epoch 186/500
Epoch 00185: val_acc did not improve
315s - loss: 7.0529e-08 - acc: 1.0000 - val_loss: 3.6140 - val_acc: 0.7000
Epoch 187/500
Epoch 00186: val_acc did not improve
317s - loss: 7.0529e-08 - acc: 1.0000 - val_loss: 3.6158 - val_acc: 0.7000
Epoch 188/500
Epoch 00187: val_acc did not improve
317s - loss: 7.0529e-08 - acc: 1.0000 - val_loss: 3.6219 - val_acc: 0.7000
Epoch 189/500
Epoch 00188: val_acc did not improve
311s - loss: 7.0529e-08 - acc: 1.0000 - val_loss: 3.6212 - val_acc: 0.7000
Epoch 190/500
Epoch 00189: val_acc did not improve
314s - loss: 7.0529e-08 - acc: 1.0000 - val_loss: 3.6210 - val_acc: 0.7000
Epoch 191/500
Epoch 00190: val_acc did not improve
317s - loss: 6.9778e-08 - acc: 1.0000 - val_loss: 3.6275 - val_acc: 0.7000
Epoch 192/500
Epoch 00191: val_acc did not improve
318s - loss: 6.9027e-08 - acc: 1.0000 - val_loss: 3.6273 - val_acc: 0.7000
Epoch 193/500
Epoch 00192: val_acc did not improve
310s - loss: 6.8276e-08 - acc: 1.0000 - val_loss: 3.6332 - val_acc: 0.7000
Epoch 194/500
Epoch 00193: val_acc did not improve
314s - loss: 6.8276e-08 - acc: 1.0000 - val_loss: 3.6371 - val_acc: 0.7000
Epoch 195/500
Epoch 00194: val_acc did not improve
317s - loss: 6.8276e-08 - acc: 1.0000 - val_loss: 3.6399 - val_acc: 0.7000
Epoch 196/500
Epoch 00195: val_acc did not improve
310s - loss: 6.8276e-08 - acc: 1.0000 - val_loss: 3.6356 - val_acc: 0.7000
Epoch 197/500
Epoch 00196: val_acc did not improve
313s - loss: 6.8276e-08 - acc: 1.0000 - val_loss: 3.6420 - val_acc: 0.7000
Epoch 198/500
Epoch 00197: val_acc did not improve
316s - loss: 6.8276e-08 - acc: 1.0000 - val_loss: 3.6510 - val_acc: 0.7000
Epoch 199/500
Epoch 00198: val_acc did not improve
317s - loss: 6.8276e-08 - acc: 1.0000 - val_loss: 3.6493 - val_acc: 0.7000
Epoch 200/500
Epoch 00199: val_acc did not improve
317s - loss: 6.8276e-08 - acc: 1.0000 - val_loss: 3.6528 - val_acc: 0.7000
Epoch 201/500
Epoch 00200: val_acc did not improve
93s - loss: 6.8276e-08 - acc: 1.0000 - val_loss: 3.6557 - val_acc: 0.7000
Epoch 202/500
Epoch 00201: val_acc did not improve
23s - loss: 6.8276e-08 - acc: 1.0000 - val_loss: 3.6527 - val_acc: 0.7000
Epoch 203/500
Epoch 00202: val_acc did not improve
24s - loss: 6.8276e-08 - acc: 1.0000 - val_loss: 3.6589 - val_acc: 0.7000
Epoch 204/500
Epoch 00203: val_acc did not improve
24s - loss: 6.8276e-08 - acc: 1.0000 - val_loss: 3.6592 - val_acc: 0.7000
Epoch 205/500
Epoch 00204: val_acc did not improve
24s - loss: 6.8276e-08 - acc: 1.0000 - val_loss: 3.6615 - val_acc: 0.7000
Epoch 206/500
Epoch 00205: val_acc did not improve
23s - loss: 6.8276e-08 - acc: 1.0000 - val_loss: 3.6676 - val_acc: 0.7000
Epoch 207/500
Epoch 00206: val_acc did not improve
24s - loss: 6.8276e-08 - acc: 1.0000 - val_loss: 3.6606 - val_acc: 0.7000
Epoch 208/500
Epoch 00207: val_acc did not improve
24s - loss: 6.8276e-08 - acc: 1.0000 - val_loss: 3.6656 - val_acc: 0.7000
Epoch 209/500
Epoch 00208: val_acc did not improve
24s - loss: 6.8276e-08 - acc: 1.0000 - val_loss: 3.6681 - val_acc: 0.7000
Epoch 210/500
Epoch 00209: val_acc did not improve
25s - loss: 6.8276e-08 - acc: 1.0000 - val_loss: 3.6685 - val_acc: 0.7000
Epoch 211/500
Epoch 00210: val_acc did not improve
24s - loss: 6.8276e-08 - acc: 1.0000 - val_loss: 3.6689 - val_acc: 0.7000
Epoch 212/500
Epoch 00211: val_acc did not improve
23s - loss: 6.8276e-08 - acc: 1.0000 - val_loss: 3.6692 - val_acc: 0.7000
Epoch 213/500
Epoch 00212: val_acc did not improve
23s - loss: 6.8276e-08 - acc: 1.0000 - val_loss: 3.6696 - val_acc: 0.7000
Epoch 214/500
Epoch 00213: val_acc did not improve
24s - loss: 6.8276e-08 - acc: 1.0000 - val_loss: 3.6488 - val_acc: 0.7000
Epoch 215/500
Epoch 00214: val_acc did not improve
25s - loss: 6.8276e-08 - acc: 1.0000 - val_loss: 3.6590 - val_acc: 0.7000
Epoch 216/500
Epoch 00215: val_acc did not improve
24s - loss: 6.8276e-08 - acc: 1.0000 - val_loss: 3.6542 - val_acc: 0.7000
Epoch 217/500
Epoch 00216: val_acc did not improve
23s - loss: 6.8276e-08 - acc: 1.0000 - val_loss: 3.6549 - val_acc: 0.7000
Epoch 218/500
Epoch 00217: val_acc did not improve
23s - loss: 6.8276e-08 - acc: 1.0000 - val_loss: 3.6549 - val_acc: 0.7000
Epoch 219/500
Epoch 00218: val_acc did not improve
24s - loss: 6.8276e-08 - acc: 1.0000 - val_loss: 3.6549 - val_acc: 0.7000
Epoch 220/500
Epoch 00219: val_acc did not improve
23s - loss: 6.8276e-08 - acc: 1.0000 - val_loss: 3.6549 - val_acc: 0.7000
Epoch 221/500
Epoch 00220: val_acc did not improve
24s - loss: 6.8276e-08 - acc: 1.0000 - val_loss: 3.6549 - val_acc: 0.7000
Epoch 222/500
Epoch 00221: val_acc did not improve
23s - loss: 6.8276e-08 - acc: 1.0000 - val_loss: 3.6549 - val_acc: 0.7000
Epoch 223/500
Epoch 00222: val_acc did not improve
24s - loss: 6.8276e-08 - acc: 1.0000 - val_loss: 3.6549 - val_acc: 0.7000
Epoch 224/500
Epoch 00223: val_acc did not improve
25s - loss: 6.8276e-08 - acc: 1.0000 - val_loss: 3.6549 - val_acc: 0.7000
Epoch 225/500
Epoch 00224: val_acc did not improve
24s - loss: 6.8276e-08 - acc: 1.0000 - val_loss: 3.6549 - val_acc: 0.7000
Epoch 226/500
Epoch 00225: val_acc did not improve
24s - loss: 6.8276e-08 - acc: 1.0000 - val_loss: 3.6549 - val_acc: 0.7000
Epoch 227/500
Epoch 00226: val_acc did not improve
24s - loss: 6.8276e-08 - acc: 1.0000 - val_loss: 3.6549 - val_acc: 0.7000
Epoch 228/500
Epoch 00227: val_acc did not improve
24s - loss: 6.8276e-08 - acc: 1.0000 - val_loss: 3.6549 - val_acc: 0.7000
Epoch 229/500
Epoch 00228: val_acc did not improve
24s - loss: 6.8276e-08 - acc: 1.0000 - val_loss: 3.6549 - val_acc: 0.7000
Epoch 230/500
Epoch 00229: val_acc did not improve
23s - loss: 6.8276e-08 - acc: 1.0000 - val_loss: 3.6549 - val_acc: 0.7000
Epoch 231/500
Epoch 00230: val_acc did not improve
24s - loss: 6.8276e-08 - acc: 1.0000 - val_loss: 3.6549 - val_acc: 0.7000
Epoch 232/500
Epoch 00231: val_acc did not improve
24s - loss: 6.8276e-08 - acc: 1.0000 - val_loss: 3.6549 - val_acc: 0.7000
Epoch 233/500
Epoch 00232: val_acc did not improve
23s - loss: 6.8276e-08 - acc: 1.0000 - val_loss: 3.6549 - val_acc: 0.7000
Epoch 234/500
Epoch 00233: val_acc did not improve
23s - loss: 6.8276e-08 - acc: 1.0000 - val_loss: 3.6549 - val_acc: 0.7000
Epoch 235/500
Epoch 00234: val_acc did not improve
24s - loss: 6.8276e-08 - acc: 1.0000 - val_loss: 3.6549 - val_acc: 0.7000
Epoch 236/500
Epoch 00235: val_acc did not improve
24s - loss: 6.8276e-08 - acc: 1.0000 - val_loss: 3.6549 - val_acc: 0.7000
Epoch 237/500
Epoch 00236: val_acc did not improve
25s - loss: 6.8276e-08 - acc: 1.0000 - val_loss: 3.6549 - val_acc: 0.7000
Epoch 238/500
Epoch 00237: val_acc did not improve
23s - loss: 6.8276e-08 - acc: 1.0000 - val_loss: 3.6549 - val_acc: 0.7000
Epoch 239/500
Epoch 00238: val_acc did not improve
24s - loss: 6.8276e-08 - acc: 1.0000 - val_loss: 3.6549 - val_acc: 0.7000
Epoch 240/500
Epoch 00239: val_acc did not improve
24s - loss: 6.8276e-08 - acc: 1.0000 - val_loss: 3.6549 - val_acc: 0.7000
Epoch 241/500
Epoch 00240: val_acc did not improve
24s - loss: 6.8276e-08 - acc: 1.0000 - val_loss: 3.6549 - val_acc: 0.7000
Epoch 242/500
Epoch 00241: val_acc did not improve
24s - loss: 6.8276e-08 - acc: 1.0000 - val_loss: 3.6549 - val_acc: 0.7000
Epoch 243/500
Epoch 00242: val_acc did not improve
24s - loss: 6.8276e-08 - acc: 1.0000 - val_loss: 3.6549 - val_acc: 0.7000
Epoch 244/500
Epoch 00243: val_acc did not improve
23s - loss: 6.8276e-08 - acc: 1.0000 - val_loss: 3.6549 - val_acc: 0.7000
Epoch 245/500
Epoch 00244: val_acc did not improve
24s - loss: 6.8276e-08 - acc: 1.0000 - val_loss: 3.6549 - val_acc: 0.7000
Epoch 246/500
Epoch 00245: val_acc did not improve
24s - loss: 6.8276e-08 - acc: 1.0000 - val_loss: 3.6549 - val_acc: 0.7000
Epoch 247/500
Epoch 00246: val_acc did not improve
23s - loss: 6.8276e-08 - acc: 1.0000 - val_loss: 3.6549 - val_acc: 0.7000
Epoch 248/500
Epoch 00247: val_acc did not improve
25s - loss: 6.8276e-08 - acc: 1.0000 - val_loss: 3.6549 - val_acc: 0.7000
Epoch 249/500
Epoch 00248: val_acc did not improve
23s - loss: 6.8276e-08 - acc: 1.0000 - val_loss: 3.6549 - val_acc: 0.7000
Epoch 250/500
Epoch 00249: val_acc did not improve
23s - loss: 6.8276e-08 - acc: 1.0000 - val_loss: 3.6549 - val_acc: 0.7000
Epoch 251/500
Epoch 00250: val_acc did not improve
23s - loss: 6.8276e-08 - acc: 1.0000 - val_loss: 3.6549 - val_acc: 0.7000
Epoch 252/500
Epoch 00251: val_acc did not improve
24s - loss: 6.8276e-08 - acc: 1.0000 - val_loss: 3.6549 - val_acc: 0.7000
Epoch 253/500
Epoch 00252: val_acc did not improve
25s - loss: 6.8276e-08 - acc: 1.0000 - val_loss: 3.6549 - val_acc: 0.7000
Epoch 254/500
Epoch 00253: val_acc did not improve
25s - loss: 6.8276e-08 - acc: 1.0000 - val_loss: 3.6549 - val_acc: 0.7000
Epoch 255/500
Epoch 00254: val_acc did not improve
24s - loss: 6.8276e-08 - acc: 1.0000 - val_loss: 3.6549 - val_acc: 0.7000
Epoch 256/500
Epoch 00255: val_acc did not improve
23s - loss: 6.8276e-08 - acc: 1.0000 - val_loss: 3.6549 - val_acc: 0.7000
Epoch 257/500
Epoch 00256: val_acc did not improve
24s - loss: 6.8276e-08 - acc: 1.0000 - val_loss: 3.6549 - val_acc: 0.7000
Epoch 258/500
Epoch 00257: val_acc did not improve
25s - loss: 6.8276e-08 - acc: 1.0000 - val_loss: 3.6549 - val_acc: 0.7000
Epoch 259/500
Epoch 00258: val_acc did not improve
24s - loss: 6.8276e-08 - acc: 1.0000 - val_loss: 3.6549 - val_acc: 0.7000
Epoch 260/500
Epoch 00259: val_acc did not improve
24s - loss: 6.8276e-08 - acc: 1.0000 - val_loss: 3.6549 - val_acc: 0.7000
Epoch 261/500
Epoch 00260: val_acc did not improve
24s - loss: 6.8276e-08 - acc: 1.0000 - val_loss: 3.6549 - val_acc: 0.7000
Epoch 262/500
Epoch 00261: val_acc did not improve
24s - loss: 6.8276e-08 - acc: 1.0000 - val_loss: 3.6549 - val_acc: 0.7000
Epoch 263/500
Epoch 00262: val_acc did not improve
23s - loss: 6.8276e-08 - acc: 1.0000 - val_loss: 3.6549 - val_acc: 0.7000
Epoch 264/500
Epoch 00263: val_acc did not improve
23s - loss: 6.8276e-08 - acc: 1.0000 - val_loss: 3.6549 - val_acc: 0.7000
Epoch 265/500
Epoch 00264: val_acc did not improve
24s - loss: 6.8276e-08 - acc: 1.0000 - val_loss: 3.6549 - val_acc: 0.7000
Epoch 266/500
Epoch 00265: val_acc did not improve
24s - loss: 6.8276e-08 - acc: 1.0000 - val_loss: 3.6549 - val_acc: 0.7000
Epoch 267/500
Epoch 00266: val_acc did not improve
23s - loss: 6.8276e-08 - acc: 1.0000 - val_loss: 3.6549 - val_acc: 0.7000
Epoch 268/500
Epoch 00267: val_acc did not improve
24s - loss: 6.8276e-08 - acc: 1.0000 - val_loss: 3.6549 - val_acc: 0.7000
Epoch 269/500
Epoch 00268: val_acc did not improve
23s - loss: 6.8276e-08 - acc: 1.0000 - val_loss: 3.6549 - val_acc: 0.7000
Epoch 270/500
Epoch 00269: val_acc did not improve
24s - loss: 6.8276e-08 - acc: 1.0000 - val_loss: 3.6549 - val_acc: 0.7000
Epoch 271/500
Epoch 00270: val_acc did not improve
23s - loss: 6.8276e-08 - acc: 1.0000 - val_loss: 3.6549 - val_acc: 0.7000
Epoch 272/500
Epoch 00271: val_acc did not improve
24s - loss: 6.8276e-08 - acc: 1.0000 - val_loss: 3.6549 - val_acc: 0.7000
Epoch 273/500
Epoch 00272: val_acc did not improve
24s - loss: 6.8276e-08 - acc: 1.0000 - val_loss: 3.6549 - val_acc: 0.7000
Epoch 274/500
Epoch 00273: val_acc did not improve
23s - loss: 6.8276e-08 - acc: 1.0000 - val_loss: 3.6549 - val_acc: 0.7000
Epoch 275/500
Epoch 00274: val_acc did not improve
24s - loss: 6.8276e-08 - acc: 1.0000 - val_loss: 3.6549 - val_acc: 0.7000
Epoch 276/500
Epoch 00275: val_acc did not improve
23s - loss: 6.8276e-08 - acc: 1.0000 - val_loss: 3.6549 - val_acc: 0.7000
Epoch 277/500
Epoch 00276: val_acc did not improve
24s - loss: 6.8276e-08 - acc: 1.0000 - val_loss: 3.6549 - val_acc: 0.7000
Epoch 278/500
Epoch 00277: val_acc did not improve
24s - loss: 6.8276e-08 - acc: 1.0000 - val_loss: 3.6549 - val_acc: 0.7000
Epoch 279/500
Epoch 00278: val_acc did not improve
24s - loss: 6.8276e-08 - acc: 1.0000 - val_loss: 3.6549 - val_acc: 0.7000
Epoch 280/500
Epoch 00279: val_acc did not improve
23s - loss: 6.8276e-08 - acc: 1.0000 - val_loss: 3.6549 - val_acc: 0.7000
Epoch 281/500
Epoch 00280: val_acc did not improve
23s - loss: 6.8276e-08 - acc: 1.0000 - val_loss: 3.6549 - val_acc: 0.7000
Epoch 282/500
Epoch 00281: val_acc did not improve
24s - loss: 6.8276e-08 - acc: 1.0000 - val_loss: 3.6549 - val_acc: 0.7000
Epoch 283/500
Epoch 00282: val_acc did not improve
25s - loss: 6.8276e-08 - acc: 1.0000 - val_loss: 3.6549 - val_acc: 0.7000
Epoch 284/500
Epoch 00283: val_acc did not improve
24s - loss: 6.8276e-08 - acc: 1.0000 - val_loss: 3.6549 - val_acc: 0.7000
Epoch 285/500
Epoch 00284: val_acc did not improve
24s - loss: 6.8276e-08 - acc: 1.0000 - val_loss: 3.6549 - val_acc: 0.7000
Epoch 286/500
Epoch 00285: val_acc did not improve
23s - loss: 6.8276e-08 - acc: 1.0000 - val_loss: 3.6549 - val_acc: 0.7000
Epoch 287/500
Epoch 00286: val_acc did not improve
23s - loss: 6.8276e-08 - acc: 1.0000 - val_loss: 3.6549 - val_acc: 0.7000
Epoch 288/500
Epoch 00287: val_acc did not improve
24s - loss: 6.8276e-08 - acc: 1.0000 - val_loss: 3.6549 - val_acc: 0.7000
Epoch 289/500
Epoch 00288: val_acc did not improve
24s - loss: 6.8276e-08 - acc: 1.0000 - val_loss: 3.6549 - val_acc: 0.7000
Epoch 290/500
Epoch 00289: val_acc did not improve
23s - loss: 6.8276e-08 - acc: 1.0000 - val_loss: 3.6549 - val_acc: 0.7000
Epoch 291/500
Epoch 00290: val_acc did not improve
23s - loss: 6.8276e-08 - acc: 1.0000 - val_loss: 3.6549 - val_acc: 0.7000
Epoch 292/500
Epoch 00291: val_acc did not improve
23s - loss: 6.8276e-08 - acc: 1.0000 - val_loss: 3.6549 - val_acc: 0.7000
Epoch 293/500
Epoch 00292: val_acc did not improve
24s - loss: 6.8276e-08 - acc: 1.0000 - val_loss: 3.6549 - val_acc: 0.7000
Epoch 294/500
Epoch 00293: val_acc did not improve
24s - loss: 6.8276e-08 - acc: 1.0000 - val_loss: 3.6549 - val_acc: 0.7000
Epoch 295/500
Epoch 00294: val_acc did not improve
24s - loss: 6.8276e-08 - acc: 1.0000 - val_loss: 3.6549 - val_acc: 0.7000
Epoch 296/500
Epoch 00295: val_acc did not improve
24s - loss: 6.8276e-08 - acc: 1.0000 - val_loss: 3.6549 - val_acc: 0.7000
Epoch 297/500
Epoch 00296: val_acc did not improve
25s - loss: 6.8276e-08 - acc: 1.0000 - val_loss: 3.6549 - val_acc: 0.7000
Epoch 298/500
Epoch 00297: val_acc did not improve
23s - loss: 6.8276e-08 - acc: 1.0000 - val_loss: 3.6549 - val_acc: 0.7000
Epoch 299/500
Epoch 00298: val_acc did not improve
23s - loss: 6.8276e-08 - acc: 1.0000 - val_loss: 3.6549 - val_acc: 0.7000
Epoch 300/500
Epoch 00299: val_acc did not improve
24s - loss: 6.8276e-08 - acc: 1.0000 - val_loss: 3.6549 - val_acc: 0.7000
Epoch 301/500
Epoch 00300: val_acc did not improve
24s - loss: 6.8276e-08 - acc: 1.0000 - val_loss: 3.6549 - val_acc: 0.7000
Epoch 302/500
Epoch 00301: val_acc did not improve
23s - loss: 6.8276e-08 - acc: 1.0000 - val_loss: 3.6549 - val_acc: 0.7000
Epoch 303/500
Epoch 00302: val_acc did not improve
24s - loss: 6.8276e-08 - acc: 1.0000 - val_loss: 3.6549 - val_acc: 0.7000
Epoch 304/500
Epoch 00303: val_acc did not improve
24s - loss: 6.8276e-08 - acc: 1.0000 - val_loss: 3.6549 - val_acc: 0.7000
Epoch 305/500
Epoch 00304: val_acc did not improve
24s - loss: 6.8276e-08 - acc: 1.0000 - val_loss: 3.6549 - val_acc: 0.7000
Epoch 306/500
Epoch 00305: val_acc did not improve
23s - loss: 6.8276e-08 - acc: 1.0000 - val_loss: 3.6549 - val_acc: 0.7000
Epoch 307/500
Epoch 00306: val_acc did not improve
24s - loss: 6.8276e-08 - acc: 1.0000 - val_loss: 3.6549 - val_acc: 0.7000
Epoch 308/500
Epoch 00307: val_acc did not improve
24s - loss: 6.8276e-08 - acc: 1.0000 - val_loss: 3.6549 - val_acc: 0.7000
Epoch 309/500
Epoch 00308: val_acc did not improve
24s - loss: 6.8276e-08 - acc: 1.0000 - val_loss: 3.6549 - val_acc: 0.7000
Epoch 310/500
Epoch 00309: val_acc did not improve
24s - loss: 6.8276e-08 - acc: 1.0000 - val_loss: 3.6549 - val_acc: 0.7000
Epoch 311/500
Epoch 00310: val_acc did not improve
24s - loss: 6.8276e-08 - acc: 1.0000 - val_loss: 3.6549 - val_acc: 0.7000
Epoch 312/500
Epoch 00311: val_acc did not improve
24s - loss: 6.8276e-08 - acc: 1.0000 - val_loss: 3.6549 - val_acc: 0.7000
Epoch 313/500
Epoch 00312: val_acc did not improve
24s - loss: 6.8276e-08 - acc: 1.0000 - val_loss: 3.6549 - val_acc: 0.7000
Epoch 314/500
Epoch 00313: val_acc did not improve
24s - loss: 6.8276e-08 - acc: 1.0000 - val_loss: 3.6549 - val_acc: 0.7000
Epoch 315/500
Epoch 00314: val_acc did not improve
23s - loss: 6.8276e-08 - acc: 1.0000 - val_loss: 3.6549 - val_acc: 0.7000
Epoch 316/500
Epoch 00315: val_acc did not improve
24s - loss: 6.8276e-08 - acc: 1.0000 - val_loss: 3.6549 - val_acc: 0.7000
Epoch 317/500
Epoch 00316: val_acc did not improve
23s - loss: 6.8276e-08 - acc: 1.0000 - val_loss: 3.6549 - val_acc: 0.7000
Epoch 318/500
Epoch 00317: val_acc did not improve
24s - loss: 6.8276e-08 - acc: 1.0000 - val_loss: 3.6549 - val_acc: 0.7000
Epoch 319/500
Epoch 00318: val_acc did not improve
23s - loss: 6.8276e-08 - acc: 1.0000 - val_loss: 3.6549 - val_acc: 0.7000
Epoch 320/500
Epoch 00319: val_acc did not improve
23s - loss: 6.8276e-08 - acc: 1.0000 - val_loss: 3.6549 - val_acc: 0.7000
Epoch 321/500
Epoch 00320: val_acc did not improve
25s - loss: 6.8276e-08 - acc: 1.0000 - val_loss: 3.6549 - val_acc: 0.7000
Epoch 322/500
Epoch 00321: val_acc did not improve
23s - loss: 6.8276e-08 - acc: 1.0000 - val_loss: 3.6549 - val_acc: 0.7000
Epoch 323/500
Epoch 00322: val_acc did not improve
24s - loss: 6.8276e-08 - acc: 1.0000 - val_loss: 3.6549 - val_acc: 0.7000
Epoch 324/500
Epoch 00323: val_acc did not improve
24s - loss: 6.8276e-08 - acc: 1.0000 - val_loss: 3.6549 - val_acc: 0.7000
Epoch 325/500
Epoch 00324: val_acc did not improve
24s - loss: 6.8276e-08 - acc: 1.0000 - val_loss: 3.6549 - val_acc: 0.7000
Epoch 326/500
Epoch 00325: val_acc did not improve
24s - loss: 6.8276e-08 - acc: 1.0000 - val_loss: 3.6549 - val_acc: 0.7000
Epoch 327/500
Epoch 00326: val_acc did not improve
24s - loss: 6.8276e-08 - acc: 1.0000 - val_loss: 3.6549 - val_acc: 0.7000
Epoch 328/500
Epoch 00327: val_acc did not improve
24s - loss: 6.8276e-08 - acc: 1.0000 - val_loss: 3.6549 - val_acc: 0.7000
Epoch 329/500
Epoch 00328: val_acc did not improve
24s - loss: 6.8276e-08 - acc: 1.0000 - val_loss: 3.6549 - val_acc: 0.7000
Epoch 330/500
Epoch 00329: val_acc did not improve
24s - loss: 6.8276e-08 - acc: 1.0000 - val_loss: 3.6549 - val_acc: 0.7000
Epoch 331/500
Epoch 00330: val_acc did not improve
24s - loss: 6.8276e-08 - acc: 1.0000 - val_loss: 3.6549 - val_acc: 0.7000
Epoch 332/500
Epoch 00331: val_acc did not improve
24s - loss: 6.8276e-08 - acc: 1.0000 - val_loss: 3.6549 - val_acc: 0.7000
Epoch 333/500
Epoch 00332: val_acc did not improve
24s - loss: 6.8276e-08 - acc: 1.0000 - val_loss: 3.6549 - val_acc: 0.7000
Epoch 334/500
Epoch 00333: val_acc did not improve
23s - loss: 6.8276e-08 - acc: 1.0000 - val_loss: 3.6549 - val_acc: 0.7000
Epoch 335/500
Epoch 00334: val_acc did not improve
24s - loss: 6.8276e-08 - acc: 1.0000 - val_loss: 3.6549 - val_acc: 0.7000
Epoch 336/500
Epoch 00335: val_acc did not improve
23s - loss: 6.8276e-08 - acc: 1.0000 - val_loss: 3.6549 - val_acc: 0.7000
Epoch 337/500
Epoch 00336: val_acc did not improve
24s - loss: 6.8276e-08 - acc: 1.0000 - val_loss: 3.6549 - val_acc: 0.7000
Epoch 338/500
Epoch 00337: val_acc did not improve
25s - loss: 6.8276e-08 - acc: 1.0000 - val_loss: 3.6549 - val_acc: 0.7000
Epoch 339/500
Epoch 00338: val_acc did not improve
24s - loss: 6.8276e-08 - acc: 1.0000 - val_loss: 3.6549 - val_acc: 0.7000
Epoch 340/500
Epoch 00339: val_acc did not improve
24s - loss: 6.8276e-08 - acc: 1.0000 - val_loss: 3.6549 - val_acc: 0.7000
Epoch 341/500
Epoch 00340: val_acc did not improve
23s - loss: 6.8276e-08 - acc: 1.0000 - val_loss: 3.6549 - val_acc: 0.7000
Epoch 342/500
Epoch 00341: val_acc did not improve
23s - loss: 6.8276e-08 - acc: 1.0000 - val_loss: 3.6549 - val_acc: 0.7000
Epoch 343/500
Epoch 00342: val_acc did not improve
24s - loss: 6.8276e-08 - acc: 1.0000 - val_loss: 3.6549 - val_acc: 0.7000
Epoch 344/500
Epoch 00343: val_acc did not improve
24s - loss: 6.8276e-08 - acc: 1.0000 - val_loss: 3.6549 - val_acc: 0.7000
Epoch 345/500
Epoch 00344: val_acc did not improve
24s - loss: 6.8276e-08 - acc: 1.0000 - val_loss: 3.6549 - val_acc: 0.7000
Epoch 346/500
Epoch 00345: val_acc did not improve
24s - loss: 6.8276e-08 - acc: 1.0000 - val_loss: 3.6549 - val_acc: 0.7000
Epoch 347/500
Epoch 00346: val_acc did not improve
25s - loss: 6.8276e-08 - acc: 1.0000 - val_loss: 3.6549 - val_acc: 0.7000
Epoch 348/500
Epoch 00347: val_acc did not improve
24s - loss: 6.8276e-08 - acc: 1.0000 - val_loss: 3.6549 - val_acc: 0.7000
Epoch 349/500
Epoch 00348: val_acc did not improve
23s - loss: 6.8276e-08 - acc: 1.0000 - val_loss: 3.6549 - val_acc: 0.7000
Epoch 350/500
Epoch 00349: val_acc did not improve
23s - loss: 6.8276e-08 - acc: 1.0000 - val_loss: 3.6549 - val_acc: 0.7000
Epoch 351/500
Epoch 00350: val_acc did not improve
23s - loss: 6.8276e-08 - acc: 1.0000 - val_loss: 3.6549 - val_acc: 0.7000
Epoch 352/500
Epoch 00351: val_acc did not improve
22s - loss: 6.8276e-08 - acc: 1.0000 - val_loss: 3.6549 - val_acc: 0.7000
Epoch 353/500
Epoch 00352: val_acc did not improve
22s - loss: 6.8276e-08 - acc: 1.0000 - val_loss: 3.6549 - val_acc: 0.7000
Epoch 354/500
Epoch 00353: val_acc did not improve
22s - loss: 6.8276e-08 - acc: 1.0000 - val_loss: 3.6549 - val_acc: 0.7000
Epoch 355/500
Epoch 00354: val_acc did not improve
22s - loss: 6.8276e-08 - acc: 1.0000 - val_loss: 3.6549 - val_acc: 0.7000
Epoch 356/500
Epoch 00355: val_acc did not improve
23s - loss: 6.8276e-08 - acc: 1.0000 - val_loss: 3.6549 - val_acc: 0.7000
Epoch 357/500
Epoch 00356: val_acc did not improve
23s - loss: 6.8276e-08 - acc: 1.0000 - val_loss: 3.6549 - val_acc: 0.7000
Epoch 358/500
Epoch 00357: val_acc did not improve
23s - loss: 6.8276e-08 - acc: 1.0000 - val_loss: 3.6549 - val_acc: 0.7000
Epoch 359/500
Epoch 00358: val_acc did not improve
23s - loss: 6.8276e-08 - acc: 1.0000 - val_loss: 3.6549 - val_acc: 0.7000
Epoch 360/500
Epoch 00359: val_acc did not improve
23s - loss: 6.8276e-08 - acc: 1.0000 - val_loss: 3.6549 - val_acc: 0.7000
Epoch 361/500
Epoch 00360: val_acc did not improve
23s - loss: 6.8276e-08 - acc: 1.0000 - val_loss: 3.6549 - val_acc: 0.7000
Epoch 362/500
Epoch 00361: val_acc did not improve
22s - loss: 6.8276e-08 - acc: 1.0000 - val_loss: 3.6549 - val_acc: 0.7000
Epoch 363/500
Epoch 00362: val_acc did not improve
23s - loss: 6.8276e-08 - acc: 1.0000 - val_loss: 3.6549 - val_acc: 0.7000
Epoch 364/500
Epoch 00363: val_acc did not improve
23s - loss: 6.8276e-08 - acc: 1.0000 - val_loss: 3.6549 - val_acc: 0.7000
Epoch 365/500
Epoch 00364: val_acc did not improve
22s - loss: 6.8276e-08 - acc: 1.0000 - val_loss: 3.6549 - val_acc: 0.7000
Epoch 366/500
Epoch 00365: val_acc did not improve
22s - loss: 6.8276e-08 - acc: 1.0000 - val_loss: 3.6549 - val_acc: 0.7000
Epoch 367/500
Epoch 00366: val_acc did not improve
23s - loss: 6.8276e-08 - acc: 1.0000 - val_loss: 3.6549 - val_acc: 0.7000
Epoch 368/500
Epoch 00367: val_acc did not improve
23s - loss: 6.8276e-08 - acc: 1.0000 - val_loss: 3.6549 - val_acc: 0.7000
Epoch 369/500
Epoch 00368: val_acc did not improve
23s - loss: 6.8276e-08 - acc: 1.0000 - val_loss: 3.6549 - val_acc: 0.7000
Epoch 370/500
Epoch 00369: val_acc did not improve
23s - loss: 6.8276e-08 - acc: 1.0000 - val_loss: 3.6549 - val_acc: 0.7000
Epoch 371/500
Epoch 00370: val_acc did not improve
22s - loss: 6.8276e-08 - acc: 1.0000 - val_loss: 3.6549 - val_acc: 0.7000
Epoch 372/500
Epoch 00371: val_acc did not improve
22s - loss: 6.8276e-08 - acc: 1.0000 - val_loss: 3.6549 - val_acc: 0.7000
Epoch 373/500
Epoch 00372: val_acc did not improve
23s - loss: 6.8276e-08 - acc: 1.0000 - val_loss: 3.6549 - val_acc: 0.7000
Epoch 374/500
Epoch 00373: val_acc did not improve
22s - loss: 6.8276e-08 - acc: 1.0000 - val_loss: 3.6549 - val_acc: 0.7000
Epoch 375/500
Epoch 00374: val_acc did not improve
24s - loss: 6.8276e-08 - acc: 1.0000 - val_loss: 3.6549 - val_acc: 0.7000
Epoch 376/500
Epoch 00375: val_acc did not improve
23s - loss: 6.8276e-08 - acc: 1.0000 - val_loss: 3.6549 - val_acc: 0.7000
Epoch 377/500
Epoch 00376: val_acc did not improve
23s - loss: 6.8276e-08 - acc: 1.0000 - val_loss: 3.6549 - val_acc: 0.7000
Epoch 378/500
Epoch 00377: val_acc did not improve
22s - loss: 6.8276e-08 - acc: 1.0000 - val_loss: 3.6549 - val_acc: 0.7000
Epoch 379/500
Epoch 00378: val_acc did not improve
23s - loss: 6.8276e-08 - acc: 1.0000 - val_loss: 3.6549 - val_acc: 0.7000
Epoch 380/500
Epoch 00379: val_acc did not improve
23s - loss: 6.8276e-08 - acc: 1.0000 - val_loss: 3.6549 - val_acc: 0.7000
Epoch 381/500
Epoch 00380: val_acc did not improve
23s - loss: 6.8276e-08 - acc: 1.0000 - val_loss: 3.6549 - val_acc: 0.7000
Epoch 382/500
Epoch 00381: val_acc did not improve
22s - loss: 6.8276e-08 - acc: 1.0000 - val_loss: 3.6549 - val_acc: 0.7000
Epoch 383/500
Epoch 00382: val_acc did not improve
22s - loss: 6.8276e-08 - acc: 1.0000 - val_loss: 3.6549 - val_acc: 0.7000
Epoch 384/500
Epoch 00383: val_acc did not improve
23s - loss: 6.8276e-08 - acc: 1.0000 - val_loss: 3.6549 - val_acc: 0.7000
Epoch 385/500
Epoch 00384: val_acc did not improve
23s - loss: 6.8276e-08 - acc: 1.0000 - val_loss: 3.6549 - val_acc: 0.7000
Epoch 386/500
Epoch 00385: val_acc did not improve
23s - loss: 6.8276e-08 - acc: 1.0000 - val_loss: 3.6549 - val_acc: 0.7000
Epoch 387/500
Epoch 00386: val_acc did not improve
23s - loss: 6.8276e-08 - acc: 1.0000 - val_loss: 3.6549 - val_acc: 0.7000
Epoch 388/500
Epoch 00387: val_acc did not improve
23s - loss: 6.8276e-08 - acc: 1.0000 - val_loss: 3.6549 - val_acc: 0.7000
Epoch 389/500
Epoch 00388: val_acc did not improve
23s - loss: 6.8276e-08 - acc: 1.0000 - val_loss: 3.6549 - val_acc: 0.7000
Epoch 390/500
Epoch 00389: val_acc did not improve
22s - loss: 6.8276e-08 - acc: 1.0000 - val_loss: 3.6549 - val_acc: 0.7000
Epoch 391/500
Epoch 00390: val_acc did not improve
23s - loss: 6.8276e-08 - acc: 1.0000 - val_loss: 3.6549 - val_acc: 0.7000
Epoch 392/500
Epoch 00391: val_acc did not improve
23s - loss: 6.8276e-08 - acc: 1.0000 - val_loss: 3.6549 - val_acc: 0.7000
Epoch 393/500
Epoch 00392: val_acc did not improve
23s - loss: 6.8276e-08 - acc: 1.0000 - val_loss: 3.6549 - val_acc: 0.7000
Epoch 394/500
Epoch 00393: val_acc did not improve
22s - loss: 6.8276e-08 - acc: 1.0000 - val_loss: 3.6549 - val_acc: 0.7000
Epoch 395/500
Epoch 00394: val_acc did not improve
23s - loss: 6.8276e-08 - acc: 1.0000 - val_loss: 3.6549 - val_acc: 0.7000
Epoch 396/500
Epoch 00395: val_acc did not improve
24s - loss: 6.8276e-08 - acc: 1.0000 - val_loss: 3.6549 - val_acc: 0.7000
Epoch 397/500
Epoch 00396: val_acc did not improve
22s - loss: 6.8276e-08 - acc: 1.0000 - val_loss: 3.6549 - val_acc: 0.7000
Epoch 398/500
Epoch 00397: val_acc did not improve
22s - loss: 6.8276e-08 - acc: 1.0000 - val_loss: 3.6549 - val_acc: 0.7000
Epoch 399/500
Epoch 00398: val_acc did not improve
23s - loss: 6.8276e-08 - acc: 1.0000 - val_loss: 3.6549 - val_acc: 0.7000
Epoch 400/500
Epoch 00399: val_acc did not improve
22s - loss: 6.8276e-08 - acc: 1.0000 - val_loss: 3.6549 - val_acc: 0.7000
Epoch 401/500
Epoch 00400: val_acc did not improve
23s - loss: 6.8276e-08 - acc: 1.0000 - val_loss: 3.6549 - val_acc: 0.7000
Epoch 402/500
Epoch 00401: val_acc did not improve
22s - loss: 6.8276e-08 - acc: 1.0000 - val_loss: 3.6549 - val_acc: 0.7000
Epoch 403/500
Epoch 00402: val_acc did not improve
23s - loss: 6.8276e-08 - acc: 1.0000 - val_loss: 3.6549 - val_acc: 0.7000
Epoch 404/500
Epoch 00403: val_acc did not improve
23s - loss: 6.8276e-08 - acc: 1.0000 - val_loss: 3.6549 - val_acc: 0.7000
Epoch 405/500
Epoch 00404: val_acc did not improve
23s - loss: 6.8276e-08 - acc: 1.0000 - val_loss: 3.6549 - val_acc: 0.7000
Epoch 406/500
Epoch 00405: val_acc did not improve
23s - loss: 6.8276e-08 - acc: 1.0000 - val_loss: 3.6549 - val_acc: 0.7000
Epoch 407/500
Epoch 00406: val_acc did not improve
23s - loss: 6.8276e-08 - acc: 1.0000 - val_loss: 3.6549 - val_acc: 0.7000
Epoch 408/500
Epoch 00407: val_acc did not improve
22s - loss: 6.8276e-08 - acc: 1.0000 - val_loss: 3.6549 - val_acc: 0.7000
Epoch 409/500
Epoch 00408: val_acc did not improve
23s - loss: 6.8276e-08 - acc: 1.0000 - val_loss: 3.6549 - val_acc: 0.7000
Epoch 410/500
Epoch 00409: val_acc did not improve
23s - loss: 6.8276e-08 - acc: 1.0000 - val_loss: 3.6549 - val_acc: 0.7000
Epoch 411/500
Epoch 00410: val_acc did not improve
24s - loss: 6.8276e-08 - acc: 1.0000 - val_loss: 3.6549 - val_acc: 0.7000
Epoch 412/500
Epoch 00411: val_acc did not improve
23s - loss: 6.8276e-08 - acc: 1.0000 - val_loss: 3.6549 - val_acc: 0.7000
Epoch 413/500
Epoch 00412: val_acc did not improve
22s - loss: 6.8276e-08 - acc: 1.0000 - val_loss: 3.6549 - val_acc: 0.7000
Epoch 414/500
Epoch 00413: val_acc did not improve
23s - loss: 6.8276e-08 - acc: 1.0000 - val_loss: 3.6549 - val_acc: 0.7000
Epoch 415/500
Epoch 00414: val_acc did not improve
23s - loss: 6.8276e-08 - acc: 1.0000 - val_loss: 3.6549 - val_acc: 0.7000
Epoch 416/500
Epoch 00415: val_acc did not improve
23s - loss: 6.8276e-08 - acc: 1.0000 - val_loss: 3.6549 - val_acc: 0.7000
Epoch 417/500
Epoch 00416: val_acc did not improve
22s - loss: 6.8276e-08 - acc: 1.0000 - val_loss: 3.6549 - val_acc: 0.7000
Epoch 418/500
Epoch 00417: val_acc did not improve
23s - loss: 6.8276e-08 - acc: 1.0000 - val_loss: 3.6549 - val_acc: 0.7000
Epoch 419/500
Epoch 00418: val_acc did not improve
23s - loss: 6.8276e-08 - acc: 1.0000 - val_loss: 3.6549 - val_acc: 0.7000
Epoch 420/500
Epoch 00419: val_acc did not improve
23s - loss: 6.8276e-08 - acc: 1.0000 - val_loss: 3.6549 - val_acc: 0.7000
Epoch 421/500
Epoch 00420: val_acc did not improve
22s - loss: 6.8276e-08 - acc: 1.0000 - val_loss: 3.6549 - val_acc: 0.7000
Epoch 422/500
Epoch 00421: val_acc did not improve
22s - loss: 6.8276e-08 - acc: 1.0000 - val_loss: 3.6549 - val_acc: 0.7000
Epoch 423/500
Epoch 00422: val_acc did not improve
23s - loss: 6.8276e-08 - acc: 1.0000 - val_loss: 3.6549 - val_acc: 0.7000
Epoch 424/500
Epoch 00423: val_acc did not improve
23s - loss: 6.8276e-08 - acc: 1.0000 - val_loss: 3.6549 - val_acc: 0.7000
Epoch 425/500
Epoch 00424: val_acc did not improve
23s - loss: 6.8276e-08 - acc: 1.0000 - val_loss: 3.6549 - val_acc: 0.7000
Epoch 426/500
Epoch 00425: val_acc did not improve
23s - loss: 6.8276e-08 - acc: 1.0000 - val_loss: 3.6549 - val_acc: 0.7000
Epoch 427/500
Epoch 00426: val_acc did not improve
22s - loss: 6.8276e-08 - acc: 1.0000 - val_loss: 3.6549 - val_acc: 0.7000
Epoch 428/500
Epoch 00427: val_acc did not improve
23s - loss: 6.8276e-08 - acc: 1.0000 - val_loss: 3.6549 - val_acc: 0.7000
Epoch 429/500
Epoch 00428: val_acc did not improve
23s - loss: 6.8276e-08 - acc: 1.0000 - val_loss: 3.6549 - val_acc: 0.7000
Epoch 430/500
Epoch 00429: val_acc did not improve
22s - loss: 6.8276e-08 - acc: 1.0000 - val_loss: 3.6549 - val_acc: 0.7000
Epoch 431/500
Epoch 00430: val_acc did not improve
23s - loss: 6.8276e-08 - acc: 1.0000 - val_loss: 3.6549 - val_acc: 0.7000
Epoch 432/500
Epoch 00431: val_acc did not improve
23s - loss: 6.8276e-08 - acc: 1.0000 - val_loss: 3.6549 - val_acc: 0.7000
Epoch 433/500
Epoch 00432: val_acc did not improve
23s - loss: 6.8276e-08 - acc: 1.0000 - val_loss: 3.6549 - val_acc: 0.7000
Epoch 434/500
Epoch 00433: val_acc did not improve
22s - loss: 6.8276e-08 - acc: 1.0000 - val_loss: 3.6549 - val_acc: 0.7000
Epoch 435/500
Epoch 00434: val_acc did not improve
22s - loss: 6.8276e-08 - acc: 1.0000 - val_loss: 3.6549 - val_acc: 0.7000
Epoch 436/500
Epoch 00435: val_acc did not improve
23s - loss: 6.8276e-08 - acc: 1.0000 - val_loss: 3.6549 - val_acc: 0.7000
Epoch 437/500
Epoch 00436: val_acc did not improve
23s - loss: 6.8276e-08 - acc: 1.0000 - val_loss: 3.6549 - val_acc: 0.7000
Epoch 438/500
Epoch 00437: val_acc did not improve
24s - loss: 6.8276e-08 - acc: 1.0000 - val_loss: 3.6549 - val_acc: 0.7000
Epoch 439/500
Epoch 00438: val_acc did not improve
22s - loss: 6.8276e-08 - acc: 1.0000 - val_loss: 3.6549 - val_acc: 0.7000
Epoch 440/500
Epoch 00439: val_acc did not improve
22s - loss: 6.8276e-08 - acc: 1.0000 - val_loss: 3.6549 - val_acc: 0.7000
Epoch 441/500
Epoch 00440: val_acc did not improve
22s - loss: 6.8276e-08 - acc: 1.0000 - val_loss: 3.6549 - val_acc: 0.7000
Epoch 442/500
Epoch 00441: val_acc did not improve
23s - loss: 6.8276e-08 - acc: 1.0000 - val_loss: 3.6549 - val_acc: 0.7000
Epoch 443/500
Epoch 00442: val_acc did not improve
22s - loss: 6.8276e-08 - acc: 1.0000 - val_loss: 3.6549 - val_acc: 0.7000
Epoch 444/500
Epoch 00443: val_acc did not improve
23s - loss: 6.8276e-08 - acc: 1.0000 - val_loss: 3.6549 - val_acc: 0.7000
Epoch 445/500
Epoch 00444: val_acc did not improve
23s - loss: 6.8276e-08 - acc: 1.0000 - val_loss: 3.6549 - val_acc: 0.7000
Epoch 446/500
Epoch 00445: val_acc did not improve
23s - loss: 6.8276e-08 - acc: 1.0000 - val_loss: 3.6549 - val_acc: 0.7000
Epoch 447/500
Epoch 00446: val_acc did not improve
22s - loss: 6.8276e-08 - acc: 1.0000 - val_loss: 3.6549 - val_acc: 0.7000
Epoch 448/500
Epoch 00447: val_acc did not improve
23s - loss: 6.8276e-08 - acc: 1.0000 - val_loss: 3.6549 - val_acc: 0.7000
Epoch 449/500
Epoch 00448: val_acc did not improve
22s - loss: 6.8276e-08 - acc: 1.0000 - val_loss: 3.6549 - val_acc: 0.7000
Epoch 450/500
Epoch 00449: val_acc did not improve
22s - loss: 6.8276e-08 - acc: 1.0000 - val_loss: 3.6549 - val_acc: 0.7000
Epoch 451/500
Epoch 00450: val_acc did not improve
23s - loss: 6.8276e-08 - acc: 1.0000 - val_loss: 3.6549 - val_acc: 0.7000
Epoch 452/500
Epoch 00451: val_acc did not improve
23s - loss: 6.8276e-08 - acc: 1.0000 - val_loss: 3.6549 - val_acc: 0.7000
Epoch 453/500
Epoch 00452: val_acc did not improve
23s - loss: 6.8276e-08 - acc: 1.0000 - val_loss: 3.6549 - val_acc: 0.7000
Epoch 454/500
Epoch 00453: val_acc did not improve
23s - loss: 6.8276e-08 - acc: 1.0000 - val_loss: 3.6549 - val_acc: 0.7000
Epoch 455/500
Epoch 00454: val_acc did not improve
23s - loss: 6.8276e-08 - acc: 1.0000 - val_loss: 3.6549 - val_acc: 0.7000
Epoch 456/500
Epoch 00455: val_acc did not improve
22s - loss: 6.8276e-08 - acc: 1.0000 - val_loss: 3.6549 - val_acc: 0.7000
Epoch 457/500
Epoch 00456: val_acc did not improve
23s - loss: 6.8276e-08 - acc: 1.0000 - val_loss: 3.6549 - val_acc: 0.7000
Epoch 458/500
Epoch 00457: val_acc did not improve
23s - loss: 6.8276e-08 - acc: 1.0000 - val_loss: 3.6549 - val_acc: 0.7000
Epoch 459/500
Epoch 00458: val_acc did not improve
23s - loss: 6.8276e-08 - acc: 1.0000 - val_loss: 3.6549 - val_acc: 0.7000
Epoch 460/500
Epoch 00459: val_acc did not improve
23s - loss: 6.8276e-08 - acc: 1.0000 - val_loss: 3.6549 - val_acc: 0.7000
Epoch 461/500
Epoch 00460: val_acc did not improve
23s - loss: 6.8276e-08 - acc: 1.0000 - val_loss: 3.6549 - val_acc: 0.7000
Epoch 462/500
Epoch 00461: val_acc did not improve
23s - loss: 6.8276e-08 - acc: 1.0000 - val_loss: 3.6549 - val_acc: 0.7000
Epoch 463/500
Epoch 00462: val_acc did not improve
23s - loss: 6.8276e-08 - acc: 1.0000 - val_loss: 3.6549 - val_acc: 0.7000
Epoch 464/500
Epoch 00463: val_acc did not improve
22s - loss: 6.8276e-08 - acc: 1.0000 - val_loss: 3.6549 - val_acc: 0.7000
Epoch 465/500
Epoch 00464: val_acc did not improve
22s - loss: 6.8276e-08 - acc: 1.0000 - val_loss: 3.6549 - val_acc: 0.7000
Epoch 466/500
Epoch 00465: val_acc did not improve
23s - loss: 6.8276e-08 - acc: 1.0000 - val_loss: 3.6549 - val_acc: 0.7000
Epoch 467/500
Epoch 00466: val_acc did not improve
23s - loss: 6.8276e-08 - acc: 1.0000 - val_loss: 3.6549 - val_acc: 0.7000
Epoch 468/500
Epoch 00467: val_acc did not improve
22s - loss: 6.8276e-08 - acc: 1.0000 - val_loss: 3.6549 - val_acc: 0.7000
Epoch 469/500
Epoch 00468: val_acc did not improve
23s - loss: 6.8276e-08 - acc: 1.0000 - val_loss: 3.6549 - val_acc: 0.7000
Epoch 470/500
Epoch 00469: val_acc did not improve
22s - loss: 6.8276e-08 - acc: 1.0000 - val_loss: 3.6549 - val_acc: 0.7000
Epoch 471/500
Epoch 00470: val_acc did not improve
23s - loss: 6.8276e-08 - acc: 1.0000 - val_loss: 3.6549 - val_acc: 0.7000
Epoch 472/500
Epoch 00471: val_acc did not improve
23s - loss: 6.8276e-08 - acc: 1.0000 - val_loss: 3.6549 - val_acc: 0.7000
Epoch 473/500
Epoch 00472: val_acc did not improve
23s - loss: 6.8276e-08 - acc: 1.0000 - val_loss: 3.6549 - val_acc: 0.7000
Epoch 474/500
Epoch 00473: val_acc did not improve
23s - loss: 6.8276e-08 - acc: 1.0000 - val_loss: 3.6549 - val_acc: 0.7000
Epoch 475/500
Epoch 00474: val_acc did not improve
22s - loss: 6.8276e-08 - acc: 1.0000 - val_loss: 3.6549 - val_acc: 0.7000
Epoch 476/500
Epoch 00475: val_acc did not improve
23s - loss: 6.8276e-08 - acc: 1.0000 - val_loss: 3.6549 - val_acc: 0.7000
Epoch 477/500
Epoch 00476: val_acc did not improve
22s - loss: 6.8276e-08 - acc: 1.0000 - val_loss: 3.6549 - val_acc: 0.7000
Epoch 478/500
Epoch 00477: val_acc did not improve
23s - loss: 6.8276e-08 - acc: 1.0000 - val_loss: 3.6549 - val_acc: 0.7000
Epoch 479/500
Epoch 00478: val_acc did not improve
23s - loss: 6.8276e-08 - acc: 1.0000 - val_loss: 3.6549 - val_acc: 0.7000
Epoch 480/500
Epoch 00479: val_acc did not improve
23s - loss: 6.8276e-08 - acc: 1.0000 - val_loss: 3.6549 - val_acc: 0.7000
Epoch 481/500
Epoch 00480: val_acc did not improve
22s - loss: 6.8276e-08 - acc: 1.0000 - val_loss: 3.6549 - val_acc: 0.7000
Epoch 482/500
Epoch 00481: val_acc did not improve
23s - loss: 6.8276e-08 - acc: 1.0000 - val_loss: 3.6549 - val_acc: 0.7000
Epoch 483/500
Epoch 00482: val_acc did not improve
22s - loss: 6.8276e-08 - acc: 1.0000 - val_loss: 3.6549 - val_acc: 0.7000
Epoch 484/500
Epoch 00483: val_acc did not improve
23s - loss: 6.8276e-08 - acc: 1.0000 - val_loss: 3.6549 - val_acc: 0.7000
Epoch 485/500
Epoch 00484: val_acc did not improve
22s - loss: 6.8276e-08 - acc: 1.0000 - val_loss: 3.6549 - val_acc: 0.7000
Epoch 486/500
Epoch 00485: val_acc did not improve
22s - loss: 6.8276e-08 - acc: 1.0000 - val_loss: 3.6549 - val_acc: 0.7000
Epoch 487/500
Epoch 00486: val_acc did not improve
22s - loss: 6.8276e-08 - acc: 1.0000 - val_loss: 3.6549 - val_acc: 0.7000
Epoch 488/500
Epoch 00487: val_acc did not improve
23s - loss: 6.8276e-08 - acc: 1.0000 - val_loss: 3.6549 - val_acc: 0.7000
Epoch 489/500
Epoch 00488: val_acc did not improve
21s - loss: 6.8276e-08 - acc: 1.0000 - val_loss: 3.6549 - val_acc: 0.7000
Epoch 490/500
Epoch 00489: val_acc did not improve
22s - loss: 6.8276e-08 - acc: 1.0000 - val_loss: 3.6549 - val_acc: 0.7000
Epoch 491/500
Epoch 00490: val_acc did not improve
22s - loss: 6.8276e-08 - acc: 1.0000 - val_loss: 3.6549 - val_acc: 0.7000
Epoch 492/500
Epoch 00491: val_acc did not improve
22s - loss: 6.8276e-08 - acc: 1.0000 - val_loss: 3.6549 - val_acc: 0.7000
Epoch 493/500
Epoch 00492: val_acc did not improve
22s - loss: 6.8276e-08 - acc: 1.0000 - val_loss: 3.6549 - val_acc: 0.7000
Epoch 494/500
Epoch 00493: val_acc did not improve
22s - loss: 6.8276e-08 - acc: 1.0000 - val_loss: 3.6549 - val_acc: 0.7000
Epoch 495/500
Epoch 00494: val_acc did not improve
22s - loss: 6.8276e-08 - acc: 1.0000 - val_loss: 3.6549 - val_acc: 0.7000
Epoch 496/500
Epoch 00495: val_acc did not improve
22s - loss: 6.8276e-08 - acc: 1.0000 - val_loss: 3.6549 - val_acc: 0.7000
Epoch 497/500
Epoch 00496: val_acc did not improve
22s - loss: 6.8276e-08 - acc: 1.0000 - val_loss: 3.6549 - val_acc: 0.7000
Epoch 498/500
Epoch 00497: val_acc did not improve
21s - loss: 6.8276e-08 - acc: 1.0000 - val_loss: 3.6549 - val_acc: 0.7000
Epoch 499/500
Epoch 00498: val_acc did not improve
21s - loss: 6.8276e-08 - acc: 1.0000 - val_loss: 3.6549 - val_acc: 0.7000
Epoch 500/500
Epoch 00499: val_acc did not improve
22s - loss: 6.8276e-08 - acc: 1.0000 - val_loss: 3.6549 - val_acc: 0.7000
Test score: 4.48390979767
Test accuracy: 0.625
