max: 12633.0
X_train shape: (160, 1, 4000, 21, 19)
160 train samples
40 test samples
y_train shape: (160, 2)
y_test shape: (40, 2)
(None, 100, 16, 5, 4)
____________________________________________________________________________________________________
Layer (type)                     Output Shape          Param #     Connected to                     
====================================================================================================
convolution3d_1 (Convolution3D)  (None, 8, 4000, 21, 19208         convolution3d_input_1[0][0]      
____________________________________________________________________________________________________
activation_1 (Activation)        (None, 8, 4000, 21, 190           convolution3d_1[0][0]            
____________________________________________________________________________________________________
maxpooling3d_1 (MaxPooling3D)    (None, 8, 2000, 10, 9)0           activation_1[0][0]               
____________________________________________________________________________________________________
convolution3d_2 (Convolution3D)  (None, 16, 2000, 10, 91168        maxpooling3d_1[0][0]             
____________________________________________________________________________________________________
activation_2 (Activation)        (None, 16, 2000, 10, 90           convolution3d_2[0][0]            
____________________________________________________________________________________________________
maxpooling3d_2 (MaxPooling3D)    (None, 16, 100, 5, 4) 0           activation_2[0][0]               
____________________________________________________________________________________________________
permute_1 (Permute)              (None, 100, 16, 5, 4) 0           maxpooling3d_2[0][0]             
____________________________________________________________________________________________________
reshape_1 (Reshape)              (None, 100, 320)      0           permute_1[0][0]                  
____________________________________________________________________________________________________
lstm_1 (LSTM)                    (None, 100, 128)      229888      reshape_1[0][0]                  
____________________________________________________________________________________________________
lstm_2 (LSTM)                    (None, 100, 128)      131584      lstm_1[0][0]                     
____________________________________________________________________________________________________
flatten_1 (Flatten)              (None, 12800)         0           lstm_2[0][0]                     
____________________________________________________________________________________________________
dense_1 (Dense)                  (None, 2)             25602       flatten_1[0][0]                  
____________________________________________________________________________________________________
activation_3 (Activation)        (None, 2)             0           dense_1[0][0]                    
====================================================================================================
Total params: 388450
____________________________________________________________________________________________________
Train on 160 samples, validate on 40 samples
Epoch 1/500
Epoch 00000: val_acc improved from -inf to 0.60000, saving model to /media/kong/9A8821088820E48B/Xcat/experiment/BCI2008/ds1a/model/arange_pole/cube_cnn_2lstm_max_relu.h5
23s - loss: 0.7390 - acc: 0.4312 - val_loss: 0.6830 - val_acc: 0.6000
Epoch 2/500
Epoch 00001: val_acc did not improve
22s - loss: 0.7036 - acc: 0.4562 - val_loss: 0.7067 - val_acc: 0.4250
Epoch 3/500
Epoch 00002: val_acc did not improve
22s - loss: 0.7091 - acc: 0.4875 - val_loss: 0.7015 - val_acc: 0.4000
Epoch 4/500
Epoch 00003: val_acc did not improve
23s - loss: 0.6979 - acc: 0.4062 - val_loss: 0.7131 - val_acc: 0.5000
Epoch 5/500
Epoch 00004: val_acc did not improve
23s - loss: 0.7124 - acc: 0.5000 - val_loss: 0.8066 - val_acc: 0.4250
Epoch 6/500
Epoch 00005: val_acc did not improve
23s - loss: 0.7117 - acc: 0.5062 - val_loss: 0.6672 - val_acc: 0.6000
Epoch 7/500
Epoch 00006: val_acc did not improve
23s - loss: 0.6853 - acc: 0.5375 - val_loss: 0.7105 - val_acc: 0.4250
Epoch 8/500
Epoch 00007: val_acc did not improve
23s - loss: 0.6860 - acc: 0.5000 - val_loss: 0.7132 - val_acc: 0.4000
Epoch 9/500
Epoch 00008: val_acc did not improve
23s - loss: 0.6881 - acc: 0.5187 - val_loss: 0.7331 - val_acc: 0.4500
Epoch 10/500
Epoch 00009: val_acc did not improve
23s - loss: 0.6911 - acc: 0.4875 - val_loss: 0.7341 - val_acc: 0.4250
Epoch 11/500
Epoch 00010: val_acc improved from 0.60000 to 0.62500, saving model to /media/kong/9A8821088820E48B/Xcat/experiment/BCI2008/ds1a/model/arange_pole/cube_cnn_2lstm_max_relu.h5
23s - loss: 0.7084 - acc: 0.5625 - val_loss: 0.6857 - val_acc: 0.6250
Epoch 12/500
Epoch 00011: val_acc did not improve
23s - loss: 0.6939 - acc: 0.4688 - val_loss: 0.7819 - val_acc: 0.5500
Epoch 13/500
Epoch 00012: val_acc did not improve
22s - loss: 0.6846 - acc: 0.5187 - val_loss: 0.7294 - val_acc: 0.4500
Epoch 14/500
Epoch 00013: val_acc did not improve
23s - loss: 0.7087 - acc: 0.5312 - val_loss: 0.7729 - val_acc: 0.4250
Epoch 15/500
Epoch 00014: val_acc did not improve
23s - loss: 0.6984 - acc: 0.5375 - val_loss: 0.7061 - val_acc: 0.5250
Epoch 16/500
Epoch 00015: val_acc did not improve
22s - loss: 0.7328 - acc: 0.5563 - val_loss: 0.8110 - val_acc: 0.5750
Epoch 17/500
Epoch 00016: val_acc did not improve
23s - loss: 0.7764 - acc: 0.4312 - val_loss: 0.7088 - val_acc: 0.4250
Epoch 18/500
Epoch 00017: val_acc did not improve
23s - loss: 0.6974 - acc: 0.4688 - val_loss: 0.6719 - val_acc: 0.6000
Epoch 19/500
Epoch 00018: val_acc did not improve
23s - loss: 0.6888 - acc: 0.5500 - val_loss: 0.7430 - val_acc: 0.4250
Epoch 20/500
Epoch 00019: val_acc did not improve
23s - loss: 0.6902 - acc: 0.5312 - val_loss: 0.6348 - val_acc: 0.6250
Epoch 21/500
Epoch 00020: val_acc did not improve
23s - loss: 0.6844 - acc: 0.5312 - val_loss: 0.6867 - val_acc: 0.5750
Epoch 22/500
Epoch 00021: val_acc did not improve
24s - loss: 0.6943 - acc: 0.4813 - val_loss: 0.7810 - val_acc: 0.4250
Epoch 23/500
Epoch 00022: val_acc did not improve
22s - loss: 0.6890 - acc: 0.5375 - val_loss: 0.7005 - val_acc: 0.5000
Epoch 24/500
Epoch 00023: val_acc did not improve
23s - loss: 0.7136 - acc: 0.5625 - val_loss: 0.9361 - val_acc: 0.4750
Epoch 25/500
Epoch 00024: val_acc did not improve
23s - loss: 0.7254 - acc: 0.5250 - val_loss: 0.8431 - val_acc: 0.4000
Epoch 26/500
Epoch 00025: val_acc did not improve
23s - loss: 0.6997 - acc: 0.4875 - val_loss: 0.8181 - val_acc: 0.4250
Epoch 27/500
Epoch 00026: val_acc did not improve
23s - loss: 0.6859 - acc: 0.5000 - val_loss: 0.7322 - val_acc: 0.6000
Epoch 28/500
Epoch 00027: val_acc did not improve
23s - loss: 0.6776 - acc: 0.4688 - val_loss: 0.7251 - val_acc: 0.5500
Epoch 29/500
Epoch 00028: val_acc did not improve
23s - loss: 0.6794 - acc: 0.5687 - val_loss: 0.6934 - val_acc: 0.5250
Epoch 30/500
Epoch 00029: val_acc did not improve
23s - loss: 0.6745 - acc: 0.5812 - val_loss: 0.7015 - val_acc: 0.4000
Epoch 31/500
Epoch 00030: val_acc did not improve
23s - loss: 0.6652 - acc: 0.6125 - val_loss: 0.6718 - val_acc: 0.5250
Epoch 32/500
Epoch 00031: val_acc did not improve
23s - loss: 0.6567 - acc: 0.6063 - val_loss: 0.7376 - val_acc: 0.6000
Epoch 33/500
Epoch 00032: val_acc did not improve
23s - loss: 0.6642 - acc: 0.5875 - val_loss: 0.8199 - val_acc: 0.5750
Epoch 34/500
Epoch 00033: val_acc did not improve
23s - loss: 0.6417 - acc: 0.6063 - val_loss: 0.7258 - val_acc: 0.5250
Epoch 35/500
Epoch 00034: val_acc did not improve
23s - loss: 0.6210 - acc: 0.6500 - val_loss: 0.7134 - val_acc: 0.6250
Epoch 36/500
Epoch 00035: val_acc did not improve
23s - loss: 0.6181 - acc: 0.6625 - val_loss: 0.8620 - val_acc: 0.5750
Epoch 37/500
Epoch 00036: val_acc did not improve
23s - loss: 0.6016 - acc: 0.6437 - val_loss: 0.8337 - val_acc: 0.4750
Epoch 38/500
Epoch 00037: val_acc did not improve
22s - loss: 0.5990 - acc: 0.6688 - val_loss: 0.8467 - val_acc: 0.5500
Epoch 39/500
Epoch 00038: val_acc did not improve
23s - loss: 0.7622 - acc: 0.6250 - val_loss: 0.7720 - val_acc: 0.5500
Epoch 40/500
Epoch 00039: val_acc did not improve
23s - loss: 0.7823 - acc: 0.5187 - val_loss: 0.6336 - val_acc: 0.6250
Epoch 41/500
Epoch 00040: val_acc did not improve
22s - loss: 0.6872 - acc: 0.6063 - val_loss: 0.6707 - val_acc: 0.6000
Epoch 42/500
Epoch 00041: val_acc did not improve
23s - loss: 0.5880 - acc: 0.6562 - val_loss: 0.7042 - val_acc: 0.6250
Epoch 43/500
Epoch 00042: val_acc did not improve
22s - loss: 0.5952 - acc: 0.6312 - val_loss: 0.7233 - val_acc: 0.5750
Epoch 44/500
Epoch 00043: val_acc did not improve
23s - loss: 0.5555 - acc: 0.6937 - val_loss: 0.7909 - val_acc: 0.6000
Epoch 45/500
Epoch 00044: val_acc did not improve
22s - loss: 0.5595 - acc: 0.7062 - val_loss: 0.7911 - val_acc: 0.5750
Epoch 46/500
Epoch 00045: val_acc improved from 0.62500 to 0.65000, saving model to /media/kong/9A8821088820E48B/Xcat/experiment/BCI2008/ds1a/model/arange_pole/cube_cnn_2lstm_max_relu.h5
23s - loss: 0.5442 - acc: 0.6750 - val_loss: 0.7749 - val_acc: 0.6500
Epoch 47/500
Epoch 00046: val_acc did not improve
23s - loss: 0.5303 - acc: 0.7000 - val_loss: 0.7989 - val_acc: 0.6250
Epoch 48/500
Epoch 00047: val_acc did not improve
23s - loss: 0.5329 - acc: 0.7188 - val_loss: 0.7538 - val_acc: 0.6500
Epoch 49/500
Epoch 00048: val_acc did not improve
23s - loss: 0.5201 - acc: 0.7188 - val_loss: 0.7983 - val_acc: 0.5750
Epoch 50/500
Epoch 00049: val_acc did not improve
23s - loss: 0.4886 - acc: 0.7062 - val_loss: 0.8841 - val_acc: 0.6000
Epoch 51/500
Epoch 00050: val_acc did not improve
23s - loss: 0.4956 - acc: 0.6875 - val_loss: 0.7785 - val_acc: 0.6000
Epoch 52/500
Epoch 00051: val_acc did not improve
23s - loss: 0.4826 - acc: 0.7687 - val_loss: 0.8171 - val_acc: 0.5750
Epoch 53/500
Epoch 00052: val_acc did not improve
22s - loss: 0.4568 - acc: 0.7500 - val_loss: 1.4075 - val_acc: 0.5750
Epoch 54/500
Epoch 00053: val_acc did not improve
23s - loss: 0.4658 - acc: 0.7625 - val_loss: 1.0717 - val_acc: 0.6250
Epoch 55/500
Epoch 00054: val_acc did not improve
22s - loss: 0.4815 - acc: 0.7500 - val_loss: 0.9980 - val_acc: 0.6000
Epoch 56/500
Epoch 00055: val_acc did not improve
23s - loss: 0.4769 - acc: 0.7750 - val_loss: 1.0968 - val_acc: 0.6000
Epoch 57/500
Epoch 00056: val_acc did not improve
23s - loss: 0.4276 - acc: 0.7750 - val_loss: 1.0217 - val_acc: 0.5000
Epoch 58/500
Epoch 00057: val_acc did not improve
23s - loss: 0.4320 - acc: 0.8063 - val_loss: 1.0476 - val_acc: 0.5500
Epoch 59/500
Epoch 00058: val_acc did not improve
22s - loss: 0.4060 - acc: 0.7625 - val_loss: 1.2262 - val_acc: 0.5500
Epoch 60/500
Epoch 00059: val_acc did not improve
22s - loss: 0.3913 - acc: 0.7938 - val_loss: 1.1491 - val_acc: 0.6000
Epoch 61/500
Epoch 00060: val_acc did not improve
23s - loss: 0.5598 - acc: 0.7625 - val_loss: 1.4110 - val_acc: 0.5250
Epoch 62/500
Epoch 00061: val_acc improved from 0.65000 to 0.67500, saving model to /media/kong/9A8821088820E48B/Xcat/experiment/BCI2008/ds1a/model/arange_pole/cube_cnn_2lstm_max_relu.h5
22s - loss: 0.5900 - acc: 0.7188 - val_loss: 0.8913 - val_acc: 0.6750
Epoch 63/500
Epoch 00062: val_acc did not improve
22s - loss: 0.4928 - acc: 0.7250 - val_loss: 0.8576 - val_acc: 0.5750
Epoch 64/500
Epoch 00063: val_acc did not improve
22s - loss: 0.4212 - acc: 0.7812 - val_loss: 0.9839 - val_acc: 0.6250
Epoch 65/500
Epoch 00064: val_acc did not improve
22s - loss: 0.3616 - acc: 0.8125 - val_loss: 1.2694 - val_acc: 0.6750
Epoch 66/500
Epoch 00065: val_acc did not improve
23s - loss: 0.3162 - acc: 0.8500 - val_loss: 1.4375 - val_acc: 0.6000
Epoch 67/500
Epoch 00066: val_acc did not improve
23s - loss: 0.4036 - acc: 0.7875 - val_loss: 1.3518 - val_acc: 0.6750
Epoch 68/500
Epoch 00067: val_acc did not improve
23s - loss: 0.3753 - acc: 0.8500 - val_loss: 1.3732 - val_acc: 0.6500
Epoch 69/500
Epoch 00068: val_acc did not improve
23s - loss: 0.2761 - acc: 0.8688 - val_loss: 1.5023 - val_acc: 0.5250
Epoch 70/500
Epoch 00069: val_acc did not improve
22s - loss: 0.2653 - acc: 0.8688 - val_loss: 1.5237 - val_acc: 0.6500
Epoch 71/500
Epoch 00070: val_acc did not improve
23s - loss: 0.3369 - acc: 0.8250 - val_loss: 1.4921 - val_acc: 0.6000
Epoch 72/500
Epoch 00071: val_acc did not improve
22s - loss: 0.2372 - acc: 0.8812 - val_loss: 1.1952 - val_acc: 0.6500
Epoch 73/500
Epoch 00072: val_acc did not improve
23s - loss: 0.2827 - acc: 0.8750 - val_loss: 1.1980 - val_acc: 0.6000
Epoch 74/500
Epoch 00073: val_acc did not improve
23s - loss: 0.2307 - acc: 0.9188 - val_loss: 1.7671 - val_acc: 0.6000
Epoch 75/500
Epoch 00074: val_acc did not improve
23s - loss: 0.2284 - acc: 0.9062 - val_loss: 2.0882 - val_acc: 0.6000
Epoch 76/500
Epoch 00075: val_acc did not improve
23s - loss: 0.1856 - acc: 0.9500 - val_loss: 1.2242 - val_acc: 0.6500
Epoch 77/500
Epoch 00076: val_acc did not improve
22s - loss: 0.1660 - acc: 0.9313 - val_loss: 1.8363 - val_acc: 0.5750
Epoch 78/500
Epoch 00077: val_acc did not improve
23s - loss: 0.2303 - acc: 0.9000 - val_loss: 2.0578 - val_acc: 0.5250
Epoch 79/500
Epoch 00078: val_acc did not improve
23s - loss: 0.2323 - acc: 0.8812 - val_loss: 1.9863 - val_acc: 0.6250
Epoch 80/500
Epoch 00079: val_acc did not improve
23s - loss: 0.1696 - acc: 0.9375 - val_loss: 2.0017 - val_acc: 0.6000
Epoch 81/500
Epoch 00080: val_acc did not improve
23s - loss: 0.0806 - acc: 0.9813 - val_loss: 2.0793 - val_acc: 0.6000
Epoch 82/500
Epoch 00081: val_acc did not improve
23s - loss: 0.1418 - acc: 0.9375 - val_loss: 2.0937 - val_acc: 0.5750
Epoch 83/500
Epoch 00082: val_acc did not improve
23s - loss: 0.2945 - acc: 0.9375 - val_loss: 2.2443 - val_acc: 0.5750
Epoch 84/500
Epoch 00083: val_acc did not improve
22s - loss: 1.1671 - acc: 0.5625 - val_loss: 0.8375 - val_acc: 0.5250
Epoch 85/500
Epoch 00084: val_acc did not improve
23s - loss: 0.5433 - acc: 0.7375 - val_loss: 0.9626 - val_acc: 0.5250
Epoch 86/500
Epoch 00085: val_acc did not improve
23s - loss: 0.4276 - acc: 0.7812 - val_loss: 0.7937 - val_acc: 0.5750
Epoch 87/500
Epoch 00086: val_acc did not improve
23s - loss: 0.3652 - acc: 0.8312 - val_loss: 1.0136 - val_acc: 0.5000
Epoch 88/500
Epoch 00087: val_acc did not improve
22s - loss: 0.2966 - acc: 0.8688 - val_loss: 0.7251 - val_acc: 0.6500
Epoch 89/500
Epoch 00088: val_acc did not improve
23s - loss: 0.2533 - acc: 0.8875 - val_loss: 1.1600 - val_acc: 0.5250
Epoch 90/500
Epoch 00089: val_acc did not improve
22s - loss: 0.2004 - acc: 0.9188 - val_loss: 1.2083 - val_acc: 0.5500
Epoch 91/500
Epoch 00090: val_acc did not improve
23s - loss: 0.1903 - acc: 0.9188 - val_loss: 1.9455 - val_acc: 0.4750
Epoch 92/500
Epoch 00091: val_acc did not improve
23s - loss: 0.2284 - acc: 0.9125 - val_loss: 1.9284 - val_acc: 0.5250
Epoch 93/500
Epoch 00092: val_acc did not improve
23s - loss: 0.1255 - acc: 0.9375 - val_loss: 1.7535 - val_acc: 0.5500
Epoch 94/500
Epoch 00093: val_acc did not improve
23s - loss: 0.1477 - acc: 0.9437 - val_loss: 2.0869 - val_acc: 0.5000
Epoch 95/500
Epoch 00094: val_acc did not improve
22s - loss: 0.0910 - acc: 0.9875 - val_loss: 2.2365 - val_acc: 0.6500
Epoch 96/500
Epoch 00095: val_acc did not improve
23s - loss: 0.0842 - acc: 0.9688 - val_loss: 2.1609 - val_acc: 0.6250
Epoch 97/500
Epoch 00096: val_acc did not improve
23s - loss: 0.0494 - acc: 0.9938 - val_loss: 2.2596 - val_acc: 0.5250
Epoch 98/500
Epoch 00097: val_acc did not improve
22s - loss: 0.0284 - acc: 1.0000 - val_loss: 2.4191 - val_acc: 0.5750
Epoch 99/500
Epoch 00098: val_acc did not improve
23s - loss: 0.1327 - acc: 0.9437 - val_loss: 2.4296 - val_acc: 0.5500
Epoch 100/500
Epoch 00099: val_acc did not improve
22s - loss: 0.1283 - acc: 0.9500 - val_loss: 2.6899 - val_acc: 0.4750
Epoch 101/500
Epoch 00100: val_acc did not improve
23s - loss: 0.2205 - acc: 0.8937 - val_loss: 1.8147 - val_acc: 0.5500
Epoch 102/500
Epoch 00101: val_acc did not improve
23s - loss: 0.4678 - acc: 0.8688 - val_loss: 1.8750 - val_acc: 0.5500
Epoch 103/500
Epoch 00102: val_acc did not improve
23s - loss: 0.4340 - acc: 0.8000 - val_loss: 1.5715 - val_acc: 0.5750
Epoch 104/500
Epoch 00103: val_acc did not improve
23s - loss: 0.2447 - acc: 0.9062 - val_loss: 1.6544 - val_acc: 0.6000
Epoch 105/500
Epoch 00104: val_acc did not improve
23s - loss: 0.1675 - acc: 0.9250 - val_loss: 1.4389 - val_acc: 0.6750
Epoch 106/500
Epoch 00105: val_acc did not improve
23s - loss: 0.1000 - acc: 0.9625 - val_loss: 1.6939 - val_acc: 0.6000
Epoch 107/500
Epoch 00106: val_acc did not improve
23s - loss: 0.1053 - acc: 0.9562 - val_loss: 1.6791 - val_acc: 0.6250
Epoch 108/500
Epoch 00107: val_acc did not improve
23s - loss: 0.0887 - acc: 0.9750 - val_loss: 2.1039 - val_acc: 0.6000
Epoch 109/500
Epoch 00108: val_acc did not improve
23s - loss: 0.0628 - acc: 0.9938 - val_loss: 2.1399 - val_acc: 0.6000
Epoch 110/500
Epoch 00109: val_acc did not improve
23s - loss: 0.0139 - acc: 1.0000 - val_loss: 2.2685 - val_acc: 0.6000
Epoch 111/500
Epoch 00110: val_acc did not improve
23s - loss: 0.0121 - acc: 1.0000 - val_loss: 2.3495 - val_acc: 0.6000
Epoch 112/500
Epoch 00111: val_acc did not improve
23s - loss: 0.0179 - acc: 0.9938 - val_loss: 2.3505 - val_acc: 0.5500
Epoch 113/500
Epoch 00112: val_acc did not improve
22s - loss: 0.3231 - acc: 0.8812 - val_loss: 1.5096 - val_acc: 0.5750
Epoch 114/500
Epoch 00113: val_acc did not improve
23s - loss: 0.0966 - acc: 0.9625 - val_loss: 1.5853 - val_acc: 0.6250
Epoch 115/500
Epoch 00114: val_acc did not improve
22s - loss: 0.0574 - acc: 0.9813 - val_loss: 1.8570 - val_acc: 0.5750
Epoch 116/500
Epoch 00115: val_acc did not improve
23s - loss: 0.0246 - acc: 1.0000 - val_loss: 2.0698 - val_acc: 0.6000
Epoch 117/500
Epoch 00116: val_acc did not improve
23s - loss: 0.0098 - acc: 1.0000 - val_loss: 2.2811 - val_acc: 0.6250
Epoch 118/500
Epoch 00117: val_acc did not improve
23s - loss: 0.0042 - acc: 1.0000 - val_loss: 2.4760 - val_acc: 0.6250
Epoch 119/500
Epoch 00118: val_acc did not improve
23s - loss: 0.0028 - acc: 1.0000 - val_loss: 2.7834 - val_acc: 0.6000
Epoch 120/500
Epoch 00119: val_acc did not improve
22s - loss: 0.0018 - acc: 1.0000 - val_loss: 2.8029 - val_acc: 0.6250
Epoch 121/500
Epoch 00120: val_acc did not improve
23s - loss: 0.0013 - acc: 1.0000 - val_loss: 3.0346 - val_acc: 0.6000
Epoch 122/500
Epoch 00121: val_acc did not improve
23s - loss: 9.9222e-04 - acc: 1.0000 - val_loss: 3.0085 - val_acc: 0.6250
Epoch 123/500
Epoch 00122: val_acc did not improve
23s - loss: 8.2639e-04 - acc: 1.0000 - val_loss: 3.1241 - val_acc: 0.6250
Epoch 124/500
Epoch 00123: val_acc did not improve
22s - loss: 6.6651e-04 - acc: 1.0000 - val_loss: 3.2210 - val_acc: 0.6250
Epoch 125/500
Epoch 00124: val_acc did not improve
24s - loss: 5.7606e-04 - acc: 1.0000 - val_loss: 3.3230 - val_acc: 0.6250
Epoch 126/500
Epoch 00125: val_acc did not improve
23s - loss: 4.9190e-04 - acc: 1.0000 - val_loss: 3.3860 - val_acc: 0.6250
Epoch 127/500
Epoch 00126: val_acc did not improve
23s - loss: 4.2488e-04 - acc: 1.0000 - val_loss: 3.4087 - val_acc: 0.6250
Epoch 128/500
Epoch 00127: val_acc did not improve
22s - loss: 3.8529e-04 - acc: 1.0000 - val_loss: 3.5076 - val_acc: 0.6000
Epoch 129/500
Epoch 00128: val_acc did not improve
23s - loss: 3.3793e-04 - acc: 1.0000 - val_loss: 3.5178 - val_acc: 0.6000
Epoch 130/500
Epoch 00129: val_acc did not improve
22s - loss: 3.0226e-04 - acc: 1.0000 - val_loss: 3.6273 - val_acc: 0.6000
Epoch 131/500
Epoch 00130: val_acc did not improve
23s - loss: 2.7238e-04 - acc: 1.0000 - val_loss: 3.6991 - val_acc: 0.6000
Epoch 132/500
Epoch 00131: val_acc did not improve
23s - loss: 2.4246e-04 - acc: 1.0000 - val_loss: 3.7484 - val_acc: 0.6000
Epoch 133/500
Epoch 00132: val_acc did not improve
23s - loss: 2.2499e-04 - acc: 1.0000 - val_loss: 3.8176 - val_acc: 0.6000
Epoch 134/500
Epoch 00133: val_acc did not improve
22s - loss: 2.0535e-04 - acc: 1.0000 - val_loss: 3.8493 - val_acc: 0.6000
Epoch 135/500
Epoch 00134: val_acc did not improve
22s - loss: 1.8269e-04 - acc: 1.0000 - val_loss: 3.8621 - val_acc: 0.6000
Epoch 136/500
Epoch 00135: val_acc did not improve
23s - loss: 1.7100e-04 - acc: 1.0000 - val_loss: 3.9674 - val_acc: 0.6000
Epoch 137/500
Epoch 00136: val_acc did not improve
23s - loss: 1.5481e-04 - acc: 1.0000 - val_loss: 3.9597 - val_acc: 0.6000
Epoch 138/500
Epoch 00137: val_acc did not improve
23s - loss: 1.4209e-04 - acc: 1.0000 - val_loss: 4.1141 - val_acc: 0.6000
Epoch 139/500
Epoch 00138: val_acc did not improve
23s - loss: 1.2872e-04 - acc: 1.0000 - val_loss: 4.0898 - val_acc: 0.6000
Epoch 140/500
Epoch 00139: val_acc did not improve
23s - loss: 1.1825e-04 - acc: 1.0000 - val_loss: 4.1337 - val_acc: 0.6000
Epoch 141/500
Epoch 00140: val_acc did not improve
22s - loss: 1.1171e-04 - acc: 1.0000 - val_loss: 4.2769 - val_acc: 0.6000
Epoch 142/500
Epoch 00141: val_acc did not improve
23s - loss: 1.0270e-04 - acc: 1.0000 - val_loss: 4.1867 - val_acc: 0.6000
Epoch 143/500
Epoch 00142: val_acc did not improve
23s - loss: 9.2507e-05 - acc: 1.0000 - val_loss: 4.2316 - val_acc: 0.6000
Epoch 144/500
Epoch 00143: val_acc did not improve
22s - loss: 8.6051e-05 - acc: 1.0000 - val_loss: 4.2076 - val_acc: 0.6000
Epoch 145/500
Epoch 00144: val_acc did not improve
24s - loss: 8.0741e-05 - acc: 1.0000 - val_loss: 4.2343 - val_acc: 0.6000
Epoch 146/500
Epoch 00145: val_acc did not improve
23s - loss: 7.4158e-05 - acc: 1.0000 - val_loss: 4.3267 - val_acc: 0.6000
Epoch 147/500
Epoch 00146: val_acc did not improve
22s - loss: 6.8458e-05 - acc: 1.0000 - val_loss: 4.3777 - val_acc: 0.6000
Epoch 148/500
Epoch 00147: val_acc did not improve
23s - loss: 6.4249e-05 - acc: 1.0000 - val_loss: 4.3384 - val_acc: 0.6000
Epoch 149/500
Epoch 00148: val_acc did not improve
23s - loss: 6.0994e-05 - acc: 1.0000 - val_loss: 4.3968 - val_acc: 0.5750
Epoch 150/500
Epoch 00149: val_acc did not improve
23s - loss: 5.6572e-05 - acc: 1.0000 - val_loss: 4.4195 - val_acc: 0.5750
Epoch 151/500
Epoch 00150: val_acc did not improve
23s - loss: 5.2140e-05 - acc: 1.0000 - val_loss: 4.4511 - val_acc: 0.5750
Epoch 152/500
Epoch 00151: val_acc did not improve
23s - loss: 4.9559e-05 - acc: 1.0000 - val_loss: 4.5879 - val_acc: 0.5750
Epoch 153/500
Epoch 00152: val_acc did not improve
23s - loss: 4.5327e-05 - acc: 1.0000 - val_loss: 4.5617 - val_acc: 0.6000
Epoch 154/500
Epoch 00153: val_acc did not improve
24s - loss: 4.3844e-05 - acc: 1.0000 - val_loss: 4.6287 - val_acc: 0.5750
Epoch 155/500
Epoch 00154: val_acc did not improve
23s - loss: 3.9842e-05 - acc: 1.0000 - val_loss: 4.7135 - val_acc: 0.5750
Epoch 156/500
Epoch 00155: val_acc did not improve
23s - loss: 3.7991e-05 - acc: 1.0000 - val_loss: 4.7292 - val_acc: 0.5750
Epoch 157/500
Epoch 00156: val_acc did not improve
23s - loss: 3.5526e-05 - acc: 1.0000 - val_loss: 4.7473 - val_acc: 0.5750
Epoch 158/500
Epoch 00157: val_acc did not improve
23s - loss: 3.2189e-05 - acc: 1.0000 - val_loss: 4.7218 - val_acc: 0.5750
Epoch 159/500
Epoch 00158: val_acc did not improve
23s - loss: 3.0424e-05 - acc: 1.0000 - val_loss: 4.8431 - val_acc: 0.5750
Epoch 160/500
Epoch 00159: val_acc did not improve
23s - loss: 2.9656e-05 - acc: 1.0000 - val_loss: 4.8005 - val_acc: 0.5750
Epoch 161/500
Epoch 00160: val_acc did not improve
23s - loss: 2.7298e-05 - acc: 1.0000 - val_loss: 4.8208 - val_acc: 0.5750
Epoch 162/500
Epoch 00161: val_acc did not improve
23s - loss: 2.4548e-05 - acc: 1.0000 - val_loss: 4.8990 - val_acc: 0.5750
Epoch 163/500
Epoch 00162: val_acc did not improve
22s - loss: 2.3351e-05 - acc: 1.0000 - val_loss: 4.9057 - val_acc: 0.5750
Epoch 164/500
Epoch 00163: val_acc did not improve
23s - loss: 2.2081e-05 - acc: 1.0000 - val_loss: 4.8939 - val_acc: 0.5750
Epoch 165/500
Epoch 00164: val_acc did not improve
22s - loss: 2.0471e-05 - acc: 1.0000 - val_loss: 4.9047 - val_acc: 0.5750
Epoch 166/500
Epoch 00165: val_acc did not improve
23s - loss: 1.9446e-05 - acc: 1.0000 - val_loss: 4.9741 - val_acc: 0.5750
Epoch 167/500
Epoch 00166: val_acc did not improve
23s - loss: 1.8480e-05 - acc: 1.0000 - val_loss: 4.9618 - val_acc: 0.5750
Epoch 168/500
Epoch 00167: val_acc did not improve
22s - loss: 1.7315e-05 - acc: 1.0000 - val_loss: 4.9304 - val_acc: 0.5750
Epoch 169/500
Epoch 00168: val_acc did not improve
23s - loss: 1.6044e-05 - acc: 1.0000 - val_loss: 5.0053 - val_acc: 0.5750
Epoch 170/500
Epoch 00169: val_acc did not improve
23s - loss: 1.5254e-05 - acc: 1.0000 - val_loss: 4.9666 - val_acc: 0.5750
Epoch 171/500
Epoch 00170: val_acc did not improve
22s - loss: 1.4751e-05 - acc: 1.0000 - val_loss: 4.9660 - val_acc: 0.5750
Epoch 172/500
Epoch 00171: val_acc did not improve
23s - loss: 1.3369e-05 - acc: 1.0000 - val_loss: 5.0763 - val_acc: 0.5750
Epoch 173/500
Epoch 00172: val_acc did not improve
22s - loss: 1.2711e-05 - acc: 1.0000 - val_loss: 4.9906 - val_acc: 0.5750
Epoch 174/500
Epoch 00173: val_acc did not improve
23s - loss: 1.2025e-05 - acc: 1.0000 - val_loss: 5.0076 - val_acc: 0.5750
Epoch 175/500
Epoch 00174: val_acc did not improve
23s - loss: 1.1236e-05 - acc: 1.0000 - val_loss: 5.0261 - val_acc: 0.5750
Epoch 176/500
Epoch 00175: val_acc did not improve
23s - loss: 1.0444e-05 - acc: 1.0000 - val_loss: 5.0571 - val_acc: 0.5750
Epoch 177/500
Epoch 00176: val_acc did not improve
23s - loss: 9.7386e-06 - acc: 1.0000 - val_loss: 5.0947 - val_acc: 0.5750
Epoch 178/500
Epoch 00177: val_acc did not improve
23s - loss: 9.2214e-06 - acc: 1.0000 - val_loss: 5.0778 - val_acc: 0.5750
Epoch 179/500
Epoch 00178: val_acc did not improve
22s - loss: 8.6351e-06 - acc: 1.0000 - val_loss: 5.1018 - val_acc: 0.5750
Epoch 180/500
Epoch 00179: val_acc did not improve
23s - loss: 8.2611e-06 - acc: 1.0000 - val_loss: 5.1150 - val_acc: 0.5750
Epoch 181/500
Epoch 00180: val_acc did not improve
23s - loss: 7.7492e-06 - acc: 1.0000 - val_loss: 5.1321 - val_acc: 0.5750
Epoch 182/500
Epoch 00181: val_acc did not improve
22s - loss: 7.2380e-06 - acc: 1.0000 - val_loss: 5.1186 - val_acc: 0.5750
Epoch 183/500
Epoch 00182: val_acc did not improve
23s - loss: 6.9459e-06 - acc: 1.0000 - val_loss: 5.1409 - val_acc: 0.5750
Epoch 184/500
Epoch 00183: val_acc did not improve
23s - loss: 6.6144e-06 - acc: 1.0000 - val_loss: 5.1304 - val_acc: 0.5750
Epoch 185/500
Epoch 00184: val_acc did not improve
22s - loss: 6.1881e-06 - acc: 1.0000 - val_loss: 5.1246 - val_acc: 0.5750
Epoch 186/500
Epoch 00185: val_acc did not improve
23s - loss: 5.7917e-06 - acc: 1.0000 - val_loss: 5.1624 - val_acc: 0.5750
Epoch 187/500
Epoch 00186: val_acc did not improve
23s - loss: 5.5205e-06 - acc: 1.0000 - val_loss: 5.1737 - val_acc: 0.5750
Epoch 188/500
Epoch 00187: val_acc did not improve
23s - loss: 5.1092e-06 - acc: 1.0000 - val_loss: 5.1432 - val_acc: 0.5750
Epoch 189/500
Epoch 00188: val_acc did not improve
23s - loss: 4.9058e-06 - acc: 1.0000 - val_loss: 5.1650 - val_acc: 0.5750
Epoch 190/500
Epoch 00189: val_acc did not improve
23s - loss: 4.6860e-06 - acc: 1.0000 - val_loss: 5.1551 - val_acc: 0.5750
Epoch 191/500
Epoch 00190: val_acc did not improve
22s - loss: 4.3485e-06 - acc: 1.0000 - val_loss: 5.1613 - val_acc: 0.5750
Epoch 192/500
Epoch 00191: val_acc did not improve
23s - loss: 4.0854e-06 - acc: 1.0000 - val_loss: 5.2061 - val_acc: 0.5750
Epoch 193/500
Epoch 00192: val_acc did not improve
22s - loss: 3.9402e-06 - acc: 1.0000 - val_loss: 5.1746 - val_acc: 0.5750
Epoch 194/500
Epoch 00193: val_acc did not improve
22s - loss: 3.6898e-06 - acc: 1.0000 - val_loss: 5.1964 - val_acc: 0.5750
Epoch 195/500
Epoch 00194: val_acc did not improve
23s - loss: 3.5095e-06 - acc: 1.0000 - val_loss: 5.1948 - val_acc: 0.5750
Epoch 196/500
Epoch 00195: val_acc did not improve
22s - loss: 3.3470e-06 - acc: 1.0000 - val_loss: 5.2013 - val_acc: 0.5750
Epoch 197/500
Epoch 00196: val_acc did not improve
23s - loss: 3.2404e-06 - acc: 1.0000 - val_loss: 5.2054 - val_acc: 0.5750
Epoch 198/500
Epoch 00197: val_acc did not improve
22s - loss: 2.9610e-06 - acc: 1.0000 - val_loss: 5.1915 - val_acc: 0.5750
Epoch 199/500
Epoch 00198: val_acc did not improve
23s - loss: 2.7934e-06 - acc: 1.0000 - val_loss: 5.2585 - val_acc: 0.5750
Epoch 200/500
Epoch 00199: val_acc did not improve
23s - loss: 2.6005e-06 - acc: 1.0000 - val_loss: 5.2353 - val_acc: 0.5750
Epoch 201/500
Epoch 00200: val_acc did not improve
23s - loss: 2.4558e-06 - acc: 1.0000 - val_loss: 5.2159 - val_acc: 0.5750
Epoch 202/500
Epoch 00201: val_acc did not improve
23s - loss: 2.3315e-06 - acc: 1.0000 - val_loss: 5.2301 - val_acc: 0.5750
Epoch 203/500
Epoch 00202: val_acc did not improve
22s - loss: 2.1816e-06 - acc: 1.0000 - val_loss: 5.2328 - val_acc: 0.5750
Epoch 204/500
Epoch 00203: val_acc did not improve
23s - loss: 2.0676e-06 - acc: 1.0000 - val_loss: 5.2721 - val_acc: 0.5750
Epoch 205/500
Epoch 00204: val_acc did not improve
23s - loss: 1.9677e-06 - acc: 1.0000 - val_loss: 5.2530 - val_acc: 0.5750
Epoch 206/500
Epoch 00205: val_acc did not improve
23s - loss: 1.8559e-06 - acc: 1.0000 - val_loss: 5.2748 - val_acc: 0.5750
Epoch 207/500
Epoch 00206: val_acc did not improve
23s - loss: 1.7330e-06 - acc: 1.0000 - val_loss: 5.2690 - val_acc: 0.5750
Epoch 208/500
Epoch 00207: val_acc did not improve
22s - loss: 1.6361e-06 - acc: 1.0000 - val_loss: 5.3229 - val_acc: 0.5750
Epoch 209/500
Epoch 00208: val_acc did not improve
23s - loss: 1.5669e-06 - acc: 1.0000 - val_loss: 5.2716 - val_acc: 0.5750
Epoch 210/500
Epoch 00209: val_acc did not improve
22s - loss: 1.5363e-06 - acc: 1.0000 - val_loss: 5.3199 - val_acc: 0.5750
Epoch 211/500
Epoch 00210: val_acc did not improve
23s - loss: 1.4156e-06 - acc: 1.0000 - val_loss: 5.3023 - val_acc: 0.5750
Epoch 212/500
Epoch 00211: val_acc did not improve
23s - loss: 1.3231e-06 - acc: 1.0000 - val_loss: 5.3453 - val_acc: 0.5750
Epoch 213/500
Epoch 00212: val_acc did not improve
23s - loss: 1.2442e-06 - acc: 1.0000 - val_loss: 5.3071 - val_acc: 0.5750
Epoch 214/500
Epoch 00213: val_acc did not improve
22s - loss: 1.1831e-06 - acc: 1.0000 - val_loss: 5.3306 - val_acc: 0.5750
Epoch 215/500
Epoch 00214: val_acc did not improve
22s - loss: 1.1160e-06 - acc: 1.0000 - val_loss: 5.3249 - val_acc: 0.5750
Epoch 216/500
Epoch 00215: val_acc did not improve
23s - loss: 1.0489e-06 - acc: 1.0000 - val_loss: 5.3476 - val_acc: 0.5750
Epoch 217/500
Epoch 00216: val_acc did not improve
23s - loss: 1.0049e-06 - acc: 1.0000 - val_loss: 5.3457 - val_acc: 0.5750
Epoch 218/500
Epoch 00217: val_acc did not improve
23s - loss: 9.4456e-07 - acc: 1.0000 - val_loss: 5.3338 - val_acc: 0.5750
Epoch 219/500
Epoch 00218: val_acc did not improve
23s - loss: 9.2145e-07 - acc: 1.0000 - val_loss: 5.3385 - val_acc: 0.5750
Epoch 220/500
Epoch 00219: val_acc did not improve
23s - loss: 8.3728e-07 - acc: 1.0000 - val_loss: 5.3666 - val_acc: 0.5750
Epoch 221/500
Epoch 00220: val_acc did not improve
23s - loss: 7.9183e-07 - acc: 1.0000 - val_loss: 5.3591 - val_acc: 0.5750
Epoch 222/500
Epoch 00221: val_acc did not improve
23s - loss: 7.6712e-07 - acc: 1.0000 - val_loss: 5.3787 - val_acc: 0.5750
Epoch 223/500
Epoch 00222: val_acc did not improve
22s - loss: 7.1652e-07 - acc: 1.0000 - val_loss: 5.3733 - val_acc: 0.5750
Epoch 224/500
Epoch 00223: val_acc did not improve
23s - loss: 6.6879e-07 - acc: 1.0000 - val_loss: 5.3791 - val_acc: 0.5750
Epoch 225/500
Epoch 00224: val_acc did not improve
23s - loss: 6.5019e-07 - acc: 1.0000 - val_loss: 5.3601 - val_acc: 0.5750
Epoch 226/500
Epoch 00225: val_acc did not improve
22s - loss: 6.1063e-07 - acc: 1.0000 - val_loss: 5.3757 - val_acc: 0.5750
Epoch 227/500
Epoch 00226: val_acc did not improve
23s - loss: 5.8236e-07 - acc: 1.0000 - val_loss: 5.3670 - val_acc: 0.5750
Epoch 228/500
Epoch 00227: val_acc did not improve
23s - loss: 5.3907e-07 - acc: 1.0000 - val_loss: 5.4009 - val_acc: 0.5750
Epoch 229/500
Epoch 00228: val_acc did not improve
23s - loss: 5.1973e-07 - acc: 1.0000 - val_loss: 5.3740 - val_acc: 0.5750
Epoch 230/500
Epoch 00229: val_acc did not improve
23s - loss: 4.9220e-07 - acc: 1.0000 - val_loss: 5.3895 - val_acc: 0.5750
Epoch 231/500
Epoch 00230: val_acc did not improve
23s - loss: 4.5713e-07 - acc: 1.0000 - val_loss: 5.3807 - val_acc: 0.5750
Epoch 232/500
Epoch 00231: val_acc did not improve
23s - loss: 4.3250e-07 - acc: 1.0000 - val_loss: 5.3951 - val_acc: 0.5750
Epoch 233/500
Epoch 00232: val_acc did not improve
23s - loss: 4.1236e-07 - acc: 1.0000 - val_loss: 5.4061 - val_acc: 0.5750
Epoch 234/500
Epoch 00233: val_acc did not improve
23s - loss: 3.8476e-07 - acc: 1.0000 - val_loss: 5.3865 - val_acc: 0.5750
Epoch 235/500
Epoch 00234: val_acc did not improve
23s - loss: 3.6761e-07 - acc: 1.0000 - val_loss: 5.3968 - val_acc: 0.5750
Epoch 236/500
Epoch 00235: val_acc did not improve
23s - loss: 3.5198e-07 - acc: 1.0000 - val_loss: 5.4047 - val_acc: 0.5750
Epoch 237/500
Epoch 00236: val_acc did not improve
23s - loss: 3.3114e-07 - acc: 1.0000 - val_loss: 5.4134 - val_acc: 0.5750
Epoch 238/500
Epoch 00237: val_acc did not improve
23s - loss: 3.1765e-07 - acc: 1.0000 - val_loss: 5.4250 - val_acc: 0.5750
Epoch 239/500
Epoch 00238: val_acc did not improve
22s - loss: 3.0125e-07 - acc: 1.0000 - val_loss: 5.4136 - val_acc: 0.5750
Epoch 240/500
Epoch 00239: val_acc did not improve
23s - loss: 2.7884e-07 - acc: 1.0000 - val_loss: 5.4170 - val_acc: 0.5750
Epoch 241/500
Epoch 00240: val_acc did not improve
23s - loss: 2.7068e-07 - acc: 1.0000 - val_loss: 5.4103 - val_acc: 0.5750
Epoch 242/500
Epoch 00241: val_acc did not improve
23s - loss: 2.5950e-07 - acc: 1.0000 - val_loss: 5.4015 - val_acc: 0.5750
Epoch 243/500
Epoch 00242: val_acc did not improve
22s - loss: 2.4157e-07 - acc: 1.0000 - val_loss: 5.4196 - val_acc: 0.5750
Epoch 244/500
Epoch 00243: val_acc did not improve
23s - loss: 2.2663e-07 - acc: 1.0000 - val_loss: 5.4283 - val_acc: 0.5750
Epoch 245/500
Epoch 00244: val_acc did not improve
22s - loss: 2.1245e-07 - acc: 1.0000 - val_loss: 5.4080 - val_acc: 0.5750
Epoch 246/500
Epoch 00245: val_acc did not improve
23s - loss: 2.0503e-07 - acc: 1.0000 - val_loss: 5.4178 - val_acc: 0.5750
Epoch 247/500
Epoch 00246: val_acc did not improve
22s - loss: 1.9608e-07 - acc: 1.0000 - val_loss: 5.4134 - val_acc: 0.5750
Epoch 248/500
Epoch 00247: val_acc did not improve
23s - loss: 1.8266e-07 - acc: 1.0000 - val_loss: 5.4253 - val_acc: 0.5750
Epoch 249/500
Epoch 00248: val_acc did not improve
22s - loss: 1.7517e-07 - acc: 1.0000 - val_loss: 5.4473 - val_acc: 0.5750
Epoch 250/500
Epoch 00249: val_acc did not improve
23s - loss: 1.6473e-07 - acc: 1.0000 - val_loss: 5.4388 - val_acc: 0.5750
Epoch 251/500
Epoch 00250: val_acc did not improve
22s - loss: 1.5722e-07 - acc: 1.0000 - val_loss: 5.4419 - val_acc: 0.5750
Epoch 252/500
Epoch 00251: val_acc did not improve
23s - loss: 1.5199e-07 - acc: 1.0000 - val_loss: 5.4497 - val_acc: 0.5750
Epoch 253/500
Epoch 00252: val_acc did not improve
23s - loss: 1.4677e-07 - acc: 1.0000 - val_loss: 5.4271 - val_acc: 0.5750
Epoch 254/500
Epoch 00253: val_acc did not improve
22s - loss: 1.4155e-07 - acc: 1.0000 - val_loss: 5.4467 - val_acc: 0.5750
Epoch 255/500
Epoch 00254: val_acc did not improve
22s - loss: 1.3704e-07 - acc: 1.0000 - val_loss: 5.4558 - val_acc: 0.5750
Epoch 256/500
Epoch 00255: val_acc did not improve
23s - loss: 1.2888e-07 - acc: 1.0000 - val_loss: 5.4289 - val_acc: 0.5750
Epoch 257/500
Epoch 00256: val_acc did not improve
23s - loss: 1.2587e-07 - acc: 1.0000 - val_loss: 5.4413 - val_acc: 0.5750
Epoch 258/500
Epoch 00257: val_acc did not improve
23s - loss: 1.1990e-07 - acc: 1.0000 - val_loss: 5.4520 - val_acc: 0.5750
Epoch 259/500
Epoch 00258: val_acc did not improve
23s - loss: 1.1467e-07 - acc: 1.0000 - val_loss: 5.4538 - val_acc: 0.5750
Epoch 260/500
Epoch 00259: val_acc did not improve
23s - loss: 1.0945e-07 - acc: 1.0000 - val_loss: 5.4715 - val_acc: 0.5750
Epoch 261/500
Epoch 00260: val_acc did not improve
23s - loss: 1.0495e-07 - acc: 1.0000 - val_loss: 5.4614 - val_acc: 0.5750
Epoch 262/500
Epoch 00261: val_acc did not improve
23s - loss: 1.0420e-07 - acc: 1.0000 - val_loss: 5.4845 - val_acc: 0.5750
Epoch 263/500
Epoch 00262: val_acc did not improve
23s - loss: 1.0194e-07 - acc: 1.0000 - val_loss: 5.4844 - val_acc: 0.5750
Epoch 264/500
Epoch 00263: val_acc did not improve
23s - loss: 9.8975e-08 - acc: 1.0000 - val_loss: 5.4777 - val_acc: 0.5750
Epoch 265/500
Epoch 00264: val_acc did not improve
23s - loss: 9.4482e-08 - acc: 1.0000 - val_loss: 5.4822 - val_acc: 0.5750
Epoch 266/500
Epoch 00265: val_acc did not improve
23s - loss: 9.2992e-08 - acc: 1.0000 - val_loss: 5.4725 - val_acc: 0.5750
Epoch 267/500
Epoch 00266: val_acc did not improve
23s - loss: 9.2241e-08 - acc: 1.0000 - val_loss: 5.4812 - val_acc: 0.5750
Epoch 268/500
Epoch 00267: val_acc did not improve
23s - loss: 8.8498e-08 - acc: 1.0000 - val_loss: 5.4936 - val_acc: 0.5750
Epoch 269/500
Epoch 00268: val_acc did not improve
22s - loss: 8.2520e-08 - acc: 1.0000 - val_loss: 5.4586 - val_acc: 0.5750
Epoch 270/500
Epoch 00269: val_acc did not improve
23s - loss: 8.3271e-08 - acc: 1.0000 - val_loss: 5.5029 - val_acc: 0.5750
Epoch 271/500
Epoch 00270: val_acc did not improve
23s - loss: 8.1763e-08 - acc: 1.0000 - val_loss: 5.4772 - val_acc: 0.5750
Epoch 272/500
Epoch 00271: val_acc did not improve
23s - loss: 7.8771e-08 - acc: 1.0000 - val_loss: 5.4948 - val_acc: 0.5750
Epoch 273/500
Epoch 00272: val_acc did not improve
22s - loss: 7.8015e-08 - acc: 1.0000 - val_loss: 5.4970 - val_acc: 0.5750
Epoch 274/500
Epoch 00273: val_acc did not improve
23s - loss: 7.7270e-08 - acc: 1.0000 - val_loss: 5.4881 - val_acc: 0.5750
Epoch 275/500
Epoch 00274: val_acc did not improve
23s - loss: 7.5023e-08 - acc: 1.0000 - val_loss: 5.4911 - val_acc: 0.5750
Epoch 276/500
Epoch 00275: val_acc did not improve
23s - loss: 7.4278e-08 - acc: 1.0000 - val_loss: 5.5183 - val_acc: 0.5750
Epoch 277/500
Epoch 00276: val_acc did not improve
22s - loss: 7.3521e-08 - acc: 1.0000 - val_loss: 5.5123 - val_acc: 0.5750
Epoch 278/500
Epoch 00277: val_acc did not improve
23s - loss: 7.2776e-08 - acc: 1.0000 - val_loss: 5.5046 - val_acc: 0.5750
Epoch 279/500
Epoch 00278: val_acc did not improve
22s - loss: 7.1280e-08 - acc: 1.0000 - val_loss: 5.5167 - val_acc: 0.5750
Epoch 280/500
Epoch 00279: val_acc did not improve
23s - loss: 7.1280e-08 - acc: 1.0000 - val_loss: 5.4901 - val_acc: 0.5750
Epoch 281/500
Epoch 00280: val_acc did not improve
22s - loss: 6.9778e-08 - acc: 1.0000 - val_loss: 5.4863 - val_acc: 0.5750
Epoch 282/500
Epoch 00281: val_acc did not improve
23s - loss: 7.0529e-08 - acc: 1.0000 - val_loss: 5.4778 - val_acc: 0.5750
Epoch 283/500
Epoch 00282: val_acc did not improve
22s - loss: 6.9778e-08 - acc: 1.0000 - val_loss: 5.4978 - val_acc: 0.5750
Epoch 284/500
Epoch 00283: val_acc did not improve
23s - loss: 6.9027e-08 - acc: 1.0000 - val_loss: 5.5171 - val_acc: 0.5750
Epoch 285/500
Epoch 00284: val_acc did not improve
23s - loss: 6.9778e-08 - acc: 1.0000 - val_loss: 5.5202 - val_acc: 0.5750
Epoch 286/500
Epoch 00285: val_acc did not improve
23s - loss: 6.9027e-08 - acc: 1.0000 - val_loss: 5.4899 - val_acc: 0.5750
Epoch 287/500
Epoch 00286: val_acc did not improve
23s - loss: 6.9027e-08 - acc: 1.0000 - val_loss: 5.5098 - val_acc: 0.5750
Epoch 288/500
Epoch 00287: val_acc did not improve
23s - loss: 6.9027e-08 - acc: 1.0000 - val_loss: 5.5083 - val_acc: 0.5750
Epoch 289/500
Epoch 00288: val_acc did not improve
23s - loss: 6.8276e-08 - acc: 1.0000 - val_loss: 5.4943 - val_acc: 0.5750
Epoch 290/500
Epoch 00289: val_acc did not improve
22s - loss: 6.8276e-08 - acc: 1.0000 - val_loss: 5.5249 - val_acc: 0.5750
Epoch 291/500
Epoch 00290: val_acc did not improve
23s - loss: 6.8276e-08 - acc: 1.0000 - val_loss: 5.4989 - val_acc: 0.5750
Epoch 292/500
Epoch 00291: val_acc did not improve
23s - loss: 6.8276e-08 - acc: 1.0000 - val_loss: 5.5079 - val_acc: 0.5750
Epoch 293/500
Epoch 00292: val_acc did not improve
23s - loss: 6.8276e-08 - acc: 1.0000 - val_loss: 5.5112 - val_acc: 0.5750
Epoch 294/500
Epoch 00293: val_acc did not improve
23s - loss: 6.8276e-08 - acc: 1.0000 - val_loss: 5.4988 - val_acc: 0.5750
Epoch 295/500
Epoch 00294: val_acc did not improve
22s - loss: 6.8276e-08 - acc: 1.0000 - val_loss: 5.5072 - val_acc: 0.5750
Epoch 296/500
Epoch 00295: val_acc did not improve
24s - loss: 6.8276e-08 - acc: 1.0000 - val_loss: 5.5174 - val_acc: 0.5750
Epoch 297/500
Epoch 00296: val_acc did not improve
23s - loss: 6.8276e-08 - acc: 1.0000 - val_loss: 5.5120 - val_acc: 0.5750
Epoch 298/500
Epoch 00297: val_acc did not improve
22s - loss: 6.8276e-08 - acc: 1.0000 - val_loss: 5.5186 - val_acc: 0.5750
Epoch 299/500
Epoch 00298: val_acc did not improve
22s - loss: 6.8276e-08 - acc: 1.0000 - val_loss: 5.5154 - val_acc: 0.5750
Epoch 300/500
Epoch 00299: val_acc did not improve
23s - loss: 6.8276e-08 - acc: 1.0000 - val_loss: 5.5049 - val_acc: 0.5750
Epoch 301/500
Epoch 00300: val_acc did not improve
23s - loss: 6.8276e-08 - acc: 1.0000 - val_loss: 5.4958 - val_acc: 0.5750
Epoch 302/500
Epoch 00301: val_acc did not improve
23s - loss: 6.8276e-08 - acc: 1.0000 - val_loss: 5.5456 - val_acc: 0.5750
Epoch 303/500
Epoch 00302: val_acc did not improve
23s - loss: 6.8276e-08 - acc: 1.0000 - val_loss: 5.5056 - val_acc: 0.5750
Epoch 304/500
Epoch 00303: val_acc did not improve
23s - loss: 6.8276e-08 - acc: 1.0000 - val_loss: 5.5147 - val_acc: 0.5750
Epoch 305/500
Epoch 00304: val_acc did not improve
23s - loss: 6.8276e-08 - acc: 1.0000 - val_loss: 5.5289 - val_acc: 0.5750
Epoch 306/500
Epoch 00305: val_acc did not improve
23s - loss: 6.8276e-08 - acc: 1.0000 - val_loss: 5.5179 - val_acc: 0.5750
Epoch 307/500
Epoch 00306: val_acc did not improve
23s - loss: 6.8276e-08 - acc: 1.0000 - val_loss: 5.5131 - val_acc: 0.5750
Epoch 308/500
Epoch 00307: val_acc did not improve
23s - loss: 6.8276e-08 - acc: 1.0000 - val_loss: 5.5131 - val_acc: 0.5750
Epoch 309/500
Epoch 00308: val_acc did not improve
22s - loss: 6.8276e-08 - acc: 1.0000 - val_loss: 5.5131 - val_acc: 0.5750
Epoch 310/500
Epoch 00309: val_acc did not improve
24s - loss: 6.8276e-08 - acc: 1.0000 - val_loss: 5.5131 - val_acc: 0.5750
Epoch 311/500
Epoch 00310: val_acc did not improve
23s - loss: 6.8276e-08 - acc: 1.0000 - val_loss: 5.5131 - val_acc: 0.5750
Epoch 312/500
Epoch 00311: val_acc did not improve
23s - loss: 6.8276e-08 - acc: 1.0000 - val_loss: 5.5131 - val_acc: 0.5750
Epoch 313/500
Epoch 00312: val_acc did not improve
23s - loss: 6.8276e-08 - acc: 1.0000 - val_loss: 5.5131 - val_acc: 0.5750
Epoch 314/500
Epoch 00313: val_acc did not improve
23s - loss: 6.8276e-08 - acc: 1.0000 - val_loss: 5.5131 - val_acc: 0.5750
Epoch 315/500
Epoch 00314: val_acc did not improve
22s - loss: 6.8276e-08 - acc: 1.0000 - val_loss: 5.5131 - val_acc: 0.5750
Epoch 316/500
Epoch 00315: val_acc did not improve
22s - loss: 6.8276e-08 - acc: 1.0000 - val_loss: 5.5131 - val_acc: 0.5750
Epoch 317/500
Epoch 00316: val_acc did not improve
23s - loss: 6.8276e-08 - acc: 1.0000 - val_loss: 5.5131 - val_acc: 0.5750
Epoch 318/500
Epoch 00317: val_acc did not improve
23s - loss: 6.8276e-08 - acc: 1.0000 - val_loss: 5.5131 - val_acc: 0.5750
Epoch 319/500
Epoch 00318: val_acc did not improve
22s - loss: 6.8276e-08 - acc: 1.0000 - val_loss: 5.5131 - val_acc: 0.5750
Epoch 320/500
Epoch 00319: val_acc did not improve
22s - loss: 6.8276e-08 - acc: 1.0000 - val_loss: 5.5131 - val_acc: 0.5750
Epoch 321/500
Epoch 00320: val_acc did not improve
23s - loss: 6.8276e-08 - acc: 1.0000 - val_loss: 5.5131 - val_acc: 0.5750
Epoch 322/500
Epoch 00321: val_acc did not improve
22s - loss: 6.8276e-08 - acc: 1.0000 - val_loss: 5.5131 - val_acc: 0.5750
Epoch 323/500
Epoch 00322: val_acc did not improve
22s - loss: 6.8276e-08 - acc: 1.0000 - val_loss: 5.5131 - val_acc: 0.5750
Epoch 324/500
Epoch 00323: val_acc did not improve
22s - loss: 6.8276e-08 - acc: 1.0000 - val_loss: 5.5131 - val_acc: 0.5750
Epoch 325/500
Epoch 00324: val_acc did not improve
22s - loss: 6.8276e-08 - acc: 1.0000 - val_loss: 5.5131 - val_acc: 0.5750
Epoch 326/500
Epoch 00325: val_acc did not improve
22s - loss: 6.8276e-08 - acc: 1.0000 - val_loss: 5.5131 - val_acc: 0.5750
Epoch 327/500
Epoch 00326: val_acc did not improve
22s - loss: 6.8276e-08 - acc: 1.0000 - val_loss: 5.5131 - val_acc: 0.5750
Epoch 328/500
Epoch 00327: val_acc did not improve
22s - loss: 6.8276e-08 - acc: 1.0000 - val_loss: 5.5131 - val_acc: 0.5750
Epoch 329/500
Epoch 00328: val_acc did not improve
23s - loss: 6.8276e-08 - acc: 1.0000 - val_loss: 5.5131 - val_acc: 0.5750
Epoch 330/500
Epoch 00329: val_acc did not improve
22s - loss: 6.8276e-08 - acc: 1.0000 - val_loss: 5.5131 - val_acc: 0.5750
Epoch 331/500
Epoch 00330: val_acc did not improve
22s - loss: 6.8276e-08 - acc: 1.0000 - val_loss: 5.5131 - val_acc: 0.5750
Epoch 332/500
Epoch 00331: val_acc did not improve
22s - loss: 6.8276e-08 - acc: 1.0000 - val_loss: 5.5131 - val_acc: 0.5750
Epoch 333/500
Epoch 00332: val_acc did not improve
22s - loss: 6.8276e-08 - acc: 1.0000 - val_loss: 5.5131 - val_acc: 0.5750
Epoch 334/500
Epoch 00333: val_acc did not improve
22s - loss: 6.8276e-08 - acc: 1.0000 - val_loss: 5.5131 - val_acc: 0.5750
Epoch 335/500
Epoch 00334: val_acc did not improve
22s - loss: 6.8276e-08 - acc: 1.0000 - val_loss: 5.5131 - val_acc: 0.5750
Epoch 336/500
Epoch 00335: val_acc did not improve
22s - loss: 6.8276e-08 - acc: 1.0000 - val_loss: 5.5131 - val_acc: 0.5750
Epoch 337/500
Epoch 00336: val_acc did not improve
22s - loss: 6.8276e-08 - acc: 1.0000 - val_loss: 5.5131 - val_acc: 0.5750
Epoch 338/500
Epoch 00337: val_acc did not improve
22s - loss: 6.8276e-08 - acc: 1.0000 - val_loss: 5.5131 - val_acc: 0.5750
Epoch 339/500
Epoch 00338: val_acc did not improve
22s - loss: 6.8276e-08 - acc: 1.0000 - val_loss: 5.5131 - val_acc: 0.5750
Epoch 340/500
Epoch 00339: val_acc did not improve
22s - loss: 6.8276e-08 - acc: 1.0000 - val_loss: 5.5131 - val_acc: 0.5750
Epoch 341/500
Epoch 00340: val_acc did not improve
23s - loss: 6.8276e-08 - acc: 1.0000 - val_loss: 5.5131 - val_acc: 0.5750
Epoch 342/500
Epoch 00341: val_acc did not improve
23s - loss: 6.8276e-08 - acc: 1.0000 - val_loss: 5.5131 - val_acc: 0.5750
Epoch 343/500
Epoch 00342: val_acc did not improve
23s - loss: 6.8276e-08 - acc: 1.0000 - val_loss: 5.5131 - val_acc: 0.5750
Epoch 344/500
Epoch 00343: val_acc did not improve
22s - loss: 6.8276e-08 - acc: 1.0000 - val_loss: 5.5131 - val_acc: 0.5750
Epoch 345/500
Epoch 00344: val_acc did not improve
23s - loss: 6.8276e-08 - acc: 1.0000 - val_loss: 5.5131 - val_acc: 0.5750
Epoch 346/500
Epoch 00345: val_acc did not improve
23s - loss: 6.8276e-08 - acc: 1.0000 - val_loss: 5.5131 - val_acc: 0.5750
Epoch 347/500
Epoch 00346: val_acc did not improve
22s - loss: 6.8276e-08 - acc: 1.0000 - val_loss: 5.5131 - val_acc: 0.5750
Epoch 348/500
Epoch 00347: val_acc did not improve
22s - loss: 6.8276e-08 - acc: 1.0000 - val_loss: 5.5131 - val_acc: 0.5750
Epoch 349/500
Epoch 00348: val_acc did not improve
22s - loss: 6.8276e-08 - acc: 1.0000 - val_loss: 5.5131 - val_acc: 0.5750
Epoch 350/500
Epoch 00349: val_acc did not improve
22s - loss: 6.8276e-08 - acc: 1.0000 - val_loss: 5.5131 - val_acc: 0.5750
Epoch 351/500
Epoch 00350: val_acc did not improve
22s - loss: 6.8276e-08 - acc: 1.0000 - val_loss: 5.5131 - val_acc: 0.5750
Epoch 352/500
Epoch 00351: val_acc did not improve
22s - loss: 6.8276e-08 - acc: 1.0000 - val_loss: 5.5131 - val_acc: 0.5750
Epoch 353/500
Epoch 00352: val_acc did not improve
22s - loss: 6.8276e-08 - acc: 1.0000 - val_loss: 5.5131 - val_acc: 0.5750
Epoch 354/500
Epoch 00353: val_acc did not improve
22s - loss: 6.8276e-08 - acc: 1.0000 - val_loss: 5.5131 - val_acc: 0.5750
Epoch 355/500
Epoch 00354: val_acc did not improve
22s - loss: 6.8276e-08 - acc: 1.0000 - val_loss: 5.5131 - val_acc: 0.5750
Epoch 356/500
Epoch 00355: val_acc did not improve
22s - loss: 6.8276e-08 - acc: 1.0000 - val_loss: 5.5131 - val_acc: 0.5750
Epoch 357/500
Epoch 00356: val_acc did not improve
22s - loss: 6.8276e-08 - acc: 1.0000 - val_loss: 5.5131 - val_acc: 0.5750
Epoch 358/500
Epoch 00357: val_acc did not improve
22s - loss: 6.8276e-08 - acc: 1.0000 - val_loss: 5.5131 - val_acc: 0.5750
Epoch 359/500
Epoch 00358: val_acc did not improve
22s - loss: 6.8276e-08 - acc: 1.0000 - val_loss: 5.5131 - val_acc: 0.5750
Epoch 360/500
Epoch 00359: val_acc did not improve
22s - loss: 6.8276e-08 - acc: 1.0000 - val_loss: 5.5131 - val_acc: 0.5750
Epoch 361/500
Epoch 00360: val_acc did not improve
22s - loss: 6.8276e-08 - acc: 1.0000 - val_loss: 5.5131 - val_acc: 0.5750
Epoch 362/500
Epoch 00361: val_acc did not improve
22s - loss: 6.8276e-08 - acc: 1.0000 - val_loss: 5.5131 - val_acc: 0.5750
Epoch 363/500
Epoch 00362: val_acc did not improve
22s - loss: 6.8276e-08 - acc: 1.0000 - val_loss: 5.5131 - val_acc: 0.5750
Epoch 364/500
Epoch 00363: val_acc did not improve
22s - loss: 6.8276e-08 - acc: 1.0000 - val_loss: 5.5131 - val_acc: 0.5750
Epoch 365/500
Epoch 00364: val_acc did not improve
22s - loss: 6.8276e-08 - acc: 1.0000 - val_loss: 5.5131 - val_acc: 0.5750
Epoch 366/500
Epoch 00365: val_acc did not improve
22s - loss: 6.8276e-08 - acc: 1.0000 - val_loss: 5.5131 - val_acc: 0.5750
Epoch 367/500
Epoch 00366: val_acc did not improve
22s - loss: 6.8276e-08 - acc: 1.0000 - val_loss: 5.5131 - val_acc: 0.5750
Epoch 368/500
Epoch 00367: val_acc did not improve
22s - loss: 6.8276e-08 - acc: 1.0000 - val_loss: 5.5131 - val_acc: 0.5750
Epoch 369/500
Epoch 00368: val_acc did not improve
22s - loss: 6.8276e-08 - acc: 1.0000 - val_loss: 5.5131 - val_acc: 0.5750
Epoch 370/500
Epoch 00369: val_acc did not improve
22s - loss: 6.8276e-08 - acc: 1.0000 - val_loss: 5.5131 - val_acc: 0.5750
Epoch 371/500
Epoch 00370: val_acc did not improve
22s - loss: 6.8276e-08 - acc: 1.0000 - val_loss: 5.5131 - val_acc: 0.5750
Epoch 372/500
Epoch 00371: val_acc did not improve
22s - loss: 6.8276e-08 - acc: 1.0000 - val_loss: 5.5131 - val_acc: 0.5750
Epoch 373/500
Epoch 00372: val_acc did not improve
22s - loss: 6.8276e-08 - acc: 1.0000 - val_loss: 5.5131 - val_acc: 0.5750
Epoch 374/500
Epoch 00373: val_acc did not improve
23s - loss: 6.8276e-08 - acc: 1.0000 - val_loss: 5.5131 - val_acc: 0.5750
Epoch 375/500
Epoch 00374: val_acc did not improve
22s - loss: 6.8276e-08 - acc: 1.0000 - val_loss: 5.5131 - val_acc: 0.5750
Epoch 376/500
Epoch 00375: val_acc did not improve
22s - loss: 6.8276e-08 - acc: 1.0000 - val_loss: 5.5131 - val_acc: 0.5750
Epoch 377/500
Epoch 00376: val_acc did not improve
22s - loss: 6.8276e-08 - acc: 1.0000 - val_loss: 5.5131 - val_acc: 0.5750
Epoch 378/500
Epoch 00377: val_acc did not improve
23s - loss: 6.8276e-08 - acc: 1.0000 - val_loss: 5.5131 - val_acc: 0.5750
Epoch 379/500
Epoch 00378: val_acc did not improve
22s - loss: 6.8276e-08 - acc: 1.0000 - val_loss: 5.5131 - val_acc: 0.5750
Epoch 380/500
Epoch 00379: val_acc did not improve
22s - loss: 6.8276e-08 - acc: 1.0000 - val_loss: 5.5131 - val_acc: 0.5750
Epoch 381/500
Epoch 00380: val_acc did not improve
22s - loss: 6.8276e-08 - acc: 1.0000 - val_loss: 5.5131 - val_acc: 0.5750
Epoch 382/500
Epoch 00381: val_acc did not improve
22s - loss: 6.8276e-08 - acc: 1.0000 - val_loss: 5.5131 - val_acc: 0.5750
Epoch 383/500
Epoch 00382: val_acc did not improve
22s - loss: 6.8276e-08 - acc: 1.0000 - val_loss: 5.5131 - val_acc: 0.5750
Epoch 384/500
Epoch 00383: val_acc did not improve
22s - loss: 6.8276e-08 - acc: 1.0000 - val_loss: 5.5131 - val_acc: 0.5750
Epoch 385/500
Epoch 00384: val_acc did not improve
22s - loss: 6.8276e-08 - acc: 1.0000 - val_loss: 5.5131 - val_acc: 0.5750
Epoch 386/500
Epoch 00385: val_acc did not improve
22s - loss: 6.8276e-08 - acc: 1.0000 - val_loss: 5.5131 - val_acc: 0.5750
Epoch 387/500
Epoch 00386: val_acc did not improve
22s - loss: 6.8276e-08 - acc: 1.0000 - val_loss: 5.5131 - val_acc: 0.5750
Epoch 388/500
Epoch 00387: val_acc did not improve
22s - loss: 6.8276e-08 - acc: 1.0000 - val_loss: 5.5131 - val_acc: 0.5750
Epoch 389/500
Epoch 00388: val_acc did not improve
22s - loss: 6.8276e-08 - acc: 1.0000 - val_loss: 5.5131 - val_acc: 0.5750
Epoch 390/500
Epoch 00389: val_acc did not improve
23s - loss: 6.8276e-08 - acc: 1.0000 - val_loss: 5.5131 - val_acc: 0.5750
Epoch 391/500
Epoch 00390: val_acc did not improve
22s - loss: 6.8276e-08 - acc: 1.0000 - val_loss: 5.5131 - val_acc: 0.5750
Epoch 392/500
Epoch 00391: val_acc did not improve
22s - loss: 6.8276e-08 - acc: 1.0000 - val_loss: 5.5131 - val_acc: 0.5750
Epoch 393/500
Epoch 00392: val_acc did not improve
22s - loss: 6.8276e-08 - acc: 1.0000 - val_loss: 5.5131 - val_acc: 0.5750
Epoch 394/500
Epoch 00393: val_acc did not improve
22s - loss: 6.8276e-08 - acc: 1.0000 - val_loss: 5.5131 - val_acc: 0.5750
Epoch 395/500
Epoch 00394: val_acc did not improve
22s - loss: 6.8276e-08 - acc: 1.0000 - val_loss: 5.5131 - val_acc: 0.5750
Epoch 396/500
Epoch 00395: val_acc did not improve
22s - loss: 6.8276e-08 - acc: 1.0000 - val_loss: 5.5131 - val_acc: 0.5750
Epoch 397/500
Epoch 00396: val_acc did not improve
22s - loss: 6.8276e-08 - acc: 1.0000 - val_loss: 5.5131 - val_acc: 0.5750
Epoch 398/500
Epoch 00397: val_acc did not improve
22s - loss: 6.8276e-08 - acc: 1.0000 - val_loss: 5.5131 - val_acc: 0.5750
Epoch 399/500
Epoch 00398: val_acc did not improve
22s - loss: 6.8276e-08 - acc: 1.0000 - val_loss: 5.5131 - val_acc: 0.5750
Epoch 400/500
Epoch 00399: val_acc did not improve
22s - loss: 6.8276e-08 - acc: 1.0000 - val_loss: 5.5131 - val_acc: 0.5750
Epoch 401/500
Epoch 00400: val_acc did not improve
22s - loss: 6.8276e-08 - acc: 1.0000 - val_loss: 5.5131 - val_acc: 0.5750
Epoch 402/500
Epoch 00401: val_acc did not improve
22s - loss: 6.8276e-08 - acc: 1.0000 - val_loss: 5.5131 - val_acc: 0.5750
Epoch 403/500
Epoch 00402: val_acc did not improve
22s - loss: 6.8276e-08 - acc: 1.0000 - val_loss: 5.5131 - val_acc: 0.5750
Epoch 404/500
Epoch 00403: val_acc did not improve
22s - loss: 6.8276e-08 - acc: 1.0000 - val_loss: 5.5131 - val_acc: 0.5750
Epoch 405/500
Epoch 00404: val_acc did not improve
22s - loss: 6.8276e-08 - acc: 1.0000 - val_loss: 5.5131 - val_acc: 0.5750
Epoch 406/500
Epoch 00405: val_acc did not improve
22s - loss: 6.8276e-08 - acc: 1.0000 - val_loss: 5.5131 - val_acc: 0.5750
Epoch 407/500
Epoch 00406: val_acc did not improve
23s - loss: 6.8276e-08 - acc: 1.0000 - val_loss: 5.5131 - val_acc: 0.5750
Epoch 408/500
Epoch 00407: val_acc did not improve
22s - loss: 6.8276e-08 - acc: 1.0000 - val_loss: 5.5131 - val_acc: 0.5750
Epoch 409/500
Epoch 00408: val_acc did not improve
22s - loss: 6.8276e-08 - acc: 1.0000 - val_loss: 5.5131 - val_acc: 0.5750
Epoch 410/500
Epoch 00409: val_acc did not improve
22s - loss: 6.8276e-08 - acc: 1.0000 - val_loss: 5.5131 - val_acc: 0.5750
Epoch 411/500
Epoch 00410: val_acc did not improve
23s - loss: 6.8276e-08 - acc: 1.0000 - val_loss: 5.5131 - val_acc: 0.5750
Epoch 412/500
Epoch 00411: val_acc did not improve
22s - loss: 6.8276e-08 - acc: 1.0000 - val_loss: 5.5131 - val_acc: 0.5750
Epoch 413/500
Epoch 00412: val_acc did not improve
23s - loss: 6.8276e-08 - acc: 1.0000 - val_loss: 5.5131 - val_acc: 0.5750
Epoch 414/500
Epoch 00413: val_acc did not improve
22s - loss: 6.8276e-08 - acc: 1.0000 - val_loss: 5.5131 - val_acc: 0.5750
Epoch 415/500
Epoch 00414: val_acc did not improve
23s - loss: 6.8276e-08 - acc: 1.0000 - val_loss: 5.5131 - val_acc: 0.5750
Epoch 416/500
Epoch 00415: val_acc did not improve
23s - loss: 6.8276e-08 - acc: 1.0000 - val_loss: 5.5131 - val_acc: 0.5750
Epoch 417/500
Epoch 00416: val_acc did not improve
22s - loss: 6.8276e-08 - acc: 1.0000 - val_loss: 5.5131 - val_acc: 0.5750
Epoch 418/500
Epoch 00417: val_acc did not improve
22s - loss: 6.8276e-08 - acc: 1.0000 - val_loss: 5.5131 - val_acc: 0.5750
Epoch 419/500
Epoch 00418: val_acc did not improve
22s - loss: 6.8276e-08 - acc: 1.0000 - val_loss: 5.5131 - val_acc: 0.5750
Epoch 420/500
Epoch 00419: val_acc did not improve
22s - loss: 6.8276e-08 - acc: 1.0000 - val_loss: 5.5131 - val_acc: 0.5750
Epoch 421/500
Epoch 00420: val_acc did not improve
22s - loss: 6.8276e-08 - acc: 1.0000 - val_loss: 5.5131 - val_acc: 0.5750
Epoch 422/500
Epoch 00421: val_acc did not improve
22s - loss: 6.8276e-08 - acc: 1.0000 - val_loss: 5.5131 - val_acc: 0.5750
Epoch 423/500
Epoch 00422: val_acc did not improve
22s - loss: 6.8276e-08 - acc: 1.0000 - val_loss: 5.5131 - val_acc: 0.5750
Epoch 424/500
Epoch 00423: val_acc did not improve
22s - loss: 6.8276e-08 - acc: 1.0000 - val_loss: 5.5131 - val_acc: 0.5750
Epoch 425/500
Epoch 00424: val_acc did not improve
22s - loss: 6.8276e-08 - acc: 1.0000 - val_loss: 5.5131 - val_acc: 0.5750
Epoch 426/500
Epoch 00425: val_acc did not improve
22s - loss: 6.8276e-08 - acc: 1.0000 - val_loss: 5.5131 - val_acc: 0.5750
Epoch 427/500
Epoch 00426: val_acc did not improve
21s - loss: 6.8276e-08 - acc: 1.0000 - val_loss: 5.5131 - val_acc: 0.5750
Epoch 428/500
Epoch 00427: val_acc did not improve
22s - loss: 6.8276e-08 - acc: 1.0000 - val_loss: 5.5131 - val_acc: 0.5750
Epoch 429/500
Epoch 00428: val_acc did not improve
22s - loss: 6.8276e-08 - acc: 1.0000 - val_loss: 5.5131 - val_acc: 0.5750
Epoch 430/500
Epoch 00429: val_acc did not improve
22s - loss: 6.8276e-08 - acc: 1.0000 - val_loss: 5.5131 - val_acc: 0.5750
Epoch 431/500
Epoch 00430: val_acc did not improve
22s - loss: 6.8276e-08 - acc: 1.0000 - val_loss: 5.5131 - val_acc: 0.5750
Epoch 432/500
Epoch 00431: val_acc did not improve
23s - loss: 6.8276e-08 - acc: 1.0000 - val_loss: 5.5131 - val_acc: 0.5750
Epoch 433/500
Epoch 00432: val_acc did not improve
23s - loss: 6.8276e-08 - acc: 1.0000 - val_loss: 5.5131 - val_acc: 0.5750
Epoch 434/500
Epoch 00433: val_acc did not improve
22s - loss: 6.8276e-08 - acc: 1.0000 - val_loss: 5.5131 - val_acc: 0.5750
Epoch 435/500
Epoch 00434: val_acc did not improve
22s - loss: 6.8276e-08 - acc: 1.0000 - val_loss: 5.5131 - val_acc: 0.5750
Epoch 436/500
Epoch 00435: val_acc did not improve
22s - loss: 6.8276e-08 - acc: 1.0000 - val_loss: 5.5131 - val_acc: 0.5750
Epoch 437/500
Epoch 00436: val_acc did not improve
23s - loss: 6.8276e-08 - acc: 1.0000 - val_loss: 5.5131 - val_acc: 0.5750
Epoch 438/500
Epoch 00437: val_acc did not improve
22s - loss: 6.8276e-08 - acc: 1.0000 - val_loss: 5.5131 - val_acc: 0.5750
Epoch 439/500
Epoch 00438: val_acc did not improve
23s - loss: 6.8276e-08 - acc: 1.0000 - val_loss: 5.5131 - val_acc: 0.5750
Epoch 440/500
Epoch 00439: val_acc did not improve
22s - loss: 6.8276e-08 - acc: 1.0000 - val_loss: 5.5131 - val_acc: 0.5750
Epoch 441/500
Epoch 00440: val_acc did not improve
22s - loss: 6.8276e-08 - acc: 1.0000 - val_loss: 5.5131 - val_acc: 0.5750
Epoch 442/500
Epoch 00441: val_acc did not improve
23s - loss: 6.8276e-08 - acc: 1.0000 - val_loss: 5.5131 - val_acc: 0.5750
Epoch 443/500
Epoch 00442: val_acc did not improve
22s - loss: 6.8276e-08 - acc: 1.0000 - val_loss: 5.5131 - val_acc: 0.5750
Epoch 444/500
Epoch 00443: val_acc did not improve
22s - loss: 6.8276e-08 - acc: 1.0000 - val_loss: 5.5131 - val_acc: 0.5750
Epoch 445/500
Epoch 00444: val_acc did not improve
22s - loss: 6.8276e-08 - acc: 1.0000 - val_loss: 5.5131 - val_acc: 0.5750
Epoch 446/500
Epoch 00445: val_acc did not improve
22s - loss: 6.8276e-08 - acc: 1.0000 - val_loss: 5.5131 - val_acc: 0.5750
Epoch 447/500
Epoch 00446: val_acc did not improve
22s - loss: 6.8276e-08 - acc: 1.0000 - val_loss: 5.5131 - val_acc: 0.5750
Epoch 448/500
Epoch 00447: val_acc did not improve
23s - loss: 6.8276e-08 - acc: 1.0000 - val_loss: 5.5131 - val_acc: 0.5750
Epoch 449/500
Epoch 00448: val_acc did not improve
22s - loss: 6.8276e-08 - acc: 1.0000 - val_loss: 5.5131 - val_acc: 0.5750
Epoch 450/500
Epoch 00449: val_acc did not improve
23s - loss: 6.8276e-08 - acc: 1.0000 - val_loss: 5.5131 - val_acc: 0.5750
Epoch 451/500
Epoch 00450: val_acc did not improve
22s - loss: 6.8276e-08 - acc: 1.0000 - val_loss: 5.5131 - val_acc: 0.5750
Epoch 452/500
Epoch 00451: val_acc did not improve
23s - loss: 6.8276e-08 - acc: 1.0000 - val_loss: 5.5131 - val_acc: 0.5750
Epoch 453/500
Epoch 00452: val_acc did not improve
22s - loss: 6.8276e-08 - acc: 1.0000 - val_loss: 5.5131 - val_acc: 0.5750
Epoch 454/500
Epoch 00453: val_acc did not improve
22s - loss: 6.8276e-08 - acc: 1.0000 - val_loss: 5.5131 - val_acc: 0.5750
Epoch 455/500
Epoch 00454: val_acc did not improve
22s - loss: 6.8276e-08 - acc: 1.0000 - val_loss: 5.5131 - val_acc: 0.5750
Epoch 456/500
Epoch 00455: val_acc did not improve
22s - loss: 6.8276e-08 - acc: 1.0000 - val_loss: 5.5131 - val_acc: 0.5750
Epoch 457/500
Epoch 00456: val_acc did not improve
22s - loss: 6.8276e-08 - acc: 1.0000 - val_loss: 5.5131 - val_acc: 0.5750
Epoch 458/500
Epoch 00457: val_acc did not improve
22s - loss: 6.8276e-08 - acc: 1.0000 - val_loss: 5.5131 - val_acc: 0.5750
Epoch 459/500
Epoch 00458: val_acc did not improve
22s - loss: 6.8276e-08 - acc: 1.0000 - val_loss: 5.5131 - val_acc: 0.5750
Epoch 460/500
Epoch 00459: val_acc did not improve
22s - loss: 6.8276e-08 - acc: 1.0000 - val_loss: 5.5131 - val_acc: 0.5750
Epoch 461/500
Epoch 00460: val_acc did not improve
22s - loss: 6.8276e-08 - acc: 1.0000 - val_loss: 5.5131 - val_acc: 0.5750
Epoch 462/500
Epoch 00461: val_acc did not improve
22s - loss: 6.8276e-08 - acc: 1.0000 - val_loss: 5.5131 - val_acc: 0.5750
Epoch 463/500
Epoch 00462: val_acc did not improve
22s - loss: 6.8276e-08 - acc: 1.0000 - val_loss: 5.5131 - val_acc: 0.5750
Epoch 464/500
Epoch 00463: val_acc did not improve
23s - loss: 6.8276e-08 - acc: 1.0000 - val_loss: 5.5131 - val_acc: 0.5750
Epoch 465/500
Epoch 00464: val_acc did not improve
22s - loss: 6.8276e-08 - acc: 1.0000 - val_loss: 5.5131 - val_acc: 0.5750
Epoch 466/500
Epoch 00465: val_acc did not improve
22s - loss: 6.8276e-08 - acc: 1.0000 - val_loss: 5.5131 - val_acc: 0.5750
Epoch 467/500
Epoch 00466: val_acc did not improve
22s - loss: 6.8276e-08 - acc: 1.0000 - val_loss: 5.5131 - val_acc: 0.5750
Epoch 468/500
Epoch 00467: val_acc did not improve
22s - loss: 6.8276e-08 - acc: 1.0000 - val_loss: 5.5131 - val_acc: 0.5750
Epoch 469/500
Epoch 00468: val_acc did not improve
22s - loss: 6.8276e-08 - acc: 1.0000 - val_loss: 5.5131 - val_acc: 0.5750
Epoch 470/500
Epoch 00469: val_acc did not improve
22s - loss: 6.8276e-08 - acc: 1.0000 - val_loss: 5.5131 - val_acc: 0.5750
Epoch 471/500
Epoch 00470: val_acc did not improve
22s - loss: 6.8276e-08 - acc: 1.0000 - val_loss: 5.5131 - val_acc: 0.5750
Epoch 472/500
Epoch 00471: val_acc did not improve
22s - loss: 6.8276e-08 - acc: 1.0000 - val_loss: 5.5131 - val_acc: 0.5750
Epoch 473/500
Epoch 00472: val_acc did not improve
22s - loss: 6.8276e-08 - acc: 1.0000 - val_loss: 5.5131 - val_acc: 0.5750
Epoch 474/500
Epoch 00473: val_acc did not improve
22s - loss: 6.8276e-08 - acc: 1.0000 - val_loss: 5.5131 - val_acc: 0.5750
Epoch 475/500
Epoch 00474: val_acc did not improve
22s - loss: 6.8276e-08 - acc: 1.0000 - val_loss: 5.5131 - val_acc: 0.5750
Epoch 476/500
Epoch 00475: val_acc did not improve
23s - loss: 6.8276e-08 - acc: 1.0000 - val_loss: 5.5131 - val_acc: 0.5750
Epoch 477/500
Epoch 00476: val_acc did not improve
22s - loss: 6.8276e-08 - acc: 1.0000 - val_loss: 5.5131 - val_acc: 0.5750
Epoch 478/500
Epoch 00477: val_acc did not improve
22s - loss: 6.8276e-08 - acc: 1.0000 - val_loss: 5.5131 - val_acc: 0.5750
Epoch 479/500
Epoch 00478: val_acc did not improve
22s - loss: 6.8276e-08 - acc: 1.0000 - val_loss: 5.5131 - val_acc: 0.5750
Epoch 480/500
Epoch 00479: val_acc did not improve
22s - loss: 6.8276e-08 - acc: 1.0000 - val_loss: 5.5131 - val_acc: 0.5750
Epoch 481/500
Epoch 00480: val_acc did not improve
23s - loss: 6.8276e-08 - acc: 1.0000 - val_loss: 5.5131 - val_acc: 0.5750
Epoch 482/500
Epoch 00481: val_acc did not improve
22s - loss: 6.8276e-08 - acc: 1.0000 - val_loss: 5.5131 - val_acc: 0.5750
Epoch 483/500
Epoch 00482: val_acc did not improve
22s - loss: 6.8276e-08 - acc: 1.0000 - val_loss: 5.5131 - val_acc: 0.5750
Epoch 484/500
Epoch 00483: val_acc did not improve
22s - loss: 6.8276e-08 - acc: 1.0000 - val_loss: 5.5131 - val_acc: 0.5750
Epoch 485/500
Epoch 00484: val_acc did not improve
22s - loss: 6.8276e-08 - acc: 1.0000 - val_loss: 5.5131 - val_acc: 0.5750
Epoch 486/500
Epoch 00485: val_acc did not improve
22s - loss: 6.8276e-08 - acc: 1.0000 - val_loss: 5.5131 - val_acc: 0.5750
Epoch 487/500
Epoch 00486: val_acc did not improve
22s - loss: 6.8276e-08 - acc: 1.0000 - val_loss: 5.5131 - val_acc: 0.5750
Epoch 488/500
Epoch 00487: val_acc did not improve
22s - loss: 6.8276e-08 - acc: 1.0000 - val_loss: 5.5131 - val_acc: 0.5750
Epoch 489/500
Epoch 00488: val_acc did not improve
22s - loss: 6.8276e-08 - acc: 1.0000 - val_loss: 5.5131 - val_acc: 0.5750
Epoch 490/500
Epoch 00489: val_acc did not improve
23s - loss: 6.8276e-08 - acc: 1.0000 - val_loss: 5.5131 - val_acc: 0.5750
Epoch 491/500
Epoch 00490: val_acc did not improve
22s - loss: 6.8276e-08 - acc: 1.0000 - val_loss: 5.5131 - val_acc: 0.5750
Epoch 492/500
Epoch 00491: val_acc did not improve
22s - loss: 6.8276e-08 - acc: 1.0000 - val_loss: 5.5131 - val_acc: 0.5750
Epoch 493/500
Epoch 00492: val_acc did not improve
22s - loss: 6.8276e-08 - acc: 1.0000 - val_loss: 5.5131 - val_acc: 0.5750
Epoch 494/500
Epoch 00493: val_acc did not improve
22s - loss: 6.8276e-08 - acc: 1.0000 - val_loss: 5.5131 - val_acc: 0.5750
Epoch 495/500
Epoch 00494: val_acc did not improve
23s - loss: 6.8276e-08 - acc: 1.0000 - val_loss: 5.5131 - val_acc: 0.5750
Epoch 496/500
Epoch 00495: val_acc did not improve
22s - loss: 6.8276e-08 - acc: 1.0000 - val_loss: 5.5131 - val_acc: 0.5750
Epoch 497/500
Epoch 00496: val_acc did not improve
22s - loss: 6.8276e-08 - acc: 1.0000 - val_loss: 5.5131 - val_acc: 0.5750
Epoch 498/500
Epoch 00497: val_acc did not improve
22s - loss: 6.8276e-08 - acc: 1.0000 - val_loss: 5.5131 - val_acc: 0.5750
Epoch 499/500
Epoch 00498: val_acc did not improve
22s - loss: 6.8276e-08 - acc: 1.0000 - val_loss: 5.5131 - val_acc: 0.5750
Epoch 500/500
Epoch 00499: val_acc did not improve
22s - loss: 6.8276e-08 - acc: 1.0000 - val_loss: 5.5131 - val_acc: 0.5750
Test score: 6.38606376648
Test accuracy: 0.5
