X_train shape: (160, 5, 59, 59)
160 train samples
40 test samples
y_train shape: (160, 2)
y_test shape: (40, 2)
____________________________________________________________________________________________________
Layer (type)                     Output Shape          Param #     Connected to                     
====================================================================================================
convolution2d_1 (Convolution2D)  (None, 8, 59, 59)     1008        convolution2d_input_1[0][0]      
____________________________________________________________________________________________________
activation_1 (Activation)        (None, 8, 59, 59)     0           convolution2d_1[0][0]            
____________________________________________________________________________________________________
maxpooling2d_1 (MaxPooling2D)    (None, 8, 29, 29)     0           activation_1[0][0]               
____________________________________________________________________________________________________
convolution2d_2 (Convolution2D)  (None, 16, 29, 29)    1168        maxpooling2d_1[0][0]             
____________________________________________________________________________________________________
activation_2 (Activation)        (None, 16, 29, 29)    0           convolution2d_2[0][0]            
____________________________________________________________________________________________________
maxpooling2d_2 (MaxPooling2D)    (None, 16, 14, 14)    0           activation_2[0][0]               
____________________________________________________________________________________________________
flatten_1 (Flatten)              (None, 3136)          0           maxpooling2d_2[0][0]             
____________________________________________________________________________________________________
dense_1 (Dense)                  (None, 2)             6274        flatten_1[0][0]                  
____________________________________________________________________________________________________
activation_3 (Activation)        (None, 2)             0           dense_1[0][0]                    
====================================================================================================
Total params: 8450
____________________________________________________________________________________________________
Train on 160 samples, validate on 40 samples
Epoch 1/500
Epoch 00000: val_acc improved from -inf to 0.40000, saving model to /home/xcat/experiment/BCI2008/ds1a/model/on-filtered-data/1024feature_2cnn_max_relu_adam.h5
0s - loss: 0.7479 - acc: 0.5250 - val_loss: 0.7034 - val_acc: 0.4000
Epoch 2/500
Epoch 00001: val_acc improved from 0.40000 to 0.42500, saving model to /home/xcat/experiment/BCI2008/ds1a/model/on-filtered-data/1024feature_2cnn_max_relu_adam.h5
0s - loss: 0.6964 - acc: 0.4688 - val_loss: 0.7060 - val_acc: 0.4250
Epoch 3/500
Epoch 00002: val_acc did not improve
0s - loss: 0.7015 - acc: 0.5188 - val_loss: 0.7168 - val_acc: 0.4250
Epoch 4/500
Epoch 00003: val_acc improved from 0.42500 to 0.57500, saving model to /home/xcat/experiment/BCI2008/ds1a/model/on-filtered-data/1024feature_2cnn_max_relu_adam.h5
0s - loss: 0.6920 - acc: 0.5563 - val_loss: 0.6919 - val_acc: 0.5750
Epoch 5/500
Epoch 00004: val_acc did not improve
0s - loss: 0.6903 - acc: 0.5312 - val_loss: 0.6998 - val_acc: 0.4250
Epoch 6/500
Epoch 00005: val_acc did not improve
0s - loss: 0.6872 - acc: 0.5250 - val_loss: 0.7023 - val_acc: 0.4250
Epoch 7/500
Epoch 00006: val_acc did not improve
0s - loss: 0.6844 - acc: 0.6875 - val_loss: 0.6961 - val_acc: 0.4750
Epoch 8/500
Epoch 00007: val_acc did not improve
0s - loss: 0.6883 - acc: 0.5625 - val_loss: 0.7080 - val_acc: 0.4250
Epoch 9/500
Epoch 00008: val_acc did not improve
0s - loss: 0.6787 - acc: 0.5875 - val_loss: 0.6932 - val_acc: 0.5000
Epoch 10/500
Epoch 00009: val_acc did not improve
0s - loss: 0.6800 - acc: 0.5750 - val_loss: 0.6960 - val_acc: 0.4750
Epoch 11/500
Epoch 00010: val_acc did not improve
0s - loss: 0.6728 - acc: 0.7312 - val_loss: 0.6975 - val_acc: 0.4500
Epoch 12/500
Epoch 00011: val_acc did not improve
0s - loss: 0.6715 - acc: 0.6687 - val_loss: 0.7201 - val_acc: 0.4500
Epoch 13/500
Epoch 00012: val_acc did not improve
0s - loss: 0.6795 - acc: 0.6375 - val_loss: 0.7083 - val_acc: 0.4000
Epoch 14/500
Epoch 00013: val_acc did not improve
0s - loss: 0.6663 - acc: 0.6062 - val_loss: 0.6975 - val_acc: 0.5500
Epoch 15/500
Epoch 00014: val_acc did not improve
0s - loss: 0.6702 - acc: 0.5625 - val_loss: 0.6956 - val_acc: 0.5500
Epoch 16/500
Epoch 00015: val_acc did not improve
0s - loss: 0.6591 - acc: 0.6188 - val_loss: 0.7051 - val_acc: 0.4000
Epoch 17/500
Epoch 00016: val_acc did not improve
0s - loss: 0.6412 - acc: 0.6625 - val_loss: 0.7767 - val_acc: 0.4250
Epoch 18/500
Epoch 00017: val_acc did not improve
0s - loss: 0.6578 - acc: 0.5750 - val_loss: 0.7127 - val_acc: 0.4750
Epoch 19/500
Epoch 00018: val_acc did not improve
0s - loss: 0.6369 - acc: 0.6312 - val_loss: 0.7234 - val_acc: 0.4500
Epoch 20/500
Epoch 00019: val_acc did not improve
0s - loss: 0.6247 - acc: 0.7188 - val_loss: 0.7396 - val_acc: 0.3750
Epoch 21/500
Epoch 00020: val_acc did not improve
0s - loss: 0.6393 - acc: 0.6312 - val_loss: 0.7223 - val_acc: 0.4750
Epoch 22/500
Epoch 00021: val_acc did not improve
0s - loss: 0.6197 - acc: 0.7063 - val_loss: 0.7785 - val_acc: 0.3750
Epoch 23/500
Epoch 00022: val_acc did not improve
0s - loss: 0.5998 - acc: 0.6813 - val_loss: 0.7640 - val_acc: 0.4500
Epoch 24/500
Epoch 00023: val_acc did not improve
0s - loss: 0.5811 - acc: 0.7063 - val_loss: 0.8063 - val_acc: 0.4750
Epoch 25/500
Epoch 00024: val_acc did not improve
0s - loss: 0.5955 - acc: 0.6875 - val_loss: 0.8482 - val_acc: 0.4750
Epoch 26/500
Epoch 00025: val_acc did not improve
0s - loss: 0.5682 - acc: 0.7188 - val_loss: 0.8390 - val_acc: 0.4750
Epoch 27/500
Epoch 00026: val_acc did not improve
0s - loss: 0.5569 - acc: 0.7125 - val_loss: 0.8655 - val_acc: 0.4250
Epoch 28/500
Epoch 00027: val_acc did not improve
0s - loss: 0.5467 - acc: 0.7000 - val_loss: 0.9082 - val_acc: 0.4750
Epoch 29/500
Epoch 00028: val_acc did not improve
0s - loss: 0.5394 - acc: 0.7312 - val_loss: 0.9057 - val_acc: 0.4500
Epoch 30/500
Epoch 00029: val_acc did not improve
0s - loss: 0.5667 - acc: 0.6625 - val_loss: 0.8955 - val_acc: 0.4500
Epoch 31/500
Epoch 00030: val_acc did not improve
0s - loss: 0.5306 - acc: 0.7875 - val_loss: 0.9181 - val_acc: 0.3750
Epoch 32/500
Epoch 00031: val_acc did not improve
0s - loss: 0.5268 - acc: 0.7125 - val_loss: 0.9656 - val_acc: 0.4250
Epoch 33/500
Epoch 00032: val_acc did not improve
0s - loss: 0.5231 - acc: 0.7625 - val_loss: 0.9725 - val_acc: 0.4500
Epoch 34/500
Epoch 00033: val_acc did not improve
0s - loss: 0.5086 - acc: 0.7625 - val_loss: 0.9579 - val_acc: 0.4000
Epoch 35/500
Epoch 00034: val_acc did not improve
0s - loss: 0.4948 - acc: 0.7688 - val_loss: 1.0518 - val_acc: 0.4000
Epoch 36/500
Epoch 00035: val_acc did not improve
0s - loss: 0.5252 - acc: 0.6875 - val_loss: 0.9291 - val_acc: 0.4000
Epoch 37/500
Epoch 00036: val_acc did not improve
0s - loss: 0.4888 - acc: 0.7812 - val_loss: 0.9844 - val_acc: 0.3750
Epoch 38/500
Epoch 00037: val_acc did not improve
0s - loss: 0.4732 - acc: 0.7812 - val_loss: 1.0220 - val_acc: 0.4250
Epoch 39/500
Epoch 00038: val_acc did not improve
0s - loss: 0.4599 - acc: 0.7875 - val_loss: 1.0451 - val_acc: 0.4000
Epoch 40/500
Epoch 00039: val_acc did not improve
0s - loss: 0.4716 - acc: 0.7500 - val_loss: 1.0461 - val_acc: 0.4000
Epoch 41/500
Epoch 00040: val_acc did not improve
0s - loss: 0.4498 - acc: 0.8000 - val_loss: 1.0456 - val_acc: 0.4250
Epoch 42/500
Epoch 00041: val_acc did not improve
0s - loss: 0.4510 - acc: 0.7812 - val_loss: 1.0889 - val_acc: 0.4250
Epoch 43/500
Epoch 00042: val_acc did not improve
0s - loss: 0.4598 - acc: 0.7937 - val_loss: 1.2317 - val_acc: 0.3750
Epoch 44/500
Epoch 00043: val_acc did not improve
0s - loss: 0.4786 - acc: 0.7812 - val_loss: 1.0326 - val_acc: 0.4250
Epoch 45/500
Epoch 00044: val_acc did not improve
0s - loss: 0.4388 - acc: 0.7937 - val_loss: 1.1402 - val_acc: 0.4500
Epoch 46/500
Epoch 00045: val_acc did not improve
0s - loss: 0.4484 - acc: 0.7937 - val_loss: 1.1247 - val_acc: 0.4500
Epoch 47/500
Epoch 00046: val_acc did not improve
0s - loss: 0.4066 - acc: 0.8000 - val_loss: 1.1606 - val_acc: 0.4250
Epoch 48/500
Epoch 00047: val_acc did not improve
0s - loss: 0.3961 - acc: 0.7937 - val_loss: 1.1962 - val_acc: 0.4250
Epoch 49/500
Epoch 00048: val_acc did not improve
0s - loss: 0.3932 - acc: 0.8313 - val_loss: 1.2080 - val_acc: 0.4250
Epoch 50/500
Epoch 00049: val_acc did not improve
0s - loss: 0.3928 - acc: 0.8187 - val_loss: 1.2497 - val_acc: 0.4250
Epoch 51/500
Epoch 00050: val_acc did not improve
0s - loss: 0.3778 - acc: 0.8375 - val_loss: 1.2127 - val_acc: 0.4250
Epoch 52/500
Epoch 00051: val_acc did not improve
0s - loss: 0.3625 - acc: 0.8438 - val_loss: 1.2479 - val_acc: 0.4000
Epoch 53/500
Epoch 00052: val_acc did not improve
0s - loss: 0.3758 - acc: 0.8250 - val_loss: 1.3354 - val_acc: 0.4250
Epoch 54/500
Epoch 00053: val_acc did not improve
0s - loss: 0.3763 - acc: 0.8313 - val_loss: 1.3199 - val_acc: 0.4000
Epoch 55/500
Epoch 00054: val_acc did not improve
0s - loss: 0.3592 - acc: 0.8562 - val_loss: 1.3035 - val_acc: 0.4500
Epoch 56/500
Epoch 00055: val_acc did not improve
0s - loss: 0.3337 - acc: 0.8688 - val_loss: 1.3094 - val_acc: 0.4250
Epoch 57/500
Epoch 00056: val_acc did not improve
0s - loss: 0.3254 - acc: 0.8750 - val_loss: 1.3979 - val_acc: 0.4250
Epoch 58/500
Epoch 00057: val_acc did not improve
0s - loss: 0.3358 - acc: 0.8375 - val_loss: 1.4937 - val_acc: 0.3750
Epoch 59/500
Epoch 00058: val_acc did not improve
0s - loss: 0.3185 - acc: 0.9000 - val_loss: 1.3820 - val_acc: 0.4500
Epoch 60/500
Epoch 00059: val_acc did not improve
0s - loss: 0.3059 - acc: 0.8750 - val_loss: 1.4347 - val_acc: 0.4500
Epoch 61/500
Epoch 00060: val_acc did not improve
0s - loss: 0.3011 - acc: 0.8875 - val_loss: 1.4277 - val_acc: 0.4500
Epoch 62/500
Epoch 00061: val_acc did not improve
0s - loss: 0.2883 - acc: 0.9125 - val_loss: 1.3804 - val_acc: 0.4250
Epoch 63/500
Epoch 00062: val_acc did not improve
0s - loss: 0.2949 - acc: 0.8750 - val_loss: 1.3966 - val_acc: 0.3750
Epoch 64/500
Epoch 00063: val_acc did not improve
0s - loss: 0.2771 - acc: 0.9000 - val_loss: 1.5260 - val_acc: 0.4500
Epoch 65/500
Epoch 00064: val_acc did not improve
0s - loss: 0.2627 - acc: 0.9250 - val_loss: 1.5137 - val_acc: 0.4000
Epoch 66/500
Epoch 00065: val_acc did not improve
0s - loss: 0.2600 - acc: 0.9125 - val_loss: 1.6267 - val_acc: 0.4500
Epoch 67/500
Epoch 00066: val_acc did not improve
0s - loss: 0.2504 - acc: 0.9187 - val_loss: 1.6451 - val_acc: 0.4500
Epoch 68/500
Epoch 00067: val_acc did not improve
0s - loss: 0.2538 - acc: 0.9187 - val_loss: 1.5513 - val_acc: 0.4000
Epoch 69/500
Epoch 00068: val_acc did not improve
0s - loss: 0.2506 - acc: 0.9187 - val_loss: 1.5924 - val_acc: 0.4250
Epoch 70/500
Epoch 00069: val_acc did not improve
0s - loss: 0.2384 - acc: 0.9187 - val_loss: 1.7206 - val_acc: 0.4500
Epoch 71/500
Epoch 00070: val_acc did not improve
0s - loss: 0.2468 - acc: 0.9125 - val_loss: 1.6385 - val_acc: 0.4250
Epoch 72/500
Epoch 00071: val_acc did not improve
0s - loss: 0.2189 - acc: 0.9313 - val_loss: 1.7795 - val_acc: 0.4500
Epoch 73/500
Epoch 00072: val_acc did not improve
0s - loss: 0.2234 - acc: 0.9250 - val_loss: 1.7879 - val_acc: 0.3750
Epoch 74/500
Epoch 00073: val_acc did not improve
0s - loss: 0.2024 - acc: 0.9375 - val_loss: 1.7437 - val_acc: 0.4250
Epoch 75/500
Epoch 00074: val_acc did not improve
0s - loss: 0.2043 - acc: 0.9437 - val_loss: 1.8077 - val_acc: 0.4250
Epoch 76/500
Epoch 00075: val_acc did not improve
0s - loss: 0.1894 - acc: 0.9750 - val_loss: 1.7593 - val_acc: 0.4000
Epoch 77/500
Epoch 00076: val_acc did not improve
0s - loss: 0.1960 - acc: 0.9563 - val_loss: 1.7350 - val_acc: 0.4000
Epoch 78/500
Epoch 00077: val_acc did not improve
0s - loss: 0.1823 - acc: 0.9500 - val_loss: 1.8318 - val_acc: 0.4000
Epoch 79/500
Epoch 00078: val_acc did not improve
0s - loss: 0.1793 - acc: 0.9437 - val_loss: 1.9384 - val_acc: 0.4500
Epoch 80/500
Epoch 00079: val_acc did not improve
0s - loss: 0.1944 - acc: 0.9375 - val_loss: 1.8559 - val_acc: 0.4250
Epoch 81/500
Epoch 00080: val_acc did not improve
0s - loss: 0.1727 - acc: 0.9563 - val_loss: 1.8802 - val_acc: 0.4250
Epoch 82/500
Epoch 00081: val_acc did not improve
0s - loss: 0.1568 - acc: 0.9688 - val_loss: 1.8903 - val_acc: 0.4000
Epoch 83/500
Epoch 00082: val_acc did not improve
0s - loss: 0.1538 - acc: 0.9688 - val_loss: 1.9806 - val_acc: 0.4250
Epoch 84/500
Epoch 00083: val_acc did not improve
0s - loss: 0.1433 - acc: 0.9812 - val_loss: 1.9161 - val_acc: 0.4000
Epoch 85/500
Epoch 00084: val_acc did not improve
0s - loss: 0.1548 - acc: 0.9688 - val_loss: 1.9731 - val_acc: 0.4000
Epoch 86/500
Epoch 00085: val_acc did not improve
0s - loss: 0.1469 - acc: 0.9625 - val_loss: 2.1199 - val_acc: 0.4250
Epoch 87/500
Epoch 00086: val_acc did not improve
0s - loss: 0.1426 - acc: 0.9750 - val_loss: 1.9239 - val_acc: 0.4000
Epoch 88/500
Epoch 00087: val_acc did not improve
0s - loss: 0.1501 - acc: 0.9688 - val_loss: 2.0683 - val_acc: 0.4000
Epoch 89/500
Epoch 00088: val_acc did not improve
0s - loss: 0.1254 - acc: 0.9875 - val_loss: 2.0315 - val_acc: 0.4000
Epoch 90/500
Epoch 00089: val_acc did not improve
0s - loss: 0.1270 - acc: 0.9688 - val_loss: 2.3462 - val_acc: 0.3500
Epoch 91/500
Epoch 00090: val_acc did not improve
0s - loss: 0.1280 - acc: 0.9812 - val_loss: 2.3495 - val_acc: 0.3500
Epoch 92/500
Epoch 00091: val_acc did not improve
0s - loss: 0.1153 - acc: 0.9875 - val_loss: 2.2197 - val_acc: 0.4000
Epoch 93/500
Epoch 00092: val_acc did not improve
0s - loss: 0.1049 - acc: 0.9875 - val_loss: 2.1966 - val_acc: 0.4250
Epoch 94/500
Epoch 00093: val_acc did not improve
0s - loss: 0.1327 - acc: 0.9688 - val_loss: 2.2591 - val_acc: 0.4000
Epoch 95/500
Epoch 00094: val_acc did not improve
0s - loss: 0.1180 - acc: 0.9750 - val_loss: 2.4005 - val_acc: 0.3750
Epoch 96/500
Epoch 00095: val_acc did not improve
0s - loss: 0.1179 - acc: 0.9812 - val_loss: 2.3335 - val_acc: 0.4250
Epoch 97/500
Epoch 00096: val_acc did not improve
0s - loss: 0.0968 - acc: 0.9875 - val_loss: 2.2905 - val_acc: 0.4000
Epoch 98/500
Epoch 00097: val_acc did not improve
0s - loss: 0.0904 - acc: 0.9875 - val_loss: 2.3702 - val_acc: 0.4000
Epoch 99/500
Epoch 00098: val_acc did not improve
0s - loss: 0.0867 - acc: 0.9875 - val_loss: 2.4840 - val_acc: 0.3750
Epoch 100/500
Epoch 00099: val_acc did not improve
0s - loss: 0.0880 - acc: 0.9875 - val_loss: 2.6297 - val_acc: 0.3500
Epoch 101/500
Epoch 00100: val_acc did not improve
0s - loss: 0.0973 - acc: 0.9812 - val_loss: 2.5292 - val_acc: 0.4000
Epoch 102/500
Epoch 00101: val_acc did not improve
0s - loss: 0.0944 - acc: 0.9875 - val_loss: 2.4755 - val_acc: 0.4000
Epoch 103/500
Epoch 00102: val_acc did not improve
0s - loss: 0.0741 - acc: 1.0000 - val_loss: 2.6600 - val_acc: 0.3750
Epoch 104/500
Epoch 00103: val_acc did not improve
0s - loss: 0.0929 - acc: 0.9875 - val_loss: 2.6975 - val_acc: 0.3500
Epoch 105/500
Epoch 00104: val_acc did not improve
0s - loss: 0.0893 - acc: 0.9750 - val_loss: 2.6503 - val_acc: 0.3750
Epoch 106/500
Epoch 00105: val_acc did not improve
0s - loss: 0.0773 - acc: 0.9938 - val_loss: 2.6635 - val_acc: 0.3750
Epoch 107/500
Epoch 00106: val_acc did not improve
0s - loss: 0.0670 - acc: 0.9938 - val_loss: 2.5586 - val_acc: 0.4000
Epoch 108/500
Epoch 00107: val_acc did not improve
0s - loss: 0.0617 - acc: 1.0000 - val_loss: 2.5872 - val_acc: 0.4000
Epoch 109/500
Epoch 00108: val_acc did not improve
0s - loss: 0.0577 - acc: 1.0000 - val_loss: 2.8940 - val_acc: 0.3500
Epoch 110/500
Epoch 00109: val_acc did not improve
0s - loss: 0.0783 - acc: 0.9938 - val_loss: 2.7447 - val_acc: 0.3750
Epoch 111/500
Epoch 00110: val_acc did not improve
0s - loss: 0.0642 - acc: 0.9938 - val_loss: 2.8386 - val_acc: 0.3750
Epoch 112/500
Epoch 00111: val_acc did not improve
0s - loss: 0.0530 - acc: 1.0000 - val_loss: 2.7214 - val_acc: 0.3750
Epoch 113/500
Epoch 00112: val_acc did not improve
0s - loss: 0.0492 - acc: 1.0000 - val_loss: 2.6987 - val_acc: 0.4000
Epoch 114/500
Epoch 00113: val_acc did not improve
0s - loss: 0.0468 - acc: 1.0000 - val_loss: 2.8396 - val_acc: 0.4000
Epoch 115/500
Epoch 00114: val_acc did not improve
0s - loss: 0.0476 - acc: 1.0000 - val_loss: 2.7620 - val_acc: 0.4000
Epoch 116/500
Epoch 00115: val_acc did not improve
0s - loss: 0.0475 - acc: 1.0000 - val_loss: 2.8475 - val_acc: 0.4000
Epoch 117/500
Epoch 00116: val_acc did not improve
0s - loss: 0.0524 - acc: 1.0000 - val_loss: 2.7312 - val_acc: 0.4000
Epoch 118/500
Epoch 00117: val_acc did not improve
0s - loss: 0.0484 - acc: 1.0000 - val_loss: 2.7955 - val_acc: 0.4000
Epoch 119/500
Epoch 00118: val_acc did not improve
0s - loss: 0.0401 - acc: 1.0000 - val_loss: 2.8059 - val_acc: 0.4000
Epoch 120/500
Epoch 00119: val_acc did not improve
0s - loss: 0.0401 - acc: 1.0000 - val_loss: 2.9478 - val_acc: 0.3750
Epoch 121/500
Epoch 00120: val_acc did not improve
0s - loss: 0.0377 - acc: 1.0000 - val_loss: 2.9299 - val_acc: 0.4000
Epoch 122/500
Epoch 00121: val_acc did not improve
0s - loss: 0.0364 - acc: 1.0000 - val_loss: 2.9993 - val_acc: 0.3750
Epoch 123/500
Epoch 00122: val_acc did not improve
0s - loss: 0.0357 - acc: 1.0000 - val_loss: 2.9637 - val_acc: 0.4000
Epoch 124/500
Epoch 00123: val_acc did not improve
0s - loss: 0.0330 - acc: 1.0000 - val_loss: 2.9803 - val_acc: 0.4000
Epoch 125/500
Epoch 00124: val_acc did not improve
0s - loss: 0.0323 - acc: 1.0000 - val_loss: 3.0496 - val_acc: 0.3750
Epoch 126/500
Epoch 00125: val_acc did not improve
0s - loss: 0.0334 - acc: 1.0000 - val_loss: 2.9132 - val_acc: 0.4000
Epoch 127/500
Epoch 00126: val_acc did not improve
0s - loss: 0.0307 - acc: 1.0000 - val_loss: 3.0492 - val_acc: 0.4000
Epoch 128/500
Epoch 00127: val_acc did not improve
0s - loss: 0.0364 - acc: 1.0000 - val_loss: 2.9919 - val_acc: 0.4000
Epoch 129/500
Epoch 00128: val_acc did not improve
0s - loss: 0.0292 - acc: 1.0000 - val_loss: 3.3242 - val_acc: 0.3750
Epoch 130/500
Epoch 00129: val_acc did not improve
0s - loss: 0.0316 - acc: 1.0000 - val_loss: 3.2110 - val_acc: 0.3500
Epoch 131/500
Epoch 00130: val_acc did not improve
0s - loss: 0.0323 - acc: 1.0000 - val_loss: 3.0675 - val_acc: 0.4250
Epoch 132/500
Epoch 00131: val_acc did not improve
0s - loss: 0.0445 - acc: 1.0000 - val_loss: 2.9978 - val_acc: 0.4000
Epoch 133/500
Epoch 00132: val_acc did not improve
0s - loss: 0.0273 - acc: 1.0000 - val_loss: 3.1244 - val_acc: 0.4250
Epoch 134/500
Epoch 00133: val_acc did not improve
0s - loss: 0.0266 - acc: 1.0000 - val_loss: 3.2591 - val_acc: 0.3750
Epoch 135/500
Epoch 00134: val_acc did not improve
0s - loss: 0.0232 - acc: 1.0000 - val_loss: 3.2501 - val_acc: 0.4250
Epoch 136/500
Epoch 00135: val_acc did not improve
0s - loss: 0.0223 - acc: 1.0000 - val_loss: 3.2936 - val_acc: 0.3750
Epoch 137/500
Epoch 00136: val_acc did not improve
0s - loss: 0.0223 - acc: 1.0000 - val_loss: 3.1330 - val_acc: 0.4000
Epoch 138/500
Epoch 00137: val_acc did not improve
0s - loss: 0.0274 - acc: 1.0000 - val_loss: 3.1349 - val_acc: 0.4000
Epoch 139/500
Epoch 00138: val_acc did not improve
0s - loss: 0.0275 - acc: 1.0000 - val_loss: 3.2637 - val_acc: 0.4250
Epoch 140/500
Epoch 00139: val_acc did not improve
0s - loss: 0.0214 - acc: 1.0000 - val_loss: 3.3763 - val_acc: 0.4000
Epoch 141/500
Epoch 00140: val_acc did not improve
0s - loss: 0.0214 - acc: 1.0000 - val_loss: 3.4180 - val_acc: 0.3750
Epoch 142/500
Epoch 00141: val_acc did not improve
0s - loss: 0.0194 - acc: 1.0000 - val_loss: 3.4047 - val_acc: 0.4000
Epoch 143/500
Epoch 00142: val_acc did not improve
0s - loss: 0.0180 - acc: 1.0000 - val_loss: 3.5032 - val_acc: 0.3500
Epoch 144/500
Epoch 00143: val_acc did not improve
0s - loss: 0.0187 - acc: 1.0000 - val_loss: 3.3596 - val_acc: 0.4250
Epoch 145/500
Epoch 00144: val_acc did not improve
0s - loss: 0.0177 - acc: 1.0000 - val_loss: 3.3946 - val_acc: 0.4000
Epoch 146/500
Epoch 00145: val_acc did not improve
0s - loss: 0.0166 - acc: 1.0000 - val_loss: 3.5101 - val_acc: 0.3750
Epoch 147/500
Epoch 00146: val_acc did not improve
0s - loss: 0.0166 - acc: 1.0000 - val_loss: 3.5457 - val_acc: 0.3750
Epoch 148/500
Epoch 00147: val_acc did not improve
0s - loss: 0.0160 - acc: 1.0000 - val_loss: 3.5467 - val_acc: 0.3750
Epoch 149/500
Epoch 00148: val_acc did not improve
0s - loss: 0.0149 - acc: 1.0000 - val_loss: 3.5240 - val_acc: 0.4000
Epoch 150/500
Epoch 00149: val_acc did not improve
0s - loss: 0.0149 - acc: 1.0000 - val_loss: 3.6118 - val_acc: 0.3750
Epoch 151/500
Epoch 00150: val_acc did not improve
0s - loss: 0.0146 - acc: 1.0000 - val_loss: 3.6233 - val_acc: 0.3750
Epoch 152/500
Epoch 00151: val_acc did not improve
0s - loss: 0.0141 - acc: 1.0000 - val_loss: 3.5905 - val_acc: 0.3750
Epoch 153/500
Epoch 00152: val_acc did not improve
0s - loss: 0.0137 - acc: 1.0000 - val_loss: 3.6015 - val_acc: 0.3750
Epoch 154/500
Epoch 00153: val_acc did not improve
0s - loss: 0.0137 - acc: 1.0000 - val_loss: 3.5560 - val_acc: 0.4000
Epoch 155/500
Epoch 00154: val_acc did not improve
0s - loss: 0.0138 - acc: 1.0000 - val_loss: 3.5490 - val_acc: 0.4250
Epoch 156/500
Epoch 00155: val_acc did not improve
0s - loss: 0.0142 - acc: 1.0000 - val_loss: 3.7196 - val_acc: 0.3750
Epoch 157/500
Epoch 00156: val_acc did not improve
0s - loss: 0.0130 - acc: 1.0000 - val_loss: 3.7102 - val_acc: 0.3750
Epoch 158/500
Epoch 00157: val_acc did not improve
0s - loss: 0.0118 - acc: 1.0000 - val_loss: 3.6532 - val_acc: 0.4000
Epoch 159/500
Epoch 00158: val_acc did not improve
0s - loss: 0.0115 - acc: 1.0000 - val_loss: 3.6859 - val_acc: 0.3750
Epoch 160/500
Epoch 00159: val_acc did not improve
0s - loss: 0.0113 - acc: 1.0000 - val_loss: 3.6737 - val_acc: 0.4250
Epoch 161/500
Epoch 00160: val_acc did not improve
0s - loss: 0.0122 - acc: 1.0000 - val_loss: 3.7256 - val_acc: 0.3750
Epoch 162/500
Epoch 00161: val_acc did not improve
0s - loss: 0.0114 - acc: 1.0000 - val_loss: 3.7251 - val_acc: 0.4000
Epoch 163/500
Epoch 00162: val_acc did not improve
0s - loss: 0.0113 - acc: 1.0000 - val_loss: 3.7417 - val_acc: 0.3750
Epoch 164/500
Epoch 00163: val_acc did not improve
0s - loss: 0.0107 - acc: 1.0000 - val_loss: 3.7167 - val_acc: 0.4250
Epoch 165/500
Epoch 00164: val_acc did not improve
0s - loss: 0.0108 - acc: 1.0000 - val_loss: 3.8365 - val_acc: 0.3750
Epoch 166/500
Epoch 00165: val_acc did not improve
0s - loss: 0.0105 - acc: 1.0000 - val_loss: 4.0198 - val_acc: 0.3500
Epoch 167/500
Epoch 00166: val_acc did not improve
0s - loss: 0.0114 - acc: 1.0000 - val_loss: 3.8078 - val_acc: 0.3750
Epoch 168/500
Epoch 00167: val_acc did not improve
0s - loss: 0.0094 - acc: 1.0000 - val_loss: 3.8653 - val_acc: 0.3750
Epoch 169/500
Epoch 00168: val_acc did not improve
0s - loss: 0.0092 - acc: 1.0000 - val_loss: 3.9261 - val_acc: 0.3750
Epoch 170/500
Epoch 00169: val_acc did not improve
0s - loss: 0.0089 - acc: 1.0000 - val_loss: 3.8682 - val_acc: 0.3750
Epoch 171/500
Epoch 00170: val_acc did not improve
0s - loss: 0.0087 - acc: 1.0000 - val_loss: 3.8320 - val_acc: 0.4250
Epoch 172/500
Epoch 00171: val_acc did not improve
0s - loss: 0.0088 - acc: 1.0000 - val_loss: 3.9750 - val_acc: 0.3750
Epoch 173/500
Epoch 00172: val_acc did not improve
0s - loss: 0.0084 - acc: 1.0000 - val_loss: 3.9305 - val_acc: 0.3750
Epoch 174/500
Epoch 00173: val_acc did not improve
0s - loss: 0.0082 - acc: 1.0000 - val_loss: 3.9366 - val_acc: 0.3750
Epoch 175/500
Epoch 00174: val_acc did not improve
0s - loss: 0.0079 - acc: 1.0000 - val_loss: 3.9625 - val_acc: 0.3750
Epoch 176/500
Epoch 00175: val_acc did not improve
0s - loss: 0.0082 - acc: 1.0000 - val_loss: 4.0656 - val_acc: 0.3750
Epoch 177/500
Epoch 00176: val_acc did not improve
0s - loss: 0.0074 - acc: 1.0000 - val_loss: 3.9772 - val_acc: 0.3750
Epoch 178/500
Epoch 00177: val_acc did not improve
0s - loss: 0.0073 - acc: 1.0000 - val_loss: 4.0868 - val_acc: 0.4000
Epoch 179/500
Epoch 00178: val_acc did not improve
0s - loss: 0.0080 - acc: 1.0000 - val_loss: 3.9462 - val_acc: 0.4250
Epoch 180/500
Epoch 00179: val_acc did not improve
0s - loss: 0.0076 - acc: 1.0000 - val_loss: 4.0189 - val_acc: 0.3750
Epoch 181/500
Epoch 00180: val_acc did not improve
0s - loss: 0.0079 - acc: 1.0000 - val_loss: 4.2230 - val_acc: 0.3750
Epoch 182/500
Epoch 00181: val_acc did not improve
0s - loss: 0.0068 - acc: 1.0000 - val_loss: 4.0808 - val_acc: 0.3750
Epoch 183/500
Epoch 00182: val_acc did not improve
0s - loss: 0.0068 - acc: 1.0000 - val_loss: 4.1190 - val_acc: 0.3750
Epoch 184/500
Epoch 00183: val_acc did not improve
0s - loss: 0.0065 - acc: 1.0000 - val_loss: 4.2023 - val_acc: 0.3750
Epoch 185/500
Epoch 00184: val_acc did not improve
0s - loss: 0.0067 - acc: 1.0000 - val_loss: 4.1691 - val_acc: 0.3750
Epoch 186/500
Epoch 00185: val_acc did not improve
0s - loss: 0.0061 - acc: 1.0000 - val_loss: 4.1828 - val_acc: 0.3750
Epoch 187/500
Epoch 00186: val_acc did not improve
0s - loss: 0.0059 - acc: 1.0000 - val_loss: 4.0993 - val_acc: 0.4000
Epoch 188/500
Epoch 00187: val_acc did not improve
0s - loss: 0.0060 - acc: 1.0000 - val_loss: 4.2312 - val_acc: 0.3750
Epoch 189/500
Epoch 00188: val_acc did not improve
0s - loss: 0.0059 - acc: 1.0000 - val_loss: 4.1802 - val_acc: 0.3750
Epoch 190/500
Epoch 00189: val_acc did not improve
0s - loss: 0.0058 - acc: 1.0000 - val_loss: 4.1833 - val_acc: 0.3750
Epoch 191/500
Epoch 00190: val_acc did not improve
0s - loss: 0.0060 - acc: 1.0000 - val_loss: 4.1689 - val_acc: 0.4000
Epoch 192/500
Epoch 00191: val_acc did not improve
0s - loss: 0.0055 - acc: 1.0000 - val_loss: 4.2776 - val_acc: 0.4000
Epoch 193/500
Epoch 00192: val_acc did not improve
0s - loss: 0.0059 - acc: 1.0000 - val_loss: 4.3643 - val_acc: 0.3750
Epoch 194/500
Epoch 00193: val_acc did not improve
0s - loss: 0.0055 - acc: 1.0000 - val_loss: 4.3379 - val_acc: 0.4000
Epoch 195/500
Epoch 00194: val_acc did not improve
0s - loss: 0.0052 - acc: 1.0000 - val_loss: 4.2294 - val_acc: 0.3750
Epoch 196/500
Epoch 00195: val_acc did not improve
0s - loss: 0.0052 - acc: 1.0000 - val_loss: 4.2276 - val_acc: 0.4000
Epoch 197/500
Epoch 00196: val_acc did not improve
0s - loss: 0.0052 - acc: 1.0000 - val_loss: 4.3681 - val_acc: 0.4000
Epoch 198/500
Epoch 00197: val_acc did not improve
0s - loss: 0.0050 - acc: 1.0000 - val_loss: 4.3119 - val_acc: 0.3750
Epoch 199/500
Epoch 00198: val_acc did not improve
0s - loss: 0.0049 - acc: 1.0000 - val_loss: 4.3999 - val_acc: 0.3750
Epoch 200/500
Epoch 00199: val_acc did not improve
0s - loss: 0.0047 - acc: 1.0000 - val_loss: 4.3726 - val_acc: 0.3750
Epoch 201/500
Epoch 00200: val_acc did not improve
0s - loss: 0.0046 - acc: 1.0000 - val_loss: 4.3636 - val_acc: 0.3750
Epoch 202/500
Epoch 00201: val_acc did not improve
0s - loss: 0.0044 - acc: 1.0000 - val_loss: 4.3855 - val_acc: 0.3750
Epoch 203/500
Epoch 00202: val_acc did not improve
0s - loss: 0.0044 - acc: 1.0000 - val_loss: 4.4111 - val_acc: 0.4000
Epoch 204/500
Epoch 00203: val_acc did not improve
0s - loss: 0.0043 - acc: 1.0000 - val_loss: 4.4847 - val_acc: 0.3750
Epoch 205/500
Epoch 00204: val_acc did not improve
0s - loss: 0.0045 - acc: 1.0000 - val_loss: 4.5034 - val_acc: 0.3750
Epoch 206/500
Epoch 00205: val_acc did not improve
0s - loss: 0.0043 - acc: 1.0000 - val_loss: 4.3604 - val_acc: 0.4000
Epoch 207/500
Epoch 00206: val_acc did not improve
0s - loss: 0.0042 - acc: 1.0000 - val_loss: 4.4323 - val_acc: 0.3750
Epoch 208/500
Epoch 00207: val_acc did not improve
0s - loss: 0.0041 - acc: 1.0000 - val_loss: 4.3738 - val_acc: 0.4000
Epoch 209/500
Epoch 00208: val_acc did not improve
0s - loss: 0.0040 - acc: 1.0000 - val_loss: 4.5086 - val_acc: 0.4000
Epoch 210/500
Epoch 00209: val_acc did not improve
0s - loss: 0.0039 - acc: 1.0000 - val_loss: 4.4400 - val_acc: 0.3750
Epoch 211/500
Epoch 00210: val_acc did not improve
0s - loss: 0.0039 - acc: 1.0000 - val_loss: 4.4308 - val_acc: 0.3750
Epoch 212/500
Epoch 00211: val_acc did not improve
0s - loss: 0.0039 - acc: 1.0000 - val_loss: 4.5014 - val_acc: 0.3750
Epoch 213/500
Epoch 00212: val_acc did not improve
0s - loss: 0.0036 - acc: 1.0000 - val_loss: 4.5862 - val_acc: 0.3750
Epoch 214/500
Epoch 00213: val_acc did not improve
0s - loss: 0.0036 - acc: 1.0000 - val_loss: 4.5595 - val_acc: 0.3750
Epoch 215/500
Epoch 00214: val_acc did not improve
0s - loss: 0.0035 - acc: 1.0000 - val_loss: 4.5211 - val_acc: 0.3750
Epoch 216/500
Epoch 00215: val_acc did not improve
0s - loss: 0.0035 - acc: 1.0000 - val_loss: 4.5485 - val_acc: 0.4000
Epoch 217/500
Epoch 00216: val_acc did not improve
0s - loss: 0.0033 - acc: 1.0000 - val_loss: 4.5995 - val_acc: 0.4000
Epoch 218/500
Epoch 00217: val_acc did not improve
0s - loss: 0.0034 - acc: 1.0000 - val_loss: 4.5941 - val_acc: 0.4000
Epoch 219/500
Epoch 00218: val_acc did not improve
0s - loss: 0.0033 - acc: 1.0000 - val_loss: 4.5581 - val_acc: 0.3750
Epoch 220/500
Epoch 00219: val_acc did not improve
0s - loss: 0.0036 - acc: 1.0000 - val_loss: 4.6748 - val_acc: 0.3500
Epoch 221/500
Epoch 00220: val_acc did not improve
0s - loss: 0.0035 - acc: 1.0000 - val_loss: 4.6785 - val_acc: 0.3750
Epoch 222/500
Epoch 00221: val_acc did not improve
0s - loss: 0.0032 - acc: 1.0000 - val_loss: 4.5477 - val_acc: 0.4000
Epoch 223/500
Epoch 00222: val_acc did not improve
0s - loss: 0.0033 - acc: 1.0000 - val_loss: 4.6885 - val_acc: 0.4000
Epoch 224/500
Epoch 00223: val_acc did not improve
0s - loss: 0.0032 - acc: 1.0000 - val_loss: 4.7481 - val_acc: 0.3750
Epoch 225/500
Epoch 00224: val_acc did not improve
0s - loss: 0.0029 - acc: 1.0000 - val_loss: 4.5873 - val_acc: 0.4000
Epoch 226/500
Epoch 00225: val_acc did not improve
0s - loss: 0.0030 - acc: 1.0000 - val_loss: 4.7746 - val_acc: 0.3500
Epoch 227/500
Epoch 00226: val_acc did not improve
0s - loss: 0.0030 - acc: 1.0000 - val_loss: 4.6589 - val_acc: 0.3750
Epoch 228/500
Epoch 00227: val_acc did not improve
0s - loss: 0.0027 - acc: 1.0000 - val_loss: 4.7139 - val_acc: 0.4000
Epoch 229/500
Epoch 00228: val_acc did not improve
0s - loss: 0.0027 - acc: 1.0000 - val_loss: 4.7022 - val_acc: 0.4000
Epoch 230/500
Epoch 00229: val_acc did not improve
0s - loss: 0.0027 - acc: 1.0000 - val_loss: 4.7652 - val_acc: 0.3750
Epoch 231/500
Epoch 00230: val_acc did not improve
0s - loss: 0.0027 - acc: 1.0000 - val_loss: 4.7772 - val_acc: 0.3750
Epoch 232/500
Epoch 00231: val_acc did not improve
0s - loss: 0.0026 - acc: 1.0000 - val_loss: 4.7601 - val_acc: 0.4000
Epoch 233/500
Epoch 00232: val_acc did not improve
0s - loss: 0.0025 - acc: 1.0000 - val_loss: 4.7615 - val_acc: 0.4000
Epoch 234/500
Epoch 00233: val_acc did not improve
0s - loss: 0.0026 - acc: 1.0000 - val_loss: 4.7454 - val_acc: 0.3750
Epoch 235/500
Epoch 00234: val_acc did not improve
0s - loss: 0.0025 - acc: 1.0000 - val_loss: 4.9106 - val_acc: 0.3500
Epoch 236/500
Epoch 00235: val_acc did not improve
0s - loss: 0.0027 - acc: 1.0000 - val_loss: 4.7973 - val_acc: 0.4000
Epoch 237/500
Epoch 00236: val_acc did not improve
0s - loss: 0.0024 - acc: 1.0000 - val_loss: 4.8197 - val_acc: 0.4000
Epoch 238/500
Epoch 00237: val_acc did not improve
0s - loss: 0.0025 - acc: 1.0000 - val_loss: 4.7956 - val_acc: 0.4000
Epoch 239/500
Epoch 00238: val_acc did not improve
0s - loss: 0.0023 - acc: 1.0000 - val_loss: 4.8057 - val_acc: 0.4000
Epoch 240/500
Epoch 00239: val_acc did not improve
0s - loss: 0.0022 - acc: 1.0000 - val_loss: 4.8818 - val_acc: 0.3750
Epoch 241/500
Epoch 00240: val_acc did not improve
0s - loss: 0.0023 - acc: 1.0000 - val_loss: 4.8609 - val_acc: 0.3750
Epoch 242/500
Epoch 00241: val_acc did not improve
0s - loss: 0.0022 - acc: 1.0000 - val_loss: 4.7889 - val_acc: 0.4000
Epoch 243/500
Epoch 00242: val_acc did not improve
0s - loss: 0.0025 - acc: 1.0000 - val_loss: 4.8655 - val_acc: 0.4000
Epoch 244/500
Epoch 00243: val_acc did not improve
0s - loss: 0.0022 - acc: 1.0000 - val_loss: 4.9396 - val_acc: 0.3750
Epoch 245/500
Epoch 00244: val_acc did not improve
0s - loss: 0.0023 - acc: 1.0000 - val_loss: 4.9541 - val_acc: 0.3750
Epoch 246/500
Epoch 00245: val_acc did not improve
0s - loss: 0.0023 - acc: 1.0000 - val_loss: 4.8728 - val_acc: 0.4250
Epoch 247/500
Epoch 00246: val_acc did not improve
0s - loss: 0.0021 - acc: 1.0000 - val_loss: 4.8770 - val_acc: 0.4000
Epoch 248/500
Epoch 00247: val_acc did not improve
0s - loss: 0.0021 - acc: 1.0000 - val_loss: 4.9081 - val_acc: 0.4000
Epoch 249/500
Epoch 00248: val_acc did not improve
0s - loss: 0.0020 - acc: 1.0000 - val_loss: 4.9320 - val_acc: 0.4000
Epoch 250/500
Epoch 00249: val_acc did not improve
0s - loss: 0.0019 - acc: 1.0000 - val_loss: 4.9165 - val_acc: 0.4000
Epoch 251/500
Epoch 00250: val_acc did not improve
0s - loss: 0.0021 - acc: 1.0000 - val_loss: 4.9156 - val_acc: 0.4250
Epoch 252/500
Epoch 00251: val_acc did not improve
0s - loss: 0.0019 - acc: 1.0000 - val_loss: 5.0351 - val_acc: 0.3750
Epoch 253/500
Epoch 00252: val_acc did not improve
0s - loss: 0.0019 - acc: 1.0000 - val_loss: 5.0077 - val_acc: 0.3750
Epoch 254/500
Epoch 00253: val_acc did not improve
0s - loss: 0.0018 - acc: 1.0000 - val_loss: 4.9491 - val_acc: 0.4250
Epoch 255/500
Epoch 00254: val_acc did not improve
0s - loss: 0.0019 - acc: 1.0000 - val_loss: 5.0844 - val_acc: 0.3750
Epoch 256/500
Epoch 00255: val_acc did not improve
0s - loss: 0.0018 - acc: 1.0000 - val_loss: 4.9790 - val_acc: 0.4000
Epoch 257/500
Epoch 00256: val_acc did not improve
0s - loss: 0.0018 - acc: 1.0000 - val_loss: 4.9618 - val_acc: 0.4250
Epoch 258/500
Epoch 00257: val_acc did not improve
0s - loss: 0.0017 - acc: 1.0000 - val_loss: 5.1204 - val_acc: 0.3500
Epoch 259/500
Epoch 00258: val_acc did not improve
0s - loss: 0.0017 - acc: 1.0000 - val_loss: 5.0405 - val_acc: 0.4000
Epoch 260/500
Epoch 00259: val_acc did not improve
0s - loss: 0.0016 - acc: 1.0000 - val_loss: 5.0467 - val_acc: 0.4000
Epoch 261/500
Epoch 00260: val_acc did not improve
0s - loss: 0.0016 - acc: 1.0000 - val_loss: 5.1235 - val_acc: 0.3750
Epoch 262/500
Epoch 00261: val_acc did not improve
0s - loss: 0.0016 - acc: 1.0000 - val_loss: 5.0732 - val_acc: 0.4250
Epoch 263/500
Epoch 00262: val_acc did not improve
0s - loss: 0.0017 - acc: 1.0000 - val_loss: 5.1515 - val_acc: 0.3750
Epoch 264/500
Epoch 00263: val_acc did not improve
0s - loss: 0.0016 - acc: 1.0000 - val_loss: 5.0898 - val_acc: 0.4000
Epoch 265/500
Epoch 00264: val_acc did not improve
0s - loss: 0.0015 - acc: 1.0000 - val_loss: 5.1189 - val_acc: 0.3750
Epoch 266/500
Epoch 00265: val_acc did not improve
0s - loss: 0.0015 - acc: 1.0000 - val_loss: 5.1215 - val_acc: 0.4000
Epoch 267/500
Epoch 00266: val_acc did not improve
0s - loss: 0.0016 - acc: 1.0000 - val_loss: 5.1878 - val_acc: 0.3500
Epoch 268/500
Epoch 00267: val_acc did not improve
0s - loss: 0.0016 - acc: 1.0000 - val_loss: 5.1690 - val_acc: 0.3750
Epoch 269/500
Epoch 00268: val_acc did not improve
0s - loss: 0.0015 - acc: 1.0000 - val_loss: 5.0816 - val_acc: 0.4250
Epoch 270/500
Epoch 00269: val_acc did not improve
0s - loss: 0.0015 - acc: 1.0000 - val_loss: 5.1180 - val_acc: 0.4250
Epoch 271/500
Epoch 00270: val_acc did not improve
0s - loss: 0.0015 - acc: 1.0000 - val_loss: 5.1513 - val_acc: 0.4000
Epoch 272/500
Epoch 00271: val_acc did not improve
0s - loss: 0.0014 - acc: 1.0000 - val_loss: 5.1938 - val_acc: 0.3750
Epoch 273/500
Epoch 00272: val_acc did not improve
0s - loss: 0.0014 - acc: 1.0000 - val_loss: 5.2101 - val_acc: 0.3750
Epoch 274/500
Epoch 00273: val_acc did not improve
0s - loss: 0.0014 - acc: 1.0000 - val_loss: 5.1483 - val_acc: 0.4250
Epoch 275/500
Epoch 00274: val_acc did not improve
0s - loss: 0.0013 - acc: 1.0000 - val_loss: 5.2150 - val_acc: 0.3750
Epoch 276/500
Epoch 00275: val_acc did not improve
0s - loss: 0.0013 - acc: 1.0000 - val_loss: 5.1681 - val_acc: 0.4000
Epoch 277/500
Epoch 00276: val_acc did not improve
0s - loss: 0.0013 - acc: 1.0000 - val_loss: 5.1531 - val_acc: 0.4250
Epoch 278/500
Epoch 00277: val_acc did not improve
0s - loss: 0.0014 - acc: 1.0000 - val_loss: 5.3410 - val_acc: 0.3500
Epoch 279/500
Epoch 00278: val_acc did not improve
0s - loss: 0.0013 - acc: 1.0000 - val_loss: 5.2100 - val_acc: 0.4250
Epoch 280/500
Epoch 00279: val_acc did not improve
0s - loss: 0.0012 - acc: 1.0000 - val_loss: 5.2961 - val_acc: 0.3750
Epoch 281/500
Epoch 00280: val_acc did not improve
0s - loss: 0.0013 - acc: 1.0000 - val_loss: 5.2201 - val_acc: 0.4250
Epoch 282/500
Epoch 00281: val_acc did not improve
0s - loss: 0.0013 - acc: 1.0000 - val_loss: 5.1921 - val_acc: 0.4250
Epoch 283/500
Epoch 00282: val_acc did not improve
0s - loss: 0.0012 - acc: 1.0000 - val_loss: 5.3169 - val_acc: 0.3500
Epoch 284/500
Epoch 00283: val_acc did not improve
0s - loss: 0.0013 - acc: 1.0000 - val_loss: 5.3367 - val_acc: 0.3500
Epoch 285/500
Epoch 00284: val_acc did not improve
0s - loss: 0.0013 - acc: 1.0000 - val_loss: 5.2583 - val_acc: 0.4250
Epoch 286/500
Epoch 00285: val_acc did not improve
0s - loss: 0.0012 - acc: 1.0000 - val_loss: 5.3523 - val_acc: 0.4000
Epoch 287/500
Epoch 00286: val_acc did not improve
0s - loss: 0.0011 - acc: 1.0000 - val_loss: 5.2709 - val_acc: 0.3750
Epoch 288/500
Epoch 00287: val_acc did not improve
0s - loss: 0.0011 - acc: 1.0000 - val_loss: 5.2872 - val_acc: 0.4250
Epoch 289/500
Epoch 00288: val_acc did not improve
0s - loss: 0.0011 - acc: 1.0000 - val_loss: 5.3682 - val_acc: 0.3750
Epoch 290/500
Epoch 00289: val_acc did not improve
0s - loss: 0.0011 - acc: 1.0000 - val_loss: 5.2965 - val_acc: 0.4250
Epoch 291/500
Epoch 00290: val_acc did not improve
0s - loss: 0.0011 - acc: 1.0000 - val_loss: 5.3477 - val_acc: 0.3750
Epoch 292/500
Epoch 00291: val_acc did not improve
0s - loss: 0.0011 - acc: 1.0000 - val_loss: 5.3212 - val_acc: 0.3750
Epoch 293/500
Epoch 00292: val_acc did not improve
0s - loss: 0.0011 - acc: 1.0000 - val_loss: 5.4551 - val_acc: 0.3500
Epoch 294/500
Epoch 00293: val_acc did not improve
0s - loss: 0.0011 - acc: 1.0000 - val_loss: 5.3204 - val_acc: 0.4250
Epoch 295/500
Epoch 00294: val_acc did not improve
0s - loss: 0.0010 - acc: 1.0000 - val_loss: 5.3839 - val_acc: 0.4000
Epoch 296/500
Epoch 00295: val_acc did not improve
0s - loss: 0.0010 - acc: 1.0000 - val_loss: 5.4052 - val_acc: 0.3750
Epoch 297/500
Epoch 00296: val_acc did not improve
0s - loss: 9.8294e-04 - acc: 1.0000 - val_loss: 5.3897 - val_acc: 0.4000
Epoch 298/500
Epoch 00297: val_acc did not improve
0s - loss: 9.7247e-04 - acc: 1.0000 - val_loss: 5.3830 - val_acc: 0.4000
Epoch 299/500
Epoch 00298: val_acc did not improve
0s - loss: 9.8136e-04 - acc: 1.0000 - val_loss: 5.4873 - val_acc: 0.3500
Epoch 300/500
Epoch 00299: val_acc did not improve
0s - loss: 9.5287e-04 - acc: 1.0000 - val_loss: 5.3342 - val_acc: 0.4250
Epoch 301/500
Epoch 00300: val_acc did not improve
0s - loss: 9.5179e-04 - acc: 1.0000 - val_loss: 5.5180 - val_acc: 0.3500
Epoch 302/500
Epoch 00301: val_acc did not improve
0s - loss: 9.3302e-04 - acc: 1.0000 - val_loss: 5.3687 - val_acc: 0.4250
Epoch 303/500
Epoch 00302: val_acc did not improve
0s - loss: 9.1677e-04 - acc: 1.0000 - val_loss: 5.4859 - val_acc: 0.3750
Epoch 304/500
Epoch 00303: val_acc did not improve
0s - loss: 9.1140e-04 - acc: 1.0000 - val_loss: 5.4780 - val_acc: 0.3750
Epoch 305/500
Epoch 00304: val_acc did not improve
0s - loss: 8.9026e-04 - acc: 1.0000 - val_loss: 5.4562 - val_acc: 0.4000
Epoch 306/500
Epoch 00305: val_acc did not improve
0s - loss: 9.0817e-04 - acc: 1.0000 - val_loss: 5.4301 - val_acc: 0.4250
Epoch 307/500
Epoch 00306: val_acc did not improve
0s - loss: 9.2073e-04 - acc: 1.0000 - val_loss: 5.4684 - val_acc: 0.4250
Epoch 308/500
Epoch 00307: val_acc did not improve
0s - loss: 9.4613e-04 - acc: 1.0000 - val_loss: 5.5547 - val_acc: 0.3500
Epoch 309/500
Epoch 00308: val_acc did not improve
0s - loss: 9.2054e-04 - acc: 1.0000 - val_loss: 5.4865 - val_acc: 0.3750
Epoch 310/500
Epoch 00309: val_acc did not improve
0s - loss: 9.0115e-04 - acc: 1.0000 - val_loss: 5.4630 - val_acc: 0.4250
Epoch 311/500
Epoch 00310: val_acc did not improve
0s - loss: 8.2899e-04 - acc: 1.0000 - val_loss: 5.5459 - val_acc: 0.3750
Epoch 312/500
Epoch 00311: val_acc did not improve
0s - loss: 8.0651e-04 - acc: 1.0000 - val_loss: 5.5153 - val_acc: 0.4000
Epoch 313/500
Epoch 00312: val_acc did not improve
0s - loss: 8.5070e-04 - acc: 1.0000 - val_loss: 5.5227 - val_acc: 0.4250
Epoch 314/500
Epoch 00313: val_acc did not improve
0s - loss: 8.1605e-04 - acc: 1.0000 - val_loss: 5.5548 - val_acc: 0.4000
Epoch 315/500
Epoch 00314: val_acc did not improve
0s - loss: 8.1752e-04 - acc: 1.0000 - val_loss: 5.5321 - val_acc: 0.4000
Epoch 316/500
Epoch 00315: val_acc did not improve
0s - loss: 7.7330e-04 - acc: 1.0000 - val_loss: 5.5271 - val_acc: 0.4000
Epoch 317/500
Epoch 00316: val_acc did not improve
0s - loss: 7.5110e-04 - acc: 1.0000 - val_loss: 5.5687 - val_acc: 0.4000
Epoch 318/500
Epoch 00317: val_acc did not improve
0s - loss: 7.6324e-04 - acc: 1.0000 - val_loss: 5.5931 - val_acc: 0.4000
Epoch 319/500
Epoch 00318: val_acc did not improve
0s - loss: 7.3609e-04 - acc: 1.0000 - val_loss: 5.5716 - val_acc: 0.4250
Epoch 320/500
Epoch 00319: val_acc did not improve
0s - loss: 7.3046e-04 - acc: 1.0000 - val_loss: 5.6140 - val_acc: 0.3750
Epoch 321/500
Epoch 00320: val_acc did not improve
0s - loss: 7.2379e-04 - acc: 1.0000 - val_loss: 5.6010 - val_acc: 0.4000
Epoch 322/500
Epoch 00321: val_acc did not improve
0s - loss: 7.0437e-04 - acc: 1.0000 - val_loss: 5.5587 - val_acc: 0.4250
Epoch 323/500
Epoch 00322: val_acc did not improve
0s - loss: 7.1141e-04 - acc: 1.0000 - val_loss: 5.6407 - val_acc: 0.4000
Epoch 324/500
Epoch 00323: val_acc did not improve
0s - loss: 6.8537e-04 - acc: 1.0000 - val_loss: 5.5653 - val_acc: 0.4250
Epoch 325/500
Epoch 00324: val_acc did not improve
0s - loss: 7.7326e-04 - acc: 1.0000 - val_loss: 5.6503 - val_acc: 0.4000
Epoch 326/500
Epoch 00325: val_acc did not improve
0s - loss: 7.5119e-04 - acc: 1.0000 - val_loss: 5.7609 - val_acc: 0.3500
Epoch 327/500
Epoch 00326: val_acc did not improve
0s - loss: 7.1838e-04 - acc: 1.0000 - val_loss: 5.6019 - val_acc: 0.4250
Epoch 328/500
Epoch 00327: val_acc did not improve
0s - loss: 6.7387e-04 - acc: 1.0000 - val_loss: 5.6303 - val_acc: 0.4000
Epoch 329/500
Epoch 00328: val_acc did not improve
0s - loss: 6.4233e-04 - acc: 1.0000 - val_loss: 5.6677 - val_acc: 0.4000
Epoch 330/500
Epoch 00329: val_acc did not improve
0s - loss: 6.3840e-04 - acc: 1.0000 - val_loss: 5.6672 - val_acc: 0.4000
Epoch 331/500
Epoch 00330: val_acc did not improve
0s - loss: 6.2899e-04 - acc: 1.0000 - val_loss: 5.7151 - val_acc: 0.4000
Epoch 332/500
Epoch 00331: val_acc did not improve
0s - loss: 6.4380e-04 - acc: 1.0000 - val_loss: 5.7038 - val_acc: 0.4000
Epoch 333/500
Epoch 00332: val_acc did not improve
0s - loss: 6.5223e-04 - acc: 1.0000 - val_loss: 5.6804 - val_acc: 0.4000
Epoch 334/500
Epoch 00333: val_acc did not improve
0s - loss: 6.2294e-04 - acc: 1.0000 - val_loss: 5.7026 - val_acc: 0.4000
Epoch 335/500
Epoch 00334: val_acc did not improve
0s - loss: 6.0030e-04 - acc: 1.0000 - val_loss: 5.7055 - val_acc: 0.4000
Epoch 336/500
Epoch 00335: val_acc did not improve
0s - loss: 6.0685e-04 - acc: 1.0000 - val_loss: 5.6897 - val_acc: 0.4000
Epoch 337/500
Epoch 00336: val_acc did not improve
0s - loss: 6.1145e-04 - acc: 1.0000 - val_loss: 5.7053 - val_acc: 0.4000
Epoch 338/500
Epoch 00337: val_acc did not improve
0s - loss: 6.2284e-04 - acc: 1.0000 - val_loss: 5.8548 - val_acc: 0.3500
Epoch 339/500
Epoch 00338: val_acc did not improve
0s - loss: 5.8565e-04 - acc: 1.0000 - val_loss: 5.6883 - val_acc: 0.4250
Epoch 340/500
Epoch 00339: val_acc did not improve
0s - loss: 6.0198e-04 - acc: 1.0000 - val_loss: 5.7939 - val_acc: 0.3500
Epoch 341/500
Epoch 00340: val_acc did not improve
0s - loss: 6.0659e-04 - acc: 1.0000 - val_loss: 5.8367 - val_acc: 0.3500
Epoch 342/500
Epoch 00341: val_acc did not improve
0s - loss: 5.5765e-04 - acc: 1.0000 - val_loss: 5.6714 - val_acc: 0.4250
Epoch 343/500
Epoch 00342: val_acc did not improve
0s - loss: 6.2028e-04 - acc: 1.0000 - val_loss: 5.8154 - val_acc: 0.4000
Epoch 344/500
Epoch 00343: val_acc did not improve
0s - loss: 5.3787e-04 - acc: 1.0000 - val_loss: 5.7691 - val_acc: 0.4000
Epoch 345/500
Epoch 00344: val_acc did not improve
0s - loss: 5.3421e-04 - acc: 1.0000 - val_loss: 5.7767 - val_acc: 0.4000
Epoch 346/500
Epoch 00345: val_acc did not improve
0s - loss: 5.3462e-04 - acc: 1.0000 - val_loss: 5.8426 - val_acc: 0.4000
Epoch 347/500
Epoch 00346: val_acc did not improve
0s - loss: 5.1374e-04 - acc: 1.0000 - val_loss: 5.8190 - val_acc: 0.4000
Epoch 348/500
Epoch 00347: val_acc did not improve
0s - loss: 5.1011e-04 - acc: 1.0000 - val_loss: 5.8207 - val_acc: 0.4000
Epoch 349/500
Epoch 00348: val_acc did not improve
0s - loss: 5.0756e-04 - acc: 1.0000 - val_loss: 5.8320 - val_acc: 0.4000
Epoch 350/500
Epoch 00349: val_acc did not improve
0s - loss: 5.2369e-04 - acc: 1.0000 - val_loss: 5.8955 - val_acc: 0.3500
Epoch 351/500
Epoch 00350: val_acc did not improve
0s - loss: 5.0732e-04 - acc: 1.0000 - val_loss: 5.8297 - val_acc: 0.4000
Epoch 352/500
Epoch 00351: val_acc did not improve
0s - loss: 4.9587e-04 - acc: 1.0000 - val_loss: 5.8297 - val_acc: 0.4000
Epoch 353/500
Epoch 00352: val_acc did not improve
0s - loss: 4.9093e-04 - acc: 1.0000 - val_loss: 5.8395 - val_acc: 0.4250
Epoch 354/500
Epoch 00353: val_acc did not improve
0s - loss: 4.8257e-04 - acc: 1.0000 - val_loss: 5.8733 - val_acc: 0.4000
Epoch 355/500
Epoch 00354: val_acc did not improve
0s - loss: 4.8007e-04 - acc: 1.0000 - val_loss: 5.8240 - val_acc: 0.4250
Epoch 356/500
Epoch 00355: val_acc did not improve
0s - loss: 4.8941e-04 - acc: 1.0000 - val_loss: 5.9469 - val_acc: 0.3750
Epoch 357/500
Epoch 00356: val_acc did not improve
0s - loss: 4.8206e-04 - acc: 1.0000 - val_loss: 5.8374 - val_acc: 0.4000
Epoch 358/500
Epoch 00357: val_acc did not improve
0s - loss: 4.5652e-04 - acc: 1.0000 - val_loss: 5.9398 - val_acc: 0.4000
Epoch 359/500
Epoch 00358: val_acc did not improve
0s - loss: 4.6594e-04 - acc: 1.0000 - val_loss: 5.9391 - val_acc: 0.3750
Epoch 360/500
Epoch 00359: val_acc did not improve
0s - loss: 4.5816e-04 - acc: 1.0000 - val_loss: 5.9212 - val_acc: 0.4000
Epoch 361/500
Epoch 00360: val_acc did not improve
0s - loss: 4.5652e-04 - acc: 1.0000 - val_loss: 5.9617 - val_acc: 0.4000
Epoch 362/500
Epoch 00361: val_acc did not improve
0s - loss: 4.5204e-04 - acc: 1.0000 - val_loss: 5.9581 - val_acc: 0.3750
Epoch 363/500
Epoch 00362: val_acc did not improve
0s - loss: 4.3693e-04 - acc: 1.0000 - val_loss: 5.9367 - val_acc: 0.4000
Epoch 364/500
Epoch 00363: val_acc did not improve
0s - loss: 4.3361e-04 - acc: 1.0000 - val_loss: 5.8913 - val_acc: 0.4000
Epoch 365/500
Epoch 00364: val_acc did not improve
0s - loss: 4.2449e-04 - acc: 1.0000 - val_loss: 5.9560 - val_acc: 0.4000
Epoch 366/500
Epoch 00365: val_acc did not improve
0s - loss: 4.3137e-04 - acc: 1.0000 - val_loss: 5.9120 - val_acc: 0.4000
Epoch 367/500
Epoch 00366: val_acc did not improve
0s - loss: 4.1521e-04 - acc: 1.0000 - val_loss: 5.9628 - val_acc: 0.4000
Epoch 368/500
Epoch 00367: val_acc did not improve
0s - loss: 4.0418e-04 - acc: 1.0000 - val_loss: 6.0014 - val_acc: 0.4000
Epoch 369/500
Epoch 00368: val_acc did not improve
0s - loss: 4.0282e-04 - acc: 1.0000 - val_loss: 6.0124 - val_acc: 0.4000
Epoch 370/500
Epoch 00369: val_acc did not improve
0s - loss: 3.9380e-04 - acc: 1.0000 - val_loss: 5.9958 - val_acc: 0.4000
Epoch 371/500
Epoch 00370: val_acc did not improve
0s - loss: 3.8859e-04 - acc: 1.0000 - val_loss: 5.9801 - val_acc: 0.4000
Epoch 372/500
Epoch 00371: val_acc did not improve
0s - loss: 4.1016e-04 - acc: 1.0000 - val_loss: 5.9303 - val_acc: 0.4250
Epoch 373/500
Epoch 00372: val_acc did not improve
0s - loss: 3.8898e-04 - acc: 1.0000 - val_loss: 6.0372 - val_acc: 0.4000
Epoch 374/500
Epoch 00373: val_acc did not improve
0s - loss: 3.9696e-04 - acc: 1.0000 - val_loss: 5.9676 - val_acc: 0.4250
Epoch 375/500
Epoch 00374: val_acc did not improve
0s - loss: 4.1118e-04 - acc: 1.0000 - val_loss: 6.0650 - val_acc: 0.3750
Epoch 376/500
Epoch 00375: val_acc did not improve
0s - loss: 3.8182e-04 - acc: 1.0000 - val_loss: 6.0345 - val_acc: 0.4000
Epoch 377/500
Epoch 00376: val_acc did not improve
0s - loss: 3.6717e-04 - acc: 1.0000 - val_loss: 6.0305 - val_acc: 0.4000
Epoch 378/500
Epoch 00377: val_acc did not improve
0s - loss: 3.7311e-04 - acc: 1.0000 - val_loss: 6.1427 - val_acc: 0.3500
Epoch 379/500
Epoch 00378: val_acc did not improve
0s - loss: 4.4140e-04 - acc: 1.0000 - val_loss: 5.9994 - val_acc: 0.4000
Epoch 380/500
Epoch 00379: val_acc did not improve
0s - loss: 3.5498e-04 - acc: 1.0000 - val_loss: 6.1042 - val_acc: 0.3750
Epoch 381/500
Epoch 00380: val_acc did not improve
0s - loss: 3.4413e-04 - acc: 1.0000 - val_loss: 6.0146 - val_acc: 0.4250
Epoch 382/500
Epoch 00381: val_acc did not improve
0s - loss: 3.5453e-04 - acc: 1.0000 - val_loss: 6.1235 - val_acc: 0.3750
Epoch 383/500
Epoch 00382: val_acc did not improve
0s - loss: 3.5371e-04 - acc: 1.0000 - val_loss: 6.0131 - val_acc: 0.4250
Epoch 384/500
Epoch 00383: val_acc did not improve
0s - loss: 3.5158e-04 - acc: 1.0000 - val_loss: 6.0829 - val_acc: 0.4000
Epoch 385/500
Epoch 00384: val_acc did not improve
0s - loss: 3.3843e-04 - acc: 1.0000 - val_loss: 6.1038 - val_acc: 0.4000
Epoch 386/500
Epoch 00385: val_acc did not improve
0s - loss: 3.2813e-04 - acc: 1.0000 - val_loss: 6.1195 - val_acc: 0.4000
Epoch 387/500
Epoch 00386: val_acc did not improve
0s - loss: 3.2913e-04 - acc: 1.0000 - val_loss: 6.1495 - val_acc: 0.3750
Epoch 388/500
Epoch 00387: val_acc did not improve
0s - loss: 3.3151e-04 - acc: 1.0000 - val_loss: 6.1111 - val_acc: 0.4000
Epoch 389/500
Epoch 00388: val_acc did not improve
0s - loss: 3.2705e-04 - acc: 1.0000 - val_loss: 6.1135 - val_acc: 0.4000
Epoch 390/500
Epoch 00389: val_acc did not improve
0s - loss: 3.2476e-04 - acc: 1.0000 - val_loss: 6.1517 - val_acc: 0.3750
Epoch 391/500
Epoch 00390: val_acc did not improve
0s - loss: 3.1092e-04 - acc: 1.0000 - val_loss: 6.0715 - val_acc: 0.4250
Epoch 392/500
Epoch 00391: val_acc did not improve
0s - loss: 3.3493e-04 - acc: 1.0000 - val_loss: 6.1374 - val_acc: 0.4000
Epoch 393/500
Epoch 00392: val_acc did not improve
0s - loss: 3.0488e-04 - acc: 1.0000 - val_loss: 6.1396 - val_acc: 0.4000
Epoch 394/500
Epoch 00393: val_acc did not improve
0s - loss: 3.0257e-04 - acc: 1.0000 - val_loss: 6.1296 - val_acc: 0.4000
Epoch 395/500
Epoch 00394: val_acc did not improve
0s - loss: 3.0054e-04 - acc: 1.0000 - val_loss: 6.1988 - val_acc: 0.3750
Epoch 396/500
Epoch 00395: val_acc did not improve
0s - loss: 2.9639e-04 - acc: 1.0000 - val_loss: 6.1507 - val_acc: 0.4000
Epoch 397/500
Epoch 00396: val_acc did not improve
0s - loss: 2.9533e-04 - acc: 1.0000 - val_loss: 6.1890 - val_acc: 0.3750
Epoch 398/500
Epoch 00397: val_acc did not improve
0s - loss: 2.8382e-04 - acc: 1.0000 - val_loss: 6.1297 - val_acc: 0.4000
Epoch 399/500
Epoch 00398: val_acc did not improve
0s - loss: 2.8569e-04 - acc: 1.0000 - val_loss: 6.1985 - val_acc: 0.3750
Epoch 400/500
Epoch 00399: val_acc did not improve
0s - loss: 2.7629e-04 - acc: 1.0000 - val_loss: 6.1607 - val_acc: 0.4000
Epoch 401/500
Epoch 00400: val_acc did not improve
0s - loss: 2.7704e-04 - acc: 1.0000 - val_loss: 6.1900 - val_acc: 0.3750
Epoch 402/500
Epoch 00401: val_acc did not improve
0s - loss: 2.8084e-04 - acc: 1.0000 - val_loss: 6.1987 - val_acc: 0.3750
Epoch 403/500
Epoch 00402: val_acc did not improve
0s - loss: 2.7908e-04 - acc: 1.0000 - val_loss: 6.1759 - val_acc: 0.4000
Epoch 404/500
Epoch 00403: val_acc did not improve
0s - loss: 2.7006e-04 - acc: 1.0000 - val_loss: 6.1882 - val_acc: 0.4000
Epoch 405/500
Epoch 00404: val_acc did not improve
0s - loss: 2.8479e-04 - acc: 1.0000 - val_loss: 6.2532 - val_acc: 0.3750
Epoch 406/500
Epoch 00405: val_acc did not improve
0s - loss: 2.6785e-04 - acc: 1.0000 - val_loss: 6.1941 - val_acc: 0.4000
Epoch 407/500
Epoch 00406: val_acc did not improve
0s - loss: 2.6339e-04 - acc: 1.0000 - val_loss: 6.2668 - val_acc: 0.3750
Epoch 408/500
Epoch 00407: val_acc did not improve
0s - loss: 2.7107e-04 - acc: 1.0000 - val_loss: 6.1993 - val_acc: 0.4000
Epoch 409/500
Epoch 00408: val_acc did not improve
0s - loss: 2.5755e-04 - acc: 1.0000 - val_loss: 6.2268 - val_acc: 0.4000
Epoch 410/500
Epoch 00409: val_acc did not improve
0s - loss: 2.4749e-04 - acc: 1.0000 - val_loss: 6.2501 - val_acc: 0.3750
Epoch 411/500
Epoch 00410: val_acc did not improve
0s - loss: 2.5003e-04 - acc: 1.0000 - val_loss: 6.2512 - val_acc: 0.3750
Epoch 412/500
Epoch 00411: val_acc did not improve
0s - loss: 2.4630e-04 - acc: 1.0000 - val_loss: 6.2090 - val_acc: 0.4250
Epoch 413/500
Epoch 00412: val_acc did not improve
0s - loss: 2.5126e-04 - acc: 1.0000 - val_loss: 6.2685 - val_acc: 0.4000
Epoch 414/500
Epoch 00413: val_acc did not improve
0s - loss: 2.4148e-04 - acc: 1.0000 - val_loss: 6.2357 - val_acc: 0.4000
Epoch 415/500
Epoch 00414: val_acc did not improve
0s - loss: 2.4189e-04 - acc: 1.0000 - val_loss: 6.2517 - val_acc: 0.4000
Epoch 416/500
Epoch 00415: val_acc did not improve
0s - loss: 2.3508e-04 - acc: 1.0000 - val_loss: 6.2571 - val_acc: 0.4000
Epoch 417/500
Epoch 00416: val_acc did not improve
0s - loss: 2.2974e-04 - acc: 1.0000 - val_loss: 6.2765 - val_acc: 0.4000
Epoch 418/500
Epoch 00417: val_acc did not improve
0s - loss: 2.2902e-04 - acc: 1.0000 - val_loss: 6.2896 - val_acc: 0.4000
Epoch 419/500
Epoch 00418: val_acc did not improve
0s - loss: 2.2975e-04 - acc: 1.0000 - val_loss: 6.3018 - val_acc: 0.3750
Epoch 420/500
Epoch 00419: val_acc did not improve
0s - loss: 2.3480e-04 - acc: 1.0000 - val_loss: 6.2619 - val_acc: 0.4250
Epoch 421/500
Epoch 00420: val_acc did not improve
0s - loss: 2.3441e-04 - acc: 1.0000 - val_loss: 6.3137 - val_acc: 0.3750
Epoch 422/500
Epoch 00421: val_acc did not improve
0s - loss: 2.2424e-04 - acc: 1.0000 - val_loss: 6.3054 - val_acc: 0.4000
Epoch 423/500
Epoch 00422: val_acc did not improve
0s - loss: 2.2083e-04 - acc: 1.0000 - val_loss: 6.2779 - val_acc: 0.4000
Epoch 424/500
Epoch 00423: val_acc did not improve
0s - loss: 2.2419e-04 - acc: 1.0000 - val_loss: 6.3083 - val_acc: 0.4000
Epoch 425/500
Epoch 00424: val_acc did not improve
0s - loss: 2.1490e-04 - acc: 1.0000 - val_loss: 6.3146 - val_acc: 0.3750
Epoch 426/500
Epoch 00425: val_acc did not improve
0s - loss: 2.1749e-04 - acc: 1.0000 - val_loss: 6.2974 - val_acc: 0.4000
Epoch 427/500
Epoch 00426: val_acc did not improve
0s - loss: 2.0931e-04 - acc: 1.0000 - val_loss: 6.3367 - val_acc: 0.3750
Epoch 428/500
Epoch 00427: val_acc did not improve
0s - loss: 2.1154e-04 - acc: 1.0000 - val_loss: 6.3444 - val_acc: 0.3750
Epoch 429/500
Epoch 00428: val_acc did not improve
0s - loss: 2.0672e-04 - acc: 1.0000 - val_loss: 6.3368 - val_acc: 0.4000
Epoch 430/500
Epoch 00429: val_acc did not improve
0s - loss: 2.0244e-04 - acc: 1.0000 - val_loss: 6.3156 - val_acc: 0.4000
Epoch 431/500
Epoch 00430: val_acc did not improve
0s - loss: 2.0522e-04 - acc: 1.0000 - val_loss: 6.3463 - val_acc: 0.4000
Epoch 432/500
Epoch 00431: val_acc did not improve
0s - loss: 2.0700e-04 - acc: 1.0000 - val_loss: 6.3406 - val_acc: 0.4000
Epoch 433/500
Epoch 00432: val_acc did not improve
0s - loss: 1.9569e-04 - acc: 1.0000 - val_loss: 6.3491 - val_acc: 0.4000
Epoch 434/500
Epoch 00433: val_acc did not improve
0s - loss: 1.9169e-04 - acc: 1.0000 - val_loss: 6.3501 - val_acc: 0.4000
Epoch 435/500
Epoch 00434: val_acc did not improve
0s - loss: 1.9368e-04 - acc: 1.0000 - val_loss: 6.3495 - val_acc: 0.4000
Epoch 436/500
Epoch 00435: val_acc did not improve
0s - loss: 1.8667e-04 - acc: 1.0000 - val_loss: 6.3824 - val_acc: 0.3750
Epoch 437/500
Epoch 00436: val_acc did not improve
0s - loss: 1.8878e-04 - acc: 1.0000 - val_loss: 6.3486 - val_acc: 0.4000
Epoch 438/500
Epoch 00437: val_acc did not improve
0s - loss: 1.8713e-04 - acc: 1.0000 - val_loss: 6.3734 - val_acc: 0.4000
Epoch 439/500
Epoch 00438: val_acc did not improve
0s - loss: 1.8106e-04 - acc: 1.0000 - val_loss: 6.3679 - val_acc: 0.4000
Epoch 440/500
Epoch 00439: val_acc did not improve
0s - loss: 1.8426e-04 - acc: 1.0000 - val_loss: 6.3709 - val_acc: 0.4000
Epoch 441/500
Epoch 00440: val_acc did not improve
0s - loss: 1.7957e-04 - acc: 1.0000 - val_loss: 6.4249 - val_acc: 0.3750
Epoch 442/500
Epoch 00441: val_acc did not improve
0s - loss: 1.7761e-04 - acc: 1.0000 - val_loss: 6.3935 - val_acc: 0.4000
Epoch 443/500
Epoch 00442: val_acc did not improve
0s - loss: 1.7280e-04 - acc: 1.0000 - val_loss: 6.4044 - val_acc: 0.4000
Epoch 444/500
Epoch 00443: val_acc did not improve
0s - loss: 1.7457e-04 - acc: 1.0000 - val_loss: 6.3793 - val_acc: 0.4000
Epoch 445/500
Epoch 00444: val_acc did not improve
0s - loss: 1.7421e-04 - acc: 1.0000 - val_loss: 6.4140 - val_acc: 0.4000
Epoch 446/500
Epoch 00445: val_acc did not improve
0s - loss: 1.7465e-04 - acc: 1.0000 - val_loss: 6.3874 - val_acc: 0.4000
Epoch 447/500
Epoch 00446: val_acc did not improve
0s - loss: 1.6705e-04 - acc: 1.0000 - val_loss: 6.4472 - val_acc: 0.3750
Epoch 448/500
Epoch 00447: val_acc did not improve
0s - loss: 1.6815e-04 - acc: 1.0000 - val_loss: 6.3776 - val_acc: 0.4250
Epoch 449/500
Epoch 00448: val_acc did not improve
0s - loss: 1.8538e-04 - acc: 1.0000 - val_loss: 6.4907 - val_acc: 0.3750
Epoch 450/500
Epoch 00449: val_acc did not improve
0s - loss: 1.7442e-04 - acc: 1.0000 - val_loss: 6.4494 - val_acc: 0.4000
Epoch 451/500
Epoch 00450: val_acc did not improve
0s - loss: 1.6013e-04 - acc: 1.0000 - val_loss: 6.4333 - val_acc: 0.4000
Epoch 452/500
Epoch 00451: val_acc did not improve
0s - loss: 1.5847e-04 - acc: 1.0000 - val_loss: 6.4501 - val_acc: 0.4000
Epoch 453/500
Epoch 00452: val_acc did not improve
0s - loss: 1.6362e-04 - acc: 1.0000 - val_loss: 6.4918 - val_acc: 0.3750
Epoch 454/500
Epoch 00453: val_acc did not improve
0s - loss: 1.5674e-04 - acc: 1.0000 - val_loss: 6.4155 - val_acc: 0.4000
Epoch 455/500
Epoch 00454: val_acc did not improve
0s - loss: 1.6450e-04 - acc: 1.0000 - val_loss: 6.4813 - val_acc: 0.3750
Epoch 456/500
Epoch 00455: val_acc did not improve
0s - loss: 1.5539e-04 - acc: 1.0000 - val_loss: 6.4484 - val_acc: 0.4000
Epoch 457/500
Epoch 00456: val_acc did not improve
0s - loss: 1.5057e-04 - acc: 1.0000 - val_loss: 6.5098 - val_acc: 0.3750
Epoch 458/500
Epoch 00457: val_acc did not improve
0s - loss: 1.5179e-04 - acc: 1.0000 - val_loss: 6.4805 - val_acc: 0.4000
Epoch 459/500
Epoch 00458: val_acc did not improve
0s - loss: 1.4696e-04 - acc: 1.0000 - val_loss: 6.4719 - val_acc: 0.3750
Epoch 460/500
Epoch 00459: val_acc did not improve
0s - loss: 1.4474e-04 - acc: 1.0000 - val_loss: 6.4645 - val_acc: 0.4000
Epoch 461/500
Epoch 00460: val_acc did not improve
0s - loss: 1.4794e-04 - acc: 1.0000 - val_loss: 6.5218 - val_acc: 0.3750
Epoch 462/500
Epoch 00461: val_acc did not improve
0s - loss: 1.4581e-04 - acc: 1.0000 - val_loss: 6.4593 - val_acc: 0.4000
Epoch 463/500
Epoch 00462: val_acc did not improve
0s - loss: 1.4668e-04 - acc: 1.0000 - val_loss: 6.5551 - val_acc: 0.3750
Epoch 464/500
Epoch 00463: val_acc did not improve
0s - loss: 1.4110e-04 - acc: 1.0000 - val_loss: 6.4974 - val_acc: 0.4000
Epoch 465/500
Epoch 00464: val_acc did not improve
0s - loss: 1.4150e-04 - acc: 1.0000 - val_loss: 6.5197 - val_acc: 0.3750
Epoch 466/500
Epoch 00465: val_acc did not improve
0s - loss: 1.4204e-04 - acc: 1.0000 - val_loss: 6.5533 - val_acc: 0.3750
Epoch 467/500
Epoch 00466: val_acc did not improve
0s - loss: 1.3989e-04 - acc: 1.0000 - val_loss: 6.4965 - val_acc: 0.4000
Epoch 468/500
Epoch 00467: val_acc did not improve
0s - loss: 1.3447e-04 - acc: 1.0000 - val_loss: 6.5140 - val_acc: 0.4000
Epoch 469/500
Epoch 00468: val_acc did not improve
0s - loss: 1.3192e-04 - acc: 1.0000 - val_loss: 6.5176 - val_acc: 0.4000
Epoch 470/500
Epoch 00469: val_acc did not improve
0s - loss: 1.3187e-04 - acc: 1.0000 - val_loss: 6.5413 - val_acc: 0.3750
Epoch 471/500
Epoch 00470: val_acc did not improve
0s - loss: 1.3410e-04 - acc: 1.0000 - val_loss: 6.5613 - val_acc: 0.3750
Epoch 472/500
Epoch 00471: val_acc did not improve
0s - loss: 1.3354e-04 - acc: 1.0000 - val_loss: 6.5399 - val_acc: 0.3750
Epoch 473/500
Epoch 00472: val_acc did not improve
0s - loss: 1.2941e-04 - acc: 1.0000 - val_loss: 6.5578 - val_acc: 0.3750
Epoch 474/500
Epoch 00473: val_acc did not improve
0s - loss: 1.3048e-04 - acc: 1.0000 - val_loss: 6.5577 - val_acc: 0.3750
Epoch 475/500
Epoch 00474: val_acc did not improve
0s - loss: 1.3454e-04 - acc: 1.0000 - val_loss: 6.5172 - val_acc: 0.4000
Epoch 476/500
Epoch 00475: val_acc did not improve
0s - loss: 1.2047e-04 - acc: 1.0000 - val_loss: 6.5842 - val_acc: 0.3750
Epoch 477/500
Epoch 00476: val_acc did not improve
0s - loss: 1.2508e-04 - acc: 1.0000 - val_loss: 6.5455 - val_acc: 0.4000
Epoch 478/500
Epoch 00477: val_acc did not improve
0s - loss: 1.2146e-04 - acc: 1.0000 - val_loss: 6.5693 - val_acc: 0.3750
Epoch 479/500
Epoch 00478: val_acc did not improve
0s - loss: 1.1930e-04 - acc: 1.0000 - val_loss: 6.5481 - val_acc: 0.4000
Epoch 480/500
Epoch 00479: val_acc did not improve
0s - loss: 1.1953e-04 - acc: 1.0000 - val_loss: 6.6191 - val_acc: 0.3750
Epoch 481/500
Epoch 00480: val_acc did not improve
0s - loss: 1.2574e-04 - acc: 1.0000 - val_loss: 6.5984 - val_acc: 0.3750
Epoch 482/500
Epoch 00481: val_acc did not improve
0s - loss: 1.1960e-04 - acc: 1.0000 - val_loss: 6.5636 - val_acc: 0.4000
Epoch 483/500
Epoch 00482: val_acc did not improve
0s - loss: 1.1596e-04 - acc: 1.0000 - val_loss: 6.5978 - val_acc: 0.3750
Epoch 484/500
Epoch 00483: val_acc did not improve
0s - loss: 1.1694e-04 - acc: 1.0000 - val_loss: 6.6297 - val_acc: 0.3750
Epoch 485/500
Epoch 00484: val_acc did not improve
0s - loss: 1.1522e-04 - acc: 1.0000 - val_loss: 6.5843 - val_acc: 0.4000
Epoch 486/500
Epoch 00485: val_acc did not improve
0s - loss: 1.1133e-04 - acc: 1.0000 - val_loss: 6.6063 - val_acc: 0.3750
Epoch 487/500
Epoch 00486: val_acc did not improve
0s - loss: 1.1097e-04 - acc: 1.0000 - val_loss: 6.5706 - val_acc: 0.4000
Epoch 488/500
Epoch 00487: val_acc did not improve
0s - loss: 1.1165e-04 - acc: 1.0000 - val_loss: 6.6342 - val_acc: 0.3750
Epoch 489/500
Epoch 00488: val_acc did not improve
0s - loss: 1.0959e-04 - acc: 1.0000 - val_loss: 6.6327 - val_acc: 0.4000
Epoch 490/500
Epoch 00489: val_acc did not improve
0s - loss: 1.0639e-04 - acc: 1.0000 - val_loss: 6.5743 - val_acc: 0.4000
Epoch 491/500
Epoch 00490: val_acc did not improve
0s - loss: 1.0694e-04 - acc: 1.0000 - val_loss: 6.6466 - val_acc: 0.3750
Epoch 492/500
Epoch 00491: val_acc did not improve
0s - loss: 1.0449e-04 - acc: 1.0000 - val_loss: 6.6240 - val_acc: 0.4000
Epoch 493/500
Epoch 00492: val_acc did not improve
0s - loss: 1.0628e-04 - acc: 1.0000 - val_loss: 6.6630 - val_acc: 0.3750
Epoch 494/500
Epoch 00493: val_acc did not improve
0s - loss: 1.0245e-04 - acc: 1.0000 - val_loss: 6.6319 - val_acc: 0.4000
Epoch 495/500
Epoch 00494: val_acc did not improve
0s - loss: 1.0508e-04 - acc: 1.0000 - val_loss: 6.6615 - val_acc: 0.3750
Epoch 496/500
Epoch 00495: val_acc did not improve
0s - loss: 1.0533e-04 - acc: 1.0000 - val_loss: 6.5951 - val_acc: 0.4000
Epoch 497/500
Epoch 00496: val_acc did not improve
0s - loss: 9.9266e-05 - acc: 1.0000 - val_loss: 6.6914 - val_acc: 0.3750
Epoch 498/500
Epoch 00497: val_acc did not improve
0s - loss: 1.0663e-04 - acc: 1.0000 - val_loss: 6.6227 - val_acc: 0.4000
Epoch 499/500
Epoch 00498: val_acc did not improve
0s - loss: 9.9251e-05 - acc: 1.0000 - val_loss: 6.6928 - val_acc: 0.3750
Epoch 500/500
Epoch 00499: val_acc did not improve
0s - loss: 9.5324e-05 - acc: 1.0000 - val_loss: 6.6222 - val_acc: 0.4000
Test score: 6.62219686508
Test accuracy: 0.4
