X_train shape: (160, 5, 59, 59)
160 train samples
40 test samples
y_train shape: (160, 2)
y_test shape: (40, 2)
____________________________________________________________________________________________________
Layer (type)                     Output Shape          Param #     Connected to                     
====================================================================================================
convolution2d_1 (Convolution2D)  (None, 8, 59, 59)     1008        convolution2d_input_1[0][0]      
____________________________________________________________________________________________________
activation_1 (Activation)        (None, 8, 59, 59)     0           convolution2d_1[0][0]            
____________________________________________________________________________________________________
averagepooling2d_1 (AveragePoolin(None, 8, 29, 29)     0           activation_1[0][0]               
____________________________________________________________________________________________________
convolution2d_2 (Convolution2D)  (None, 16, 29, 29)    1168        averagepooling2d_1[0][0]         
____________________________________________________________________________________________________
activation_2 (Activation)        (None, 16, 29, 29)    0           convolution2d_2[0][0]            
____________________________________________________________________________________________________
averagepooling2d_2 (AveragePoolin(None, 16, 14, 14)    0           activation_2[0][0]               
____________________________________________________________________________________________________
flatten_1 (Flatten)              (None, 3136)          0           averagepooling2d_2[0][0]         
____________________________________________________________________________________________________
dense_1 (Dense)                  (None, 2)             6274        flatten_1[0][0]                  
____________________________________________________________________________________________________
activation_3 (Activation)        (None, 2)             0           dense_1[0][0]                    
====================================================================================================
Total params: 8450
____________________________________________________________________________________________________
Train on 160 samples, validate on 40 samples
Epoch 1/500
Epoch 00000: val_acc improved from -inf to 0.42500, saving model to /home/xcat/experiment/BCI2008/ds1a/model/on-filtered-data/1024feature_2cnn_average_tanh_adam.h5
0s - loss: 0.7270 - acc: 0.5437 - val_loss: 0.7537 - val_acc: 0.4250
Epoch 2/500
Epoch 00001: val_acc did not improve
0s - loss: 0.7533 - acc: 0.4938 - val_loss: 0.7439 - val_acc: 0.4250
Epoch 3/500
Epoch 00002: val_acc improved from 0.42500 to 0.57500, saving model to /home/xcat/experiment/BCI2008/ds1a/model/on-filtered-data/1024feature_2cnn_average_tanh_adam.h5
0s - loss: 0.6890 - acc: 0.5750 - val_loss: 0.7631 - val_acc: 0.5750
Epoch 4/500
Epoch 00003: val_acc did not improve
0s - loss: 0.7356 - acc: 0.4562 - val_loss: 0.6845 - val_acc: 0.5750
Epoch 5/500
Epoch 00004: val_acc did not improve
0s - loss: 0.6954 - acc: 0.5563 - val_loss: 0.7101 - val_acc: 0.4250
Epoch 6/500
Epoch 00005: val_acc did not improve
0s - loss: 0.6904 - acc: 0.5437 - val_loss: 0.7065 - val_acc: 0.4500
Epoch 7/500
Epoch 00006: val_acc did not improve
0s - loss: 0.6850 - acc: 0.5625 - val_loss: 0.7047 - val_acc: 0.4500
Epoch 8/500
Epoch 00007: val_acc did not improve
0s - loss: 0.6912 - acc: 0.5125 - val_loss: 0.7199 - val_acc: 0.4250
Epoch 9/500
Epoch 00008: val_acc did not improve
0s - loss: 0.6788 - acc: 0.5875 - val_loss: 0.7012 - val_acc: 0.5000
Epoch 10/500
Epoch 00009: val_acc did not improve
0s - loss: 0.6827 - acc: 0.5687 - val_loss: 0.7050 - val_acc: 0.4250
Epoch 11/500
Epoch 00010: val_acc did not improve
0s - loss: 0.6719 - acc: 0.6687 - val_loss: 0.7091 - val_acc: 0.3500
Epoch 12/500
Epoch 00011: val_acc did not improve
0s - loss: 0.6709 - acc: 0.6625 - val_loss: 0.7107 - val_acc: 0.3500
Epoch 13/500
Epoch 00012: val_acc did not improve
0s - loss: 0.6757 - acc: 0.6500 - val_loss: 0.7175 - val_acc: 0.3250
Epoch 14/500
Epoch 00013: val_acc did not improve
0s - loss: 0.6970 - acc: 0.5125 - val_loss: 0.7372 - val_acc: 0.4250
Epoch 15/500
Epoch 00014: val_acc did not improve
0s - loss: 0.6661 - acc: 0.6000 - val_loss: 0.7162 - val_acc: 0.5500
Epoch 16/500
Epoch 00015: val_acc did not improve
0s - loss: 0.6419 - acc: 0.6562 - val_loss: 0.7252 - val_acc: 0.4750
Epoch 17/500
Epoch 00016: val_acc did not improve
0s - loss: 0.6322 - acc: 0.6750 - val_loss: 0.7993 - val_acc: 0.4000
Epoch 18/500
Epoch 00017: val_acc did not improve
0s - loss: 0.6429 - acc: 0.6000 - val_loss: 0.7547 - val_acc: 0.4250
Epoch 19/500
Epoch 00018: val_acc did not improve
0s - loss: 0.6108 - acc: 0.6813 - val_loss: 0.7869 - val_acc: 0.5000
Epoch 20/500
Epoch 00019: val_acc did not improve
0s - loss: 0.5962 - acc: 0.7125 - val_loss: 0.8037 - val_acc: 0.4500
Epoch 21/500
Epoch 00020: val_acc did not improve
0s - loss: 0.5836 - acc: 0.7125 - val_loss: 0.8497 - val_acc: 0.3750
Epoch 22/500
Epoch 00021: val_acc did not improve
0s - loss: 0.5647 - acc: 0.7312 - val_loss: 0.8926 - val_acc: 0.3750
Epoch 23/500
Epoch 00022: val_acc did not improve
0s - loss: 0.5588 - acc: 0.7188 - val_loss: 0.8839 - val_acc: 0.4000
Epoch 24/500
Epoch 00023: val_acc did not improve
0s - loss: 0.5442 - acc: 0.7000 - val_loss: 0.9310 - val_acc: 0.4500
Epoch 25/500
Epoch 00024: val_acc did not improve
0s - loss: 0.5728 - acc: 0.7000 - val_loss: 0.9598 - val_acc: 0.4250
Epoch 26/500
Epoch 00025: val_acc did not improve
0s - loss: 0.5592 - acc: 0.7188 - val_loss: 0.9729 - val_acc: 0.4000
Epoch 27/500
Epoch 00026: val_acc did not improve
0s - loss: 0.5373 - acc: 0.7438 - val_loss: 1.0100 - val_acc: 0.3750
Epoch 28/500
Epoch 00027: val_acc did not improve
0s - loss: 0.5336 - acc: 0.7250 - val_loss: 1.0052 - val_acc: 0.3750
Epoch 29/500
Epoch 00028: val_acc did not improve
0s - loss: 0.5361 - acc: 0.7312 - val_loss: 1.0005 - val_acc: 0.3500
Epoch 30/500
Epoch 00029: val_acc did not improve
0s - loss: 0.5230 - acc: 0.7500 - val_loss: 1.0206 - val_acc: 0.3500
Epoch 31/500
Epoch 00030: val_acc did not improve
0s - loss: 0.5126 - acc: 0.7688 - val_loss: 1.0284 - val_acc: 0.4250
Epoch 32/500
Epoch 00031: val_acc did not improve
0s - loss: 0.5199 - acc: 0.7312 - val_loss: 1.0320 - val_acc: 0.4250
Epoch 33/500
Epoch 00032: val_acc did not improve
0s - loss: 0.5039 - acc: 0.7562 - val_loss: 1.0661 - val_acc: 0.4250
Epoch 34/500
Epoch 00033: val_acc did not improve
0s - loss: 0.4967 - acc: 0.7562 - val_loss: 1.0372 - val_acc: 0.4250
Epoch 35/500
Epoch 00034: val_acc did not improve
0s - loss: 0.4907 - acc: 0.8125 - val_loss: 1.0893 - val_acc: 0.4250
Epoch 36/500
Epoch 00035: val_acc did not improve
0s - loss: 0.5062 - acc: 0.7625 - val_loss: 1.1067 - val_acc: 0.4250
Epoch 37/500
Epoch 00036: val_acc did not improve
0s - loss: 0.4842 - acc: 0.7688 - val_loss: 1.0660 - val_acc: 0.4500
Epoch 38/500
Epoch 00037: val_acc did not improve
0s - loss: 0.4751 - acc: 0.7875 - val_loss: 1.0944 - val_acc: 0.4500
Epoch 39/500
Epoch 00038: val_acc did not improve
0s - loss: 0.4660 - acc: 0.7937 - val_loss: 1.1241 - val_acc: 0.4500
Epoch 40/500
Epoch 00039: val_acc did not improve
0s - loss: 0.4754 - acc: 0.7937 - val_loss: 1.1520 - val_acc: 0.3500
Epoch 41/500
Epoch 00040: val_acc did not improve
0s - loss: 0.4648 - acc: 0.7812 - val_loss: 1.1758 - val_acc: 0.4250
Epoch 42/500
Epoch 00041: val_acc did not improve
0s - loss: 0.4595 - acc: 0.8187 - val_loss: 1.1797 - val_acc: 0.4500
Epoch 43/500
Epoch 00042: val_acc did not improve
0s - loss: 0.4677 - acc: 0.8125 - val_loss: 1.2933 - val_acc: 0.3250
Epoch 44/500
Epoch 00043: val_acc did not improve
0s - loss: 0.4579 - acc: 0.7875 - val_loss: 1.2179 - val_acc: 0.4250
Epoch 45/500
Epoch 00044: val_acc did not improve
0s - loss: 0.4606 - acc: 0.8125 - val_loss: 1.2461 - val_acc: 0.4250
Epoch 46/500
Epoch 00045: val_acc did not improve
0s - loss: 0.4622 - acc: 0.7562 - val_loss: 1.2591 - val_acc: 0.3750
Epoch 47/500
Epoch 00046: val_acc did not improve
0s - loss: 0.4339 - acc: 0.7812 - val_loss: 1.2428 - val_acc: 0.4250
Epoch 48/500
Epoch 00047: val_acc did not improve
0s - loss: 0.4275 - acc: 0.8250 - val_loss: 1.2898 - val_acc: 0.3750
Epoch 49/500
Epoch 00048: val_acc did not improve
0s - loss: 0.4219 - acc: 0.8000 - val_loss: 1.2816 - val_acc: 0.4500
Epoch 50/500
Epoch 00049: val_acc did not improve
0s - loss: 0.4189 - acc: 0.8688 - val_loss: 1.3163 - val_acc: 0.4250
Epoch 51/500
Epoch 00050: val_acc did not improve
0s - loss: 0.4163 - acc: 0.8125 - val_loss: 1.3147 - val_acc: 0.4000
Epoch 52/500
Epoch 00051: val_acc did not improve
0s - loss: 0.4082 - acc: 0.8562 - val_loss: 1.3235 - val_acc: 0.4250
Epoch 53/500
Epoch 00052: val_acc did not improve
0s - loss: 0.4079 - acc: 0.8313 - val_loss: 1.3909 - val_acc: 0.3500
Epoch 54/500
Epoch 00053: val_acc did not improve
0s - loss: 0.4044 - acc: 0.8500 - val_loss: 1.3609 - val_acc: 0.4250
Epoch 55/500
Epoch 00054: val_acc did not improve
0s - loss: 0.3956 - acc: 0.8187 - val_loss: 1.3728 - val_acc: 0.4000
Epoch 56/500
Epoch 00055: val_acc did not improve
0s - loss: 0.3843 - acc: 0.8438 - val_loss: 1.3983 - val_acc: 0.4250
Epoch 57/500
Epoch 00056: val_acc did not improve
0s - loss: 0.3850 - acc: 0.8562 - val_loss: 1.4603 - val_acc: 0.3750
Epoch 58/500
Epoch 00057: val_acc did not improve
0s - loss: 0.3971 - acc: 0.8313 - val_loss: 1.4489 - val_acc: 0.3750
Epoch 59/500
Epoch 00058: val_acc did not improve
0s - loss: 0.3708 - acc: 0.8562 - val_loss: 1.4387 - val_acc: 0.4000
Epoch 60/500
Epoch 00059: val_acc did not improve
0s - loss: 0.3643 - acc: 0.8313 - val_loss: 1.4708 - val_acc: 0.4250
Epoch 61/500
Epoch 00060: val_acc did not improve
0s - loss: 0.3675 - acc: 0.8500 - val_loss: 1.4974 - val_acc: 0.4000
Epoch 62/500
Epoch 00061: val_acc did not improve
0s - loss: 0.3604 - acc: 0.8562 - val_loss: 1.4996 - val_acc: 0.4000
Epoch 63/500
Epoch 00062: val_acc did not improve
0s - loss: 0.3592 - acc: 0.8750 - val_loss: 1.5332 - val_acc: 0.4000
Epoch 64/500
Epoch 00063: val_acc did not improve
0s - loss: 0.3402 - acc: 0.8625 - val_loss: 1.5731 - val_acc: 0.4000
Epoch 65/500
Epoch 00064: val_acc did not improve
0s - loss: 0.3314 - acc: 0.8875 - val_loss: 1.5941 - val_acc: 0.4000
Epoch 66/500
Epoch 00065: val_acc did not improve
0s - loss: 0.3362 - acc: 0.8625 - val_loss: 1.5973 - val_acc: 0.4000
Epoch 67/500
Epoch 00066: val_acc did not improve
0s - loss: 0.3254 - acc: 0.8750 - val_loss: 1.6417 - val_acc: 0.4000
Epoch 68/500
Epoch 00067: val_acc did not improve
0s - loss: 0.3319 - acc: 0.8562 - val_loss: 1.6320 - val_acc: 0.4000
Epoch 69/500
Epoch 00068: val_acc did not improve
0s - loss: 0.3163 - acc: 0.8938 - val_loss: 1.6783 - val_acc: 0.4000
Epoch 70/500
Epoch 00069: val_acc did not improve
0s - loss: 0.3247 - acc: 0.9000 - val_loss: 1.7576 - val_acc: 0.4000
Epoch 71/500
Epoch 00070: val_acc did not improve
0s - loss: 0.3289 - acc: 0.8750 - val_loss: 1.6820 - val_acc: 0.4000
Epoch 72/500
Epoch 00071: val_acc did not improve
0s - loss: 0.3020 - acc: 0.8812 - val_loss: 1.7598 - val_acc: 0.4000
Epoch 73/500
Epoch 00072: val_acc did not improve
0s - loss: 0.3081 - acc: 0.8812 - val_loss: 1.7477 - val_acc: 0.4000
Epoch 74/500
Epoch 00073: val_acc did not improve
0s - loss: 0.2880 - acc: 0.9000 - val_loss: 1.7483 - val_acc: 0.3750
Epoch 75/500
Epoch 00074: val_acc did not improve
0s - loss: 0.3152 - acc: 0.8750 - val_loss: 1.8725 - val_acc: 0.4000
Epoch 76/500
Epoch 00075: val_acc did not improve
0s - loss: 0.2974 - acc: 0.8812 - val_loss: 1.7319 - val_acc: 0.4500
Epoch 77/500
Epoch 00076: val_acc did not improve
0s - loss: 0.2865 - acc: 0.8938 - val_loss: 1.8302 - val_acc: 0.3750
Epoch 78/500
Epoch 00077: val_acc did not improve
0s - loss: 0.2610 - acc: 0.9125 - val_loss: 1.8434 - val_acc: 0.4500
Epoch 79/500
Epoch 00078: val_acc did not improve
0s - loss: 0.2546 - acc: 0.9187 - val_loss: 1.9426 - val_acc: 0.4250
Epoch 80/500
Epoch 00079: val_acc did not improve
0s - loss: 0.2596 - acc: 0.8938 - val_loss: 1.9352 - val_acc: 0.4000
Epoch 81/500
Epoch 00080: val_acc did not improve
0s - loss: 0.2623 - acc: 0.9000 - val_loss: 1.8847 - val_acc: 0.4500
Epoch 82/500
Epoch 00081: val_acc did not improve
0s - loss: 0.2392 - acc: 0.9250 - val_loss: 1.9750 - val_acc: 0.4250
Epoch 83/500
Epoch 00082: val_acc did not improve
0s - loss: 0.2301 - acc: 0.9313 - val_loss: 2.0220 - val_acc: 0.4250
Epoch 84/500
Epoch 00083: val_acc did not improve
0s - loss: 0.2357 - acc: 0.9313 - val_loss: 1.9469 - val_acc: 0.3500
Epoch 85/500
Epoch 00084: val_acc did not improve
0s - loss: 0.2455 - acc: 0.9187 - val_loss: 2.0182 - val_acc: 0.4250
Epoch 86/500
Epoch 00085: val_acc did not improve
0s - loss: 0.2444 - acc: 0.9187 - val_loss: 2.0933 - val_acc: 0.4000
Epoch 87/500
Epoch 00086: val_acc did not improve
0s - loss: 0.2386 - acc: 0.9187 - val_loss: 2.0677 - val_acc: 0.4250
Epoch 88/500
Epoch 00087: val_acc did not improve
0s - loss: 0.2235 - acc: 0.9313 - val_loss: 2.1939 - val_acc: 0.4250
Epoch 89/500
Epoch 00088: val_acc did not improve
0s - loss: 0.2084 - acc: 0.9313 - val_loss: 2.1192 - val_acc: 0.4000
Epoch 90/500
Epoch 00089: val_acc did not improve
0s - loss: 0.1947 - acc: 0.9375 - val_loss: 2.2562 - val_acc: 0.4000
Epoch 91/500
Epoch 00090: val_acc did not improve
0s - loss: 0.1890 - acc: 0.9437 - val_loss: 2.2481 - val_acc: 0.4000
Epoch 92/500
Epoch 00091: val_acc did not improve
0s - loss: 0.1892 - acc: 0.9375 - val_loss: 2.2363 - val_acc: 0.4000
Epoch 93/500
Epoch 00092: val_acc did not improve
0s - loss: 0.1791 - acc: 0.9500 - val_loss: 2.2774 - val_acc: 0.4000
Epoch 94/500
Epoch 00093: val_acc did not improve
0s - loss: 0.1955 - acc: 0.9375 - val_loss: 2.2388 - val_acc: 0.4000
Epoch 95/500
Epoch 00094: val_acc did not improve
0s - loss: 0.1847 - acc: 0.9437 - val_loss: 2.4113 - val_acc: 0.4250
Epoch 96/500
Epoch 00095: val_acc did not improve
0s - loss: 0.1938 - acc: 0.9313 - val_loss: 2.3512 - val_acc: 0.4000
Epoch 97/500
Epoch 00096: val_acc did not improve
0s - loss: 0.1727 - acc: 0.9437 - val_loss: 2.3980 - val_acc: 0.3750
Epoch 98/500
Epoch 00097: val_acc did not improve
0s - loss: 0.1849 - acc: 0.9563 - val_loss: 2.3673 - val_acc: 0.4000
Epoch 99/500
Epoch 00098: val_acc did not improve
0s - loss: 0.1613 - acc: 0.9437 - val_loss: 2.4851 - val_acc: 0.4000
Epoch 100/500
Epoch 00099: val_acc did not improve
0s - loss: 0.1576 - acc: 0.9437 - val_loss: 2.5190 - val_acc: 0.4000
Epoch 101/500
Epoch 00100: val_acc did not improve
0s - loss: 0.1514 - acc: 0.9500 - val_loss: 2.5727 - val_acc: 0.4000
Epoch 102/500
Epoch 00101: val_acc did not improve
0s - loss: 0.1511 - acc: 0.9625 - val_loss: 2.5782 - val_acc: 0.3750
Epoch 103/500
Epoch 00102: val_acc did not improve
0s - loss: 0.1589 - acc: 0.9563 - val_loss: 2.6302 - val_acc: 0.3750
Epoch 104/500
Epoch 00103: val_acc did not improve
0s - loss: 0.1757 - acc: 0.9625 - val_loss: 2.5817 - val_acc: 0.3500
Epoch 105/500
Epoch 00104: val_acc did not improve
0s - loss: 0.1518 - acc: 0.9563 - val_loss: 2.5790 - val_acc: 0.4000
Epoch 106/500
Epoch 00105: val_acc did not improve
0s - loss: 0.1568 - acc: 0.9500 - val_loss: 2.5362 - val_acc: 0.4250
Epoch 107/500
Epoch 00106: val_acc did not improve
0s - loss: 0.1347 - acc: 0.9688 - val_loss: 2.6181 - val_acc: 0.3500
Epoch 108/500
Epoch 00107: val_acc did not improve
0s - loss: 0.1284 - acc: 0.9750 - val_loss: 2.6146 - val_acc: 0.4250
Epoch 109/500
Epoch 00108: val_acc did not improve
0s - loss: 0.1180 - acc: 0.9875 - val_loss: 2.7835 - val_acc: 0.3750
Epoch 110/500
Epoch 00109: val_acc did not improve
0s - loss: 0.1148 - acc: 0.9875 - val_loss: 2.7553 - val_acc: 0.4000
Epoch 111/500
Epoch 00110: val_acc did not improve
0s - loss: 0.1043 - acc: 0.9938 - val_loss: 2.8556 - val_acc: 0.4000
Epoch 112/500
Epoch 00111: val_acc did not improve
0s - loss: 0.1022 - acc: 1.0000 - val_loss: 2.8325 - val_acc: 0.3750
Epoch 113/500
Epoch 00112: val_acc did not improve
0s - loss: 0.1006 - acc: 0.9812 - val_loss: 2.8604 - val_acc: 0.3500
Epoch 114/500
Epoch 00113: val_acc did not improve
0s - loss: 0.0972 - acc: 0.9938 - val_loss: 2.9744 - val_acc: 0.3750
Epoch 115/500
Epoch 00114: val_acc did not improve
0s - loss: 0.0976 - acc: 0.9875 - val_loss: 2.8797 - val_acc: 0.3750
Epoch 116/500
Epoch 00115: val_acc did not improve
0s - loss: 0.0980 - acc: 0.9938 - val_loss: 2.9585 - val_acc: 0.3500
Epoch 117/500
Epoch 00116: val_acc did not improve
0s - loss: 0.0953 - acc: 0.9938 - val_loss: 2.9528 - val_acc: 0.3750
Epoch 118/500
Epoch 00117: val_acc did not improve
0s - loss: 0.0924 - acc: 1.0000 - val_loss: 2.9803 - val_acc: 0.4000
Epoch 119/500
Epoch 00118: val_acc did not improve
0s - loss: 0.0861 - acc: 0.9938 - val_loss: 3.0745 - val_acc: 0.3750
Epoch 120/500
Epoch 00119: val_acc did not improve
0s - loss: 0.0808 - acc: 1.0000 - val_loss: 3.1010 - val_acc: 0.3750
Epoch 121/500
Epoch 00120: val_acc did not improve
0s - loss: 0.0817 - acc: 1.0000 - val_loss: 3.0334 - val_acc: 0.4250
Epoch 122/500
Epoch 00121: val_acc did not improve
0s - loss: 0.0880 - acc: 1.0000 - val_loss: 3.1554 - val_acc: 0.3750
Epoch 123/500
Epoch 00122: val_acc did not improve
0s - loss: 0.0719 - acc: 1.0000 - val_loss: 3.1959 - val_acc: 0.3500
Epoch 124/500
Epoch 00123: val_acc did not improve
0s - loss: 0.0693 - acc: 1.0000 - val_loss: 3.2098 - val_acc: 0.3750
Epoch 125/500
Epoch 00124: val_acc did not improve
0s - loss: 0.0678 - acc: 1.0000 - val_loss: 3.3114 - val_acc: 0.3750
Epoch 126/500
Epoch 00125: val_acc did not improve
0s - loss: 0.0606 - acc: 1.0000 - val_loss: 3.2077 - val_acc: 0.4000
Epoch 127/500
Epoch 00126: val_acc did not improve
0s - loss: 0.0633 - acc: 1.0000 - val_loss: 3.4084 - val_acc: 0.3750
Epoch 128/500
Epoch 00127: val_acc did not improve
0s - loss: 0.0662 - acc: 1.0000 - val_loss: 3.3591 - val_acc: 0.4000
Epoch 129/500
Epoch 00128: val_acc did not improve
0s - loss: 0.0604 - acc: 1.0000 - val_loss: 3.4487 - val_acc: 0.3500
Epoch 130/500
Epoch 00129: val_acc did not improve
0s - loss: 0.0650 - acc: 1.0000 - val_loss: 3.3852 - val_acc: 0.4000
Epoch 131/500
Epoch 00130: val_acc did not improve
0s - loss: 0.0590 - acc: 1.0000 - val_loss: 3.4013 - val_acc: 0.4000
Epoch 132/500
Epoch 00131: val_acc did not improve
0s - loss: 0.0577 - acc: 1.0000 - val_loss: 3.4491 - val_acc: 0.4000
Epoch 133/500
Epoch 00132: val_acc did not improve
0s - loss: 0.0542 - acc: 1.0000 - val_loss: 3.5035 - val_acc: 0.3750
Epoch 134/500
Epoch 00133: val_acc did not improve
0s - loss: 0.0585 - acc: 1.0000 - val_loss: 3.5927 - val_acc: 0.3500
Epoch 135/500
Epoch 00134: val_acc did not improve
0s - loss: 0.0530 - acc: 0.9938 - val_loss: 3.4650 - val_acc: 0.3500
Epoch 136/500
Epoch 00135: val_acc did not improve
0s - loss: 0.0508 - acc: 1.0000 - val_loss: 3.6052 - val_acc: 0.3500
Epoch 137/500
Epoch 00136: val_acc did not improve
0s - loss: 0.0531 - acc: 1.0000 - val_loss: 3.4711 - val_acc: 0.4000
Epoch 138/500
Epoch 00137: val_acc did not improve
0s - loss: 0.0540 - acc: 1.0000 - val_loss: 3.6136 - val_acc: 0.3500
Epoch 139/500
Epoch 00138: val_acc did not improve
0s - loss: 0.0454 - acc: 1.0000 - val_loss: 3.6818 - val_acc: 0.3750
Epoch 140/500
Epoch 00139: val_acc did not improve
0s - loss: 0.0423 - acc: 1.0000 - val_loss: 3.6711 - val_acc: 0.4000
Epoch 141/500
Epoch 00140: val_acc did not improve
0s - loss: 0.0405 - acc: 1.0000 - val_loss: 3.6809 - val_acc: 0.3750
Epoch 142/500
Epoch 00141: val_acc did not improve
0s - loss: 0.0427 - acc: 1.0000 - val_loss: 3.7625 - val_acc: 0.4000
Epoch 143/500
Epoch 00142: val_acc did not improve
0s - loss: 0.0389 - acc: 1.0000 - val_loss: 3.6698 - val_acc: 0.4000
Epoch 144/500
Epoch 00143: val_acc did not improve
0s - loss: 0.0378 - acc: 1.0000 - val_loss: 3.7335 - val_acc: 0.3250
Epoch 145/500
Epoch 00144: val_acc did not improve
0s - loss: 0.0351 - acc: 1.0000 - val_loss: 3.7913 - val_acc: 0.4250
Epoch 146/500
Epoch 00145: val_acc did not improve
0s - loss: 0.0346 - acc: 1.0000 - val_loss: 3.8433 - val_acc: 0.3750
Epoch 147/500
Epoch 00146: val_acc did not improve
0s - loss: 0.0329 - acc: 1.0000 - val_loss: 3.8496 - val_acc: 0.3750
Epoch 148/500
Epoch 00147: val_acc did not improve
0s - loss: 0.0334 - acc: 1.0000 - val_loss: 3.8232 - val_acc: 0.3500
Epoch 149/500
Epoch 00148: val_acc did not improve
0s - loss: 0.0321 - acc: 1.0000 - val_loss: 3.9047 - val_acc: 0.4000
Epoch 150/500
Epoch 00149: val_acc did not improve
0s - loss: 0.0310 - acc: 1.0000 - val_loss: 3.9220 - val_acc: 0.3500
Epoch 151/500
Epoch 00150: val_acc did not improve
0s - loss: 0.0297 - acc: 1.0000 - val_loss: 3.8836 - val_acc: 0.3750
Epoch 152/500
Epoch 00151: val_acc did not improve
0s - loss: 0.0295 - acc: 1.0000 - val_loss: 3.9820 - val_acc: 0.3750
Epoch 153/500
Epoch 00152: val_acc did not improve
0s - loss: 0.0279 - acc: 1.0000 - val_loss: 3.9471 - val_acc: 0.3500
Epoch 154/500
Epoch 00153: val_acc did not improve
0s - loss: 0.0295 - acc: 1.0000 - val_loss: 3.9630 - val_acc: 0.3750
Epoch 155/500
Epoch 00154: val_acc did not improve
0s - loss: 0.0264 - acc: 1.0000 - val_loss: 3.9049 - val_acc: 0.4000
Epoch 156/500
Epoch 00155: val_acc did not improve
0s - loss: 0.0274 - acc: 1.0000 - val_loss: 4.1035 - val_acc: 0.3500
Epoch 157/500
Epoch 00156: val_acc did not improve
0s - loss: 0.0276 - acc: 1.0000 - val_loss: 4.0006 - val_acc: 0.3750
Epoch 158/500
Epoch 00157: val_acc did not improve
0s - loss: 0.0245 - acc: 1.0000 - val_loss: 4.0911 - val_acc: 0.3500
Epoch 159/500
Epoch 00158: val_acc did not improve
0s - loss: 0.0248 - acc: 1.0000 - val_loss: 4.0725 - val_acc: 0.3750
Epoch 160/500
Epoch 00159: val_acc did not improve
0s - loss: 0.0229 - acc: 1.0000 - val_loss: 4.0904 - val_acc: 0.3500
Epoch 161/500
Epoch 00160: val_acc did not improve
0s - loss: 0.0247 - acc: 1.0000 - val_loss: 4.1200 - val_acc: 0.3750
Epoch 162/500
Epoch 00161: val_acc did not improve
0s - loss: 0.0260 - acc: 1.0000 - val_loss: 4.1482 - val_acc: 0.3500
Epoch 163/500
Epoch 00162: val_acc did not improve
0s - loss: 0.0231 - acc: 1.0000 - val_loss: 4.1580 - val_acc: 0.3500
Epoch 164/500
Epoch 00163: val_acc did not improve
0s - loss: 0.0220 - acc: 1.0000 - val_loss: 4.1871 - val_acc: 0.3750
Epoch 165/500
Epoch 00164: val_acc did not improve
0s - loss: 0.0206 - acc: 1.0000 - val_loss: 4.2012 - val_acc: 0.3500
Epoch 166/500
Epoch 00165: val_acc did not improve
0s - loss: 0.0215 - acc: 1.0000 - val_loss: 4.2851 - val_acc: 0.3500
Epoch 167/500
Epoch 00166: val_acc did not improve
0s - loss: 0.0199 - acc: 1.0000 - val_loss: 4.1850 - val_acc: 0.4000
Epoch 168/500
Epoch 00167: val_acc did not improve
0s - loss: 0.0200 - acc: 1.0000 - val_loss: 4.3536 - val_acc: 0.3750
Epoch 169/500
Epoch 00168: val_acc did not improve
0s - loss: 0.0203 - acc: 1.0000 - val_loss: 4.2435 - val_acc: 0.4000
Epoch 170/500
Epoch 00169: val_acc did not improve
0s - loss: 0.0186 - acc: 1.0000 - val_loss: 4.3082 - val_acc: 0.3500
Epoch 171/500
Epoch 00170: val_acc did not improve
0s - loss: 0.0183 - acc: 1.0000 - val_loss: 4.2877 - val_acc: 0.4000
Epoch 172/500
Epoch 00171: val_acc did not improve
0s - loss: 0.0183 - acc: 1.0000 - val_loss: 4.3954 - val_acc: 0.3500
Epoch 173/500
Epoch 00172: val_acc did not improve
0s - loss: 0.0174 - acc: 1.0000 - val_loss: 4.3396 - val_acc: 0.3500
Epoch 174/500
Epoch 00173: val_acc did not improve
0s - loss: 0.0169 - acc: 1.0000 - val_loss: 4.3762 - val_acc: 0.3500
Epoch 175/500
Epoch 00174: val_acc did not improve
0s - loss: 0.0165 - acc: 1.0000 - val_loss: 4.4033 - val_acc: 0.3750
Epoch 176/500
Epoch 00175: val_acc did not improve
0s - loss: 0.0164 - acc: 1.0000 - val_loss: 4.4486 - val_acc: 0.3500
Epoch 177/500
Epoch 00176: val_acc did not improve
0s - loss: 0.0162 - acc: 1.0000 - val_loss: 4.3629 - val_acc: 0.3500
Epoch 178/500
Epoch 00177: val_acc did not improve
0s - loss: 0.0164 - acc: 1.0000 - val_loss: 4.4886 - val_acc: 0.3500
Epoch 179/500
Epoch 00178: val_acc did not improve
0s - loss: 0.0173 - acc: 1.0000 - val_loss: 4.3240 - val_acc: 0.4000
Epoch 180/500
Epoch 00179: val_acc did not improve
0s - loss: 0.0162 - acc: 1.0000 - val_loss: 4.5203 - val_acc: 0.3750
Epoch 181/500
Epoch 00180: val_acc did not improve
0s - loss: 0.0150 - acc: 1.0000 - val_loss: 4.5321 - val_acc: 0.3500
Epoch 182/500
Epoch 00181: val_acc did not improve
0s - loss: 0.0141 - acc: 1.0000 - val_loss: 4.5185 - val_acc: 0.3500
Epoch 183/500
Epoch 00182: val_acc did not improve
0s - loss: 0.0144 - acc: 1.0000 - val_loss: 4.5154 - val_acc: 0.3750
Epoch 184/500
Epoch 00183: val_acc did not improve
0s - loss: 0.0139 - acc: 1.0000 - val_loss: 4.6028 - val_acc: 0.3500
Epoch 185/500
Epoch 00184: val_acc did not improve
0s - loss: 0.0135 - acc: 1.0000 - val_loss: 4.5826 - val_acc: 0.3750
Epoch 186/500
Epoch 00185: val_acc did not improve
0s - loss: 0.0127 - acc: 1.0000 - val_loss: 4.5983 - val_acc: 0.3500
Epoch 187/500
Epoch 00186: val_acc did not improve
0s - loss: 0.0124 - acc: 1.0000 - val_loss: 4.5608 - val_acc: 0.3500
Epoch 188/500
Epoch 00187: val_acc did not improve
0s - loss: 0.0135 - acc: 1.0000 - val_loss: 4.6624 - val_acc: 0.3750
Epoch 189/500
Epoch 00188: val_acc did not improve
0s - loss: 0.0138 - acc: 1.0000 - val_loss: 4.5648 - val_acc: 0.4000
Epoch 190/500
Epoch 00189: val_acc did not improve
0s - loss: 0.0129 - acc: 1.0000 - val_loss: 4.6017 - val_acc: 0.3750
Epoch 191/500
Epoch 00190: val_acc did not improve
0s - loss: 0.0121 - acc: 1.0000 - val_loss: 4.6116 - val_acc: 0.3750
Epoch 192/500
Epoch 00191: val_acc did not improve
0s - loss: 0.0122 - acc: 1.0000 - val_loss: 4.6724 - val_acc: 0.3250
Epoch 193/500
Epoch 00192: val_acc did not improve
0s - loss: 0.0120 - acc: 1.0000 - val_loss: 4.7362 - val_acc: 0.3750
Epoch 194/500
Epoch 00193: val_acc did not improve
0s - loss: 0.0110 - acc: 1.0000 - val_loss: 4.6695 - val_acc: 0.3500
Epoch 195/500
Epoch 00194: val_acc did not improve
0s - loss: 0.0107 - acc: 1.0000 - val_loss: 4.7056 - val_acc: 0.3500
Epoch 196/500
Epoch 00195: val_acc did not improve
0s - loss: 0.0105 - acc: 1.0000 - val_loss: 4.6525 - val_acc: 0.4000
Epoch 197/500
Epoch 00196: val_acc did not improve
0s - loss: 0.0110 - acc: 1.0000 - val_loss: 4.7789 - val_acc: 0.3500
Epoch 198/500
Epoch 00197: val_acc did not improve
0s - loss: 0.0099 - acc: 1.0000 - val_loss: 4.7497 - val_acc: 0.3750
Epoch 199/500
Epoch 00198: val_acc did not improve
0s - loss: 0.0097 - acc: 1.0000 - val_loss: 4.7843 - val_acc: 0.3500
Epoch 200/500
Epoch 00199: val_acc did not improve
0s - loss: 0.0097 - acc: 1.0000 - val_loss: 4.7665 - val_acc: 0.3500
Epoch 201/500
Epoch 00200: val_acc did not improve
0s - loss: 0.0093 - acc: 1.0000 - val_loss: 4.7862 - val_acc: 0.3500
Epoch 202/500
Epoch 00201: val_acc did not improve
0s - loss: 0.0092 - acc: 1.0000 - val_loss: 4.7939 - val_acc: 0.3750
Epoch 203/500
Epoch 00202: val_acc did not improve
0s - loss: 0.0091 - acc: 1.0000 - val_loss: 4.8206 - val_acc: 0.3750
Epoch 204/500
Epoch 00203: val_acc did not improve
0s - loss: 0.0087 - acc: 1.0000 - val_loss: 4.8460 - val_acc: 0.3500
Epoch 205/500
Epoch 00204: val_acc did not improve
0s - loss: 0.0085 - acc: 1.0000 - val_loss: 4.8500 - val_acc: 0.3500
Epoch 206/500
Epoch 00205: val_acc did not improve
0s - loss: 0.0086 - acc: 1.0000 - val_loss: 4.8604 - val_acc: 0.3750
Epoch 207/500
Epoch 00206: val_acc did not improve
0s - loss: 0.0083 - acc: 1.0000 - val_loss: 4.8493 - val_acc: 0.3500
Epoch 208/500
Epoch 00207: val_acc did not improve
0s - loss: 0.0084 - acc: 1.0000 - val_loss: 4.8633 - val_acc: 0.3500
Epoch 209/500
Epoch 00208: val_acc did not improve
0s - loss: 0.0080 - acc: 1.0000 - val_loss: 4.8836 - val_acc: 0.3750
Epoch 210/500
Epoch 00209: val_acc did not improve
0s - loss: 0.0083 - acc: 1.0000 - val_loss: 4.8772 - val_acc: 0.3500
Epoch 211/500
Epoch 00210: val_acc did not improve
0s - loss: 0.0078 - acc: 1.0000 - val_loss: 4.9454 - val_acc: 0.3500
Epoch 212/500
Epoch 00211: val_acc did not improve
0s - loss: 0.0076 - acc: 1.0000 - val_loss: 4.9051 - val_acc: 0.3500
Epoch 213/500
Epoch 00212: val_acc did not improve
0s - loss: 0.0076 - acc: 1.0000 - val_loss: 4.9424 - val_acc: 0.3500
Epoch 214/500
Epoch 00213: val_acc did not improve
0s - loss: 0.0076 - acc: 1.0000 - val_loss: 4.9550 - val_acc: 0.3750
Epoch 215/500
Epoch 00214: val_acc did not improve
0s - loss: 0.0075 - acc: 1.0000 - val_loss: 4.9739 - val_acc: 0.3500
Epoch 216/500
Epoch 00215: val_acc did not improve
0s - loss: 0.0072 - acc: 1.0000 - val_loss: 4.9485 - val_acc: 0.3500
Epoch 217/500
Epoch 00216: val_acc did not improve
0s - loss: 0.0072 - acc: 1.0000 - val_loss: 4.9845 - val_acc: 0.3500
Epoch 218/500
Epoch 00217: val_acc did not improve
0s - loss: 0.0071 - acc: 1.0000 - val_loss: 5.0125 - val_acc: 0.3750
Epoch 219/500
Epoch 00218: val_acc did not improve
0s - loss: 0.0070 - acc: 1.0000 - val_loss: 5.0102 - val_acc: 0.3750
Epoch 220/500
Epoch 00219: val_acc did not improve
0s - loss: 0.0069 - acc: 1.0000 - val_loss: 5.0292 - val_acc: 0.3750
Epoch 221/500
Epoch 00220: val_acc did not improve
0s - loss: 0.0067 - acc: 1.0000 - val_loss: 5.0800 - val_acc: 0.3500
Epoch 222/500
Epoch 00221: val_acc did not improve
0s - loss: 0.0066 - acc: 1.0000 - val_loss: 5.0104 - val_acc: 0.3500
Epoch 223/500
Epoch 00222: val_acc did not improve
0s - loss: 0.0066 - acc: 1.0000 - val_loss: 5.0909 - val_acc: 0.3750
Epoch 224/500
Epoch 00223: val_acc did not improve
0s - loss: 0.0062 - acc: 1.0000 - val_loss: 5.0525 - val_acc: 0.3500
Epoch 225/500
Epoch 00224: val_acc did not improve
0s - loss: 0.0063 - acc: 1.0000 - val_loss: 5.1038 - val_acc: 0.4000
Epoch 226/500
Epoch 00225: val_acc did not improve
0s - loss: 0.0061 - acc: 1.0000 - val_loss: 5.0458 - val_acc: 0.3500
Epoch 227/500
Epoch 00226: val_acc did not improve
0s - loss: 0.0061 - acc: 1.0000 - val_loss: 5.1086 - val_acc: 0.3750
Epoch 228/500
Epoch 00227: val_acc did not improve
0s - loss: 0.0059 - acc: 1.0000 - val_loss: 5.1026 - val_acc: 0.3500
Epoch 229/500
Epoch 00228: val_acc did not improve
0s - loss: 0.0060 - acc: 1.0000 - val_loss: 5.1161 - val_acc: 0.3750
Epoch 230/500
Epoch 00229: val_acc did not improve
0s - loss: 0.0057 - acc: 1.0000 - val_loss: 5.1182 - val_acc: 0.3750
Epoch 231/500
Epoch 00230: val_acc did not improve
0s - loss: 0.0057 - acc: 1.0000 - val_loss: 5.1642 - val_acc: 0.3750
Epoch 232/500
Epoch 00231: val_acc did not improve
0s - loss: 0.0056 - acc: 1.0000 - val_loss: 5.1598 - val_acc: 0.3500
Epoch 233/500
Epoch 00232: val_acc did not improve
0s - loss: 0.0055 - acc: 1.0000 - val_loss: 5.1540 - val_acc: 0.4000
Epoch 234/500
Epoch 00233: val_acc did not improve
0s - loss: 0.0055 - acc: 1.0000 - val_loss: 5.1464 - val_acc: 0.3500
Epoch 235/500
Epoch 00234: val_acc did not improve
0s - loss: 0.0053 - acc: 1.0000 - val_loss: 5.1760 - val_acc: 0.3500
Epoch 236/500
Epoch 00235: val_acc did not improve
0s - loss: 0.0053 - acc: 1.0000 - val_loss: 5.1798 - val_acc: 0.3500
Epoch 237/500
Epoch 00236: val_acc did not improve
0s - loss: 0.0054 - acc: 1.0000 - val_loss: 5.1620 - val_acc: 0.3750
Epoch 238/500
Epoch 00237: val_acc did not improve
0s - loss: 0.0051 - acc: 1.0000 - val_loss: 5.2126 - val_acc: 0.4000
Epoch 239/500
Epoch 00238: val_acc did not improve
0s - loss: 0.0050 - acc: 1.0000 - val_loss: 5.2246 - val_acc: 0.3500
Epoch 240/500
Epoch 00239: val_acc did not improve
0s - loss: 0.0048 - acc: 1.0000 - val_loss: 5.2177 - val_acc: 0.3500
Epoch 241/500
Epoch 00240: val_acc did not improve
0s - loss: 0.0046 - acc: 1.0000 - val_loss: 5.2245 - val_acc: 0.3750
Epoch 242/500
Epoch 00241: val_acc did not improve
0s - loss: 0.0048 - acc: 1.0000 - val_loss: 5.2139 - val_acc: 0.3500
Epoch 243/500
Epoch 00242: val_acc did not improve
0s - loss: 0.0047 - acc: 1.0000 - val_loss: 5.2459 - val_acc: 0.3500
Epoch 244/500
Epoch 00243: val_acc did not improve
0s - loss: 0.0045 - acc: 1.0000 - val_loss: 5.2139 - val_acc: 0.3750
Epoch 245/500
Epoch 00244: val_acc did not improve
0s - loss: 0.0045 - acc: 1.0000 - val_loss: 5.2791 - val_acc: 0.3750
Epoch 246/500
Epoch 00245: val_acc did not improve
0s - loss: 0.0043 - acc: 1.0000 - val_loss: 5.2448 - val_acc: 0.3750
Epoch 247/500
Epoch 00246: val_acc did not improve
0s - loss: 0.0043 - acc: 1.0000 - val_loss: 5.2839 - val_acc: 0.3500
Epoch 248/500
Epoch 00247: val_acc did not improve
0s - loss: 0.0044 - acc: 1.0000 - val_loss: 5.2516 - val_acc: 0.3750
Epoch 249/500
Epoch 00248: val_acc did not improve
0s - loss: 0.0041 - acc: 1.0000 - val_loss: 5.2951 - val_acc: 0.3750
Epoch 250/500
Epoch 00249: val_acc did not improve
0s - loss: 0.0042 - acc: 1.0000 - val_loss: 5.2620 - val_acc: 0.3750
Epoch 251/500
Epoch 00250: val_acc did not improve
0s - loss: 0.0042 - acc: 1.0000 - val_loss: 5.3026 - val_acc: 0.3500
Epoch 252/500
Epoch 00251: val_acc did not improve
0s - loss: 0.0040 - acc: 1.0000 - val_loss: 5.3074 - val_acc: 0.3750
Epoch 253/500
Epoch 00252: val_acc did not improve
0s - loss: 0.0039 - acc: 1.0000 - val_loss: 5.3313 - val_acc: 0.3750
Epoch 254/500
Epoch 00253: val_acc did not improve
0s - loss: 0.0038 - acc: 1.0000 - val_loss: 5.3110 - val_acc: 0.3750
Epoch 255/500
Epoch 00254: val_acc did not improve
0s - loss: 0.0039 - acc: 1.0000 - val_loss: 5.3323 - val_acc: 0.4000
Epoch 256/500
Epoch 00255: val_acc did not improve
0s - loss: 0.0038 - acc: 1.0000 - val_loss: 5.3189 - val_acc: 0.3750
Epoch 257/500
Epoch 00256: val_acc did not improve
0s - loss: 0.0037 - acc: 1.0000 - val_loss: 5.3370 - val_acc: 0.3500
Epoch 258/500
Epoch 00257: val_acc did not improve
0s - loss: 0.0037 - acc: 1.0000 - val_loss: 5.3533 - val_acc: 0.4000
Epoch 259/500
Epoch 00258: val_acc did not improve
0s - loss: 0.0036 - acc: 1.0000 - val_loss: 5.3500 - val_acc: 0.3500
Epoch 260/500
Epoch 00259: val_acc did not improve
0s - loss: 0.0035 - acc: 1.0000 - val_loss: 5.3673 - val_acc: 0.3750
Epoch 261/500
Epoch 00260: val_acc did not improve
0s - loss: 0.0035 - acc: 1.0000 - val_loss: 5.3665 - val_acc: 0.3500
Epoch 262/500
Epoch 00261: val_acc did not improve
0s - loss: 0.0036 - acc: 1.0000 - val_loss: 5.3946 - val_acc: 0.3500
Epoch 263/500
Epoch 00262: val_acc did not improve
0s - loss: 0.0037 - acc: 1.0000 - val_loss: 5.3311 - val_acc: 0.3750
Epoch 264/500
Epoch 00263: val_acc did not improve
0s - loss: 0.0035 - acc: 1.0000 - val_loss: 5.3995 - val_acc: 0.3500
Epoch 265/500
Epoch 00264: val_acc did not improve
0s - loss: 0.0034 - acc: 1.0000 - val_loss: 5.3795 - val_acc: 0.3750
Epoch 266/500
Epoch 00265: val_acc did not improve
0s - loss: 0.0035 - acc: 1.0000 - val_loss: 5.4368 - val_acc: 0.3750
Epoch 267/500
Epoch 00266: val_acc did not improve
0s - loss: 0.0037 - acc: 1.0000 - val_loss: 5.4047 - val_acc: 0.3750
Epoch 268/500
Epoch 00267: val_acc did not improve
0s - loss: 0.0033 - acc: 1.0000 - val_loss: 5.4139 - val_acc: 0.3750
Epoch 269/500
Epoch 00268: val_acc did not improve
0s - loss: 0.0032 - acc: 1.0000 - val_loss: 5.4182 - val_acc: 0.3500
Epoch 270/500
Epoch 00269: val_acc did not improve
0s - loss: 0.0031 - acc: 1.0000 - val_loss: 5.4269 - val_acc: 0.3750
Epoch 271/500
Epoch 00270: val_acc did not improve
0s - loss: 0.0031 - acc: 1.0000 - val_loss: 5.4360 - val_acc: 0.4000
Epoch 272/500
Epoch 00271: val_acc did not improve
0s - loss: 0.0031 - acc: 1.0000 - val_loss: 5.4351 - val_acc: 0.3750
Epoch 273/500
Epoch 00272: val_acc did not improve
0s - loss: 0.0029 - acc: 1.0000 - val_loss: 5.4537 - val_acc: 0.3500
Epoch 274/500
Epoch 00273: val_acc did not improve
0s - loss: 0.0029 - acc: 1.0000 - val_loss: 5.4548 - val_acc: 0.3750
Epoch 275/500
Epoch 00274: val_acc did not improve
0s - loss: 0.0029 - acc: 1.0000 - val_loss: 5.4496 - val_acc: 0.3500
Epoch 276/500
Epoch 00275: val_acc did not improve
0s - loss: 0.0028 - acc: 1.0000 - val_loss: 5.4602 - val_acc: 0.4000
Epoch 277/500
Epoch 00276: val_acc did not improve
0s - loss: 0.0028 - acc: 1.0000 - val_loss: 5.4521 - val_acc: 0.3750
Epoch 278/500
Epoch 00277: val_acc did not improve
0s - loss: 0.0027 - acc: 1.0000 - val_loss: 5.4777 - val_acc: 0.3500
Epoch 279/500
Epoch 00278: val_acc did not improve
0s - loss: 0.0027 - acc: 1.0000 - val_loss: 5.4892 - val_acc: 0.3500
Epoch 280/500
Epoch 00279: val_acc did not improve
0s - loss: 0.0027 - acc: 1.0000 - val_loss: 5.4757 - val_acc: 0.4000
Epoch 281/500
Epoch 00280: val_acc did not improve
0s - loss: 0.0026 - acc: 1.0000 - val_loss: 5.5057 - val_acc: 0.3500
Epoch 282/500
Epoch 00281: val_acc did not improve
0s - loss: 0.0026 - acc: 1.0000 - val_loss: 5.4911 - val_acc: 0.3500
Epoch 283/500
Epoch 00282: val_acc did not improve
0s - loss: 0.0026 - acc: 1.0000 - val_loss: 5.4978 - val_acc: 0.3500
Epoch 284/500
Epoch 00283: val_acc did not improve
0s - loss: 0.0026 - acc: 1.0000 - val_loss: 5.5097 - val_acc: 0.4000
Epoch 285/500
Epoch 00284: val_acc did not improve
0s - loss: 0.0025 - acc: 1.0000 - val_loss: 5.5242 - val_acc: 0.3500
Epoch 286/500
Epoch 00285: val_acc did not improve
0s - loss: 0.0026 - acc: 1.0000 - val_loss: 5.5319 - val_acc: 0.3500
Epoch 287/500
Epoch 00286: val_acc did not improve
0s - loss: 0.0024 - acc: 1.0000 - val_loss: 5.5135 - val_acc: 0.3500
Epoch 288/500
Epoch 00287: val_acc did not improve
0s - loss: 0.0024 - acc: 1.0000 - val_loss: 5.5514 - val_acc: 0.3750
Epoch 289/500
Epoch 00288: val_acc did not improve
0s - loss: 0.0024 - acc: 1.0000 - val_loss: 5.5409 - val_acc: 0.3750
Epoch 290/500
Epoch 00289: val_acc did not improve
0s - loss: 0.0024 - acc: 1.0000 - val_loss: 5.5320 - val_acc: 0.3500
Epoch 291/500
Epoch 00290: val_acc did not improve
0s - loss: 0.0023 - acc: 1.0000 - val_loss: 5.5633 - val_acc: 0.3500
Epoch 292/500
Epoch 00291: val_acc did not improve
0s - loss: 0.0023 - acc: 1.0000 - val_loss: 5.5373 - val_acc: 0.3750
Epoch 293/500
Epoch 00292: val_acc did not improve
0s - loss: 0.0022 - acc: 1.0000 - val_loss: 5.5639 - val_acc: 0.3750
Epoch 294/500
Epoch 00293: val_acc did not improve
0s - loss: 0.0023 - acc: 1.0000 - val_loss: 5.5771 - val_acc: 0.3750
Epoch 295/500
Epoch 00294: val_acc did not improve
0s - loss: 0.0023 - acc: 1.0000 - val_loss: 5.5735 - val_acc: 0.3500
Epoch 296/500
Epoch 00295: val_acc did not improve
0s - loss: 0.0022 - acc: 1.0000 - val_loss: 5.5655 - val_acc: 0.3500
Epoch 297/500
Epoch 00296: val_acc did not improve
0s - loss: 0.0021 - acc: 1.0000 - val_loss: 5.5686 - val_acc: 0.4000
Epoch 298/500
Epoch 00297: val_acc did not improve
0s - loss: 0.0021 - acc: 1.0000 - val_loss: 5.5979 - val_acc: 0.3500
Epoch 299/500
Epoch 00298: val_acc did not improve
0s - loss: 0.0021 - acc: 1.0000 - val_loss: 5.5944 - val_acc: 0.3750
Epoch 300/500
Epoch 00299: val_acc did not improve
0s - loss: 0.0021 - acc: 1.0000 - val_loss: 5.5911 - val_acc: 0.3750
Epoch 301/500
Epoch 00300: val_acc did not improve
0s - loss: 0.0021 - acc: 1.0000 - val_loss: 5.6053 - val_acc: 0.3500
Epoch 302/500
Epoch 00301: val_acc did not improve
0s - loss: 0.0020 - acc: 1.0000 - val_loss: 5.5955 - val_acc: 0.4000
Epoch 303/500
Epoch 00302: val_acc did not improve
0s - loss: 0.0020 - acc: 1.0000 - val_loss: 5.6063 - val_acc: 0.3500
Epoch 304/500
Epoch 00303: val_acc did not improve
0s - loss: 0.0019 - acc: 1.0000 - val_loss: 5.6214 - val_acc: 0.3750
Epoch 305/500
Epoch 00304: val_acc did not improve
0s - loss: 0.0019 - acc: 1.0000 - val_loss: 5.6123 - val_acc: 0.3750
Epoch 306/500
Epoch 00305: val_acc did not improve
0s - loss: 0.0019 - acc: 1.0000 - val_loss: 5.6289 - val_acc: 0.3750
Epoch 307/500
Epoch 00306: val_acc did not improve
0s - loss: 0.0020 - acc: 1.0000 - val_loss: 5.6052 - val_acc: 0.3750
Epoch 308/500
Epoch 00307: val_acc did not improve
0s - loss: 0.0019 - acc: 1.0000 - val_loss: 5.6247 - val_acc: 0.3750
Epoch 309/500
Epoch 00308: val_acc did not improve
0s - loss: 0.0020 - acc: 1.0000 - val_loss: 5.6179 - val_acc: 0.3750
Epoch 310/500
Epoch 00309: val_acc did not improve
0s - loss: 0.0019 - acc: 1.0000 - val_loss: 5.6493 - val_acc: 0.3750
Epoch 311/500
Epoch 00310: val_acc did not improve
0s - loss: 0.0018 - acc: 1.0000 - val_loss: 5.6451 - val_acc: 0.3750
Epoch 312/500
Epoch 00311: val_acc did not improve
0s - loss: 0.0018 - acc: 1.0000 - val_loss: 5.6367 - val_acc: 0.3750
Epoch 313/500
Epoch 00312: val_acc did not improve
0s - loss: 0.0018 - acc: 1.0000 - val_loss: 5.6358 - val_acc: 0.3750
Epoch 314/500
Epoch 00313: val_acc did not improve
0s - loss: 0.0017 - acc: 1.0000 - val_loss: 5.6578 - val_acc: 0.3500
Epoch 315/500
Epoch 00314: val_acc did not improve
0s - loss: 0.0017 - acc: 1.0000 - val_loss: 5.6650 - val_acc: 0.3750
Epoch 316/500
Epoch 00315: val_acc did not improve
0s - loss: 0.0017 - acc: 1.0000 - val_loss: 5.6690 - val_acc: 0.3750
Epoch 317/500
Epoch 00316: val_acc did not improve
0s - loss: 0.0017 - acc: 1.0000 - val_loss: 5.6422 - val_acc: 0.3750
Epoch 318/500
Epoch 00317: val_acc did not improve
0s - loss: 0.0017 - acc: 1.0000 - val_loss: 5.6757 - val_acc: 0.3750
Epoch 319/500
Epoch 00318: val_acc did not improve
0s - loss: 0.0017 - acc: 1.0000 - val_loss: 5.6595 - val_acc: 0.3500
Epoch 320/500
Epoch 00319: val_acc did not improve
0s - loss: 0.0016 - acc: 1.0000 - val_loss: 5.6834 - val_acc: 0.3750
Epoch 321/500
Epoch 00320: val_acc did not improve
0s - loss: 0.0015 - acc: 1.0000 - val_loss: 5.6616 - val_acc: 0.4000
Epoch 322/500
Epoch 00321: val_acc did not improve
0s - loss: 0.0016 - acc: 1.0000 - val_loss: 5.6919 - val_acc: 0.3500
Epoch 323/500
Epoch 00322: val_acc did not improve
0s - loss: 0.0015 - acc: 1.0000 - val_loss: 5.7119 - val_acc: 0.3750
Epoch 324/500
Epoch 00323: val_acc did not improve
0s - loss: 0.0015 - acc: 1.0000 - val_loss: 5.6916 - val_acc: 0.4000
Epoch 325/500
Epoch 00324: val_acc did not improve
0s - loss: 0.0015 - acc: 1.0000 - val_loss: 5.7136 - val_acc: 0.3500
Epoch 326/500
Epoch 00325: val_acc did not improve
0s - loss: 0.0016 - acc: 1.0000 - val_loss: 5.7059 - val_acc: 0.3750
Epoch 327/500
Epoch 00326: val_acc did not improve
0s - loss: 0.0015 - acc: 1.0000 - val_loss: 5.6877 - val_acc: 0.3750
Epoch 328/500
Epoch 00327: val_acc did not improve
0s - loss: 0.0015 - acc: 1.0000 - val_loss: 5.6953 - val_acc: 0.4000
Epoch 329/500
Epoch 00328: val_acc did not improve
0s - loss: 0.0014 - acc: 1.0000 - val_loss: 5.7279 - val_acc: 0.3500
Epoch 330/500
Epoch 00329: val_acc did not improve
0s - loss: 0.0014 - acc: 1.0000 - val_loss: 5.7115 - val_acc: 0.3750
Epoch 331/500
Epoch 00330: val_acc did not improve
0s - loss: 0.0014 - acc: 1.0000 - val_loss: 5.7255 - val_acc: 0.3500
Epoch 332/500
Epoch 00331: val_acc did not improve
0s - loss: 0.0014 - acc: 1.0000 - val_loss: 5.7212 - val_acc: 0.3750
Epoch 333/500
Epoch 00332: val_acc did not improve
0s - loss: 0.0014 - acc: 1.0000 - val_loss: 5.7323 - val_acc: 0.4000
Epoch 334/500
Epoch 00333: val_acc did not improve
0s - loss: 0.0014 - acc: 1.0000 - val_loss: 5.7543 - val_acc: 0.3500
Epoch 335/500
Epoch 00334: val_acc did not improve
0s - loss: 0.0013 - acc: 1.0000 - val_loss: 5.7430 - val_acc: 0.3750
Epoch 336/500
Epoch 00335: val_acc did not improve
0s - loss: 0.0013 - acc: 1.0000 - val_loss: 5.7327 - val_acc: 0.3500
Epoch 337/500
Epoch 00336: val_acc did not improve
0s - loss: 0.0013 - acc: 1.0000 - val_loss: 5.7717 - val_acc: 0.3750
Epoch 338/500
Epoch 00337: val_acc did not improve
0s - loss: 0.0013 - acc: 1.0000 - val_loss: 5.7485 - val_acc: 0.3750
Epoch 339/500
Epoch 00338: val_acc did not improve
0s - loss: 0.0013 - acc: 1.0000 - val_loss: 5.7474 - val_acc: 0.3750
Epoch 340/500
Epoch 00339: val_acc did not improve
0s - loss: 0.0012 - acc: 1.0000 - val_loss: 5.7620 - val_acc: 0.3500
Epoch 341/500
Epoch 00340: val_acc did not improve
0s - loss: 0.0012 - acc: 1.0000 - val_loss: 5.7792 - val_acc: 0.3500
Epoch 342/500
Epoch 00341: val_acc did not improve
0s - loss: 0.0013 - acc: 1.0000 - val_loss: 5.7706 - val_acc: 0.3750
Epoch 343/500
Epoch 00342: val_acc did not improve
0s - loss: 0.0012 - acc: 1.0000 - val_loss: 5.7501 - val_acc: 0.3750
Epoch 344/500
Epoch 00343: val_acc did not improve
0s - loss: 0.0012 - acc: 1.0000 - val_loss: 5.8036 - val_acc: 0.3750
Epoch 345/500
Epoch 00344: val_acc did not improve
0s - loss: 0.0012 - acc: 1.0000 - val_loss: 5.7892 - val_acc: 0.3500
Epoch 346/500
Epoch 00345: val_acc did not improve
0s - loss: 0.0012 - acc: 1.0000 - val_loss: 5.7810 - val_acc: 0.3750
Epoch 347/500
Epoch 00346: val_acc did not improve
0s - loss: 0.0012 - acc: 1.0000 - val_loss: 5.7870 - val_acc: 0.3750
Epoch 348/500
Epoch 00347: val_acc did not improve
0s - loss: 0.0011 - acc: 1.0000 - val_loss: 5.7990 - val_acc: 0.3500
Epoch 349/500
Epoch 00348: val_acc did not improve
0s - loss: 0.0011 - acc: 1.0000 - val_loss: 5.8251 - val_acc: 0.3750
Epoch 350/500
Epoch 00349: val_acc did not improve
0s - loss: 0.0011 - acc: 1.0000 - val_loss: 5.7818 - val_acc: 0.3750
Epoch 351/500
Epoch 00350: val_acc did not improve
0s - loss: 0.0011 - acc: 1.0000 - val_loss: 5.8281 - val_acc: 0.3750
Epoch 352/500
Epoch 00351: val_acc did not improve
0s - loss: 0.0011 - acc: 1.0000 - val_loss: 5.7996 - val_acc: 0.3500
Epoch 353/500
Epoch 00352: val_acc did not improve
0s - loss: 0.0011 - acc: 1.0000 - val_loss: 5.8339 - val_acc: 0.3750
Epoch 354/500
Epoch 00353: val_acc did not improve
0s - loss: 0.0011 - acc: 1.0000 - val_loss: 5.8188 - val_acc: 0.3750
Epoch 355/500
Epoch 00354: val_acc did not improve
0s - loss: 0.0011 - acc: 1.0000 - val_loss: 5.8235 - val_acc: 0.3750
Epoch 356/500
Epoch 00355: val_acc did not improve
0s - loss: 0.0011 - acc: 1.0000 - val_loss: 5.8197 - val_acc: 0.3750
Epoch 357/500
Epoch 00356: val_acc did not improve
0s - loss: 0.0010 - acc: 1.0000 - val_loss: 5.8428 - val_acc: 0.3500
Epoch 358/500
Epoch 00357: val_acc did not improve
0s - loss: 0.0011 - acc: 1.0000 - val_loss: 5.8372 - val_acc: 0.3750
Epoch 359/500
Epoch 00358: val_acc did not improve
0s - loss: 0.0010 - acc: 1.0000 - val_loss: 5.8388 - val_acc: 0.3500
Epoch 360/500
Epoch 00359: val_acc did not improve
0s - loss: 0.0010 - acc: 1.0000 - val_loss: 5.8427 - val_acc: 0.3500
Epoch 361/500
Epoch 00360: val_acc did not improve
0s - loss: 0.0010 - acc: 1.0000 - val_loss: 5.8578 - val_acc: 0.3750
Epoch 362/500
Epoch 00361: val_acc did not improve
0s - loss: 9.9910e-04 - acc: 1.0000 - val_loss: 5.8343 - val_acc: 0.3500
Epoch 363/500
Epoch 00362: val_acc did not improve
0s - loss: 9.7311e-04 - acc: 1.0000 - val_loss: 5.8445 - val_acc: 0.4000
Epoch 364/500
Epoch 00363: val_acc did not improve
0s - loss: 9.7469e-04 - acc: 1.0000 - val_loss: 5.8592 - val_acc: 0.3500
Epoch 365/500
Epoch 00364: val_acc did not improve
0s - loss: 9.4215e-04 - acc: 1.0000 - val_loss: 5.8504 - val_acc: 0.3750
Epoch 366/500
Epoch 00365: val_acc did not improve
0s - loss: 9.6956e-04 - acc: 1.0000 - val_loss: 5.8747 - val_acc: 0.3750
Epoch 367/500
Epoch 00366: val_acc did not improve
0s - loss: 9.1449e-04 - acc: 1.0000 - val_loss: 5.8510 - val_acc: 0.3750
Epoch 368/500
Epoch 00367: val_acc did not improve
0s - loss: 8.9987e-04 - acc: 1.0000 - val_loss: 5.8912 - val_acc: 0.3750
Epoch 369/500
Epoch 00368: val_acc did not improve
0s - loss: 9.1894e-04 - acc: 1.0000 - val_loss: 5.8607 - val_acc: 0.4000
Epoch 370/500
Epoch 00369: val_acc did not improve
0s - loss: 9.1751e-04 - acc: 1.0000 - val_loss: 5.8950 - val_acc: 0.3750
Epoch 371/500
Epoch 00370: val_acc did not improve
0s - loss: 8.6995e-04 - acc: 1.0000 - val_loss: 5.8530 - val_acc: 0.3750
Epoch 372/500
Epoch 00371: val_acc did not improve
0s - loss: 8.7621e-04 - acc: 1.0000 - val_loss: 5.8925 - val_acc: 0.3750
Epoch 373/500
Epoch 00372: val_acc did not improve
0s - loss: 8.6429e-04 - acc: 1.0000 - val_loss: 5.8880 - val_acc: 0.3750
Epoch 374/500
Epoch 00373: val_acc did not improve
0s - loss: 8.7250e-04 - acc: 1.0000 - val_loss: 5.9026 - val_acc: 0.3750
Epoch 375/500
Epoch 00374: val_acc did not improve
0s - loss: 8.3218e-04 - acc: 1.0000 - val_loss: 5.8822 - val_acc: 0.3750
Epoch 376/500
Epoch 00375: val_acc did not improve
0s - loss: 8.2250e-04 - acc: 1.0000 - val_loss: 5.9054 - val_acc: 0.3750
Epoch 377/500
Epoch 00376: val_acc did not improve
0s - loss: 8.2543e-04 - acc: 1.0000 - val_loss: 5.9258 - val_acc: 0.3750
Epoch 378/500
Epoch 00377: val_acc did not improve
0s - loss: 8.7974e-04 - acc: 1.0000 - val_loss: 5.8903 - val_acc: 0.4000
Epoch 379/500
Epoch 00378: val_acc did not improve
0s - loss: 8.1691e-04 - acc: 1.0000 - val_loss: 5.9162 - val_acc: 0.3750
Epoch 380/500
Epoch 00379: val_acc did not improve
0s - loss: 8.0831e-04 - acc: 1.0000 - val_loss: 5.9340 - val_acc: 0.3500
Epoch 381/500
Epoch 00380: val_acc did not improve
0s - loss: 8.1120e-04 - acc: 1.0000 - val_loss: 5.9066 - val_acc: 0.3750
Epoch 382/500
Epoch 00381: val_acc did not improve
0s - loss: 8.0933e-04 - acc: 1.0000 - val_loss: 5.9050 - val_acc: 0.3750
Epoch 383/500
Epoch 00382: val_acc did not improve
0s - loss: 8.0782e-04 - acc: 1.0000 - val_loss: 5.9013 - val_acc: 0.3500
Epoch 384/500
Epoch 00383: val_acc did not improve
0s - loss: 7.9204e-04 - acc: 1.0000 - val_loss: 5.9357 - val_acc: 0.3750
Epoch 385/500
Epoch 00384: val_acc did not improve
0s - loss: 7.7975e-04 - acc: 1.0000 - val_loss: 5.9317 - val_acc: 0.3500
Epoch 386/500
Epoch 00385: val_acc did not improve
0s - loss: 7.4523e-04 - acc: 1.0000 - val_loss: 5.9616 - val_acc: 0.3750
Epoch 387/500
Epoch 00386: val_acc did not improve
0s - loss: 7.4908e-04 - acc: 1.0000 - val_loss: 5.9665 - val_acc: 0.3750
Epoch 388/500
Epoch 00387: val_acc did not improve
0s - loss: 7.3325e-04 - acc: 1.0000 - val_loss: 5.9396 - val_acc: 0.3750
Epoch 389/500
Epoch 00388: val_acc did not improve
0s - loss: 7.2071e-04 - acc: 1.0000 - val_loss: 5.9571 - val_acc: 0.3750
Epoch 390/500
Epoch 00389: val_acc did not improve
0s - loss: 7.1181e-04 - acc: 1.0000 - val_loss: 5.9488 - val_acc: 0.3750
Epoch 391/500
Epoch 00390: val_acc did not improve
0s - loss: 7.0056e-04 - acc: 1.0000 - val_loss: 5.9721 - val_acc: 0.3750
Epoch 392/500
Epoch 00391: val_acc did not improve
0s - loss: 6.8959e-04 - acc: 1.0000 - val_loss: 5.9475 - val_acc: 0.3750
Epoch 393/500
Epoch 00392: val_acc did not improve
0s - loss: 6.7930e-04 - acc: 1.0000 - val_loss: 5.9691 - val_acc: 0.3750
Epoch 394/500
Epoch 00393: val_acc did not improve
0s - loss: 6.7862e-04 - acc: 1.0000 - val_loss: 5.9729 - val_acc: 0.3750
Epoch 395/500
Epoch 00394: val_acc did not improve
0s - loss: 6.8038e-04 - acc: 1.0000 - val_loss: 5.9813 - val_acc: 0.3750
Epoch 396/500
Epoch 00395: val_acc did not improve
0s - loss: 6.5401e-04 - acc: 1.0000 - val_loss: 5.9705 - val_acc: 0.3750
Epoch 397/500
Epoch 00396: val_acc did not improve
0s - loss: 6.9488e-04 - acc: 1.0000 - val_loss: 5.9969 - val_acc: 0.3750
Epoch 398/500
Epoch 00397: val_acc did not improve
0s - loss: 6.7171e-04 - acc: 1.0000 - val_loss: 5.9755 - val_acc: 0.3750
Epoch 399/500
Epoch 00398: val_acc did not improve
0s - loss: 6.3271e-04 - acc: 1.0000 - val_loss: 5.9928 - val_acc: 0.3750
Epoch 400/500
Epoch 00399: val_acc did not improve
0s - loss: 6.4377e-04 - acc: 1.0000 - val_loss: 5.9847 - val_acc: 0.3750
Epoch 401/500
Epoch 00400: val_acc did not improve
0s - loss: 6.4184e-04 - acc: 1.0000 - val_loss: 5.9958 - val_acc: 0.3750
Epoch 402/500
Epoch 00401: val_acc did not improve
0s - loss: 6.1371e-04 - acc: 1.0000 - val_loss: 5.9897 - val_acc: 0.3750
Epoch 403/500
Epoch 00402: val_acc did not improve
0s - loss: 6.3045e-04 - acc: 1.0000 - val_loss: 5.9897 - val_acc: 0.3750
Epoch 404/500
Epoch 00403: val_acc did not improve
0s - loss: 6.2210e-04 - acc: 1.0000 - val_loss: 6.0214 - val_acc: 0.3750
Epoch 405/500
Epoch 00404: val_acc did not improve
0s - loss: 6.5539e-04 - acc: 1.0000 - val_loss: 5.9998 - val_acc: 0.3750
Epoch 406/500
Epoch 00405: val_acc did not improve
0s - loss: 6.0343e-04 - acc: 1.0000 - val_loss: 6.0399 - val_acc: 0.3750
Epoch 407/500
Epoch 00406: val_acc did not improve
0s - loss: 6.1590e-04 - acc: 1.0000 - val_loss: 6.0097 - val_acc: 0.3750
Epoch 408/500
Epoch 00407: val_acc did not improve
0s - loss: 5.9293e-04 - acc: 1.0000 - val_loss: 6.0274 - val_acc: 0.3750
Epoch 409/500
Epoch 00408: val_acc did not improve
0s - loss: 5.8166e-04 - acc: 1.0000 - val_loss: 6.0078 - val_acc: 0.3500
Epoch 410/500
Epoch 00409: val_acc did not improve
0s - loss: 5.7016e-04 - acc: 1.0000 - val_loss: 6.0554 - val_acc: 0.3750
Epoch 411/500
Epoch 00410: val_acc did not improve
0s - loss: 5.7775e-04 - acc: 1.0000 - val_loss: 6.0243 - val_acc: 0.3750
Epoch 412/500
Epoch 00411: val_acc did not improve
0s - loss: 5.9018e-04 - acc: 1.0000 - val_loss: 6.0405 - val_acc: 0.3750
Epoch 413/500
Epoch 00412: val_acc did not improve
0s - loss: 5.5721e-04 - acc: 1.0000 - val_loss: 6.0349 - val_acc: 0.3750
Epoch 414/500
Epoch 00413: val_acc did not improve
0s - loss: 5.4897e-04 - acc: 1.0000 - val_loss: 6.0465 - val_acc: 0.3750
Epoch 415/500
Epoch 00414: val_acc did not improve
0s - loss: 5.4106e-04 - acc: 1.0000 - val_loss: 6.0509 - val_acc: 0.3750
Epoch 416/500
Epoch 00415: val_acc did not improve
0s - loss: 5.3175e-04 - acc: 1.0000 - val_loss: 6.0467 - val_acc: 0.3750
Epoch 417/500
Epoch 00416: val_acc did not improve
0s - loss: 5.3649e-04 - acc: 1.0000 - val_loss: 6.0650 - val_acc: 0.3750
Epoch 418/500
Epoch 00417: val_acc did not improve
0s - loss: 5.2389e-04 - acc: 1.0000 - val_loss: 6.0753 - val_acc: 0.3750
Epoch 419/500
Epoch 00418: val_acc did not improve
0s - loss: 5.2055e-04 - acc: 1.0000 - val_loss: 6.0633 - val_acc: 0.3750
Epoch 420/500
Epoch 00419: val_acc did not improve
0s - loss: 5.1463e-04 - acc: 1.0000 - val_loss: 6.0813 - val_acc: 0.3750
Epoch 421/500
Epoch 00420: val_acc did not improve
0s - loss: 5.0559e-04 - acc: 1.0000 - val_loss: 6.0760 - val_acc: 0.3750
Epoch 422/500
Epoch 00421: val_acc did not improve
0s - loss: 5.0996e-04 - acc: 1.0000 - val_loss: 6.0561 - val_acc: 0.3500
Epoch 423/500
Epoch 00422: val_acc did not improve
0s - loss: 5.0245e-04 - acc: 1.0000 - val_loss: 6.0837 - val_acc: 0.3750
Epoch 424/500
Epoch 00423: val_acc did not improve
0s - loss: 4.9084e-04 - acc: 1.0000 - val_loss: 6.0857 - val_acc: 0.3500
Epoch 425/500
Epoch 00424: val_acc did not improve
0s - loss: 5.0095e-04 - acc: 1.0000 - val_loss: 6.0669 - val_acc: 0.3750
Epoch 426/500
Epoch 00425: val_acc did not improve
0s - loss: 4.7945e-04 - acc: 1.0000 - val_loss: 6.0924 - val_acc: 0.3750
Epoch 427/500
Epoch 00426: val_acc did not improve
0s - loss: 4.9558e-04 - acc: 1.0000 - val_loss: 6.1023 - val_acc: 0.3750
Epoch 428/500
Epoch 00427: val_acc did not improve
0s - loss: 4.9903e-04 - acc: 1.0000 - val_loss: 6.1183 - val_acc: 0.3750
Epoch 429/500
Epoch 00428: val_acc did not improve
0s - loss: 4.8054e-04 - acc: 1.0000 - val_loss: 6.0933 - val_acc: 0.3750
Epoch 430/500
Epoch 00429: val_acc did not improve
0s - loss: 4.7033e-04 - acc: 1.0000 - val_loss: 6.0905 - val_acc: 0.3750
Epoch 431/500
Epoch 00430: val_acc did not improve
0s - loss: 4.6916e-04 - acc: 1.0000 - val_loss: 6.0947 - val_acc: 0.3750
Epoch 432/500
Epoch 00431: val_acc did not improve
0s - loss: 4.6773e-04 - acc: 1.0000 - val_loss: 6.0981 - val_acc: 0.3750
Epoch 433/500
Epoch 00432: val_acc did not improve
0s - loss: 4.4379e-04 - acc: 1.0000 - val_loss: 6.1166 - val_acc: 0.3750
Epoch 434/500
Epoch 00433: val_acc did not improve
0s - loss: 4.4646e-04 - acc: 1.0000 - val_loss: 6.1139 - val_acc: 0.3750
Epoch 435/500
Epoch 00434: val_acc did not improve
0s - loss: 4.4995e-04 - acc: 1.0000 - val_loss: 6.1151 - val_acc: 0.3750
Epoch 436/500
Epoch 00435: val_acc did not improve
0s - loss: 4.3304e-04 - acc: 1.0000 - val_loss: 6.1317 - val_acc: 0.3750
Epoch 437/500
Epoch 00436: val_acc did not improve
0s - loss: 4.3432e-04 - acc: 1.0000 - val_loss: 6.1344 - val_acc: 0.3750
Epoch 438/500
Epoch 00437: val_acc did not improve
0s - loss: 4.2576e-04 - acc: 1.0000 - val_loss: 6.1277 - val_acc: 0.3750
Epoch 439/500
Epoch 00438: val_acc did not improve
0s - loss: 4.3155e-04 - acc: 1.0000 - val_loss: 6.1319 - val_acc: 0.3750
Epoch 440/500
Epoch 00439: val_acc did not improve
0s - loss: 4.3276e-04 - acc: 1.0000 - val_loss: 6.1314 - val_acc: 0.3750
Epoch 441/500
Epoch 00440: val_acc did not improve
0s - loss: 4.1398e-04 - acc: 1.0000 - val_loss: 6.1367 - val_acc: 0.3750
Epoch 442/500
Epoch 00441: val_acc did not improve
0s - loss: 4.1565e-04 - acc: 1.0000 - val_loss: 6.1509 - val_acc: 0.3500
Epoch 443/500
Epoch 00442: val_acc did not improve
0s - loss: 4.0131e-04 - acc: 1.0000 - val_loss: 6.1537 - val_acc: 0.3750
Epoch 444/500
Epoch 00443: val_acc did not improve
0s - loss: 4.0007e-04 - acc: 1.0000 - val_loss: 6.1285 - val_acc: 0.3750
Epoch 445/500
Epoch 00444: val_acc did not improve
0s - loss: 4.0059e-04 - acc: 1.0000 - val_loss: 6.1702 - val_acc: 0.3750
Epoch 446/500
Epoch 00445: val_acc did not improve
0s - loss: 3.9910e-04 - acc: 1.0000 - val_loss: 6.1530 - val_acc: 0.3750
Epoch 447/500
Epoch 00446: val_acc did not improve
0s - loss: 3.9019e-04 - acc: 1.0000 - val_loss: 6.1629 - val_acc: 0.3750
Epoch 448/500
Epoch 00447: val_acc did not improve
0s - loss: 3.8443e-04 - acc: 1.0000 - val_loss: 6.1759 - val_acc: 0.3750
Epoch 449/500
Epoch 00448: val_acc did not improve
0s - loss: 3.9952e-04 - acc: 1.0000 - val_loss: 6.1740 - val_acc: 0.3750
Epoch 450/500
Epoch 00449: val_acc did not improve
0s - loss: 3.8698e-04 - acc: 1.0000 - val_loss: 6.1737 - val_acc: 0.3750
Epoch 451/500
Epoch 00450: val_acc did not improve
0s - loss: 3.6882e-04 - acc: 1.0000 - val_loss: 6.1905 - val_acc: 0.3750
Epoch 452/500
Epoch 00451: val_acc did not improve
0s - loss: 3.6839e-04 - acc: 1.0000 - val_loss: 6.1819 - val_acc: 0.3750
Epoch 453/500
Epoch 00452: val_acc did not improve
0s - loss: 3.6687e-04 - acc: 1.0000 - val_loss: 6.1877 - val_acc: 0.3750
Epoch 454/500
Epoch 00453: val_acc did not improve
0s - loss: 3.7198e-04 - acc: 1.0000 - val_loss: 6.1889 - val_acc: 0.3750
Epoch 455/500
Epoch 00454: val_acc did not improve
0s - loss: 3.6124e-04 - acc: 1.0000 - val_loss: 6.1875 - val_acc: 0.3750
Epoch 456/500
Epoch 00455: val_acc did not improve
0s - loss: 3.5387e-04 - acc: 1.0000 - val_loss: 6.2048 - val_acc: 0.3750
Epoch 457/500
Epoch 00456: val_acc did not improve
0s - loss: 3.5207e-04 - acc: 1.0000 - val_loss: 6.1953 - val_acc: 0.3750
Epoch 458/500
Epoch 00457: val_acc did not improve
0s - loss: 3.4668e-04 - acc: 1.0000 - val_loss: 6.2021 - val_acc: 0.3750
Epoch 459/500
Epoch 00458: val_acc did not improve
0s - loss: 3.4875e-04 - acc: 1.0000 - val_loss: 6.2075 - val_acc: 0.3750
Epoch 460/500
Epoch 00459: val_acc did not improve
0s - loss: 3.3764e-04 - acc: 1.0000 - val_loss: 6.2059 - val_acc: 0.3750
Epoch 461/500
Epoch 00460: val_acc did not improve
0s - loss: 3.3378e-04 - acc: 1.0000 - val_loss: 6.2052 - val_acc: 0.3750
Epoch 462/500
Epoch 00461: val_acc did not improve
0s - loss: 3.3370e-04 - acc: 1.0000 - val_loss: 6.2030 - val_acc: 0.3750
Epoch 463/500
Epoch 00462: val_acc did not improve
0s - loss: 3.3118e-04 - acc: 1.0000 - val_loss: 6.2197 - val_acc: 0.3750
Epoch 464/500
Epoch 00463: val_acc did not improve
0s - loss: 3.2878e-04 - acc: 1.0000 - val_loss: 6.2210 - val_acc: 0.3750
Epoch 465/500
Epoch 00464: val_acc did not improve
0s - loss: 3.2469e-04 - acc: 1.0000 - val_loss: 6.2231 - val_acc: 0.3750
Epoch 466/500
Epoch 00465: val_acc did not improve
0s - loss: 3.2036e-04 - acc: 1.0000 - val_loss: 6.2111 - val_acc: 0.3750
Epoch 467/500
Epoch 00466: val_acc did not improve
0s - loss: 3.1970e-04 - acc: 1.0000 - val_loss: 6.2326 - val_acc: 0.3750
Epoch 468/500
Epoch 00467: val_acc did not improve
0s - loss: 3.1156e-04 - acc: 1.0000 - val_loss: 6.2284 - val_acc: 0.3750
Epoch 469/500
Epoch 00468: val_acc did not improve
0s - loss: 3.1318e-04 - acc: 1.0000 - val_loss: 6.2305 - val_acc: 0.3750
Epoch 470/500
Epoch 00469: val_acc did not improve
0s - loss: 3.0781e-04 - acc: 1.0000 - val_loss: 6.2305 - val_acc: 0.3750
Epoch 471/500
Epoch 00470: val_acc did not improve
0s - loss: 3.0076e-04 - acc: 1.0000 - val_loss: 6.2468 - val_acc: 0.3750
Epoch 472/500
Epoch 00471: val_acc did not improve
0s - loss: 3.0036e-04 - acc: 1.0000 - val_loss: 6.2447 - val_acc: 0.3750
Epoch 473/500
Epoch 00472: val_acc did not improve
0s - loss: 2.9846e-04 - acc: 1.0000 - val_loss: 6.2534 - val_acc: 0.3750
Epoch 474/500
Epoch 00473: val_acc did not improve
0s - loss: 3.0334e-04 - acc: 1.0000 - val_loss: 6.2431 - val_acc: 0.3750
Epoch 475/500
Epoch 00474: val_acc did not improve
0s - loss: 2.9434e-04 - acc: 1.0000 - val_loss: 6.2430 - val_acc: 0.3750
Epoch 476/500
Epoch 00475: val_acc did not improve
0s - loss: 2.8826e-04 - acc: 1.0000 - val_loss: 6.2449 - val_acc: 0.3750
Epoch 477/500
Epoch 00476: val_acc did not improve
0s - loss: 2.8728e-04 - acc: 1.0000 - val_loss: 6.2537 - val_acc: 0.3750
Epoch 478/500
Epoch 00477: val_acc did not improve
0s - loss: 2.8508e-04 - acc: 1.0000 - val_loss: 6.2544 - val_acc: 0.3750
Epoch 479/500
Epoch 00478: val_acc did not improve
0s - loss: 2.8049e-04 - acc: 1.0000 - val_loss: 6.2539 - val_acc: 0.3750
Epoch 480/500
Epoch 00479: val_acc did not improve
0s - loss: 2.8386e-04 - acc: 1.0000 - val_loss: 6.2763 - val_acc: 0.3750
Epoch 481/500
Epoch 00480: val_acc did not improve
0s - loss: 2.7956e-04 - acc: 1.0000 - val_loss: 6.2773 - val_acc: 0.3750
Epoch 482/500
Epoch 00481: val_acc did not improve
0s - loss: 2.7033e-04 - acc: 1.0000 - val_loss: 6.2633 - val_acc: 0.3750
Epoch 483/500
Epoch 00482: val_acc did not improve
0s - loss: 2.7014e-04 - acc: 1.0000 - val_loss: 6.2799 - val_acc: 0.3750
Epoch 484/500
Epoch 00483: val_acc did not improve
0s - loss: 2.6957e-04 - acc: 1.0000 - val_loss: 6.2755 - val_acc: 0.3750
Epoch 485/500
Epoch 00484: val_acc did not improve
0s - loss: 2.6283e-04 - acc: 1.0000 - val_loss: 6.2837 - val_acc: 0.3750
Epoch 486/500
Epoch 00485: val_acc did not improve
0s - loss: 2.5802e-04 - acc: 1.0000 - val_loss: 6.2730 - val_acc: 0.3750
Epoch 487/500
Epoch 00486: val_acc did not improve
0s - loss: 2.6188e-04 - acc: 1.0000 - val_loss: 6.2659 - val_acc: 0.3750
Epoch 488/500
Epoch 00487: val_acc did not improve
0s - loss: 2.6158e-04 - acc: 1.0000 - val_loss: 6.2948 - val_acc: 0.3750
Epoch 489/500
Epoch 00488: val_acc did not improve
0s - loss: 2.6001e-04 - acc: 1.0000 - val_loss: 6.3172 - val_acc: 0.3750
Epoch 490/500
Epoch 00489: val_acc did not improve
0s - loss: 2.5256e-04 - acc: 1.0000 - val_loss: 6.2867 - val_acc: 0.3750
Epoch 491/500
Epoch 00490: val_acc did not improve
0s - loss: 2.5514e-04 - acc: 1.0000 - val_loss: 6.2793 - val_acc: 0.3750
Epoch 492/500
Epoch 00491: val_acc did not improve
0s - loss: 2.5003e-04 - acc: 1.0000 - val_loss: 6.3047 - val_acc: 0.3750
Epoch 493/500
Epoch 00492: val_acc did not improve
0s - loss: 2.5815e-04 - acc: 1.0000 - val_loss: 6.2994 - val_acc: 0.3750
Epoch 494/500
Epoch 00493: val_acc did not improve
0s - loss: 2.4634e-04 - acc: 1.0000 - val_loss: 6.3147 - val_acc: 0.3500
Epoch 495/500
Epoch 00494: val_acc did not improve
0s - loss: 2.4403e-04 - acc: 1.0000 - val_loss: 6.2853 - val_acc: 0.3750
Epoch 496/500
Epoch 00495: val_acc did not improve
0s - loss: 2.3804e-04 - acc: 1.0000 - val_loss: 6.3297 - val_acc: 0.3750
Epoch 497/500
Epoch 00496: val_acc did not improve
0s - loss: 2.4439e-04 - acc: 1.0000 - val_loss: 6.3097 - val_acc: 0.3750
Epoch 498/500
Epoch 00497: val_acc did not improve
0s - loss: 2.4267e-04 - acc: 1.0000 - val_loss: 6.3208 - val_acc: 0.3750
Epoch 499/500
Epoch 00498: val_acc did not improve
0s - loss: 2.4103e-04 - acc: 1.0000 - val_loss: 6.3216 - val_acc: 0.3500
Epoch 500/500
Epoch 00499: val_acc did not improve
0s - loss: 2.4226e-04 - acc: 1.0000 - val_loss: 6.3285 - val_acc: 0.3750
Test score: 6.32853384018
Test accuracy: 0.375
