max: 12633.0
X_train shape: (160, 1, 8000, 59)
160 train samples
40 test samples
y_train shape: (160, 2)
y_test shape: (40, 2)
____________________________________________________________________________________________________
Layer (type)                     Output Shape          Param #     Connected to                     
====================================================================================================
convolution2d_1 (Convolution2D)  (None, 40, 8000, 59)  240         convolution2d_input_1[0][0]      
____________________________________________________________________________________________________
activation_1 (Activation)        (None, 40, 8000, 59)  0           convolution2d_1[0][0]            
____________________________________________________________________________________________________
maxpooling2d_1 (MaxPooling2D)    (None, 40, 4000, 59)  0           activation_1[0][0]               
____________________________________________________________________________________________________
convolution2d_2 (Convolution2D)  (None, 40, 4000, 59)  800040      maxpooling2d_1[0][0]             
____________________________________________________________________________________________________
activation_2 (Activation)        (None, 40, 4000, 59)  0           convolution2d_2[0][0]            
____________________________________________________________________________________________________
maxpooling2d_2 (MaxPooling2D)    (None, 40, 400, 59)   0           activation_2[0][0]               
____________________________________________________________________________________________________
permute_1 (Permute)              (None, 400, 40, 59)   0           maxpooling2d_2[0][0]             
____________________________________________________________________________________________________
reshape_1 (Reshape)              (None, 400, 2360)     0           permute_1[0][0]                  
____________________________________________________________________________________________________
lstm_1 (LSTM)                    (None, 400, 128)      1274368     reshape_1[0][0]                  
____________________________________________________________________________________________________
lstm_2 (LSTM)                    (None, 128)           131584      lstm_1[0][0]                     
____________________________________________________________________________________________________
dense_1 (Dense)                  (None, 2)             258         lstm_2[0][0]                     
____________________________________________________________________________________________________
activation_3 (Activation)        (None, 2)             0           dense_1[0][0]                    
====================================================================================================
Total params: 2206490
____________________________________________________________________________________________________
Train on 160 samples, validate on 40 samples
Epoch 1/500
Epoch 00000: val_acc improved from -inf to 0.42500, saving model to /media/kong/9A8821088820E48B/Xcat/experiment/BCI2008/ds1a/model/8s_data/2LSTM_false_max_relu_adam.h5
248s - loss: 0.7506 - acc: 0.4250 - val_loss: 0.7048 - val_acc: 0.4250
Epoch 2/500
Epoch 00001: val_acc improved from 0.42500 to 0.57500, saving model to /media/kong/9A8821088820E48B/Xcat/experiment/BCI2008/ds1a/model/8s_data/2LSTM_false_max_relu_adam.h5
253s - loss: 0.7039 - acc: 0.5250 - val_loss: 0.6959 - val_acc: 0.5750
Epoch 3/500
Epoch 00002: val_acc did not improve
254s - loss: 0.7180 - acc: 0.4500 - val_loss: 0.7511 - val_acc: 0.4250
Epoch 4/500
Epoch 00003: val_acc did not improve
253s - loss: 0.7294 - acc: 0.5125 - val_loss: 0.8344 - val_acc: 0.4250
Epoch 5/500
Epoch 00004: val_acc did not improve
251s - loss: 0.7171 - acc: 0.5000 - val_loss: 0.7555 - val_acc: 0.4250
Epoch 6/500
Epoch 00005: val_acc did not improve
253s - loss: 0.7087 - acc: 0.5437 - val_loss: 0.6916 - val_acc: 0.5500
Epoch 7/500
Epoch 00006: val_acc did not improve
252s - loss: 0.7007 - acc: 0.4875 - val_loss: 0.6997 - val_acc: 0.4500
Epoch 8/500
Epoch 00007: val_acc improved from 0.57500 to 0.60000, saving model to /media/kong/9A8821088820E48B/Xcat/experiment/BCI2008/ds1a/model/8s_data/2LSTM_false_max_relu_adam.h5
254s - loss: 0.7091 - acc: 0.4813 - val_loss: 0.6915 - val_acc: 0.6000
Epoch 9/500
Epoch 00008: val_acc did not improve
255s - loss: 0.6969 - acc: 0.4875 - val_loss: 0.7084 - val_acc: 0.4500
Epoch 10/500
Epoch 00009: val_acc did not improve
253s - loss: 0.7059 - acc: 0.5000 - val_loss: 0.6813 - val_acc: 0.5500
Epoch 11/500
Epoch 00010: val_acc did not improve
253s - loss: 0.6943 - acc: 0.5563 - val_loss: 0.7184 - val_acc: 0.4500
Epoch 12/500
Epoch 00011: val_acc did not improve
252s - loss: 0.7140 - acc: 0.5250 - val_loss: 0.7066 - val_acc: 0.4250
Epoch 13/500
Epoch 00012: val_acc did not improve
252s - loss: 0.6917 - acc: 0.4938 - val_loss: 0.7503 - val_acc: 0.4500
Epoch 14/500
Epoch 00013: val_acc did not improve
252s - loss: 0.6763 - acc: 0.5437 - val_loss: 0.7537 - val_acc: 0.4500
Epoch 15/500
Epoch 00014: val_acc did not improve
251s - loss: 0.6673 - acc: 0.6000 - val_loss: 0.6950 - val_acc: 0.5250
Epoch 16/500
Epoch 00015: val_acc did not improve
252s - loss: 0.6926 - acc: 0.5750 - val_loss: 0.6940 - val_acc: 0.4750
Epoch 17/500
Epoch 00016: val_acc did not improve
251s - loss: 0.6485 - acc: 0.5813 - val_loss: 0.7109 - val_acc: 0.4500
Epoch 18/500
Epoch 00017: val_acc did not improve
251s - loss: 0.6659 - acc: 0.5563 - val_loss: 0.7189 - val_acc: 0.4750
Epoch 19/500
Epoch 00018: val_acc did not improve
251s - loss: 0.6413 - acc: 0.6125 - val_loss: 0.6787 - val_acc: 0.6000
Epoch 20/500
Epoch 00019: val_acc did not improve
252s - loss: 0.6330 - acc: 0.5875 - val_loss: 0.7211 - val_acc: 0.6000
Epoch 21/500
Epoch 00020: val_acc did not improve
251s - loss: 0.6378 - acc: 0.6438 - val_loss: 0.7059 - val_acc: 0.5000
Epoch 22/500
Epoch 00021: val_acc did not improve
252s - loss: 0.6586 - acc: 0.5750 - val_loss: 0.7199 - val_acc: 0.4500
Epoch 23/500
Epoch 00022: val_acc did not improve
252s - loss: 0.6760 - acc: 0.5813 - val_loss: 0.7038 - val_acc: 0.4750
Epoch 24/500
Epoch 00023: val_acc did not improve
251s - loss: 0.6426 - acc: 0.6000 - val_loss: 0.6892 - val_acc: 0.6000
Epoch 25/500
Epoch 00024: val_acc did not improve
251s - loss: 0.6280 - acc: 0.6312 - val_loss: 0.7098 - val_acc: 0.4750
Epoch 26/500
Epoch 00025: val_acc improved from 0.60000 to 0.65000, saving model to /media/kong/9A8821088820E48B/Xcat/experiment/BCI2008/ds1a/model/8s_data/2LSTM_false_max_relu_adam.h5
252s - loss: 0.5913 - acc: 0.6813 - val_loss: 0.6962 - val_acc: 0.6500
Epoch 27/500
Epoch 00026: val_acc did not improve
252s - loss: 0.5908 - acc: 0.6937 - val_loss: 0.8489 - val_acc: 0.4250
Epoch 28/500
Epoch 00027: val_acc did not improve
251s - loss: 0.5659 - acc: 0.6625 - val_loss: 0.6756 - val_acc: 0.6500
Epoch 29/500
Epoch 00028: val_acc did not improve
250s - loss: 0.5658 - acc: 0.7000 - val_loss: 0.7148 - val_acc: 0.5500
Epoch 30/500
Epoch 00029: val_acc did not improve
250s - loss: 0.5416 - acc: 0.7125 - val_loss: 0.9050 - val_acc: 0.6500
Epoch 31/500
Epoch 00030: val_acc did not improve
251s - loss: 0.6695 - acc: 0.6000 - val_loss: 0.7649 - val_acc: 0.4500
Epoch 32/500
Epoch 00031: val_acc did not improve
251s - loss: 0.6253 - acc: 0.6125 - val_loss: 0.6874 - val_acc: 0.5000
Epoch 33/500
Epoch 00032: val_acc did not improve
251s - loss: 0.5804 - acc: 0.6687 - val_loss: 0.7099 - val_acc: 0.5250
Epoch 34/500
Epoch 00033: val_acc did not improve
250s - loss: 0.5465 - acc: 0.7063 - val_loss: 0.7178 - val_acc: 0.4750
Epoch 35/500
Epoch 00034: val_acc did not improve
250s - loss: 0.5414 - acc: 0.7125 - val_loss: 0.7001 - val_acc: 0.6250
Epoch 36/500
Epoch 00035: val_acc did not improve
250s - loss: 0.5142 - acc: 0.7312 - val_loss: 0.8738 - val_acc: 0.6000
Epoch 37/500
Epoch 00036: val_acc did not improve
249s - loss: 0.6406 - acc: 0.6188 - val_loss: 0.6613 - val_acc: 0.6000
Epoch 38/500
Epoch 00037: val_acc did not improve
250s - loss: 0.5430 - acc: 0.7063 - val_loss: 0.7439 - val_acc: 0.5750
Epoch 39/500
Epoch 00038: val_acc did not improve
250s - loss: 0.5260 - acc: 0.7000 - val_loss: 0.9006 - val_acc: 0.5500
Epoch 40/500
Epoch 00039: val_acc did not improve
250s - loss: 0.5221 - acc: 0.7188 - val_loss: 0.7363 - val_acc: 0.5750
Epoch 41/500
Epoch 00040: val_acc did not improve
250s - loss: 0.4874 - acc: 0.7250 - val_loss: 0.7108 - val_acc: 0.6250
Epoch 42/500
Epoch 00041: val_acc improved from 0.65000 to 0.70000, saving model to /media/kong/9A8821088820E48B/Xcat/experiment/BCI2008/ds1a/model/8s_data/2LSTM_false_max_relu_adam.h5
250s - loss: 0.4953 - acc: 0.7375 - val_loss: 0.7293 - val_acc: 0.7000
Epoch 43/500
Epoch 00042: val_acc did not improve
250s - loss: 0.4788 - acc: 0.7625 - val_loss: 0.8801 - val_acc: 0.6250
Epoch 44/500
Epoch 00043: val_acc did not improve
250s - loss: 0.4977 - acc: 0.7438 - val_loss: 0.8040 - val_acc: 0.6250
Epoch 45/500
Epoch 00044: val_acc did not improve
250s - loss: 0.4991 - acc: 0.7312 - val_loss: 0.6812 - val_acc: 0.6750
Epoch 46/500
Epoch 00045: val_acc did not improve
252s - loss: 0.4402 - acc: 0.7625 - val_loss: 0.7544 - val_acc: 0.6500
Epoch 47/500
Epoch 00046: val_acc did not improve
251s - loss: 0.4262 - acc: 0.7937 - val_loss: 0.8868 - val_acc: 0.6500
Epoch 48/500
Epoch 00047: val_acc did not improve
251s - loss: 0.4310 - acc: 0.8063 - val_loss: 1.0174 - val_acc: 0.5750
Epoch 49/500
Epoch 00048: val_acc did not improve
252s - loss: 0.3274 - acc: 0.8375 - val_loss: 0.9712 - val_acc: 0.5750
Epoch 50/500
Epoch 00049: val_acc did not improve
252s - loss: 0.3650 - acc: 0.7937 - val_loss: 0.9816 - val_acc: 0.5750
Epoch 51/500
Epoch 00050: val_acc did not improve
250s - loss: 0.3611 - acc: 0.8562 - val_loss: 1.2993 - val_acc: 0.6750
Epoch 52/500
Epoch 00051: val_acc did not improve
251s - loss: 0.3879 - acc: 0.8187 - val_loss: 0.9838 - val_acc: 0.5000
Epoch 53/500
Epoch 00052: val_acc did not improve
251s - loss: 0.4341 - acc: 0.7688 - val_loss: 0.8425 - val_acc: 0.6750
Epoch 54/500
Epoch 00053: val_acc did not improve
252s - loss: 0.3854 - acc: 0.8063 - val_loss: 1.1071 - val_acc: 0.5500
Epoch 55/500
Epoch 00054: val_acc did not improve
252s - loss: 0.3012 - acc: 0.8875 - val_loss: 0.9564 - val_acc: 0.4750
Epoch 56/500
Epoch 00055: val_acc did not improve
252s - loss: 0.2780 - acc: 0.8375 - val_loss: 1.2123 - val_acc: 0.5750
Epoch 57/500
Epoch 00056: val_acc did not improve
251s - loss: 0.2507 - acc: 0.8875 - val_loss: 1.3797 - val_acc: 0.4750
Epoch 58/500
Epoch 00057: val_acc did not improve
251s - loss: 0.1915 - acc: 0.9187 - val_loss: 1.5781 - val_acc: 0.5250
Epoch 59/500
Epoch 00058: val_acc did not improve
252s - loss: 0.2266 - acc: 0.8938 - val_loss: 1.5517 - val_acc: 0.6000
Epoch 60/500
Epoch 00059: val_acc did not improve
253s - loss: 0.3178 - acc: 0.8688 - val_loss: 1.1196 - val_acc: 0.5750
Epoch 61/500
Epoch 00060: val_acc did not improve
251s - loss: 0.2488 - acc: 0.9000 - val_loss: 1.1756 - val_acc: 0.5500
Epoch 62/500
Epoch 00061: val_acc did not improve
250s - loss: 0.2079 - acc: 0.9062 - val_loss: 1.3118 - val_acc: 0.5500
Epoch 63/500
Epoch 00062: val_acc did not improve
254s - loss: 0.1597 - acc: 0.9375 - val_loss: 1.6728 - val_acc: 0.5500
Epoch 64/500
Epoch 00063: val_acc did not improve
252s - loss: 0.2213 - acc: 0.9187 - val_loss: 1.2027 - val_acc: 0.6750
Epoch 65/500
Epoch 00064: val_acc did not improve
254s - loss: 0.2846 - acc: 0.8562 - val_loss: 1.4331 - val_acc: 0.6000
Epoch 66/500
Epoch 00065: val_acc did not improve
251s - loss: 0.1820 - acc: 0.9313 - val_loss: 1.7844 - val_acc: 0.6250
Epoch 67/500
Epoch 00066: val_acc did not improve
251s - loss: 0.2642 - acc: 0.8750 - val_loss: 1.7116 - val_acc: 0.6250
Epoch 68/500
Epoch 00067: val_acc did not improve
251s - loss: 0.3595 - acc: 0.8500 - val_loss: 1.2372 - val_acc: 0.4500
Epoch 69/500
Epoch 00068: val_acc did not improve
250s - loss: 0.5171 - acc: 0.7688 - val_loss: 0.8074 - val_acc: 0.5500
Epoch 70/500
Epoch 00069: val_acc did not improve
252s - loss: 0.5140 - acc: 0.6937 - val_loss: 0.9953 - val_acc: 0.4750
Epoch 71/500
Epoch 00070: val_acc did not improve
252s - loss: 0.3960 - acc: 0.8125 - val_loss: 1.3734 - val_acc: 0.5000
Epoch 72/500
Epoch 00071: val_acc did not improve
250s - loss: 0.3170 - acc: 0.8750 - val_loss: 1.0371 - val_acc: 0.4750
Epoch 73/500
Epoch 00072: val_acc did not improve
251s - loss: 0.3074 - acc: 0.8375 - val_loss: 1.3990 - val_acc: 0.5250
Epoch 74/500
Epoch 00073: val_acc did not improve
251s - loss: 0.2268 - acc: 0.9125 - val_loss: 1.4046 - val_acc: 0.5250
Epoch 75/500
Epoch 00074: val_acc did not improve
251s - loss: 0.1716 - acc: 0.9313 - val_loss: 1.5990 - val_acc: 0.5750
Epoch 76/500
Epoch 00075: val_acc did not improve
252s - loss: 0.1745 - acc: 0.9375 - val_loss: 1.7196 - val_acc: 0.5750
Epoch 77/500
Epoch 00076: val_acc did not improve
251s - loss: 0.1492 - acc: 0.9375 - val_loss: 1.7551 - val_acc: 0.5000
Epoch 78/500
Epoch 00077: val_acc did not improve
250s - loss: 0.1479 - acc: 0.9437 - val_loss: 1.9369 - val_acc: 0.5250
Epoch 79/500
Epoch 00078: val_acc did not improve
249s - loss: 0.2102 - acc: 0.8875 - val_loss: 1.6980 - val_acc: 0.5500
Epoch 80/500
Epoch 00079: val_acc did not improve
249s - loss: 0.1494 - acc: 0.9688 - val_loss: 1.7583 - val_acc: 0.5500
Epoch 81/500
Epoch 00080: val_acc did not improve
249s - loss: 0.1324 - acc: 0.9625 - val_loss: 2.0405 - val_acc: 0.5000
Epoch 82/500
Epoch 00081: val_acc did not improve
250s - loss: 0.1054 - acc: 0.9688 - val_loss: 1.7263 - val_acc: 0.5250
Epoch 83/500
Epoch 00082: val_acc did not improve
249s - loss: 0.1273 - acc: 0.9625 - val_loss: 2.3860 - val_acc: 0.5250
Epoch 84/500
Epoch 00083: val_acc did not improve
249s - loss: 0.1333 - acc: 0.9625 - val_loss: 2.4245 - val_acc: 0.5250
Epoch 85/500
Epoch 00084: val_acc did not improve
249s - loss: 0.1895 - acc: 0.9187 - val_loss: 1.6836 - val_acc: 0.6250
Epoch 86/500
Epoch 00085: val_acc did not improve
249s - loss: 0.1714 - acc: 0.9375 - val_loss: 1.9670 - val_acc: 0.5250
Epoch 87/500
Epoch 00086: val_acc did not improve
249s - loss: 0.1653 - acc: 0.9500 - val_loss: 1.3253 - val_acc: 0.5750
Epoch 88/500
Epoch 00087: val_acc did not improve
249s - loss: 0.1398 - acc: 0.9313 - val_loss: 2.1778 - val_acc: 0.5000
Epoch 89/500
Epoch 00088: val_acc did not improve
249s - loss: 0.1364 - acc: 0.9625 - val_loss: 2.2690 - val_acc: 0.5500
Epoch 90/500
Epoch 00089: val_acc did not improve
249s - loss: 0.1089 - acc: 0.9625 - val_loss: 2.1985 - val_acc: 0.5000
Epoch 91/500
Epoch 00090: val_acc did not improve
249s - loss: 0.0961 - acc: 0.9563 - val_loss: 2.1530 - val_acc: 0.5000
Epoch 92/500
Epoch 00091: val_acc did not improve
249s - loss: 0.0807 - acc: 0.9750 - val_loss: 2.2368 - val_acc: 0.5000
Epoch 93/500
Epoch 00092: val_acc did not improve
248s - loss: 0.0802 - acc: 0.9750 - val_loss: 2.4563 - val_acc: 0.5000
Epoch 94/500
Epoch 00093: val_acc did not improve
248s - loss: 0.0625 - acc: 0.9812 - val_loss: 2.3980 - val_acc: 0.4750
Epoch 95/500
Epoch 00094: val_acc did not improve
250s - loss: 0.0532 - acc: 0.9812 - val_loss: 2.5801 - val_acc: 0.5000
Epoch 96/500
Epoch 00095: val_acc did not improve
249s - loss: 0.0789 - acc: 0.9688 - val_loss: 2.1971 - val_acc: 0.5250
Epoch 97/500
Epoch 00096: val_acc did not improve
250s - loss: 0.0851 - acc: 0.9688 - val_loss: 2.1663 - val_acc: 0.5250
Epoch 98/500
Epoch 00097: val_acc did not improve
249s - loss: 0.0740 - acc: 0.9625 - val_loss: 2.0619 - val_acc: 0.5000
Epoch 99/500
Epoch 00098: val_acc did not improve
249s - loss: 0.0752 - acc: 0.9812 - val_loss: 2.5925 - val_acc: 0.4250
Epoch 100/500
Epoch 00099: val_acc did not improve
249s - loss: 0.6281 - acc: 0.6625 - val_loss: 0.7951 - val_acc: 0.5000
Epoch 101/500
Epoch 00100: val_acc did not improve
249s - loss: 0.5982 - acc: 0.6438 - val_loss: 0.7599 - val_acc: 0.4500
Epoch 102/500
Epoch 00101: val_acc did not improve
249s - loss: 0.5551 - acc: 0.7250 - val_loss: 0.7079 - val_acc: 0.5250
Epoch 103/500
Epoch 00102: val_acc did not improve
248s - loss: 0.6096 - acc: 0.6438 - val_loss: 0.8620 - val_acc: 0.5500
Epoch 104/500
Epoch 00103: val_acc did not improve
248s - loss: 0.5891 - acc: 0.6813 - val_loss: 0.9341 - val_acc: 0.5250
Epoch 105/500
Epoch 00104: val_acc did not improve
248s - loss: 0.5039 - acc: 0.7250 - val_loss: 1.2789 - val_acc: 0.5500
Epoch 106/500
Epoch 00105: val_acc did not improve
248s - loss: 0.6046 - acc: 0.6813 - val_loss: 0.9704 - val_acc: 0.4750
Epoch 107/500
Epoch 00106: val_acc did not improve
248s - loss: 0.4092 - acc: 0.7937 - val_loss: 0.9483 - val_acc: 0.5500
Epoch 108/500
Epoch 00107: val_acc did not improve
249s - loss: 0.3247 - acc: 0.8688 - val_loss: 1.3662 - val_acc: 0.4250
Epoch 109/500
Epoch 00108: val_acc did not improve
248s - loss: 0.2434 - acc: 0.9125 - val_loss: 1.3139 - val_acc: 0.4750
Epoch 110/500
Epoch 00109: val_acc did not improve
248s - loss: 0.2124 - acc: 0.9250 - val_loss: 1.1869 - val_acc: 0.5000
Epoch 111/500
Epoch 00110: val_acc did not improve
248s - loss: 0.2397 - acc: 0.9062 - val_loss: 1.6695 - val_acc: 0.5250
Epoch 112/500
Epoch 00111: val_acc did not improve
248s - loss: 0.2047 - acc: 0.9125 - val_loss: 1.3927 - val_acc: 0.5500
Epoch 113/500
Epoch 00112: val_acc did not improve
248s - loss: 0.1565 - acc: 0.9500 - val_loss: 1.2076 - val_acc: 0.5250
Epoch 114/500
Epoch 00113: val_acc did not improve
248s - loss: 0.1471 - acc: 0.9375 - val_loss: 1.3155 - val_acc: 0.5500
Epoch 115/500
Epoch 00114: val_acc did not improve
248s - loss: 0.1800 - acc: 0.9313 - val_loss: 1.4793 - val_acc: 0.5250
Epoch 116/500
Epoch 00115: val_acc did not improve
247s - loss: 0.1997 - acc: 0.9125 - val_loss: 1.0842 - val_acc: 0.6000
Epoch 117/500
Epoch 00116: val_acc did not improve
247s - loss: 0.1511 - acc: 0.9500 - val_loss: 1.4226 - val_acc: 0.5250
Epoch 118/500
Epoch 00117: val_acc did not improve
248s - loss: 0.2174 - acc: 0.9125 - val_loss: 0.8965 - val_acc: 0.5500
Epoch 119/500
Epoch 00118: val_acc did not improve
248s - loss: 0.3005 - acc: 0.8875 - val_loss: 1.4373 - val_acc: 0.5500
Epoch 120/500
Epoch 00119: val_acc did not improve
248s - loss: 0.2037 - acc: 0.9250 - val_loss: 1.1390 - val_acc: 0.6000
Epoch 121/500
Epoch 00120: val_acc did not improve
248s - loss: 0.1578 - acc: 0.9500 - val_loss: 1.1788 - val_acc: 0.5250
Epoch 122/500
Epoch 00121: val_acc did not improve
248s - loss: 0.1273 - acc: 0.9563 - val_loss: 1.4124 - val_acc: 0.5500
Epoch 123/500
Epoch 00122: val_acc did not improve
248s - loss: 0.1296 - acc: 0.9625 - val_loss: 1.3814 - val_acc: 0.5250
Epoch 124/500
Epoch 00123: val_acc did not improve
248s - loss: 0.1070 - acc: 0.9625 - val_loss: 1.3355 - val_acc: 0.5000
Epoch 125/500
Epoch 00124: val_acc did not improve
248s - loss: 0.1166 - acc: 0.9563 - val_loss: 1.4663 - val_acc: 0.5250
Epoch 126/500
Epoch 00125: val_acc did not improve
248s - loss: 0.1197 - acc: 0.9563 - val_loss: 1.2785 - val_acc: 0.5000
Epoch 127/500
Epoch 00126: val_acc did not improve
248s - loss: 0.1131 - acc: 0.9625 - val_loss: 1.6485 - val_acc: 0.6250
Epoch 128/500
Epoch 00127: val_acc did not improve
248s - loss: 0.1501 - acc: 0.9437 - val_loss: 1.3731 - val_acc: 0.6000
Epoch 129/500
Epoch 00128: val_acc did not improve
248s - loss: 0.1693 - acc: 0.9187 - val_loss: 1.2942 - val_acc: 0.6000
Epoch 130/500
Epoch 00129: val_acc did not improve
248s - loss: 0.1666 - acc: 0.9250 - val_loss: 1.3292 - val_acc: 0.6000
Epoch 131/500
Epoch 00130: val_acc did not improve
247s - loss: 0.1444 - acc: 0.9500 - val_loss: 1.4367 - val_acc: 0.5750
Epoch 132/500
Epoch 00131: val_acc did not improve
247s - loss: 0.1217 - acc: 0.9563 - val_loss: 1.3211 - val_acc: 0.5000
Epoch 133/500
Epoch 00132: val_acc did not improve
247s - loss: 0.1303 - acc: 0.9437 - val_loss: 1.3483 - val_acc: 0.5500
Epoch 134/500
Epoch 00133: val_acc did not improve
247s - loss: 0.1340 - acc: 0.9563 - val_loss: 2.0558 - val_acc: 0.5250
Epoch 135/500
Epoch 00134: val_acc did not improve
247s - loss: 0.2708 - acc: 0.8938 - val_loss: 1.3635 - val_acc: 0.6500
Epoch 136/500
Epoch 00135: val_acc did not improve
247s - loss: 0.1571 - acc: 0.9313 - val_loss: 1.3933 - val_acc: 0.5000
Epoch 137/500
Epoch 00136: val_acc did not improve
248s - loss: 0.1185 - acc: 0.9500 - val_loss: 1.4542 - val_acc: 0.5000
Epoch 138/500
Epoch 00137: val_acc did not improve
248s - loss: 0.1958 - acc: 0.9250 - val_loss: 1.4131 - val_acc: 0.6000
Epoch 139/500
Epoch 00138: val_acc did not improve
248s - loss: 0.1043 - acc: 0.9750 - val_loss: 1.4203 - val_acc: 0.5250
Epoch 140/500
Epoch 00139: val_acc did not improve
248s - loss: 0.0966 - acc: 0.9688 - val_loss: 1.5660 - val_acc: 0.5000
Epoch 141/500
Epoch 00140: val_acc did not improve
247s - loss: 0.1099 - acc: 0.9437 - val_loss: 1.6319 - val_acc: 0.4500
Epoch 142/500
Epoch 00141: val_acc did not improve
248s - loss: 0.1051 - acc: 0.9625 - val_loss: 1.6950 - val_acc: 0.4750
Epoch 143/500
Epoch 00142: val_acc did not improve
247s - loss: 0.0846 - acc: 0.9688 - val_loss: 1.8761 - val_acc: 0.4750
Epoch 144/500
Epoch 00143: val_acc did not improve
247s - loss: 0.0991 - acc: 0.9563 - val_loss: 1.8783 - val_acc: 0.5000
Epoch 145/500
Epoch 00144: val_acc did not improve
248s - loss: 0.0942 - acc: 0.9688 - val_loss: 1.7018 - val_acc: 0.4750
Epoch 146/500
Epoch 00145: val_acc did not improve
248s - loss: 0.0900 - acc: 0.9625 - val_loss: 1.7661 - val_acc: 0.5250
Epoch 147/500
Epoch 00146: val_acc did not improve
247s - loss: 0.0882 - acc: 0.9625 - val_loss: 1.7392 - val_acc: 0.5500
Epoch 148/500
Epoch 00147: val_acc did not improve
247s - loss: 0.1727 - acc: 0.9313 - val_loss: 1.1516 - val_acc: 0.5750
Epoch 149/500
Epoch 00148: val_acc did not improve
247s - loss: 0.1838 - acc: 0.9437 - val_loss: 0.9599 - val_acc: 0.5750
Epoch 150/500
Epoch 00149: val_acc did not improve
247s - loss: 0.1418 - acc: 0.9437 - val_loss: 1.2381 - val_acc: 0.5500
Epoch 151/500
Epoch 00150: val_acc did not improve
247s - loss: 0.1372 - acc: 0.9625 - val_loss: 1.3511 - val_acc: 0.5250
Epoch 152/500
Epoch 00151: val_acc did not improve
247s - loss: 0.1295 - acc: 0.9563 - val_loss: 1.6467 - val_acc: 0.5000
Epoch 153/500
Epoch 00152: val_acc did not improve
248s - loss: 0.1223 - acc: 0.9625 - val_loss: 1.6527 - val_acc: 0.4750
Epoch 154/500
Epoch 00153: val_acc did not improve
247s - loss: 0.1130 - acc: 0.9625 - val_loss: 1.5893 - val_acc: 0.5000
Epoch 155/500
Epoch 00154: val_acc did not improve
247s - loss: 0.1319 - acc: 0.9500 - val_loss: 1.6851 - val_acc: 0.5000
Epoch 156/500
Epoch 00155: val_acc did not improve
247s - loss: 0.1000 - acc: 0.9625 - val_loss: 2.0003 - val_acc: 0.4250
Epoch 157/500
Epoch 00156: val_acc did not improve
247s - loss: 0.0968 - acc: 0.9688 - val_loss: 2.1871 - val_acc: 0.4750
Epoch 158/500
Epoch 00157: val_acc did not improve
247s - loss: 0.0964 - acc: 0.9688 - val_loss: 1.9268 - val_acc: 0.4500
Epoch 159/500
Epoch 00158: val_acc did not improve
248s - loss: 0.0834 - acc: 0.9750 - val_loss: 1.8981 - val_acc: 0.4750
Epoch 160/500
Epoch 00159: val_acc did not improve
247s - loss: 0.0619 - acc: 0.9750 - val_loss: 2.1043 - val_acc: 0.4750
Epoch 161/500
Epoch 00160: val_acc did not improve
246s - loss: 0.0632 - acc: 0.9750 - val_loss: 2.0902 - val_acc: 0.4250
Epoch 162/500
Epoch 00161: val_acc did not improve
247s - loss: 0.0807 - acc: 0.9750 - val_loss: 2.4733 - val_acc: 0.5000
Epoch 163/500
Epoch 00162: val_acc did not improve
247s - loss: 0.0604 - acc: 0.9812 - val_loss: 2.1079 - val_acc: 0.4500
Epoch 164/500
Epoch 00163: val_acc did not improve
247s - loss: 0.0577 - acc: 0.9750 - val_loss: 2.3325 - val_acc: 0.4500
Epoch 165/500
Epoch 00164: val_acc did not improve
246s - loss: 0.0554 - acc: 0.9812 - val_loss: 2.4798 - val_acc: 0.4000
Epoch 166/500
Epoch 00165: val_acc did not improve
247s - loss: 0.0564 - acc: 0.9812 - val_loss: 2.4382 - val_acc: 0.4500
Epoch 167/500
Epoch 00166: val_acc did not improve
247s - loss: 0.0493 - acc: 0.9812 - val_loss: 2.8066 - val_acc: 0.4500
Epoch 168/500
Epoch 00167: val_acc did not improve
246s - loss: 0.0610 - acc: 0.9688 - val_loss: 2.8967 - val_acc: 0.4250
Epoch 169/500
Epoch 00168: val_acc did not improve
246s - loss: 0.0891 - acc: 0.9625 - val_loss: 2.6030 - val_acc: 0.4250
Epoch 170/500
Epoch 00169: val_acc did not improve
247s - loss: 0.0439 - acc: 0.9750 - val_loss: 2.9820 - val_acc: 0.3750
Epoch 171/500
Epoch 00170: val_acc did not improve
247s - loss: 0.0875 - acc: 0.9625 - val_loss: 2.2378 - val_acc: 0.4250
Epoch 172/500
Epoch 00171: val_acc did not improve
248s - loss: 0.0798 - acc: 0.9688 - val_loss: 2.3073 - val_acc: 0.5000
Epoch 173/500
Epoch 00172: val_acc did not improve
246s - loss: 0.0775 - acc: 0.9750 - val_loss: 2.0422 - val_acc: 0.4750
Epoch 174/500
Epoch 00173: val_acc did not improve
247s - loss: 0.0712 - acc: 0.9812 - val_loss: 2.1431 - val_acc: 0.4750
Epoch 175/500
Epoch 00174: val_acc did not improve
247s - loss: 0.0385 - acc: 0.9875 - val_loss: 2.1547 - val_acc: 0.5000
Epoch 176/500
Epoch 00175: val_acc did not improve
247s - loss: 0.0337 - acc: 0.9875 - val_loss: 2.5463 - val_acc: 0.4750
Epoch 177/500
Epoch 00176: val_acc did not improve
246s - loss: 0.0409 - acc: 0.9875 - val_loss: 2.0734 - val_acc: 0.5000
Epoch 178/500
Epoch 00177: val_acc did not improve
246s - loss: 0.0424 - acc: 0.9750 - val_loss: 2.1033 - val_acc: 0.5000
Epoch 179/500
Epoch 00178: val_acc did not improve
247s - loss: 0.0307 - acc: 0.9875 - val_loss: 2.5460 - val_acc: 0.4500
Epoch 180/500
Epoch 00179: val_acc did not improve
246s - loss: 0.0441 - acc: 0.9688 - val_loss: 2.6778 - val_acc: 0.4750
Epoch 181/500
Epoch 00180: val_acc did not improve
248s - loss: 0.0270 - acc: 0.9938 - val_loss: 2.3843 - val_acc: 0.5250
Epoch 182/500
Epoch 00181: val_acc did not improve
249s - loss: 0.0243 - acc: 0.9812 - val_loss: 2.3497 - val_acc: 0.5000
Epoch 183/500
Epoch 00182: val_acc did not improve
248s - loss: 0.0199 - acc: 0.9938 - val_loss: 2.4719 - val_acc: 0.4750
Epoch 184/500
Epoch 00183: val_acc did not improve
249s - loss: 0.0187 - acc: 0.9938 - val_loss: 2.6072 - val_acc: 0.4500
Epoch 185/500
Epoch 00184: val_acc did not improve
248s - loss: 0.0224 - acc: 0.9875 - val_loss: 2.4139 - val_acc: 0.5000
Epoch 186/500
Epoch 00185: val_acc did not improve
248s - loss: 0.0191 - acc: 0.9938 - val_loss: 2.4949 - val_acc: 0.5000
Epoch 187/500
Epoch 00186: val_acc did not improve
249s - loss: 0.0181 - acc: 0.9875 - val_loss: 2.5335 - val_acc: 0.5250
Epoch 188/500
Epoch 00187: val_acc did not improve
249s - loss: 0.0181 - acc: 0.9938 - val_loss: 2.6742 - val_acc: 0.5000
Epoch 189/500
Epoch 00188: val_acc did not improve
249s - loss: 0.0169 - acc: 0.9938 - val_loss: 2.7229 - val_acc: 0.4750
Epoch 190/500
Epoch 00189: val_acc did not improve
249s - loss: 0.0151 - acc: 0.9875 - val_loss: 2.6274 - val_acc: 0.4750
Epoch 191/500
Epoch 00190: val_acc did not improve
248s - loss: 0.0185 - acc: 0.9875 - val_loss: 2.6425 - val_acc: 0.4750
Epoch 192/500
Epoch 00191: val_acc did not improve
248s - loss: 0.0156 - acc: 0.9938 - val_loss: 2.5531 - val_acc: 0.4750
Epoch 193/500
Epoch 00192: val_acc did not improve
248s - loss: 0.0175 - acc: 0.9875 - val_loss: 2.8094 - val_acc: 0.4750
Epoch 194/500
Epoch 00193: val_acc did not improve
248s - loss: 0.0151 - acc: 0.9938 - val_loss: 2.6586 - val_acc: 0.4750
Epoch 195/500
Epoch 00194: val_acc did not improve
248s - loss: 0.0137 - acc: 0.9938 - val_loss: 2.7628 - val_acc: 0.4500
Epoch 196/500
Epoch 00195: val_acc did not improve
249s - loss: 0.0143 - acc: 0.9938 - val_loss: 2.7238 - val_acc: 0.4750
Epoch 197/500
Epoch 00196: val_acc did not improve
248s - loss: 0.0157 - acc: 0.9938 - val_loss: 2.7845 - val_acc: 0.4750
Epoch 198/500
Epoch 00197: val_acc did not improve
248s - loss: 0.0182 - acc: 0.9875 - val_loss: 2.7366 - val_acc: 0.4750
Epoch 199/500
Epoch 00198: val_acc did not improve
246s - loss: 0.0195 - acc: 0.9938 - val_loss: 2.6561 - val_acc: 0.5000
Epoch 200/500
Epoch 00199: val_acc did not improve
247s - loss: 0.0165 - acc: 0.9875 - val_loss: 2.7085 - val_acc: 0.5000
Epoch 201/500
Epoch 00200: val_acc did not improve
246s - loss: 0.0155 - acc: 0.9938 - val_loss: 2.7674 - val_acc: 0.4500
Epoch 202/500
Epoch 00201: val_acc did not improve
246s - loss: 0.0150 - acc: 0.9938 - val_loss: 3.0330 - val_acc: 0.4250
Epoch 203/500
Epoch 00202: val_acc did not improve
247s - loss: 0.0202 - acc: 0.9938 - val_loss: 2.9064 - val_acc: 0.5000
Epoch 204/500
Epoch 00203: val_acc did not improve
246s - loss: 0.0241 - acc: 0.9812 - val_loss: 2.8997 - val_acc: 0.4500
Epoch 205/500
Epoch 00204: val_acc did not improve
246s - loss: 0.0367 - acc: 0.9938 - val_loss: 2.7579 - val_acc: 0.4000
Epoch 206/500
Epoch 00205: val_acc did not improve
246s - loss: 0.0288 - acc: 0.9938 - val_loss: 2.6287 - val_acc: 0.5000
Epoch 207/500
Epoch 00206: val_acc did not improve
246s - loss: 0.0205 - acc: 0.9938 - val_loss: 2.9186 - val_acc: 0.4000
Epoch 208/500
Epoch 00207: val_acc did not improve
246s - loss: 0.0200 - acc: 0.9812 - val_loss: 2.6985 - val_acc: 0.4500
Epoch 209/500
Epoch 00208: val_acc did not improve
246s - loss: 0.0203 - acc: 0.9938 - val_loss: 2.6777 - val_acc: 0.4500
Epoch 210/500
Epoch 00209: val_acc did not improve
247s - loss: 0.0179 - acc: 0.9938 - val_loss: 2.6948 - val_acc: 0.5000
Epoch 211/500
Epoch 00210: val_acc did not improve
246s - loss: 0.0192 - acc: 0.9812 - val_loss: 2.7000 - val_acc: 0.5000
Epoch 212/500
Epoch 00211: val_acc did not improve
246s - loss: 0.0167 - acc: 0.9938 - val_loss: 2.9331 - val_acc: 0.4250
Epoch 213/500
Epoch 00212: val_acc did not improve
245s - loss: 0.0159 - acc: 0.9875 - val_loss: 2.8720 - val_acc: 0.4250
Epoch 214/500
Epoch 00213: val_acc did not improve
246s - loss: 0.0190 - acc: 0.9938 - val_loss: 2.8080 - val_acc: 0.4750
Epoch 215/500
Epoch 00214: val_acc did not improve
246s - loss: 0.0166 - acc: 0.9875 - val_loss: 2.9225 - val_acc: 0.4250
Epoch 216/500
Epoch 00215: val_acc did not improve
246s - loss: 0.0230 - acc: 0.9938 - val_loss: 2.3937 - val_acc: 0.4750
Epoch 217/500
Epoch 00216: val_acc did not improve
246s - loss: 0.0230 - acc: 0.9875 - val_loss: 3.0699 - val_acc: 0.4500
Epoch 218/500
Epoch 00217: val_acc did not improve
246s - loss: 0.0203 - acc: 0.9938 - val_loss: 2.5202 - val_acc: 0.4750
Epoch 219/500
Epoch 00218: val_acc did not improve
246s - loss: 0.0210 - acc: 0.9938 - val_loss: 2.6908 - val_acc: 0.4500
Epoch 220/500
Epoch 00219: val_acc did not improve
246s - loss: 0.0202 - acc: 0.9875 - val_loss: 2.8243 - val_acc: 0.4250
Epoch 221/500
Epoch 00220: val_acc did not improve
247s - loss: 0.0084 - acc: 1.0000 - val_loss: 2.8864 - val_acc: 0.4000
Epoch 222/500
Epoch 00221: val_acc did not improve
247s - loss: 0.0559 - acc: 0.9750 - val_loss: 3.1617 - val_acc: 0.4750
Epoch 223/500
Epoch 00222: val_acc did not improve
245s - loss: 0.2833 - acc: 0.8688 - val_loss: 1.5935 - val_acc: 0.5500
Epoch 224/500
Epoch 00223: val_acc did not improve
246s - loss: 0.4158 - acc: 0.8313 - val_loss: 1.7609 - val_acc: 0.3750
Epoch 225/500
Epoch 00224: val_acc did not improve
246s - loss: 0.6379 - acc: 0.7000 - val_loss: 1.1193 - val_acc: 0.5000
Epoch 226/500
Epoch 00225: val_acc did not improve
246s - loss: 0.5144 - acc: 0.7000 - val_loss: 0.9860 - val_acc: 0.6250
Epoch 227/500
Epoch 00226: val_acc did not improve
245s - loss: 0.2851 - acc: 0.8875 - val_loss: 1.2187 - val_acc: 0.4750
Epoch 228/500
Epoch 00227: val_acc did not improve
246s - loss: 0.2442 - acc: 0.9187 - val_loss: 1.4825 - val_acc: 0.4250
Epoch 229/500
Epoch 00228: val_acc did not improve
246s - loss: 0.1671 - acc: 0.9437 - val_loss: 1.5707 - val_acc: 0.5000
Epoch 230/500
Epoch 00229: val_acc did not improve
245s - loss: 0.1072 - acc: 0.9625 - val_loss: 1.6157 - val_acc: 0.5000
Epoch 231/500
Epoch 00230: val_acc did not improve
245s - loss: 0.0785 - acc: 0.9688 - val_loss: 1.7706 - val_acc: 0.5500
Epoch 232/500
Epoch 00231: val_acc did not improve
246s - loss: 0.1236 - acc: 0.9563 - val_loss: 1.4896 - val_acc: 0.5250
Epoch 233/500
Epoch 00232: val_acc did not improve
245s - loss: 0.0736 - acc: 0.9812 - val_loss: 1.6708 - val_acc: 0.5750
Epoch 234/500
Epoch 00233: val_acc did not improve
246s - loss: 0.1040 - acc: 0.9750 - val_loss: 1.7797 - val_acc: 0.5000
Epoch 235/500
Epoch 00234: val_acc did not improve
247s - loss: 0.0795 - acc: 0.9812 - val_loss: 1.9662 - val_acc: 0.5000
Epoch 236/500
Epoch 00235: val_acc did not improve
245s - loss: 0.0679 - acc: 0.9812 - val_loss: 1.7332 - val_acc: 0.4750
Epoch 237/500
Epoch 00236: val_acc did not improve
245s - loss: 0.0906 - acc: 0.9750 - val_loss: 1.5584 - val_acc: 0.5750
Epoch 238/500
Epoch 00237: val_acc did not improve
245s - loss: 0.0695 - acc: 0.9750 - val_loss: 1.6519 - val_acc: 0.5250
Epoch 239/500
Epoch 00238: val_acc did not improve
246s - loss: 0.0671 - acc: 0.9812 - val_loss: 1.7581 - val_acc: 0.5250
Epoch 240/500
Epoch 00239: val_acc did not improve
246s - loss: 0.0576 - acc: 0.9812 - val_loss: 2.2816 - val_acc: 0.5000
Epoch 241/500
Epoch 00240: val_acc did not improve
245s - loss: 0.0446 - acc: 0.9875 - val_loss: 2.1579 - val_acc: 0.5250
Epoch 242/500
Epoch 00241: val_acc did not improve
246s - loss: 0.0632 - acc: 0.9875 - val_loss: 2.5901 - val_acc: 0.4500
Epoch 243/500
Epoch 00242: val_acc did not improve
246s - loss: 0.1009 - acc: 0.9500 - val_loss: 1.6593 - val_acc: 0.5250
Epoch 244/500
Epoch 00243: val_acc did not improve
247s - loss: 0.0611 - acc: 0.9812 - val_loss: 1.9712 - val_acc: 0.5250
Epoch 245/500
Epoch 00244: val_acc did not improve
246s - loss: 0.0593 - acc: 0.9812 - val_loss: 1.8962 - val_acc: 0.5250
Epoch 246/500
Epoch 00245: val_acc did not improve
246s - loss: 0.0538 - acc: 0.9812 - val_loss: 1.9977 - val_acc: 0.5250
Epoch 247/500
Epoch 00246: val_acc did not improve
246s - loss: 0.0383 - acc: 0.9875 - val_loss: 1.8243 - val_acc: 0.4250
Epoch 248/500
Epoch 00247: val_acc did not improve
246s - loss: 0.0361 - acc: 0.9875 - val_loss: 1.9931 - val_acc: 0.4750
Epoch 249/500
Epoch 00248: val_acc did not improve
246s - loss: 0.0334 - acc: 0.9875 - val_loss: 1.9238 - val_acc: 0.5250
Epoch 250/500
Epoch 00249: val_acc did not improve
246s - loss: 0.0291 - acc: 0.9875 - val_loss: 1.9483 - val_acc: 0.4500
Epoch 251/500
Epoch 00250: val_acc did not improve
246s - loss: 0.0340 - acc: 0.9812 - val_loss: 2.0384 - val_acc: 0.4500
Epoch 252/500
Epoch 00251: val_acc did not improve
246s - loss: 0.0308 - acc: 0.9812 - val_loss: 2.2160 - val_acc: 0.4250
Epoch 253/500
Epoch 00252: val_acc did not improve
245s - loss: 0.0304 - acc: 0.9875 - val_loss: 2.4504 - val_acc: 0.4750
Epoch 254/500
Epoch 00253: val_acc did not improve
245s - loss: 0.1042 - acc: 0.9500 - val_loss: 2.2749 - val_acc: 0.5000
Epoch 255/500
Epoch 00254: val_acc did not improve
245s - loss: 0.0855 - acc: 0.9688 - val_loss: 1.5420 - val_acc: 0.5750
Epoch 256/500
Epoch 00255: val_acc did not improve
245s - loss: 0.0961 - acc: 0.9750 - val_loss: 1.4997 - val_acc: 0.6500
Epoch 257/500
Epoch 00256: val_acc did not improve
245s - loss: 0.0700 - acc: 0.9750 - val_loss: 2.2240 - val_acc: 0.5000
Epoch 258/500
Epoch 00257: val_acc did not improve
245s - loss: 0.4248 - acc: 0.8562 - val_loss: 1.1430 - val_acc: 0.5000
Epoch 259/500
Epoch 00258: val_acc did not improve
245s - loss: 0.3369 - acc: 0.8500 - val_loss: 1.2297 - val_acc: 0.4750
Epoch 260/500
Epoch 00259: val_acc did not improve
245s - loss: 0.1233 - acc: 0.9625 - val_loss: 1.7922 - val_acc: 0.5000
Epoch 261/500
Epoch 00260: val_acc did not improve
246s - loss: 0.0794 - acc: 0.9750 - val_loss: 2.1610 - val_acc: 0.4500
Epoch 262/500
Epoch 00261: val_acc did not improve
245s - loss: 0.0694 - acc: 0.9750 - val_loss: 1.9049 - val_acc: 0.5250
Epoch 263/500
Epoch 00262: val_acc did not improve
246s - loss: 0.0545 - acc: 0.9875 - val_loss: 1.9328 - val_acc: 0.5250
Epoch 264/500
Epoch 00263: val_acc did not improve
246s - loss: 0.0410 - acc: 0.9875 - val_loss: 2.0791 - val_acc: 0.5250
Epoch 265/500
Epoch 00264: val_acc did not improve
245s - loss: 0.0488 - acc: 0.9812 - val_loss: 2.1634 - val_acc: 0.4750
Epoch 266/500
Epoch 00265: val_acc did not improve
245s - loss: 0.0398 - acc: 0.9875 - val_loss: 2.2542 - val_acc: 0.5000
Epoch 267/500
Epoch 00266: val_acc did not improve
245s - loss: 0.0382 - acc: 0.9875 - val_loss: 2.3386 - val_acc: 0.4750
Epoch 268/500
Epoch 00267: val_acc did not improve
245s - loss: 0.0284 - acc: 0.9875 - val_loss: 2.4044 - val_acc: 0.4500
Epoch 269/500
Epoch 00268: val_acc did not improve
245s - loss: 0.0278 - acc: 0.9812 - val_loss: 2.3549 - val_acc: 0.4500
Epoch 270/500
Epoch 00269: val_acc did not improve
245s - loss: 0.0297 - acc: 0.9812 - val_loss: 2.3609 - val_acc: 0.4750
Epoch 271/500
Epoch 00270: val_acc did not improve
245s - loss: 0.0235 - acc: 0.9875 - val_loss: 2.4706 - val_acc: 0.4750
Epoch 272/500
Epoch 00271: val_acc did not improve
246s - loss: 0.0287 - acc: 0.9812 - val_loss: 2.3050 - val_acc: 0.5000
Epoch 273/500
Epoch 00272: val_acc did not improve
245s - loss: 0.0215 - acc: 0.9875 - val_loss: 2.4372 - val_acc: 0.4750
Epoch 274/500
Epoch 00273: val_acc did not improve
245s - loss: 0.0341 - acc: 0.9750 - val_loss: 2.1968 - val_acc: 0.4750
Epoch 275/500
Epoch 00274: val_acc did not improve
245s - loss: 0.0397 - acc: 0.9812 - val_loss: 2.5806 - val_acc: 0.4750
Epoch 276/500
Epoch 00275: val_acc did not improve
246s - loss: 0.0339 - acc: 0.9875 - val_loss: 2.4266 - val_acc: 0.4250
Epoch 277/500
Epoch 00276: val_acc did not improve
245s - loss: 0.0310 - acc: 0.9875 - val_loss: 2.3707 - val_acc: 0.4500
Epoch 278/500
Epoch 00277: val_acc did not improve
246s - loss: 0.0264 - acc: 0.9875 - val_loss: 2.4012 - val_acc: 0.4500
Epoch 279/500
Epoch 00278: val_acc did not improve
246s - loss: 0.0294 - acc: 0.9812 - val_loss: 2.4692 - val_acc: 0.4500
Epoch 280/500
Epoch 00279: val_acc did not improve
246s - loss: 0.0423 - acc: 0.9688 - val_loss: 2.5465 - val_acc: 0.4500
Epoch 281/500
Epoch 00280: val_acc did not improve
245s - loss: 0.0216 - acc: 0.9938 - val_loss: 2.5389 - val_acc: 0.4500
Epoch 282/500
Epoch 00281: val_acc did not improve
245s - loss: 0.0223 - acc: 0.9938 - val_loss: 2.5111 - val_acc: 0.4250
Epoch 283/500
Epoch 00282: val_acc did not improve
246s - loss: 0.0204 - acc: 0.9938 - val_loss: 2.6308 - val_acc: 0.4500
Epoch 284/500
Epoch 00283: val_acc did not improve
245s - loss: 0.0455 - acc: 0.9750 - val_loss: 1.7721 - val_acc: 0.4250
Epoch 285/500
Epoch 00284: val_acc did not improve
246s - loss: 0.0716 - acc: 0.9750 - val_loss: 1.9072 - val_acc: 0.4500
Epoch 286/500
Epoch 00285: val_acc did not improve
246s - loss: 0.0324 - acc: 0.9875 - val_loss: 2.0586 - val_acc: 0.4750
Epoch 287/500
Epoch 00286: val_acc did not improve
246s - loss: 0.0342 - acc: 0.9812 - val_loss: 2.1006 - val_acc: 0.4750
Epoch 288/500
Epoch 00287: val_acc did not improve
245s - loss: 0.0272 - acc: 0.9812 - val_loss: 2.3038 - val_acc: 0.4250
Epoch 289/500
Epoch 00288: val_acc did not improve
246s - loss: 0.0274 - acc: 0.9875 - val_loss: 2.2656 - val_acc: 0.4750
Epoch 290/500
Epoch 00289: val_acc did not improve
246s - loss: 0.0320 - acc: 0.9750 - val_loss: 2.3156 - val_acc: 0.4500
Epoch 291/500
Epoch 00290: val_acc did not improve
246s - loss: 0.0217 - acc: 0.9938 - val_loss: 2.3313 - val_acc: 0.5000
Epoch 292/500
Epoch 00291: val_acc did not improve
246s - loss: 0.0310 - acc: 0.9875 - val_loss: 2.5127 - val_acc: 0.4500
Epoch 293/500
Epoch 00292: val_acc did not improve
246s - loss: 0.0337 - acc: 0.9875 - val_loss: 2.5648 - val_acc: 0.4750
Epoch 294/500
Epoch 00293: val_acc did not improve
246s - loss: 0.0343 - acc: 0.9688 - val_loss: 1.8730 - val_acc: 0.5500
Epoch 295/500
Epoch 00294: val_acc did not improve
246s - loss: 0.0274 - acc: 0.9875 - val_loss: 2.4625 - val_acc: 0.5000
Epoch 296/500
Epoch 00295: val_acc did not improve
245s - loss: 0.0543 - acc: 0.9812 - val_loss: 2.0741 - val_acc: 0.5000
Epoch 297/500
Epoch 00296: val_acc did not improve
246s - loss: 0.2968 - acc: 0.8625 - val_loss: 1.8828 - val_acc: 0.5250
Epoch 298/500
Epoch 00297: val_acc did not improve
245s - loss: 0.1445 - acc: 0.9500 - val_loss: 1.4753 - val_acc: 0.5750
Epoch 299/500
Epoch 00298: val_acc did not improve
245s - loss: 0.0750 - acc: 0.9750 - val_loss: 1.9794 - val_acc: 0.5000
Epoch 300/500
Epoch 00299: val_acc did not improve
246s - loss: 0.0541 - acc: 0.9750 - val_loss: 1.9695 - val_acc: 0.5500
Epoch 301/500
Epoch 00300: val_acc did not improve
246s - loss: 0.0449 - acc: 0.9875 - val_loss: 2.2608 - val_acc: 0.5500
Epoch 302/500
Epoch 00301: val_acc did not improve
246s - loss: 0.0420 - acc: 0.9875 - val_loss: 2.2466 - val_acc: 0.5500
Epoch 303/500
Epoch 00302: val_acc did not improve
246s - loss: 0.0378 - acc: 0.9812 - val_loss: 2.5692 - val_acc: 0.5500
Epoch 304/500
Epoch 00303: val_acc did not improve
246s - loss: 0.0373 - acc: 0.9875 - val_loss: 2.6501 - val_acc: 0.5500
Epoch 305/500
Epoch 00304: val_acc did not improve
246s - loss: 0.0265 - acc: 0.9875 - val_loss: 2.7061 - val_acc: 0.5500
Epoch 306/500
Epoch 00305: val_acc did not improve
244s - loss: 0.0224 - acc: 0.9875 - val_loss: 2.6552 - val_acc: 0.5500
Epoch 307/500
Epoch 00306: val_acc did not improve
243s - loss: 0.0328 - acc: 0.9938 - val_loss: 2.6983 - val_acc: 0.5500
Epoch 308/500
Epoch 00307: val_acc did not improve
242s - loss: 0.0274 - acc: 0.9938 - val_loss: 2.7077 - val_acc: 0.5750
Epoch 309/500
Epoch 00308: val_acc did not improve
243s - loss: 0.0225 - acc: 0.9938 - val_loss: 2.7314 - val_acc: 0.5250
Epoch 310/500
Epoch 00309: val_acc did not improve
242s - loss: 0.0383 - acc: 0.9938 - val_loss: 2.8346 - val_acc: 0.5250
Epoch 311/500
Epoch 00310: val_acc did not improve
242s - loss: 0.1902 - acc: 0.9125 - val_loss: 2.5217 - val_acc: 0.4750
Epoch 312/500
Epoch 00311: val_acc did not improve
242s - loss: 0.1643 - acc: 0.9500 - val_loss: 2.0549 - val_acc: 0.4500
Epoch 313/500
Epoch 00312: val_acc did not improve
243s - loss: 0.1732 - acc: 0.9437 - val_loss: 2.4526 - val_acc: 0.4750
Epoch 314/500
Epoch 00313: val_acc did not improve
243s - loss: 0.1604 - acc: 0.9250 - val_loss: 1.9906 - val_acc: 0.5500
Epoch 315/500
Epoch 00314: val_acc did not improve
243s - loss: 0.1345 - acc: 0.9688 - val_loss: 1.6642 - val_acc: 0.5250
Epoch 316/500
Epoch 00315: val_acc did not improve
243s - loss: 0.1186 - acc: 0.9625 - val_loss: 1.7764 - val_acc: 0.5500
Epoch 317/500
Epoch 00316: val_acc did not improve
242s - loss: 0.0355 - acc: 0.9812 - val_loss: 2.0696 - val_acc: 0.5500
Epoch 318/500
Epoch 00317: val_acc did not improve
243s - loss: 0.0320 - acc: 0.9875 - val_loss: 1.9321 - val_acc: 0.5250
Epoch 319/500
Epoch 00318: val_acc did not improve
243s - loss: 0.0252 - acc: 0.9938 - val_loss: 2.0689 - val_acc: 0.5000
Epoch 320/500
Epoch 00319: val_acc did not improve
243s - loss: 0.0255 - acc: 0.9875 - val_loss: 2.1378 - val_acc: 0.5250
Epoch 321/500
Epoch 00320: val_acc did not improve
242s - loss: 0.0302 - acc: 0.9875 - val_loss: 2.0782 - val_acc: 0.5250
Epoch 322/500
Epoch 00321: val_acc did not improve
243s - loss: 0.0994 - acc: 0.9688 - val_loss: 1.3848 - val_acc: 0.4750
Epoch 323/500
Epoch 00322: val_acc did not improve
242s - loss: 0.1052 - acc: 0.9688 - val_loss: 1.5407 - val_acc: 0.4750
Epoch 324/500
Epoch 00323: val_acc did not improve
244s - loss: 0.0604 - acc: 0.9812 - val_loss: 1.8790 - val_acc: 0.4750
Epoch 325/500
Epoch 00324: val_acc did not improve
245s - loss: 0.0471 - acc: 0.9812 - val_loss: 2.0074 - val_acc: 0.5000
Epoch 326/500
Epoch 00325: val_acc did not improve
246s - loss: 0.0417 - acc: 0.9812 - val_loss: 2.1129 - val_acc: 0.4750
Epoch 327/500
Epoch 00326: val_acc did not improve
247s - loss: 0.0318 - acc: 0.9875 - val_loss: 2.2719 - val_acc: 0.4750
Epoch 328/500
Epoch 00327: val_acc did not improve
246s - loss: 0.0320 - acc: 0.9875 - val_loss: 2.3220 - val_acc: 0.5000
Epoch 329/500
Epoch 00328: val_acc did not improve
246s - loss: 0.0351 - acc: 0.9812 - val_loss: 2.2101 - val_acc: 0.4750
Epoch 330/500
Epoch 00329: val_acc did not improve
246s - loss: 0.0269 - acc: 0.9875 - val_loss: 2.2788 - val_acc: 0.4750
Epoch 331/500
Epoch 00330: val_acc did not improve
246s - loss: 0.0255 - acc: 0.9875 - val_loss: 2.3604 - val_acc: 0.4750
Epoch 332/500
Epoch 00331: val_acc did not improve
247s - loss: 0.0242 - acc: 0.9875 - val_loss: 2.3414 - val_acc: 0.5000
Epoch 333/500
Epoch 00332: val_acc did not improve
247s - loss: 0.0259 - acc: 0.9875 - val_loss: 2.2322 - val_acc: 0.5250
Epoch 334/500
Epoch 00333: val_acc did not improve
246s - loss: 0.0292 - acc: 0.9875 - val_loss: 2.3316 - val_acc: 0.4750
Epoch 335/500
Epoch 00334: val_acc did not improve
247s - loss: 0.0253 - acc: 0.9812 - val_loss: 2.3281 - val_acc: 0.4750
Epoch 336/500
Epoch 00335: val_acc did not improve
247s - loss: 0.0232 - acc: 0.9938 - val_loss: 2.4175 - val_acc: 0.4750
Epoch 337/500
Epoch 00336: val_acc did not improve
246s - loss: 0.0235 - acc: 0.9812 - val_loss: 2.5162 - val_acc: 0.4500
Epoch 338/500
Epoch 00337: val_acc did not improve
248s - loss: 0.0247 - acc: 0.9875 - val_loss: 2.4720 - val_acc: 0.4750
Epoch 339/500
Epoch 00338: val_acc did not improve
248s - loss: 0.0246 - acc: 0.9875 - val_loss: 2.4543 - val_acc: 0.4750
Epoch 340/500
Epoch 00339: val_acc did not improve
248s - loss: 0.0225 - acc: 0.9938 - val_loss: 2.6092 - val_acc: 0.4750
Epoch 341/500
Epoch 00340: val_acc did not improve
248s - loss: 0.0203 - acc: 0.9875 - val_loss: 2.7140 - val_acc: 0.4750
Epoch 342/500
Epoch 00341: val_acc did not improve
248s - loss: 0.0192 - acc: 0.9938 - val_loss: 2.7551 - val_acc: 0.4750
Epoch 343/500
Epoch 00342: val_acc did not improve
248s - loss: 0.0198 - acc: 0.9875 - val_loss: 2.6988 - val_acc: 0.4750
Epoch 344/500
Epoch 00343: val_acc did not improve
247s - loss: 0.0189 - acc: 0.9938 - val_loss: 2.7701 - val_acc: 0.4750
Epoch 345/500
Epoch 00344: val_acc did not improve
248s - loss: 0.0190 - acc: 0.9875 - val_loss: 2.6562 - val_acc: 0.4750
Epoch 346/500
Epoch 00345: val_acc did not improve
247s - loss: 0.0200 - acc: 0.9938 - val_loss: 2.8101 - val_acc: 0.4500
Epoch 347/500
Epoch 00346: val_acc did not improve
246s - loss: 0.0354 - acc: 0.9812 - val_loss: 2.2053 - val_acc: 0.4750
Epoch 348/500
Epoch 00347: val_acc did not improve
246s - loss: 0.0316 - acc: 0.9812 - val_loss: 2.2731 - val_acc: 0.5000
Epoch 349/500
Epoch 00348: val_acc did not improve
247s - loss: 0.0270 - acc: 0.9812 - val_loss: 2.5636 - val_acc: 0.5000
Epoch 350/500
Epoch 00349: val_acc did not improve
247s - loss: 0.0294 - acc: 0.9875 - val_loss: 2.4942 - val_acc: 0.5000
Epoch 351/500
Epoch 00350: val_acc did not improve
247s - loss: 0.0309 - acc: 0.9875 - val_loss: 2.7283 - val_acc: 0.5000
Epoch 352/500
Epoch 00351: val_acc did not improve
247s - loss: 0.0257 - acc: 0.9812 - val_loss: 2.7598 - val_acc: 0.4750
Epoch 353/500
Epoch 00352: val_acc did not improve
246s - loss: 0.0228 - acc: 0.9875 - val_loss: 2.8303 - val_acc: 0.4750
Epoch 354/500
Epoch 00353: val_acc did not improve
246s - loss: 0.0221 - acc: 0.9875 - val_loss: 2.7590 - val_acc: 0.4750
Epoch 355/500
Epoch 00354: val_acc did not improve
246s - loss: 0.0215 - acc: 0.9875 - val_loss: 2.6967 - val_acc: 0.5000
Epoch 356/500
Epoch 00355: val_acc did not improve
246s - loss: 0.0211 - acc: 0.9875 - val_loss: 2.6754 - val_acc: 0.5000
Epoch 357/500
Epoch 00356: val_acc did not improve
247s - loss: 0.0204 - acc: 0.9938 - val_loss: 2.7643 - val_acc: 0.5000
Epoch 358/500
Epoch 00357: val_acc did not improve
247s - loss: 0.0210 - acc: 0.9938 - val_loss: 2.8138 - val_acc: 0.5250
Epoch 359/500
Epoch 00358: val_acc did not improve
246s - loss: 0.0208 - acc: 0.9938 - val_loss: 2.8748 - val_acc: 0.5000
Epoch 360/500
Epoch 00359: val_acc did not improve
246s - loss: 0.0196 - acc: 0.9875 - val_loss: 2.8706 - val_acc: 0.4750
Epoch 361/500
Epoch 00360: val_acc did not improve
247s - loss: 0.0251 - acc: 0.9812 - val_loss: 2.7239 - val_acc: 0.4750
Epoch 362/500
Epoch 00361: val_acc did not improve
246s - loss: 0.0174 - acc: 0.9938 - val_loss: 2.9140 - val_acc: 0.4250
Epoch 363/500
Epoch 00362: val_acc did not improve
246s - loss: 0.0460 - acc: 0.9812 - val_loss: 2.8280 - val_acc: 0.4500
Epoch 364/500
Epoch 00363: val_acc did not improve
247s - loss: 0.0327 - acc: 0.9750 - val_loss: 2.7425 - val_acc: 0.4750
Epoch 365/500
Epoch 00364: val_acc did not improve
247s - loss: 0.0222 - acc: 0.9875 - val_loss: 2.8191 - val_acc: 0.4750
Epoch 366/500
Epoch 00365: val_acc did not improve
248s - loss: 0.0213 - acc: 0.9938 - val_loss: 2.8219 - val_acc: 0.4750
Epoch 367/500
Epoch 00366: val_acc did not improve
248s - loss: 0.0215 - acc: 0.9938 - val_loss: 2.8363 - val_acc: 0.4750
Epoch 368/500
Epoch 00367: val_acc did not improve
248s - loss: 0.0196 - acc: 0.9938 - val_loss: 2.9568 - val_acc: 0.4750
Epoch 369/500
Epoch 00368: val_acc did not improve
248s - loss: 0.0191 - acc: 0.9938 - val_loss: 2.9393 - val_acc: 0.4750
Epoch 370/500
Epoch 00369: val_acc did not improve
248s - loss: 0.0199 - acc: 0.9938 - val_loss: 3.0740 - val_acc: 0.4250
Epoch 371/500
Epoch 00370: val_acc did not improve
248s - loss: 0.0279 - acc: 0.9812 - val_loss: 2.8344 - val_acc: 0.4750
Epoch 372/500
Epoch 00371: val_acc did not improve
247s - loss: 0.0183 - acc: 0.9938 - val_loss: 2.9915 - val_acc: 0.4500
Epoch 373/500
Epoch 00372: val_acc did not improve
248s - loss: 0.0149 - acc: 0.9938 - val_loss: 2.9594 - val_acc: 0.4750
Epoch 374/500
Epoch 00373: val_acc did not improve
248s - loss: 0.0154 - acc: 0.9938 - val_loss: 2.8073 - val_acc: 0.5000
Epoch 375/500
Epoch 00374: val_acc did not improve
248s - loss: 0.0235 - acc: 0.9875 - val_loss: 2.7723 - val_acc: 0.5000
Epoch 376/500
Epoch 00375: val_acc did not improve
248s - loss: 0.0172 - acc: 0.9938 - val_loss: 2.9557 - val_acc: 0.5000
Epoch 377/500
Epoch 00376: val_acc did not improve
249s - loss: 0.0240 - acc: 0.9812 - val_loss: 2.8609 - val_acc: 0.5000
Epoch 378/500
Epoch 00377: val_acc did not improve
250s - loss: 0.0174 - acc: 0.9875 - val_loss: 2.9809 - val_acc: 0.4500
Epoch 379/500
Epoch 00378: val_acc did not improve
249s - loss: 0.0629 - acc: 0.9812 - val_loss: 1.7368 - val_acc: 0.5250
Epoch 380/500
Epoch 00379: val_acc did not improve
250s - loss: 0.0909 - acc: 0.9750 - val_loss: 2.6068 - val_acc: 0.4250
Epoch 381/500
Epoch 00380: val_acc did not improve
249s - loss: 0.5315 - acc: 0.7875 - val_loss: 1.2011 - val_acc: 0.5250
Epoch 382/500
Epoch 00381: val_acc did not improve
249s - loss: 0.2966 - acc: 0.8500 - val_loss: 1.5266 - val_acc: 0.6750
Epoch 383/500
Epoch 00382: val_acc did not improve
249s - loss: 0.1599 - acc: 0.9375 - val_loss: 1.6776 - val_acc: 0.5500
Epoch 384/500
Epoch 00383: val_acc did not improve
249s - loss: 0.1025 - acc: 0.9688 - val_loss: 1.6792 - val_acc: 0.5250
Epoch 385/500
Epoch 00384: val_acc did not improve
249s - loss: 0.1007 - acc: 0.9563 - val_loss: 1.5484 - val_acc: 0.6000
Epoch 386/500
Epoch 00385: val_acc did not improve
250s - loss: 0.0606 - acc: 0.9750 - val_loss: 2.0499 - val_acc: 0.5250
Epoch 387/500
Epoch 00386: val_acc did not improve
250s - loss: 0.0573 - acc: 0.9875 - val_loss: 1.7860 - val_acc: 0.5250
Epoch 388/500
Epoch 00387: val_acc did not improve
250s - loss: 0.1432 - acc: 0.9313 - val_loss: 1.6958 - val_acc: 0.4750
Epoch 389/500
Epoch 00388: val_acc did not improve
250s - loss: 0.0731 - acc: 0.9625 - val_loss: 2.4707 - val_acc: 0.5000
Epoch 390/500
Epoch 00389: val_acc did not improve
249s - loss: 0.0370 - acc: 0.9812 - val_loss: 2.8658 - val_acc: 0.4750
Epoch 391/500
Epoch 00390: val_acc did not improve
249s - loss: 0.0300 - acc: 0.9938 - val_loss: 2.3851 - val_acc: 0.5750
Epoch 392/500
Epoch 00391: val_acc did not improve
249s - loss: 0.0283 - acc: 0.9938 - val_loss: 2.6089 - val_acc: 0.4750
Epoch 393/500
Epoch 00392: val_acc did not improve
250s - loss: 0.0230 - acc: 0.9938 - val_loss: 2.7200 - val_acc: 0.4500
Epoch 394/500
Epoch 00393: val_acc did not improve
250s - loss: 0.0205 - acc: 0.9938 - val_loss: 2.7779 - val_acc: 0.4250
Epoch 395/500
Epoch 00394: val_acc did not improve
248s - loss: 0.0205 - acc: 0.9938 - val_loss: 2.7717 - val_acc: 0.4750
Epoch 396/500
Epoch 00395: val_acc did not improve
249s - loss: 0.0200 - acc: 0.9938 - val_loss: 2.8438 - val_acc: 0.4250
Epoch 397/500
Epoch 00396: val_acc did not improve
251s - loss: 0.0199 - acc: 0.9938 - val_loss: 2.9067 - val_acc: 0.4250
Epoch 398/500
Epoch 00397: val_acc did not improve
249s - loss: 0.0176 - acc: 0.9938 - val_loss: 2.9702 - val_acc: 0.4250
Epoch 399/500
Epoch 00398: val_acc did not improve
248s - loss: 0.0163 - acc: 0.9938 - val_loss: 3.0103 - val_acc: 0.4250
Epoch 400/500
Epoch 00399: val_acc did not improve
249s - loss: 0.0167 - acc: 0.9938 - val_loss: 2.9522 - val_acc: 0.4500
Epoch 401/500
Epoch 00400: val_acc did not improve
248s - loss: 0.0170 - acc: 0.9938 - val_loss: 3.0341 - val_acc: 0.4250
Epoch 402/500
Epoch 00401: val_acc did not improve
250s - loss: 0.0155 - acc: 0.9938 - val_loss: 3.0618 - val_acc: 0.4250
Epoch 403/500
Epoch 00402: val_acc did not improve
255s - loss: 0.0141 - acc: 0.9938 - val_loss: 3.0434 - val_acc: 0.4500
Epoch 404/500
Epoch 00403: val_acc did not improve
251s - loss: 0.0207 - acc: 0.9938 - val_loss: 3.0084 - val_acc: 0.4250
Epoch 405/500
Epoch 00404: val_acc did not improve
251s - loss: 0.0174 - acc: 0.9938 - val_loss: 3.0015 - val_acc: 0.4250
Epoch 406/500
Epoch 00405: val_acc did not improve
253s - loss: 0.0189 - acc: 0.9938 - val_loss: 2.9957 - val_acc: 0.4500
Epoch 407/500
Epoch 00406: val_acc did not improve
256s - loss: 0.0175 - acc: 0.9938 - val_loss: 3.0399 - val_acc: 0.4250
Epoch 40