max: 12633.0
X_train shape: (160, 1, 8000, 59)
160 train samples
40 test samples
y_train shape: (160, 2)
y_test shape: (40, 2)
____________________________________________________________________________________________________
Layer (type)                     Output Shape          Param #     Connected to                     
====================================================================================================
convolution2d_1 (Convolution2D)  (None, 40, 8000, 59)  240         convolution2d_input_1[0][0]      
____________________________________________________________________________________________________
activation_1 (Activation)        (None, 40, 8000, 59)  0           convolution2d_1[0][0]            
____________________________________________________________________________________________________
maxpooling2d_1 (MaxPooling2D)    (None, 40, 4000, 59)  0           activation_1[0][0]               
____________________________________________________________________________________________________
convolution2d_2 (Convolution2D)  (None, 40, 4000, 59)  800040      maxpooling2d_1[0][0]             
____________________________________________________________________________________________________
activation_2 (Activation)        (None, 40, 4000, 59)  0           convolution2d_2[0][0]            
____________________________________________________________________________________________________
maxpooling2d_2 (MaxPooling2D)    (None, 40, 400, 59)   0           activation_2[0][0]               
____________________________________________________________________________________________________
permute_1 (Permute)              (None, 400, 40, 59)   0           maxpooling2d_2[0][0]             
____________________________________________________________________________________________________
reshape_1 (Reshape)              (None, 400, 2360)     0           permute_1[0][0]                  
____________________________________________________________________________________________________
lstm_1 (LSTM)                    (None, 400, 128)      1274368     reshape_1[0][0]                  
____________________________________________________________________________________________________
lstm_2 (LSTM)                    (None, 400, 128)      131584      lstm_1[0][0]                     
____________________________________________________________________________________________________
flatten_1 (Flatten)              (None, 51200)         0           lstm_2[0][0]                     
____________________________________________________________________________________________________
dense_1 (Dense)                  (None, 2)             102402      flatten_1[0][0]                  
____________________________________________________________________________________________________
activation_3 (Activation)        (None, 2)             0           dense_1[0][0]                    
====================================================================================================
Total params: 2308634
____________________________________________________________________________________________________
Train on 160 samples, validate on 40 samples
Epoch 1/500
Epoch 00000: val_acc improved from -inf to 0.45000, saving model to /media/kong/9A8821088820E48B/Xcat/experiment/BCI2008/ds1a/model/8s_data/2LSTM_true_max_relu_adam.h5
248s - loss: 1.8829 - acc: 0.5375 - val_loss: 1.2761 - val_acc: 0.4500
Epoch 2/500
Epoch 00001: val_acc did not improve
253s - loss: 0.9028 - acc: 0.5250 - val_loss: 1.1891 - val_acc: 0.4250
Epoch 3/500
Epoch 00002: val_acc did not improve
253s - loss: 0.7514 - acc: 0.4313 - val_loss: 0.8157 - val_acc: 0.4250
Epoch 4/500
Epoch 00003: val_acc improved from 0.45000 to 0.57500, saving model to /media/kong/9A8821088820E48B/Xcat/experiment/BCI2008/ds1a/model/8s_data/2LSTM_true_max_relu_adam.h5
254s - loss: 0.7370 - acc: 0.5125 - val_loss: 1.0467 - val_acc: 0.5750
Epoch 5/500
Epoch 00004: val_acc did not improve
252s - loss: 0.8221 - acc: 0.5062 - val_loss: 1.0480 - val_acc: 0.4250
Epoch 6/500
Epoch 00005: val_acc did not improve
252s - loss: 0.7433 - acc: 0.5125 - val_loss: 0.8303 - val_acc: 0.4000
Epoch 7/500
Epoch 00006: val_acc did not improve
252s - loss: 0.6238 - acc: 0.5875 - val_loss: 0.8771 - val_acc: 0.4750
Epoch 8/500
Epoch 00007: val_acc did not improve
252s - loss: 0.6504 - acc: 0.5813 - val_loss: 1.0794 - val_acc: 0.4250
Epoch 9/500
Epoch 00008: val_acc did not improve
251s - loss: 0.6228 - acc: 0.5875 - val_loss: 1.0541 - val_acc: 0.5500
Epoch 10/500
Epoch 00009: val_acc did not improve
252s - loss: 0.6172 - acc: 0.5750 - val_loss: 1.0798 - val_acc: 0.4000
Epoch 11/500
Epoch 00010: val_acc did not improve
252s - loss: 0.6066 - acc: 0.6875 - val_loss: 1.1750 - val_acc: 0.4250
Epoch 12/500
Epoch 00011: val_acc did not improve
251s - loss: 0.5905 - acc: 0.6438 - val_loss: 1.0851 - val_acc: 0.5750
Epoch 13/500
Epoch 00012: val_acc did not improve
250s - loss: 0.5792 - acc: 0.6375 - val_loss: 1.0952 - val_acc: 0.5500
Epoch 14/500
Epoch 00013: val_acc did not improve
252s - loss: 0.5268 - acc: 0.6625 - val_loss: 1.0907 - val_acc: 0.5000
Epoch 15/500
Epoch 00014: val_acc improved from 0.57500 to 0.62500, saving model to /media/kong/9A8821088820E48B/Xcat/experiment/BCI2008/ds1a/model/8s_data/2LSTM_true_max_relu_adam.h5
251s - loss: 0.5652 - acc: 0.6687 - val_loss: 0.9240 - val_acc: 0.6250
Epoch 16/500
Epoch 00015: val_acc did not improve
251s - loss: 0.5704 - acc: 0.6250 - val_loss: 1.0345 - val_acc: 0.5250
Epoch 17/500
Epoch 00016: val_acc did not improve
251s - loss: 0.5734 - acc: 0.6562 - val_loss: 0.6106 - val_acc: 0.6000
Epoch 18/500
Epoch 00017: val_acc did not improve
252s - loss: 0.5653 - acc: 0.6813 - val_loss: 1.0736 - val_acc: 0.4500
Epoch 19/500
Epoch 00018: val_acc did not improve
251s - loss: 0.5347 - acc: 0.6750 - val_loss: 1.0372 - val_acc: 0.6000
Epoch 20/500
Epoch 00019: val_acc did not improve
251s - loss: 0.4924 - acc: 0.7312 - val_loss: 1.0861 - val_acc: 0.6250
Epoch 21/500
Epoch 00020: val_acc did not improve
251s - loss: 0.4566 - acc: 0.7562 - val_loss: 1.1357 - val_acc: 0.6000
Epoch 22/500
Epoch 00021: val_acc did not improve
251s - loss: 0.4035 - acc: 0.8187 - val_loss: 1.4094 - val_acc: 0.5500
Epoch 23/500
Epoch 00022: val_acc did not improve
251s - loss: 0.4343 - acc: 0.7750 - val_loss: 1.1257 - val_acc: 0.5000
Epoch 24/500
Epoch 00023: val_acc did not improve
251s - loss: 0.3924 - acc: 0.8250 - val_loss: 1.2315 - val_acc: 0.5500
Epoch 25/500
Epoch 00024: val_acc did not improve
251s - loss: 0.5055 - acc: 0.7500 - val_loss: 0.9878 - val_acc: 0.6000
Epoch 26/500
Epoch 00025: val_acc did not improve
251s - loss: 0.5977 - acc: 0.7188 - val_loss: 1.3560 - val_acc: 0.6250
Epoch 27/500
Epoch 00026: val_acc did not improve
251s - loss: 0.5682 - acc: 0.7750 - val_loss: 1.0908 - val_acc: 0.5250
Epoch 28/500
Epoch 00027: val_acc improved from 0.62500 to 0.65000, saving model to /media/kong/9A8821088820E48B/Xcat/experiment/BCI2008/ds1a/model/8s_data/2LSTM_true_max_relu_adam.h5
252s - loss: 0.7965 - acc: 0.6937 - val_loss: 0.8363 - val_acc: 0.6500
Epoch 29/500
Epoch 00028: val_acc did not improve
251s - loss: 0.6147 - acc: 0.7375 - val_loss: 1.3078 - val_acc: 0.4250
Epoch 30/500
Epoch 00029: val_acc did not improve
250s - loss: 0.5887 - acc: 0.6500 - val_loss: 0.8531 - val_acc: 0.5500
Epoch 31/500
Epoch 00030: val_acc did not improve
250s - loss: 0.4421 - acc: 0.7625 - val_loss: 1.2156 - val_acc: 0.5000
Epoch 32/500
Epoch 00031: val_acc did not improve
251s - loss: 0.4252 - acc: 0.7562 - val_loss: 1.1116 - val_acc: 0.6000
Epoch 33/500
Epoch 00032: val_acc did not improve
251s - loss: 0.2651 - acc: 0.8812 - val_loss: 1.3061 - val_acc: 0.5750
Epoch 34/500
Epoch 00033: val_acc did not improve
250s - loss: 0.2317 - acc: 0.9000 - val_loss: 1.0431 - val_acc: 0.6000
Epoch 35/500
Epoch 00034: val_acc did not improve
251s - loss: 0.1738 - acc: 0.9125 - val_loss: 1.5145 - val_acc: 0.5750
Epoch 36/500
Epoch 00035: val_acc did not improve
251s - loss: 0.0995 - acc: 0.9688 - val_loss: 1.7032 - val_acc: 0.5500
Epoch 37/500
Epoch 00036: val_acc did not improve
251s - loss: 0.1255 - acc: 0.9375 - val_loss: 1.8839 - val_acc: 0.6000
Epoch 38/500
Epoch 00037: val_acc did not improve
250s - loss: 0.2230 - acc: 0.9062 - val_loss: 1.6769 - val_acc: 0.5500
Epoch 39/500
Epoch 00038: val_acc did not improve
251s - loss: 0.2799 - acc: 0.8938 - val_loss: 1.2180 - val_acc: 0.5500
Epoch 40/500
Epoch 00039: val_acc improved from 0.65000 to 0.67500, saving model to /media/kong/9A8821088820E48B/Xcat/experiment/BCI2008/ds1a/model/8s_data/2LSTM_true_max_relu_adam.h5
252s - loss: 0.1263 - acc: 0.9500 - val_loss: 1.4202 - val_acc: 0.6750
Epoch 41/500
Epoch 00040: val_acc improved from 0.67500 to 0.77500, saving model to /media/kong/9A8821088820E48B/Xcat/experiment/BCI2008/ds1a/model/8s_data/2LSTM_true_max_relu_adam.h5
252s - loss: 0.1319 - acc: 0.9625 - val_loss: 1.3649 - val_acc: 0.7750
Epoch 42/500
Epoch 00041: val_acc did not improve
250s - loss: 0.2664 - acc: 0.9125 - val_loss: 1.5988 - val_acc: 0.5750
Epoch 43/500
Epoch 00042: val_acc did not improve
250s - loss: 0.2718 - acc: 0.8750 - val_loss: 1.6151 - val_acc: 0.5000
Epoch 44/500
Epoch 00043: val_acc did not improve
250s - loss: 0.1814 - acc: 0.9563 - val_loss: 2.5442 - val_acc: 0.6000
Epoch 45/500
Epoch 00044: val_acc did not improve
250s - loss: 0.0914 - acc: 0.9625 - val_loss: 2.0786 - val_acc: 0.6500
Epoch 46/500
Epoch 00045: val_acc did not improve
249s - loss: 0.0676 - acc: 0.9875 - val_loss: 2.0797 - val_acc: 0.6250
Epoch 47/500
Epoch 00046: val_acc did not improve
249s - loss: 0.0401 - acc: 0.9875 - val_loss: 2.1114 - val_acc: 0.6500
Epoch 48/500
Epoch 00047: val_acc did not improve
250s - loss: 0.0356 - acc: 0.9812 - val_loss: 2.2639 - val_acc: 0.6500
Epoch 49/500
Epoch 00048: val_acc did not improve
250s - loss: 0.0778 - acc: 0.9688 - val_loss: 2.4590 - val_acc: 0.6250
Epoch 50/500
Epoch 00049: val_acc did not improve
249s - loss: 0.0664 - acc: 0.9688 - val_loss: 1.9448 - val_acc: 0.6750
Epoch 51/500
Epoch 00050: val_acc did not improve
249s - loss: 0.0827 - acc: 0.9625 - val_loss: 2.0233 - val_acc: 0.6250
Epoch 52/500
Epoch 00051: val_acc did not improve
249s - loss: 0.0837 - acc: 0.9688 - val_loss: 2.7070 - val_acc: 0.5750
Epoch 53/500
Epoch 00052: val_acc did not improve
249s - loss: 0.0516 - acc: 0.9938 - val_loss: 2.7748 - val_acc: 0.5250
Epoch 54/500
Epoch 00053: val_acc did not improve
250s - loss: 0.0256 - acc: 0.9938 - val_loss: 3.0828 - val_acc: 0.5250
Epoch 55/500
Epoch 00054: val_acc did not improve
249s - loss: 0.0127 - acc: 1.0000 - val_loss: 3.0018 - val_acc: 0.5000
Epoch 56/500
Epoch 00055: val_acc did not improve
249s - loss: 0.0062 - acc: 1.0000 - val_loss: 3.0921 - val_acc: 0.5000
Epoch 57/500
Epoch 00056: val_acc did not improve
247s - loss: 0.0033 - acc: 1.0000 - val_loss: 3.1627 - val_acc: 0.5250
Epoch 58/500
Epoch 00057: val_acc did not improve
247s - loss: 0.0017 - acc: 1.0000 - val_loss: 3.2816 - val_acc: 0.5250
Epoch 59/500
Epoch 00058: val_acc did not improve
246s - loss: 6.9606e-04 - acc: 1.0000 - val_loss: 3.2877 - val_acc: 0.5250
Epoch 60/500
Epoch 00059: val_acc did not improve
247s - loss: 4.7642e-04 - acc: 1.0000 - val_loss: 3.3428 - val_acc: 0.5250
Epoch 61/500
Epoch 00060: val_acc did not improve
247s - loss: 3.8469e-04 - acc: 1.0000 - val_loss: 3.3716 - val_acc: 0.5250
Epoch 62/500
Epoch 00061: val_acc did not improve
246s - loss: 3.2674e-04 - acc: 1.0000 - val_loss: 3.4039 - val_acc: 0.5250
Epoch 63/500
Epoch 00062: val_acc did not improve
246s - loss: 2.8722e-04 - acc: 1.0000 - val_loss: 3.4182 - val_acc: 0.5250
Epoch 64/500
Epoch 00063: val_acc did not improve
246s - loss: 2.5754e-04 - acc: 1.0000 - val_loss: 3.4357 - val_acc: 0.5250
Epoch 65/500
Epoch 00064: val_acc did not improve
247s - loss: 2.2870e-04 - acc: 1.0000 - val_loss: 3.4447 - val_acc: 0.5500
Epoch 66/500
Epoch 00065: val_acc did not improve
246s - loss: 2.0633e-04 - acc: 1.0000 - val_loss: 3.4566 - val_acc: 0.5500
Epoch 67/500
Epoch 00066: val_acc did not improve
247s - loss: 1.9226e-04 - acc: 1.0000 - val_loss: 3.4752 - val_acc: 0.5500
Epoch 68/500
Epoch 00067: val_acc did not improve
247s - loss: 1.7673e-04 - acc: 1.0000 - val_loss: 3.4800 - val_acc: 0.5500
Epoch 69/500
Epoch 00068: val_acc did not improve
247s - loss: 1.6314e-04 - acc: 1.0000 - val_loss: 3.4875 - val_acc: 0.5500
Epoch 70/500
Epoch 00069: val_acc did not improve
246s - loss: 1.5142e-04 - acc: 1.0000 - val_loss: 3.4994 - val_acc: 0.5500
Epoch 71/500
Epoch 00070: val_acc did not improve
247s - loss: 1.3896e-04 - acc: 1.0000 - val_loss: 3.5073 - val_acc: 0.5500
Epoch 72/500
Epoch 00071: val_acc did not improve
247s - loss: 1.3178e-04 - acc: 1.0000 - val_loss: 3.5083 - val_acc: 0.5500
Epoch 73/500
Epoch 00072: val_acc did not improve
246s - loss: 1.2444e-04 - acc: 1.0000 - val_loss: 3.5139 - val_acc: 0.5500
Epoch 74/500
Epoch 00073: val_acc did not improve
247s - loss: 1.1352e-04 - acc: 1.0000 - val_loss: 3.5188 - val_acc: 0.5500
Epoch 75/500
Epoch 00074: val_acc did not improve
249s - loss: 1.0780e-04 - acc: 1.0000 - val_loss: 3.5243 - val_acc: 0.5500
Epoch 76/500
Epoch 00075: val_acc did not improve
249s - loss: 1.0093e-04 - acc: 1.0000 - val_loss: 3.5267 - val_acc: 0.5500
Epoch 77/500
Epoch 00076: val_acc did not improve
249s - loss: 9.5687e-05 - acc: 1.0000 - val_loss: 3.5288 - val_acc: 0.5500
Epoch 78/500
Epoch 00077: val_acc did not improve
249s - loss: 9.2030e-05 - acc: 1.0000 - val_loss: 3.5313 - val_acc: 0.5500
Epoch 79/500
Epoch 00078: val_acc did not improve
248s - loss: 8.6667e-05 - acc: 1.0000 - val_loss: 3.5392 - val_acc: 0.5500
Epoch 80/500
Epoch 00079: val_acc did not improve
249s - loss: 8.2080e-05 - acc: 1.0000 - val_loss: 3.5427 - val_acc: 0.5500
Epoch 81/500
Epoch 00080: val_acc did not improve
249s - loss: 7.8643e-05 - acc: 1.0000 - val_loss: 3.5411 - val_acc: 0.5500
Epoch 82/500
Epoch 00081: val_acc did not improve
249s - loss: 7.5661e-05 - acc: 1.0000 - val_loss: 3.5491 - val_acc: 0.5500
Epoch 83/500
Epoch 00082: val_acc did not improve
249s - loss: 7.1073e-05 - acc: 1.0000 - val_loss: 3.5538 - val_acc: 0.5500
Epoch 84/500
Epoch 00083: val_acc did not improve
249s - loss: 6.7700e-05 - acc: 1.0000 - val_loss: 3.5531 - val_acc: 0.5500
Epoch 85/500
Epoch 00084: val_acc did not improve
248s - loss: 6.4974e-05 - acc: 1.0000 - val_loss: 3.5553 - val_acc: 0.5500
Epoch 86/500
Epoch 00085: val_acc did not improve
248s - loss: 6.2120e-05 - acc: 1.0000 - val_loss: 3.5586 - val_acc: 0.5500
Epoch 87/500
Epoch 00086: val_acc did not improve
249s - loss: 6.0582e-05 - acc: 1.0000 - val_loss: 3.5644 - val_acc: 0.5500
Epoch 88/500
Epoch 00087: val_acc did not improve
248s - loss: 5.6603e-05 - acc: 1.0000 - val_loss: 3.5625 - val_acc: 0.5500
Epoch 89/500
Epoch 00088: val_acc did not improve
248s - loss: 5.5184e-05 - acc: 1.0000 - val_loss: 3.5645 - val_acc: 0.5500
Epoch 90/500
Epoch 00089: val_acc did not improve
249s - loss: 5.2715e-05 - acc: 1.0000 - val_loss: 3.5696 - val_acc: 0.5500
Epoch 91/500
Epoch 00090: val_acc did not improve
248s - loss: 5.0911e-05 - acc: 1.0000 - val_loss: 3.5718 - val_acc: 0.5500
Epoch 92/500
Epoch 00091: val_acc did not improve
249s - loss: 4.8719e-05 - acc: 1.0000 - val_loss: 3.5697 - val_acc: 0.5500
Epoch 93/500
Epoch 00092: val_acc did not improve
248s - loss: 4.7167e-05 - acc: 1.0000 - val_loss: 3.5738 - val_acc: 0.5250
Epoch 94/500
Epoch 00093: val_acc did not improve
247s - loss: 4.5252e-05 - acc: 1.0000 - val_loss: 3.5725 - val_acc: 0.5250
Epoch 95/500
Epoch 00094: val_acc did not improve
249s - loss: 4.3383e-05 - acc: 1.0000 - val_loss: 3.5731 - val_acc: 0.5250
Epoch 96/500
Epoch 00095: val_acc did not improve
248s - loss: 4.2023e-05 - acc: 1.0000 - val_loss: 3.5707 - val_acc: 0.5250
Epoch 97/500
Epoch 00096: val_acc did not improve
248s - loss: 4.0600e-05 - acc: 1.0000 - val_loss: 3.5700 - val_acc: 0.5250
Epoch 98/500
Epoch 00097: val_acc did not improve
247s - loss: 3.9374e-05 - acc: 1.0000 - val_loss: 3.5725 - val_acc: 0.5250
Epoch 99/500
Epoch 00098: val_acc did not improve
249s - loss: 3.7948e-05 - acc: 1.0000 - val_loss: 3.5721 - val_acc: 0.5250
Epoch 100/500
Epoch 00099: val_acc did not improve
248s - loss: 3.6963e-05 - acc: 1.0000 - val_loss: 3.5716 - val_acc: 0.5250
Epoch 101/500
Epoch 00100: val_acc did not improve
248s - loss: 3.5315e-05 - acc: 1.0000 - val_loss: 3.5698 - val_acc: 0.5250
Epoch 102/500
Epoch 00101: val_acc did not improve
248s - loss: 3.4081e-05 - acc: 1.0000 - val_loss: 3.5693 - val_acc: 0.5250
Epoch 103/500
Epoch 00102: val_acc did not improve
248s - loss: 3.3253e-05 - acc: 1.0000 - val_loss: 3.5707 - val_acc: 0.5250
Epoch 104/500
Epoch 00103: val_acc did not improve
248s - loss: 3.2154e-05 - acc: 1.0000 - val_loss: 3.5693 - val_acc: 0.5250
Epoch 105/500
Epoch 00104: val_acc did not improve
248s - loss: 3.0963e-05 - acc: 1.0000 - val_loss: 3.5682 - val_acc: 0.5250
Epoch 106/500
Epoch 00105: val_acc did not improve
248s - loss: 2.9938e-05 - acc: 1.0000 - val_loss: 3.5700 - val_acc: 0.5250
Epoch 107/500
Epoch 00106: val_acc did not improve
247s - loss: 2.9017e-05 - acc: 1.0000 - val_loss: 3.5708 - val_acc: 0.5250
Epoch 108/500
Epoch 00107: val_acc did not improve
248s - loss: 2.8126e-05 - acc: 1.0000 - val_loss: 3.5687 - val_acc: 0.5250
Epoch 109/500
Epoch 00108: val_acc did not improve
247s - loss: 2.7287e-05 - acc: 1.0000 - val_loss: 3.5686 - val_acc: 0.5250
Epoch 110/500
Epoch 00109: val_acc did not improve
248s - loss: 2.6417e-05 - acc: 1.0000 - val_loss: 3.5658 - val_acc: 0.5250
Epoch 111/500
Epoch 00110: val_acc did not improve
248s - loss: 2.5753e-05 - acc: 1.0000 - val_loss: 3.5668 - val_acc: 0.5250
Epoch 112/500
Epoch 00111: val_acc did not improve
248s - loss: 2.4985e-05 - acc: 1.0000 - val_loss: 3.5670 - val_acc: 0.5250
Epoch 113/500
Epoch 00112: val_acc did not improve
248s - loss: 2.4266e-05 - acc: 1.0000 - val_loss: 3.5670 - val_acc: 0.5250
Epoch 114/500
Epoch 00113: val_acc did not improve
248s - loss: 2.3707e-05 - acc: 1.0000 - val_loss: 3.5647 - val_acc: 0.5250
Epoch 115/500
Epoch 00114: val_acc did not improve
248s - loss: 2.2873e-05 - acc: 1.0000 - val_loss: 3.5654 - val_acc: 0.5250
Epoch 116/500
Epoch 00115: val_acc did not improve
248s - loss: 2.2341e-05 - acc: 1.0000 - val_loss: 3.5655 - val_acc: 0.5250
Epoch 117/500
Epoch 00116: val_acc did not improve
248s - loss: 2.1530e-05 - acc: 1.0000 - val_loss: 3.5665 - val_acc: 0.5250
Epoch 118/500
Epoch 00117: val_acc did not improve
248s - loss: 2.0967e-05 - acc: 1.0000 - val_loss: 3.5635 - val_acc: 0.5250
Epoch 119/500
Epoch 00118: val_acc did not improve
248s - loss: 2.0420e-05 - acc: 1.0000 - val_loss: 3.5636 - val_acc: 0.5250
Epoch 120/500
Epoch 00119: val_acc did not improve
248s - loss: 1.9861e-05 - acc: 1.0000 - val_loss: 3.5660 - val_acc: 0.5250
Epoch 121/500
Epoch 00120: val_acc did not improve
248s - loss: 1.9301e-05 - acc: 1.0000 - val_loss: 3.5635 - val_acc: 0.5250
Epoch 122/500
Epoch 00121: val_acc did not improve
248s - loss: 1.8810e-05 - acc: 1.0000 - val_loss: 3.5631 - val_acc: 0.5250
Epoch 123/500
Epoch 00122: val_acc did not improve
248s - loss: 1.8386e-05 - acc: 1.0000 - val_loss: 3.5640 - val_acc: 0.5250
Epoch 124/500
Epoch 00123: val_acc did not improve
249s - loss: 1.7758e-05 - acc: 1.0000 - val_loss: 3.5628 - val_acc: 0.5250
Epoch 125/500
Epoch 00124: val_acc did not improve
249s - loss: 1.7334e-05 - acc: 1.0000 - val_loss: 3.5617 - val_acc: 0.5250
Epoch 126/500
Epoch 00125: val_acc did not improve
248s - loss: 1.6870e-05 - acc: 1.0000 - val_loss: 3.5609 - val_acc: 0.5250
Epoch 127/500
Epoch 00126: val_acc did not improve
248s - loss: 1.6430e-05 - acc: 1.0000 - val_loss: 3.5585 - val_acc: 0.5250
Epoch 128/500
Epoch 00127: val_acc did not improve
248s - loss: 1.5953e-05 - acc: 1.0000 - val_loss: 3.5586 - val_acc: 0.5250
Epoch 129/500
Epoch 00128: val_acc did not improve
247s - loss: 1.5644e-05 - acc: 1.0000 - val_loss: 3.5596 - val_acc: 0.5250
Epoch 130/500
Epoch 00129: val_acc did not improve
248s - loss: 1.5252e-05 - acc: 1.0000 - val_loss: 3.5562 - val_acc: 0.5250
Epoch 131/500
Epoch 00130: val_acc did not improve
248s - loss: 1.4861e-05 - acc: 1.0000 - val_loss: 3.5534 - val_acc: 0.5250
Epoch 132/500
Epoch 00131: val_acc did not improve
248s - loss: 1.4462e-05 - acc: 1.0000 - val_loss: 3.5530 - val_acc: 0.5250
Epoch 133/500
Epoch 00132: val_acc did not improve
248s - loss: 1.4086e-05 - acc: 1.0000 - val_loss: 3.5514 - val_acc: 0.5250
Epoch 134/500
Epoch 00133: val_acc did not improve
248s - loss: 1.3688e-05 - acc: 1.0000 - val_loss: 3.5502 - val_acc: 0.5250
Epoch 135/500
Epoch 00134: val_acc did not improve
248s - loss: 1.3379e-05 - acc: 1.0000 - val_loss: 3.5499 - val_acc: 0.5250
Epoch 136/500
Epoch 00135: val_acc did not improve
248s - loss: 1.3057e-05 - acc: 1.0000 - val_loss: 3.5484 - val_acc: 0.5250
Epoch 137/500
Epoch 00136: val_acc did not improve
248s - loss: 1.2796e-05 - acc: 1.0000 - val_loss: 3.5492 - val_acc: 0.5250
Epoch 138/500
Epoch 00137: val_acc did not improve
248s - loss: 1.2414e-05 - acc: 1.0000 - val_loss: 3.5467 - val_acc: 0.5250
Epoch 139/500
Epoch 00138: val_acc did not improve
248s - loss: 1.2348e-05 - acc: 1.0000 - val_loss: 3.5438 - val_acc: 0.5250
Epoch 140/500
Epoch 00139: val_acc did not improve
248s - loss: 1.1829e-05 - acc: 1.0000 - val_loss: 3.5445 - val_acc: 0.5250
Epoch 141/500
Epoch 00140: val_acc did not improve
249s - loss: 1.1536e-05 - acc: 1.0000 - val_loss: 3.5428 - val_acc: 0.5250
Epoch 142/500
Epoch 00141: val_acc did not improve
248s - loss: 1.1250e-05 - acc: 1.0000 - val_loss: 3.5407 - val_acc: 0.5250
Epoch 143/500
Epoch 00142: val_acc did not improve
248s - loss: 1.1001e-05 - acc: 1.0000 - val_loss: 3.5391 - val_acc: 0.5250
Epoch 144/500
Epoch 00143: val_acc did not improve
248s - loss: 1.0714e-05 - acc: 1.0000 - val_loss: 3.5374 - val_acc: 0.5250
Epoch 145/500
Epoch 00144: val_acc did not improve
244s - loss: 1.0461e-05 - acc: 1.0000 - val_loss: 3.5376 - val_acc: 0.5250
Epoch 146/500
Epoch 00145: val_acc did not improve
240s - loss: 1.0218e-05 - acc: 1.0000 - val_loss: 3.5359 - val_acc: 0.5250
Epoch 147/500
Epoch 00146: val_acc did not improve
240s - loss: 9.9912e-06 - acc: 1.0000 - val_loss: 3.5357 - val_acc: 0.5250
Epoch 148/500
Epoch 00147: val_acc did not improve
240s - loss: 9.7506e-06 - acc: 1.0000 - val_loss: 3.5331 - val_acc: 0.5250
Epoch 149/500
Epoch 00148: val_acc did not improve
239s - loss: 9.5443e-06 - acc: 1.0000 - val_loss: 3.5334 - val_acc: 0.5250
Epoch 150/500
Epoch 00149: val_acc did not improve
240s - loss: 9.3280e-06 - acc: 1.0000 - val_loss: 3.5328 - val_acc: 0.5250
Epoch 151/500
Epoch 00150: val_acc did not improve
240s - loss: 9.1217e-06 - acc: 1.0000 - val_loss: 3.5304 - val_acc: 0.5250
Epoch 152/500
Epoch 00151: val_acc did not improve
240s - loss: 8.8907e-06 - acc: 1.0000 - val_loss: 3.5267 - val_acc: 0.5250
Epoch 153/500
Epoch 00152: val_acc did not improve
240s - loss: 8.6894e-06 - acc: 1.0000 - val_loss: 3.5263 - val_acc: 0.5250
Epoch 154/500
Epoch 00153: val_acc did not improve
240s - loss: 8.5077e-06 - acc: 1.0000 - val_loss: 3.5260 - val_acc: 0.5250
Epoch 155/500
Epoch 00154: val_acc did not improve
240s - loss: 8.2864e-06 - acc: 1.0000 - val_loss: 3.5244 - val_acc: 0.5250
Epoch 156/500
Epoch 00155: val_acc did not improve
240s - loss: 8.1657e-06 - acc: 1.0000 - val_loss: 3.5165 - val_acc: 0.5250
Epoch 157/500
Epoch 00156: val_acc did not improve
240s - loss: 7.9160e-06 - acc: 1.0000 - val_loss: 3.5215 - val_acc: 0.5250
Epoch 158/500
Epoch 00157: val_acc did not improve
239s - loss: 7.7588e-06 - acc: 1.0000 - val_loss: 3.5200 - val_acc: 0.5250
Epoch 159/500
Epoch 00158: val_acc did not improve
239s - loss: 7.5793e-06 - acc: 1.0000 - val_loss: 3.5173 - val_acc: 0.5250
Epoch 160/500
Epoch 00159: val_acc did not improve
240s - loss: 7.4161e-06 - acc: 1.0000 - val_loss: 3.5162 - val_acc: 0.5250
Epoch 161/500
Epoch 00160: val_acc did not improve
240s - loss: 7.2373e-06 - acc: 1.0000 - val_loss: 3.5139 - val_acc: 0.5250
Epoch 162/500
Epoch 00161: val_acc did not improve
240s - loss: 7.0711e-06 - acc: 1.0000 - val_loss: 3.5145 - val_acc: 0.5250
Epoch 163/500
Epoch 00162: val_acc did not improve
241s - loss: 6.9661e-06 - acc: 1.0000 - val_loss: 3.5126 - val_acc: 0.5250
Epoch 164/500
Epoch 00163: val_acc did not improve
245s - loss: 6.8148e-06 - acc: 1.0000 - val_loss: 3.5104 - val_acc: 0.5250
Epoch 165/500
Epoch 00164: val_acc did not improve
247s - loss: 6.6173e-06 - acc: 1.0000 - val_loss: 3.5118 - val_acc: 0.5250
Epoch 166/500
Epoch 00165: val_acc did not improve
248s - loss: 6.4847e-06 - acc: 1.0000 - val_loss: 3.5067 - val_acc: 0.5250
Epoch 167/500
Epoch 00166: val_acc did not improve
246s - loss: 6.3394e-06 - acc: 1.0000 - val_loss: 3.5054 - val_acc: 0.5250
Epoch 168/500
Epoch 00167: val_acc did not improve
247s - loss: 6.2187e-06 - acc: 1.0000 - val_loss: 3.5041 - val_acc: 0.5250
Epoch 169/500
Epoch 00168: val_acc did not improve
248s - loss: 6.0748e-06 - acc: 1.0000 - val_loss: 3.5033 - val_acc: 0.5250
Epoch 170/500
Epoch 00169: val_acc did not improve
248s - loss: 5.9191e-06 - acc: 1.0000 - val_loss: 3.5031 - val_acc: 0.5250
Epoch 171/500
Epoch 00170: val_acc did not improve
247s - loss: 5.8000e-06 - acc: 1.0000 - val_loss: 3.4988 - val_acc: 0.5250
Epoch 172/500
Epoch 00171: val_acc did not improve
248s - loss: 5.6748e-06 - acc: 1.0000 - val_loss: 3.4986 - val_acc: 0.5250
Epoch 173/500
Epoch 00172: val_acc did not improve
248s - loss: 5.5675e-06 - acc: 1.0000 - val_loss: 3.4953 - val_acc: 0.5250
Epoch 174/500
Epoch 00173: val_acc did not improve
247s - loss: 5.4408e-06 - acc: 1.0000 - val_loss: 3.4970 - val_acc: 0.5250
Epoch 175/500
Epoch 00174: val_acc did not improve
248s - loss: 5.3112e-06 - acc: 1.0000 - val_loss: 3.4947 - val_acc: 0.5250
Epoch 176/500
Epoch 00175: val_acc did not improve
248s - loss: 5.2269e-06 - acc: 1.0000 - val_loss: 3.4947 - val_acc: 0.5250
Epoch 177/500
Epoch 00176: val_acc did not improve
248s - loss: 5.0853e-06 - acc: 1.0000 - val_loss: 3.4928 - val_acc: 0.5250
Epoch 178/500
Epoch 00177: val_acc did not improve
247s - loss: 5.0250e-06 - acc: 1.0000 - val_loss: 3.4905 - val_acc: 0.5250
Epoch 179/500
Epoch 00178: val_acc did not improve
247s - loss: 4.9140e-06 - acc: 1.0000 - val_loss: 3.4897 - val_acc: 0.5250
Epoch 180/500
Epoch 00179: val_acc did not improve
247s - loss: 4.8067e-06 - acc: 1.0000 - val_loss: 3.4933 - val_acc: 0.5250
Epoch 181/500
Epoch 00180: val_acc did not improve
249s - loss: 4.6756e-06 - acc: 1.0000 - val_loss: 3.4872 - val_acc: 0.5250
Epoch 182/500
Epoch 00181: val_acc did not improve
250s - loss: 4.5772e-06 - acc: 1.0000 - val_loss: 3.4867 - val_acc: 0.5250
Epoch 183/500
Epoch 00182: val_acc did not improve
249s - loss: 4.4796e-06 - acc: 1.0000 - val_loss: 3.4868 - val_acc: 0.5250
Epoch 184/500
Epoch 00183: val_acc did not improve
249s - loss: 4.4237e-06 - acc: 1.0000 - val_loss: 3.4822 - val_acc: 0.5250
Epoch 185/500
Epoch 00184: val_acc did not improve
250s - loss: 4.3082e-06 - acc: 1.0000 - val_loss: 3.4842 - val_acc: 0.5250
Epoch 186/500
Epoch 00185: val_acc did not improve
249s - loss: 4.2382e-06 - acc: 1.0000 - val_loss: 3.4846 - val_acc: 0.5250
Epoch 187/500
Epoch 00186: val_acc did not improve
250s - loss: 4.1137e-06 - acc: 1.0000 - val_loss: 3.4793 - val_acc: 0.5250
Epoch 188/500
Epoch 00187: val_acc did not improve
249s - loss: 4.0326e-06 - acc: 1.0000 - val_loss: 3.4793 - val_acc: 0.5250
Epoch 189/500
Epoch 00188: val_acc did not improve
249s - loss: 3.9662e-06 - acc: 1.0000 - val_loss: 3.4806 - val_acc: 0.5250
Epoch 190/500
Epoch 00189: val_acc did not improve
249s - loss: 3.8745e-06 - acc: 1.0000 - val_loss: 3.4774 - val_acc: 0.5250
Epoch 191/500
Epoch 00190: val_acc did not improve
250s - loss: 3.7807e-06 - acc: 1.0000 - val_loss: 3.4771 - val_acc: 0.5250
Epoch 192/500
Epoch 00191: val_acc did not improve
249s - loss: 3.7121e-06 - acc: 1.0000 - val_loss: 3.4749 - val_acc: 0.5250
Epoch 193/500
Epoch 00192: val_acc did not improve
250s - loss: 3.6436e-06 - acc: 1.0000 - val_loss: 3.4766 - val_acc: 0.5250
Epoch 194/500
Epoch 00193: val_acc did not improve
250s - loss: 3.5631e-06 - acc: 1.0000 - val_loss: 3.4746 - val_acc: 0.5250
Epoch 195/500
Epoch 00194: val_acc did not improve
249s - loss: 3.4886e-06 - acc: 1.0000 - val_loss: 3.4729 - val_acc: 0.5250
Epoch 196/500
Epoch 00195: val_acc did not improve
250s - loss: 3.4216e-06 - acc: 1.0000 - val_loss: 3.4715 - val_acc: 0.5250
Epoch 197/500
Epoch 00196: val_acc did not improve
249s - loss: 3.3537e-06 - acc: 1.0000 - val_loss: 3.4703 - val_acc: 0.5250
Epoch 198/500
Epoch 00197: val_acc did not improve
250s - loss: 3.2888e-06 - acc: 1.0000 - val_loss: 3.4675 - val_acc: 0.5250
Epoch 199/500
Epoch 00198: val_acc did not improve
249s - loss: 3.2263e-06 - acc: 1.0000 - val_loss: 3.4721 - val_acc: 0.5250
Epoch 200/500
Epoch 00199: val_acc did not improve
249s - loss: 3.1421e-06 - acc: 1.0000 - val_loss: 3.4685 - val_acc: 0.5250
Epoch 201/500
Epoch 00200: val_acc did not improve
248s - loss: 3.0795e-06 - acc: 1.0000 - val_loss: 3.4663 - val_acc: 0.5250
Epoch 202/500
Epoch 00201: val_acc did not improve
248s - loss: 3.0192e-06 - acc: 1.0000 - val_loss: 3.4654 - val_acc: 0.5250
Epoch 203/500
Epoch 00202: val_acc did not improve
249s - loss: 2.9648e-06 - acc: 1.0000 - val_loss: 3.4646 - val_acc: 0.5250
Epoch 204/500
Epoch 00203: val_acc did not improve
248s - loss: 2.9044e-06 - acc: 1.0000 - val_loss: 3.4608 - val_acc: 0.5500
Epoch 205/500
Epoch 00204: val_acc did not improve
248s - loss: 2.8605e-06 - acc: 1.0000 - val_loss: 3.4612 - val_acc: 0.5500
Epoch 206/500
Epoch 00205: val_acc did not improve
248s - loss: 2.7852e-06 - acc: 1.0000 - val_loss: 3.4632 - val_acc: 0.5500
Epoch 207/500
Epoch 00206: val_acc did not improve
247s - loss: 2.7346e-06 - acc: 1.0000 - val_loss: 3.4588 - val_acc: 0.5750
Epoch 208/500
Epoch 00207: val_acc did not improve
248s - loss: 2.6913e-06 - acc: 1.0000 - val_loss: 3.4576 - val_acc: 0.5750
Epoch 209/500
Epoch 00208: val_acc did not improve
248s - loss: 2.6309e-06 - acc: 1.0000 - val_loss: 3.4571 - val_acc: 0.5750
Epoch 210/500
Epoch 00209: val_acc did not improve
247s - loss: 2.5811e-06 - acc: 1.0000 - val_loss: 3.4598 - val_acc: 0.5750
Epoch 211/500
Epoch 00210: val_acc did not improve
248s - loss: 2.5333e-06 - acc: 1.0000 - val_loss: 3.4558 - val_acc: 0.5750
Epoch 212/500
Epoch 00211: val_acc did not improve
247s - loss: 2.4693e-06 - acc: 1.0000 - val_loss: 3.4565 - val_acc: 0.5750
Epoch 213/500
Epoch 00212: val_acc did not improve
248s - loss: 2.4253e-06 - acc: 1.0000 - val_loss: 3.4576 - val_acc: 0.5750
Epoch 214/500
Epoch 00213: val_acc did not improve
248s - loss: 2.3768e-06 - acc: 1.0000 - val_loss: 3.4520 - val_acc: 0.5750
Epoch 215/500
Epoch 00214: val_acc did not improve
248s - loss: 2.3292e-06 - acc: 1.0000 - val_loss: 3.4527 - val_acc: 0.5750
Epoch 216/500
Epoch 00215: val_acc did not improve
248s - loss: 2.2837e-06 - acc: 1.0000 - val_loss: 3.4541 - val_acc: 0.5750
Epoch 217/500
Epoch 00216: val_acc did not improve
250s - loss: 2.2406e-06 - acc: 1.0000 - val_loss: 3.4546 - val_acc: 0.5750
Epoch 218/500
Epoch 00217: val_acc did not improve
250s - loss: 2.1965e-06 - acc: 1.0000 - val_loss: 3.4535 - val_acc: 0.5750
Epoch 219/500
Epoch 00218: val_acc did not improve
250s - loss: 2.1727e-06 - acc: 1.0000 - val_loss: 3.4500 - val_acc: 0.5750
Epoch 220/500
Epoch 00219: val_acc did not improve
251s - loss: 2.1169e-06 - acc: 1.0000 - val_loss: 3.4488 - val_acc: 0.5750
Epoch 221/500
Epoch 00220: val_acc did not improve
250s - loss: 2.0698e-06 - acc: 1.0000 - val_loss: 3.4517 - val_acc: 0.5750
Epoch 222/500
Epoch 00221: val_acc did not improve
251s - loss: 2.0371e-06 - acc: 1.0000 - val_loss: 3.4505 - val_acc: 0.5750
Epoch 223/500
Epoch 00222: val_acc did not improve
250s - loss: 1.9916e-06 - acc: 1.0000 - val_loss: 3.4471 - val_acc: 0.5750
Epoch 224/500
Epoch 00223: val_acc did not improve
250s - loss: 1.9477e-06 - acc: 1.0000 - val_loss: 3.4463 - val_acc: 0.5750
Epoch 225/500
Epoch 00224: val_acc did not improve
250s - loss: 1.9089e-06 - acc: 1.0000 - val_loss: 3.4463 - val_acc: 0.5750
Epoch 226/500
Epoch 00225: val_acc did not improve
250s - loss: 1.8746e-06 - acc: 1.0000 - val_loss: 3.4472 - val_acc: 0.5750
Epoch 227/500
Epoch 00226: val_acc did not improve
251s - loss: 1.8404e-06 - acc: 1.0000 - val_loss: 3.4476 - val_acc: 0.5750
Epoch 228/500
Epoch 00227: val_acc did not improve
250s - loss: 1.8061e-06 - acc: 1.0000 - val_loss: 3.4447 - val_acc: 0.5750
Epoch 229/500
Epoch 00228: val_acc did not improve
251s - loss: 1.7688e-06 - acc: 1.0000 - val_loss: 3.4424 - val_acc: 0.5750
Epoch 230/500
Epoch 00229: val_acc did not improve
250s - loss: 1.7398e-06 - acc: 1.0000 - val_loss: 3.4421 - val_acc: 0.5750
Epoch 231/500
Epoch 00230: val_acc did not improve
251s - loss: 1.7025e-06 - acc: 1.0000 - val_loss: 3.4434 - val_acc: 0.5750
Epoch 232/500
Epoch 00231: val_acc did not improve
250s - loss: 1.6703e-06 - acc: 1.0000 - val_loss: 3.4428 - val_acc: 0.5750
Epoch 233/500
Epoch 00232: val_acc did not improve
250s - loss: 1.6392e-06 - acc: 1.0000 - val_loss: 3.4420 - val_acc: 0.6000
Epoch 234/500
Epoch 00233: val_acc did not improve
250s - loss: 1.6011e-06 - acc: 1.0000 - val_loss: 3.4423 - val_acc: 0.6000
Epoch 235/500
Epoch 00234: val_acc did not improve
250s - loss: 1.5788e-06 - acc: 1.0000 - val_loss: 3.4408 - val_acc: 0.6000
Epoch 236/500
Epoch 00235: val_acc did not improve
250s - loss: 1.5542e-06 - acc: 1.0000 - val_loss: 3.4419 - val_acc: 0.6000
Epoch 237/500
Epoch 00236: val_acc did not improve
250s - loss: 1.5236e-06 - acc: 1.0000 - val_loss: 3.4374 - val_acc: 0.6000
Epoch 238/500
Epoch 00237: val_acc did not improve
250s - loss: 1.4909e-06 - acc: 1.0000 - val_loss: 3.4402 - val_acc: 0.6000
Epoch 239/500
Epoch 00238: val_acc did not improve
250s - loss: 1.4588e-06 - acc: 1.0000 - val_loss: 3.4393 - val_acc: 0.6000
Epoch 240/500
Epoch 00239: val_acc did not improve
251s - loss: 1.4380e-06 - acc: 1.0000 - val_loss: 3.4380 - val_acc: 0.6000
Epoch 241/500
Epoch 00240: val_acc did not improve
251s - loss: 1.4037e-06 - acc: 1.0000 - val_loss: 3.4403 - val_acc: 0.6000
Epoch 242/500
Epoch 00241: val_acc did not improve
251s - loss: 1.3821e-06 - acc: 1.0000 - val_loss: 3.4362 - val_acc: 0.6000
Epoch 243/500
Epoch 00242: val_acc did not improve
250s - loss: 1.3590e-06 - acc: 1.0000 - val_loss: 3.4382 - val_acc: 0.6000
Epoch 244/500
Epoch 00243: val_acc did not improve
250s - loss: 1.3374e-06 - acc: 1.0000 - val_loss: 3.4360 - val_acc: 0.6000
Epoch 245/500
Epoch 00244: val_acc did not improve
251s - loss: 1.3053e-06 - acc: 1.0000 - val_loss: 3.4366 - val_acc: 0.6000
Epoch 246/500
Epoch 00245: val_acc did not improve
251s - loss: 1.2792e-06 - acc: 1.0000 - val_loss: 3.4347 - val_acc: 0.6000
Epoch 247/500
Epoch 00246: val_acc did not improve
251s - loss: 1.2524e-06 - acc: 1.0000 - val_loss: 3.4359 - val_acc: 0.6000
Epoch 248/500
Epoch 00247: val_acc did not improve
251s - loss: 1.2293e-06 - acc: 1.0000 - val_loss: 3.4347 - val_acc: 0.6000
Epoch 249/500
Epoch 00248: val_acc did not improve
250s - loss: 1.2084e-06 - acc: 1.0000 - val_loss: 3.4328 - val_acc: 0.6000
Epoch 250/500
Epoch 00249: val_acc did not improve
251s - loss: 1.1823e-06 - acc: 1.0000 - val_loss: 3.4375 - val_acc: 0.6000
Epoch 251/500
Epoch 00250: val_acc did not improve
251s - loss: 1.1652e-06 - acc: 1.0000 - val_loss: 3.4351 - val_acc: 0.5750
Epoch 252/500
Epoch 00251: val_acc did not improve
251s - loss: 1.1488e-06 - acc: 1.0000 - val_loss: 3.4314 - val_acc: 0.5750
Epoch 253/500
Epoch 00252: val_acc did not improve
250s - loss: 1.1227e-06 - acc: 1.0000 - val_loss: 3.4365 - val_acc: 0.5750
Epoch 254/500
Epoch 00253: val_acc did not improve
250s - loss: 1.0973e-06 - acc: 1.0000 - val_loss: 3.4349 - val_acc: 0.5750
Epoch 255/500
Epoch 00254: val_acc did not improve
249s - loss: 1.0803e-06 - acc: 1.0000 - val_loss: 3.4314 - val_acc: 0.5750
Epoch 256/500
Epoch 00255: val_acc did not improve
250s - loss: 1.0579e-06 - acc: 1.0000 - val_loss: 3.4332 - val_acc: 0.5750
Epoch 257/500
Epoch 00256: val_acc did not improve
249s - loss: 1.0408e-06 - acc: 1.0000 - val_loss: 3.4307 - val_acc: 0.6000
Epoch 258/500
Epoch 00257: val_acc did not improve
249s - loss: 1.0221e-06 - acc: 1.0000 - val_loss: 3.4323 - val_acc: 0.6000
Epoch 259/500
Epoch 00258: val_acc did not improve
249s - loss: 9.9831e-07 - acc: 1.0000 - val_loss: 3.4315 - val_acc: 0.6000
Epoch 260/500
Epoch 00259: val_acc did not improve
249s - loss: 9.7743e-07 - acc: 1.0000 - val_loss: 3.4296 - val_acc: 0.6000
Epoch 261/500
Epoch 00260: val_acc did not improve
248s - loss: 9.6250e-07 - acc: 1.0000 - val_loss: 3.4297 - val_acc: 0.6000
Epoch 262/500
Epoch 00261: val_acc did not improve
249s - loss: 9.4392e-07 - acc: 1.0000 - val_loss: 3.4299 - val_acc: 0.6000
Epoch 263/500
Epoch 00262: val_acc did not improve
249s - loss: 9.3047e-07 - acc: 1.0000 - val_loss: 3.4313 - val_acc: 0.6000
Epoch 264/500
Epoch 00263: val_acc did not improve
249s - loss: 9.1105e-07 - acc: 1.0000 - val_loss: 3.4300 - val_acc: 0.6000
Epoch 265/500
Epoch 00264: val_acc did not improve
249s - loss: 8.9469e-07 - acc: 1.0000 - val_loss: 3.4314 - val_acc: 0.6000
Epoch 266/500
Epoch 00265: val_acc did not improve
249s - loss: 8.7682e-07 - acc: 1.0000 - val_loss: 3.4315 - val_acc: 0.6000
Epoch 267/500
Epoch 00266: val_acc did not improve
250s - loss: 8.6561e-07 - acc: 1.0000 - val_loss: 3.4306 - val_acc: 0.6000
Epoch 268/500
Epoch 00267: val_acc did not improve
249s - loss: 8.4317e-07 - acc: 1.0000 - val_loss: 3.4275 - val_acc: 0.6000
Epoch 269/500
Epoch 00268: val_acc did not improve
249s - loss: 8.3055e-07 - acc: 1.0000 - val_loss: 3.4287 - val_acc: 0.6000
Epoch 270/500
Epoch 00269: val_acc did not improve
249s - loss: 8.2009e-07 - acc: 1.0000 - val_loss: 3.4281 - val_acc: 0.6000
Epoch 271/500
Epoch 00270: val_acc did not improve
249s - loss: 7.9929e-07 - acc: 1.0000 - val_loss: 3.4287 - val_acc: 0.6000
Epoch 272/500
Epoch 00271: val_acc did not improve
249s - loss: 7.8739e-07 - acc: 1.0000 - val_loss: 3.4294 - val_acc: 0.6000
Epoch 273/500
Epoch 00272: val_acc did not improve
248s - loss: 7.7095e-07 - acc: 1.0000 - val_loss: 3.4290 - val_acc: 0.6000
Epoch 274/500
Epoch 00273: val_acc did not improve
250s - loss: 7.5612e-07 - acc: 1.0000 - val_loss: 3.4254 - val_acc: 0.6000
Epoch 275/500
Epoch 00274: val_acc did not improve
249s - loss: 7.4118e-07 - acc: 1.0000 - val_loss: 3.4278 - val_acc: 0.6000
Epoch 276/500
Epoch 00275: val_acc did not improve
250s - loss: 7.2626e-07 - acc: 1.0000 - val_loss: 3.4266 - val_acc: 0.6000
Epoch 277/500
Epoch 00276: val_acc did not improve
249s - loss: 7.1952e-07 - acc: 1.0000 - val_loss: 3.4277 - val_acc: 0.6000
Epoch 278/500
Epoch 00277: val_acc did not improve
249s - loss: 7.0238e-07 - acc: 1.0000 - val_loss: 3.4269 - val_acc: 0.6000
Epoch 279/500
Epoch 00278: val_acc did not improve
249s - loss: 6.9045e-07 - acc: 1.0000 - val_loss: 3.4288 - val_acc: 0.6000
Epoch 280/500
Epoch 00279: val_acc did not improve
249s - loss: 6.7999e-07 - acc: 1.0000 - val_loss: 3.4282 - val_acc: 0.6000
Epoch 281/500
Epoch 00280: val_acc did not improve
250s - loss: 6.6659e-07 - acc: 1.0000 - val_loss: 3.4284 - val_acc: 0.6000
Epoch 282/500
Epoch 00281: val_acc did not improve
249s - loss: 6.5163e-07 - acc: 1.0000 - val_loss: 3.4275 - val_acc: 0.6000
Epoch 283/500
Epoch 00282: val_acc did not improve
250s - loss: 6.4496e-07 - acc: 1.0000 - val_loss: 3.4262 - val_acc: 0.6000
Epoch 284/500
Epoch 00283: val_acc did not improve
249s - loss: 6.3147e-07 - acc: 1.0000 - val_loss: 3.4286 - val_acc: 0.6000
Epoch 285/500
Epoch 00284: val_acc did not improve
249s - loss: 6.2109e-07 - acc: 1.0000 - val_loss: 3.4264 - val_acc: 0.6000
Epoch 286/500
Epoch 00285: val_acc did not improve
249s - loss: 6.0616e-07 - acc: 1.0000 - val_loss: 3.4274 - val_acc: 0.6000
Epoch 287/500
Epoch 00286: val_acc did not improve
251s - loss: 5.9872e-07 - acc: 1.0000 - val_loss: 3.4271 - val_acc: 0.6000
Epoch 288/500
Epoch 00287: val_acc did not improve
252s - loss: 5.9056e-07 - acc: 1.0000 - val_loss: 3.4307 - val_acc: 0.6000
Epoch 289/500
Epoch 00288: val_acc did not improve
253s - loss: 5.7263e-07 - acc: 1.0000 - val_loss: 3.4284 - val_acc: 0.6000
Epoch 290/500
Epoch 00289: val_acc did not improve
252s - loss: 5.6821e-07 - acc: 1.0000 - val_loss: 3.4274 - val_acc: 0.6000
Epoch 291/500
Epoch 00290: val_acc did not improve
252s - loss: 5.5477e-07 - acc: 1.0000 - val_loss: 3.4285 - val_acc: 0.6000
Epoch 292/500
Epoch 00291: val_acc did not improve
252s - loss: 5.4811e-07 - acc: 1.0000 - val_loss: 3.4298 - val_acc: 0.6000
Epoch 293/500
Epoch 00292: val_acc did not improve
252s - loss: 5.3774e-07 - acc: 1.0000 - val_loss: 3.4269 - val_acc: 0.6000
Epoch 294/500
Epoch 00293: val_acc did not improve
252s - loss: 5.2723e-07 - acc: 1.0000 - val_loss: 3.4293 - val_acc: 0.6000
Epoch 295/500
Epoch 00294: val_acc did not improve
252s - loss: 5.1308e-07 - acc: 1.0000 - val_loss: 3.4299 - val_acc: 0.6000
Epoch 296/500
Epoch 00295: val_acc did not improve
252s - loss: 5.0633e-07 - acc: 1.0000 - val_loss: 3.4292 - val_acc: 0.6000
Epoch 297/500
Epoch 00296: val_acc did not improve
252s - loss: 4.9667e-07 - acc: 1.0000 - val_loss: 3.4288 - val_acc: 0.6000
Epoch 298/500
Epoch 00297: val_acc did not improve
252s - loss: 4.8620e-07 - acc: 1.0000 - val_loss: 3.4280 - val_acc: 0.6000
Epoch 299/500
Epoch 00298: val_acc did not improve
251s - loss: 4.7722e-07 - acc: 1.0000 - val_loss: 3.4296 - val_acc: 0.6000
Epoch 300/500
Epoch 00299: val_acc did not improve
252s - loss: 4.6903e-07 - acc: 1.0000 - val_loss: 3.4302 - val_acc: 0.6000
Epoch 301/500
Epoch 00300: val_acc did not improve
252s - loss: 4.6531e-07 - acc: 1.0000 - val_loss: 3.4307 - val_acc: 0.6000
Epoch 302/500
Epoch 00301: val_acc did not improve
252s - loss: 4.5784e-07 - acc: 1.0000 - val_loss: 3.4273 - val_acc: 0.6000
Epoch 303/500
Epoch 00302: val_acc did not improve
253s - loss: 4.4963e-07 - acc: 1.0000 - val_loss: 3.4307 - val_acc: 0.6000
Epoch 304/500
Epoch 00303: val_acc did not improve
251s - loss: 4.4216e-07 - acc: 1.0000 - val_loss: 3.4285 - val_acc: 0.6000
Epoch 305/500
Epoch 00304: val_acc did not improve
250s - loss: 4.3394e-07 - acc: 1.0000 - val_loss: 3.4320 - val_acc: 0.6000
Epoch 306/500
Epoch 00305: val_acc did not improve
250s - loss: 4.2581e-07 - acc: 1.0000 - val_loss: 3.4306 - val_acc: 0.6000
Epoch 307/500
Epoch 00306: val_acc did not improve
251s - loss: 4.1908e-07 - acc: 1.0000 - val_loss: 3.4314 - val_acc: 0.6000
Epoch 308/500
Epoch 00307: val_acc did not improve
250s - loss: 4.0867e-07 - acc: 1.0000 - val_loss: 3.4313 - val_acc: 0.6000
Epoch 309/500
Epoch 00308: val_acc did not improve
250s - loss: 4.0195e-07 - acc: 1.0000 - val_loss: 3.4335 - val_acc: 0.6000
Epoch 310/500
Epoch 00309: val_acc did not improve
251s - loss: 3.9670e-07 - acc: 1.0000 - val_loss: 3.4335 - val_acc: 0.6000
Epoch 311/500
Epoch 00310: val_acc did not improve
250s - loss: 3.9000e-07 - acc: 1.0000 - val_loss: 3.4329 - val_acc: 0.6000
Epoch 312/500
Epoch 00311: val_acc did not improve
250s - loss: 3.8333e-07 - acc: 1.0000 - val_loss: 3.4318 - val_acc: 0.6000
Epoch 313/500
Epoch 00312: val_acc did not improve
250s - loss: 3.7587e-07 - acc: 1.0000 - val_loss: 3.4341 - val_acc: 0.6000
Epoch 314/500
Epoch 00313: val_acc did not improve
250s - loss: 3.7138e-07 - acc: 1.0000 - val_loss: 3.4353 - val_acc: 0.6000
Epoch 315/500
Epoch 00314: val_acc did not improve
250s - loss: 3.6091e-07 - acc: 1.0000 - val_loss: 3.4330 - val_acc: 0.6000
Epoch 316/500
Epoch 00315: val_acc did not improve
251s - loss: 3.5569e-07 - acc: 1.0000 - val_loss: 3.4350 - val_acc: 0.6000
Epoch 317/500
Epoch 00316: val_acc did not improve
250s - loss: 3.4971e-07 - acc: 1.0000 - val_loss: 3.4352 - val_acc: 0.6000
Epoch 318/500
Epoch 00317: val_acc did not improve
251s - loss: 3.4600e-07 - acc: 1.0000 - val_loss: 3.4353 - val_acc: 0.6000
Epoch 319/500
Epoch 00318: val_acc did not improve
251s - loss: 3.3628e-07 - acc: 1.0000 - val_loss: 3.4345 - val_acc: 0.6000
Epoch 320/500
Epoch 00319: val_acc did not improve
251s - loss: 3.3107e-07 - acc: 1.0000 - val_loss: 3.4355 - val_acc: 0.6000
Epoch 321/500
Epoch 00320: val_acc did not improve
249s - loss: 3.2735e-07 - acc: 1.0000 - val_loss: 3.4378 - val_acc: 0.6000
Epoch 322/500
Epoch 00321: val_acc did not improve
251s - loss: 3.2141e-07 - acc: 1.0000 - val_loss: 3.4390 - val_acc: 0.6000
Epoch 323/500
Epoch 00322: val_acc did not improve
251s - loss: 3.1540e-07 - acc: 1.0000 - val_loss: 3.4374 - val_acc: 0.6000
Epoch 324/500
Epoch 00323: val_acc did not improve
266s - loss: 3.0947e-07 - acc: 1.0000 - val_loss: 3.4391 - val_acc: 0.6000
Epoch 325/500
Epoch 00324: val_acc did not improve
288s - loss: 3.0426e-07 - acc: 1.0000 - val_loss: 3.4393 - val_acc: 0.6000
Epoch 326/500
Epoch 00325: val_acc did not improve
289s - loss: 2.9755e-07 - acc: 1.0000 - val_loss: 3.4377 - val_acc: 0.6000
Epoch 327/500
Epoch 00326: val_acc did not improve
289s - loss: 2.9532e-07 - acc: 1.0000 - val_loss: 3.4422 - val_acc: 0.6000
Epoch 328/500
Epoch 00327: val_acc did not improve
288s - loss: 2.8857e-07 - acc: 1.0000 - val_loss: 3.4410 - val_acc: 0.6000
Epoch 329/500
Epoch 00328: val_acc did not 